 1\1\GINC-NODE032\Freq\RMP2-FC\Aug-CC-pVTZ\Cl2O2\PROBERT\26-Jan-2011\1\
 \#N Geom=AllCheck Guess=Read SCRF=Check GenChk RMP2(FC)/Aug-CC-pVTZ Fr
 eq\\# cl2o2 rp\\0,1\O\O,1,ss\Cl,1,cls,2,clss\Cl,2,cls,1,clss,3,clsscl,
 0\\ss=1.60210191\cls=1.64858969\clss=112.97165461\clsscl=10.\\Version=
 AM64L-G03RevD.01\State=1-A\HF=-1068.5397702\MP2=-1069.4451705\RMSD=0.0
 00e+00\RMSF=8.122e-04\ZeroPoint=0.0057876\Thermal=0.0099707\Dipole=0.5
 833023,0.0510323,0.\DipoleDeriv=0.0089495,-0.0291806,-0.4085478,-0.017
 7248,-0.1050524,-0.0051468,-0.254313,-0.0171464,0.014496,-0.0025094,0.
 0472617,0.4032348,0.0358059,-0.0935935,0.0658749,0.2534269,0.0272751,0
 .014496,-0.0076669,0.0173663,0.349715,0.0149911,0.1037698,-0.0000004,0
 .1015968,0.0037855,-0.014496,0.0012268,-0.0354474,-0.344402,-0.0330722
 ,0.0948761,-0.0607277,-0.1007107,-0.0139141,-0.014496\Polar=43.0447458
 ,1.0507218,31.1268669,-0.1663281,1.9011386,54.1885483\PG=C02 [X(Cl2O2)
 ]\NImag=1\\0.26655769,0.00693403,-0.00523725,-0.00879269,-0.00505522,0
 .06925002,-0.06048791,-0.00432984,0.00933552,0.26073365,-0.00729858,0.
 00546014,0.01265367,0.03996382,0.00058680,-0.01139098,0.01084033,0.002
 51718,0.00953694,-0.00345159,0.06925002,-0.20448558,-0.00143224,0.0421
 2130,-0.00145641,0.00155147,0.04418678,0.20451229,-0.00191169,0.003385
 90,0.00490279,-0.00189672,-0.00373659,-0.00490277,0.00189924,-0.001698
 82,0.04048820,0.00002830,-0.02672453,0.02100555,-0.00219924,-0.0450426
 7,-0.07390591,0.00114252,0.07722242,-0.00158420,-0.00117195,-0.0426641
 3,-0.19878933,-0.03421671,-0.04233274,0.00142969,0.00190918,0.01241215
 ,0.19894384,0.00227625,-0.00360879,-0.01250124,-0.03373726,-0.00231034
 ,-0.00248598,-0.00201847,0.00204951,0.00102843,0.03347948,0.00386963,-
 0.02030454,-0.00581341,-0.04504267,-0.03987801,-0.00700284,-0.02672453
 ,-0.01240217,-0.00114255,-0.00545522,0.07258472,0.01395879,0.07722242\
 \0.00010171,-0.00173560,-0.00000388,-0.00020122,0.00172689,0.00000388,
 -0.00003439,0.00096616,0.00001877,0.00013390,-0.00095746,-0.00001877\\
 \@
