 1\1\GINC-NODE029\Freq\RMP2-FC\Aug-CC-pVTZ\Cl2O2\PROBERT\26-Jan-2011\1\
 \#N Geom=AllCheck Guess=Read SCRF=Check GenChk RMP2(FC)/Aug-CC-pVTZ Fr
 eq\\# cl2o2 rp\\0,1\O\O,1,ss\Cl,1,cls,2,clss\Cl,2,cls,1,clss,3,clsscl,
 0\\ss=1.51197693\cls=1.6795996\clss=102.39306812\clsscl=180.\\Version=
 AM64L-G03RevD.01\State=1-AG\HF=-1068.5599278\MP2=-1069.45147\RMSD=0.00
 0e+00\RMSF=5.164e-05\ZeroPoint=0.0065358\Thermal=0.0114219\Dipole=0.,0
 .,0.\DipoleDeriv=0.047922,0.,-0.1639221,0.,-0.0931819,0.,-0.0309748,0.
 ,-0.0375407,0.047922,0.,-0.163922,0.,-0.0931819,0.,-0.0309749,0.,-0.03
 75407,-0.047922,0.,0.1639221,0.,0.0931819,0.,0.0309748,0.,0.0375407,-0
 .047922,0.,0.163922,0.,0.0931819,0.,0.0309749,0.,0.0375407\Polar=57.13
 58909,0.,31.6670281,-14.4084745,0.,44.3016384\PG=C02H [SGH(Cl2O2)]\NIm
 ag=0\\0.26861811,0.,0.00023788,-0.00311743,0.,0.18522540,-0.04906176,0
 .,-0.04519080,0.26861808,0.,0.00016683,0.,0.,0.00023788,-0.04519082,0.
 ,-0.15194711,-0.00311747,0.,0.18522539,-0.20211026,0.,0.03127339,-0.01
 744608,0.,0.01703483,0.22057414,0.,-0.00021752,0.,0.,-0.00018719,0.,0.
 ,0.00021448,0.01379963,0.,-0.03119408,0.03450864,0.,-0.00208417,-0.057
 00776,0.,0.04378239,-0.01744608,0.,0.01703483,-0.20211024,0.,0.0312734
 6,-0.00101780,0.,0.00869950,0.22057412,0.,-0.00018719,0.,0.,-0.0002175
 2,0.,0.,0.00019023,0.,0.,0.00021448,0.03450862,0.,-0.00208420,0.013799
 63,0.,-0.03119411,0.00869954,0.,-0.01050414,-0.05700779,0.,0.04378245\
 \-0.00009420,0.,-0.00003764,0.00009420,0.,0.00003764,0.00007514,0.,-0.
 00000773,-0.00007514,0.,0.00000773\\\@
