 1\1\GINC-NODE031\Freq\RMP2-FC\Aug-CC-pVTZ\Cl2O2\PROBERT\26-Jan-2011\1\
 \#N Geom=AllCheck Guess=Read SCRF=Check GenChk RMP2(FC)/Aug-CC-pVTZ Fr
 eq\\# cl2o2 rp\\0,1\O\O,1,ss\Cl,1,cls,2,clss\Cl,2,cls,1,clss,3,clsscl,
 0\\ss=1.52669658\cls=1.67041556\clss=113.07813833\clsscl=30.\\Version=
 AM64L-G03RevD.01\State=1-A\HF=-1068.5504404\MP2=-1069.4475918\RMSD=0.0
 00e+00\RMSF=3.299e-03\ZeroPoint=0.0062059\Thermal=0.0101996\Dipole=0.5
 021511,0.134551,0.\DipoleDeriv=0.0044362,-0.066508,-0.2567606,-0.04885
 79,-0.1121768,0.0003395,-0.1777371,-0.0311638,0.01795,-0.074672,0.0881
 614,0.2221915,0.0705113,-0.0330686,0.1286743,0.1695067,0.0618799,0.017
 95,0.0057475,0.0452787,0.2580272,0.0348098,0.1019931,-0.0000001,0.0580
 98,-0.0008934,-0.01795,0.0644883,-0.0669321,-0.223458,-0.0564632,0.043
 2524,-0.1290137,-0.0498676,-0.0298227,-0.01795\Polar=41.5504487,2.3673
 316,33.3497719,-1.4021628,5.2329425,52.5586232\PG=C02 [X(Cl2O2)]\NImag
 =1\\0.25523884,0.01891442,0.00197678,-0.00519677,-0.01445537,0.1195640
 6,-0.06018700,-0.01348836,-0.00655262,0.20830368,-0.02079657,-0.000803
 78,0.03211549,0.10020847,0.04891193,-0.01038300,0.03108916,-0.05308417
 ,0.01172822,-0.00992032,0.11956411,-0.19241829,-0.00360271,0.03916322,
 -0.00130332,0.00352138,0.03849470,0.18990721,-0.00394326,0.00307139,0.
 01184713,-0.00412737,-0.00557462,-0.01184714,0.00369176,0.00001983,0.0
 3700189,-0.00036010,-0.03158435,0.02668894,-0.00338238,-0.03489557,-0.
 07125825,0.00405030,0.07484161,-0.00263355,-0.00182335,-0.02741383,-0.
 14681336,-0.08293329,-0.03983991,0.00381439,0.00437888,0.00756742,0.14
 563252,0.00582541,-0.00424439,-0.02950725,-0.08259274,-0.04253353,-0.0
 0932170,-0.00361043,0.00248341,-0.00030781,0.08037777,0.04429451,-0.02
 142212,-0.01627369,-0.03489555,-0.03186453,-0.01881279,-0.03158437,-0.
 00639966,-0.00405029,-0.00836169,0.05968631,0.03913677,0.07484161\\0.0
 0089247,-0.00702323,0.00001327,-0.00273871,0.00652853,-0.00001327,-0.0
 0005497,0.00389766,0.00001104,0.00190122,-0.00340296,-0.00001104\\\@
