 1\1\GINC-A3211\Freq\RMP2-FC\Aug-CC-pVTZ\Cl2O2\PROBERT\18-Apr-2012\0\\#
 mp2/aug-cc-pvtz freq=noraman scf=(qc,maxcycle=600)\\# cl2o2 rp\\0,1\O,
 0.,0.814789,1.031118\O,0.,-0.814789,1.031118\Cl,0.,1.443867,-0.485232\
 Cl,0.,-1.443867,-0.485232\\Version=AM64L-G09RevA.02\State=1-A1\HF=-106
 8.5360703\MP2=-1069.4449501\RMSD=0.000e+00\RMSF=1.286e-05\ZeroPoint=0.
 0055269\Thermal=0.0098767\Dipole=0.,0.,-0.6063712\DipoleDeriv=-0.10580
 59,0.,0.,0.,0.0112736,-0.2978881,0.,-0.4766391,0.0234498,-0.1058059,0.
 ,0.,0.,0.0112736,0.2978881,0.,0.4766391,0.0234498,0.1058059,0.,0.,0.,-
 0.0112736,0.1218601,0.,0.3919293,-0.0234498,0.1058059,0.,0.,0.,-0.0112
 736,-0.1218601,0.,-0.3919293,-0.0234498\Polar=30.8150037,0.,54.4134045
 ,0.,0.,43.4685591\PG=C02V [SGV(Cl2O2)]\NImag=1\\-0.00474780,0.,0.05297
 806,0.,-0.00788137,0.26802099,0.00474098,0.,0.,-0.00474799,0.,0.019401
 00,-0.01327994,0.,0.05297808,0.,0.01327994,-0.05746154,0.,0.00788136,0
 .26802096,0.00268250,0.,0.,-0.00267560,0.,0.,-0.00151334,0.,-0.0238420
 3,0.04031508,0.,-0.04853704,0.01915377,0.,0.07626218,0.,0.04128139,-0.
 20822636,0.,0.04667996,-0.00233309,0.,-0.07371510,0.20956404,-0.002675
 67,0.,0.,0.00268261,0.,0.,0.00150644,0.,0.,-0.00151337,0.,-0.04853703,
 -0.01915377,0.,-0.02384204,-0.04031507,0.,-0.00388311,-0.01424626,0.,0
 .07626218,0.,-0.04667996,-0.00233309,0.,-0.04128138,-0.20822632,0.,0.0
 1424625,0.00099541,0.,0.07371509,0.20956401\\0.,0.00000953,-0.00001987
 ,0.,-0.00000953,-0.00001987,0.,0.00001057,0.00001987,0.,-0.00001057,0.
 00001987\\\@
 1\1\GINC-A3146\Freq\RMP2-FC\Aug-CC-pVTZ\Cl2O2\PROBERT\18-Apr-2012\0\\#
 mp2/aug-cc-pvtz freq=noraman scf=(qc,maxcycle=600)\\# cl2o2 rp\\0,1\O,
 0.047111,0.799664,1.028213\O,-0.047111,-0.799664,1.028213\Cl,-0.047111
 ,1.449735,-0.483865\Cl,0.047111,-1.449735,-0.483865\\Version=AM64L-G09
 RevA.02\State=1-A\HF=-1068.53977\MP2=-1069.4451702\RMSD=0.000e+00\RMSF
 =8.122e-04\ZeroPoint=0.0057876\Thermal=0.0099707\Dipole=0.,0.,-0.58552
 89\DipoleDeriv=-0.1018051,-0.0236284,0.0122322,0.001768,0.0161877,-0.2
 560003,0.0146934,-0.4090109,0.0040111,-0.1018051,-0.0236284,-0.0122322
 ,0.001768,0.0161877,0.2560003,-0.0146934,0.4090109,0.0040111,0.1018051
 ,0.0236284,-0.0184069,-0.001768,-0.0161877,0.1028003,-0.0062608,0.3493
 553,-0.0040111,0.1018051,0.0236284,0.0184069,-0.001768,-0.0161877,-0.1
 028003,0.0062608,-0.3493553,-0.0040111\Polar=30.8909275,-0.5358704,54.
 3324938,0.,0.,43.1366726\PG=C02 [X(Cl2O2)]\NImag=1\\-0.00362066,0.0085
 6281,0.06849458,0.01619965,-0.01016998,0.26569670,0.00457228,-0.011913
 07,0.00087001,-0.00362066,-0.01191307,0.00391302,-0.01047199,0.0085628
 1,0.06849458,-0.00087001,0.01047199,-0.06099667,-0.01619965,0.01016998
 ,0.26569670,0.00213177,-0.00291307,-0.01376180,-0.00308340,0.00626333,
 0.00330787,-0.00108344,0.00180056,-0.02675913,0.04121699,0.00154969,-0
 .04564847,0.02057502,-0.00296626,0.07784376,-0.01411976,0.04329348,-0.
 20319633,0.00120988,0.04359549,-0.00150370,0.01168191,-0.07434049,0.20
 327509,-0.00308340,0.00626333,-0.00330787,0.00213177,-0.00291307,0.013
 76180,0.00203507,-0.00038399,0.00122797,-0.00108344,0.00154969,-0.0456
 4847,-0.02057502,0.00180056,-0.02675913,-0.04121699,-0.00038399,-0.005
 43616,-0.01254848,-0.00296626,0.07784376,-0.00120988,-0.04359549,-0.00
 150370,0.01411976,-0.04329348,-0.20319633,-0.00122797,0.01254848,0.001
 42494,-0.01168191,0.07434049,0.20327509\\-0.00173463,0.00010607,0.0000
 5015,0.00173463,-0.00010607,0.00005015,0.00096271,-0.00007551,-0.00005
 015,-0.00096271,0.00007551,-0.00005015\\\@
 1\1\GINC-A3174\Freq\RMP2-FC\Aug-CC-pVTZ\Cl2O2\PROBERT\18-Apr-2012\0\\#
 mp2/aug-cc-pvtz freq=noraman scf=(qc,maxcycle=600)\\# cl2o2 rp\\0,1\O,
 0.092569,0.776122,1.02057\O,-0.092569,-0.776122,1.02057\Cl,-0.092569,1
 .458395,-0.480268\Cl,0.092569,-1.458395,-0.480268\\Version=AM64L-G09Re
 vA.02\State=1-A\HF=-1068.5451582\MP2=-1069.4459987\RMSD=0.000e+00\RMSF
 =2.034e-03\ZeroPoint=0.0060403\Thermal=0.0100996\Dipole=0.,0.,-0.55402
 22\DipoleDeriv=-0.0951667,-0.0381779,0.0255656,0.0032722,0.0222532,-0.
 2096891,0.028696,-0.3234406,-0.0190167,-0.0951667,-0.0381779,-0.025565
 6,0.0032722,0.0222532,0.2096891,-0.028696,0.3234406,-0.0190167,0.09516
 67,0.0381779,-0.0319761,-0.0032722,-0.0222532,0.0797348,-0.0119039,0.2
 955412,0.0190167,0.0951667,0.0381779,0.0319761,-0.0032722,-0.0222532,-
 0.0797348,0.0119039,-0.2955412,0.0190167\Polar=31.1048538,-1.0459449,5
 4.1031596,0.,0.,42.6460067\PG=C02 [X(Cl2O2)]\NImag=1\\0.00322366,0.019
 67912,0.09134492,0.03127915,-0.01405522,0.25912499,0.00043147,-0.02617
 647,0.00206855,0.00322366,-0.02617647,-0.01907289,-0.00621760,0.019679
 12,0.09134492,-0.00206855,0.00621760,-0.06406241,-0.03127915,0.0140552
 2,0.25912499,-0.00105035,-0.00502800,-0.02675606,-0.00260478,0.0115253
 5,0.00659165,0.00102388,0.00356582,-0.03036322,0.04260473,0.00293153,-
 0.04190881,0.02233191,-0.00623905,0.07962330,-0.02682194,0.04645383,-0
 .19387384,0.00238866,0.03861621,-0.00118873,0.02229884,-0.07500334,0.1
 9252080,-0.00260478,0.01152535,-0.00659165,-0.00105035,-0.00502800,0.0
 2675606,0.00263125,-0.00025830,0.00213444,0.00102388,0.00293153,-0.041
 90881,-0.02233191,0.00356582,-0.03036322,-0.04260473,-0.00025830,-0.00
 735127,-0.01006670,-0.00623905,0.07962330,-0.00238866,-0.03861621,-0.0
 0118873,0.02682194,-0.04645383,-0.19387384,-0.00213444,0.01006670,0.00
 254177,-0.02229884,0.07500334,0.19252080\\-0.00433833,0.00046842,0.000
 25890,0.00433833,-0.00046842,0.00025890,0.00235756,-0.00030052,-0.0002
 5890,-0.00235756,0.00030052,-0.00025890\\\@
 1\1\GINC-A3150\Freq\RMP2-FC\Aug-CC-pVTZ\Cl2O2\PROBERT\18-Apr-2012\0\\#
 mp2/aug-cc-pvtz freq=noraman scf=(qc,maxcycle=600)\\# cl2o2 rp\\0,1\O,
 0.13692,0.750968,1.009372\O,-0.13692,-0.750968,1.009372\Cl,-0.13692,1.
 46647,-0.474999\Cl,0.13692,-1.46647,-0.474999\\Version=AM64L-G09RevA.0
 2\State=1-A\HF=-1068.5504403\MP2=-1069.4475915\RMSD=0.000e+00\RMSF=3.2
 99e-03\ZeroPoint=0.0062059\Thermal=0.0101996\Dipole=0.,0.,-0.5198635\D
 ipoleDeriv=-0.0871061,-0.0476281,0.0369027,0.0032545,0.0295333,-0.1894
 374,0.0420379,-0.259674,-0.0322167,-0.0871061,-0.047628,-0.0369027,0.0
 032545,0.0295332,0.1894374,-0.0420379,0.259674,-0.0322167,0.0871061,0.
 0476281,-0.0426143,-0.0032545,-0.0295333,0.0645779,-0.0182331,0.256667
 5,0.0322167,0.0871061,0.0476281,0.0426143,-0.0032545,-0.0295332,-0.064
 5779,0.0182331,-0.2566675,0.0322167\Polar=31.4419009,-1.567456,53.8321
 306,0.,0.,42.184764\PG=C02 [X(Cl2O2)]\NImag=1\\0.01747958,0.03123049,0
 .11157007,0.04460259,-0.01703758,0.24773061,-0.00958675,-0.04064798,0.
 00323923,0.01747957,-0.04064800,-0.03970855,-0.00260594,0.03123049,0.1
 1157012,-0.00323922,0.00260595,-0.06478037,-0.04460258,0.01703758,0.24
 773060,-0.00737122,-0.00572192,-0.03830378,-0.00052161,0.01513943,0.00
 953802,0.00506182,0.00550998,-0.03235062,0.04321921,0.00390753,-0.0395
 1092,0.02357568,-0.00963274,0.08067382,-0.03769763,0.04844238,-0.18120
 929,0.00366574,0.03401075,-0.00174095,0.03139882,-0.07462401,0.1790328
 6,-0.00052161,0.01513942,-0.00953803,-0.00737122,-0.00572192,0.0383037
 8,0.00283101,0.00021523,0.00263307,0.00506182,0.00390753,-0.03951089,-
 0.02357569,0.00550996,-0.03235065,-0.04321921,0.00021524,-0.00881228,-
 0.00782912,-0.00963273,0.08067381,-0.00366574,-0.03401075,-0.00174095,
 0.03769762,-0.04844239,-0.18120929,-0.00263306,0.00782913,0.00391738,-
 0.03139882,0.07462402,0.17903285\\-0.00690357,0.00124515,0.00095569,0.
 00690357,-0.00124515,0.00095569,0.00371583,-0.00068870,-0.00095569,-0.
 00371583,0.00068870,-0.00095569\\\@
 1\1\GINC-A3206\Freq\RMP2-FC\Aug-CC-pVTZ\Cl2O2\PROBERT\18-Apr-2012\0\\#
 mp2/aug-cc-pvtz freq=noraman scf=(qc,maxcycle=600)\\# cl2o2 rp\\0,1\O,
 0.180221,0.723931,0.993086\O,-0.180221,-0.723931,0.993086\Cl,-0.180221
 ,1.476425,-0.46733\Cl,0.180221,-1.476425,-0.46733\\Version=AM64L-G09Re
 vA.02\State=1-A\HF=-1068.5557045\MP2=-1069.4498924\RMSD=0.000e+00\RMSF
 =4.203e-03\ZeroPoint=0.0063177\Thermal=0.0102723\Dipole=0.,0.,-0.48069
 23\DipoleDeriv=-0.0772376,-0.0561973,0.0404831,0.0007399,0.0416975,-0.
 1989606,0.0540555,-0.2200877,-0.035208,-0.0772376,-0.0561973,-0.040483
 1,0.00074,0.0416975,0.1989606,-0.0540555,0.2200877,-0.035208,0.0772376
 ,0.0561973,-0.0511142,-0.0007399,-0.0416975,0.0571654,-0.025773,0.2353
 048,0.035208,0.0772376,0.0561973,0.0511142,-0.0007399,-0.0416975,-0.05
 71654,0.025773,-0.2353048,0.035208\Polar=31.8838232,-2.1298934,53.7165
 63,0.,0.,41.7255219\PG=C02 [X(Cl2O2)]\NImag=1\\0.03797529,0.04078300,0
 .12892417,0.05595496,-0.01850384,0.23274390,-0.02489372,-0.05294742,0.
 00393356,0.03797529,-0.05294743,-0.05711803,-0.00036630,0.04078300,0.1
 2892420,-0.00393356,0.00036631,-0.06390512,-0.05595496,0.01850384,0.23
 274390,-0.01611410,-0.00438715,-0.04794793,0.00303253,0.01655157,0.011
 94059,0.01059034,0.00808081,-0.03273599,0.04337516,0.00408363,-0.03907
 017,0.02450502,-0.01301762,0.08108938,-0.04670944,0.04892072,-0.166116
 46,0.00531196,0.03078318,-0.00272232,0.03870240,-0.07379204,0.16368438
 ,0.00303253,0.01655157,-0.01194060,-0.01611410,-0.00438714,0.04794793,
 0.00249123,0.00085318,0.00269507,0.01059034,0.00408362,-0.03907015,-0.
 02450502,0.00808079,-0.03273600,-0.04337516,0.00085319,-0.00928323,-0.
 00591186,-0.01301761,0.08108938,-0.00531196,-0.03078318,-0.00272233,0.
 04670944,-0.04892072,-0.16611646,-0.00269507,0.00591186,0.00515440,-0.
 03870240,0.07379204,0.16368438\\-0.00860344,0.00202645,0.00160751,0.00
 860344,-0.00202645,0.00160751,0.00461103,-0.00118924,-0.00160751,-0.00
 461103,0.00118924,-0.00160751\\\@
 1\1\GINC-A3022\Freq\RMP2-FC\Aug-CC-pVTZ\Cl2O2\PROBERT\18-Apr-2012\0\\#
 mp2/aug-cc-pvtz freq=noraman scf=(qc,maxcycle=600)\\# cl2o2 rp\\0,1\O,
 0.222362,0.696206,0.970764\O,-0.222362,-0.696206,0.970764\Cl,-0.222362
 ,1.491794,-0.45683\Cl,0.222362,-1.491794,-0.45683\\Version=AM64L-G09Re
 vA.02\State=1-A\HF=-1068.5604818\MP2=-1069.4525857\RMSD=0.000e+00\RMSF
 =4.295e-03\ZeroPoint=0.0065605\Thermal=0.0112682\Dipole=0.,0.,-0.43638
 48\DipoleDeriv=-0.0656345,-0.0674428,0.030812,-0.0047053,0.0598192,-0.
 2326417,0.06366,-0.2034158,-0.0288382,-0.0656345,-0.0674427,-0.030812,
 -0.0047052,0.0598192,0.2326417,-0.06366,0.2034158,-0.0288382,0.0656345
 ,0.0674428,-0.057413,0.0047052,-0.0598192,0.0560629,-0.0342123,0.22957
 55,0.0288382,0.0656345,0.0674428,0.057413,0.0047052,-0.0598192,-0.0560
 629,0.0342123,-0.2295755,0.0288382\Polar=32.4165256,-2.7460303,53.9042
 984,0.,0.,41.2769942\PG=C02 [X(Cl2O2)]\NImag=0\\0.06204217,0.04590463,
 0.14278908,0.06507168,-0.01793358,0.21434144,-0.04330738,-0.06065239,0
 .00371369,0.06204217,-0.06065239,-0.07032179,0.00012415,0.04590463,0.1
 4278910,-0.00371369,-0.00012414,-0.06194692,-0.06507168,0.01793358,0.2
 1434144,-0.02621120,-0.00074690,-0.05513324,0.00747641,0.01549465,0.01
 365213,0.01707473,0.01164649,-0.03190606,0.04296650,0.00310127,-0.0405
 6124,0.02515708,-0.01618117,0.08086524,-0.05378626,0.04746540,-0.14875
 497,0.00757172,0.02940768,-0.00363955,0.04384782,-0.07249833,0.1465858
 2,0.00747641,0.01549465,-0.01365214,-0.02621120,-0.00074690,0.05513324
 ,0.00166006,0.00143341,0.00236672,0.01707473,0.00310126,-0.04056122,-0
 .02515707,0.01164649,-0.03190607,-0.04296651,0.00143342,-0.00839794,-0
 .00437475,-0.01618117,0.08086523,-0.00757173,-0.02940768,-0.00363955,0
 .05378626,-0.04746540,-0.14875496,-0.00236672,0.00437475,0.00580869,-0
 .04384782,0.07249833,0.14658582\\-0.00849130,0.00244879,0.00221866,0.0
 0849130,-0.00244879,0.00221866,0.00454283,-0.00144246,-0.00221866,-0.0
 0454283,0.00144246,-0.00221866\\\@
 1\1\GINC-A3009\Freq\RMP2-FC\Aug-CC-pVTZ\Cl2O2\PROBERT\18-Apr-2012\0\\#
 mp2/aug-cc-pvtz freq=noraman scf=(qc,maxcycle=600)\\# cl2o2 rp\\0,1\O,
 0.262476,0.669972,0.939501\O,-0.262476,-0.669972,0.939501\Cl,-0.262476
 ,1.516784,-0.442118\Cl,0.262476,-1.516784,-0.442118\\Version=AM64L-G09
 RevA.02\State=1-A\HF=-1068.564378\MP2=-1069.4551247\RMSD=0.000e+00\RMS
 F=3.395e-03\ZeroPoint=0.0067818\Thermal=0.0113261\Dipole=0.,0.,-0.3899
 289\DipoleDeriv=-0.0536313,-0.0821279,0.0074747,-0.0118532,0.080489,-0
 .2720025,0.0693393,-0.2018223,-0.0184268,-0.0536312,-0.0821279,-0.0074
 747,-0.0118532,0.080489,0.2720025,-0.0693393,0.2018223,-0.0184268,0.05
 36313,0.0821279,-0.0601533,0.0118532,-0.080489,0.0565294,-0.0414246,0.
 2304819,0.0184268,0.0536312,0.0821279,0.0601533,0.0118532,-0.080489,-0
 .0565294,0.0414246,-0.2304819,0.0184268\Polar=33.0006709,-3.3952071,54
 .4598827,0.,0.,40.7607453\PG=C02 [X(Cl2O2)]\NImag=0\\0.08538747,0.0448
 6894,0.15351033,0.07243194,-0.01695014,0.19469437,-0.06101324,-0.06253
 920,0.00243427,0.08538749,-0.06253919,-0.07870518,-0.00081524,0.044868
 94,0.15351035,-0.00243426,0.00081525,-0.05914522,-0.07243193,0.0169501
 4,0.19469437,-0.03614632,0.00530170,-0.06024135,0.01177208,0.01236855,
 0.01462485,0.02375014,0.01662765,-0.03155919,0.04328368,0.00104261,-0.
 04324597,0.02551830,-0.01940955,0.08096977,-0.05958104,0.04569101,-0.1
 3149796,0.01041663,0.02955611,-0.00405120,0.04739045,-0.07202455,0.129
 95405,0.01177209,0.01236856,-0.01462485,-0.03614633,0.00530169,0.06024
 135,0.00062411,0.00173929,0.00177395,0.02375014,0.00104260,-0.04324596
 ,-0.02551830,0.01662765,-0.03155920,-0.04328368,0.00173930,-0.00616460
 ,-0.00322257,-0.01940954,0.08096976,-0.01041664,-0.02955611,-0.0040511
 9,0.05958103,-0.04569101,-0.13149796,-0.00177395,0.00322257,0.00559511
 ,-0.04739045,0.07202455,0.12995404\\-0.00634577,0.00245870,0.00211812,
 0.00634577,-0.00245870,0.00211812,0.00346486,-0.00136623,-0.00211812,-
 0.00346486,0.00136623,-0.00211812\\\@
 1\1\GINC-A3025\Freq\RMP2-FC\Aug-CC-pVTZ\Cl2O2\PROBERT\18-Apr-2012\0\\#
 mp2/aug-cc-pvtz freq=noraman scf=(qc,maxcycle=600)\\# cl2o2 rp\\0,1\O,
 0.29884,0.64591,0.89753\O,-0.29884,-0.64591,0.89753\Cl,-0.29884,1.5550
 9,-0.422367\Cl,0.29884,-1.55509,-0.422367\\Version=AM64L-G09RevA.02\St
 ate=1-A\HF=-1068.567199\MP2=-1069.4569246\RMSD=0.000e+00\RMSF=1.861e-0
 3\ZeroPoint=0.0068614\Thermal=0.0113602\Dipole=0.,0.,-0.3453869\Dipole
 Deriv=-0.0429503,-0.0978967,-0.0225317,-0.0190548,0.1009773,-0.3003363
 ,0.0706025,-0.2034214,-0.0085689,-0.0429503,-0.0978967,0.0225317,-0.01
 90547,0.1009772,0.3003363,-0.0706025,0.2034214,-0.0085689,0.0429503,0.
 0978967,-0.0589193,0.0190548,-0.1009773,0.0549649,-0.0454979,0.2289623
 ,0.0085689,0.0429503,0.0978967,0.0589193,0.0190547,-0.1009772,-0.05496
 49,0.0454979,-0.2289623,0.0085689\Polar=33.5907916,-4.0534543,55.40605
 04,0.,0.,40.1236699\PG=C02 [X(Cl2O2)]\NImag=0\\0.10527319,0.03942182,0
 .16386573,0.07813480,-0.01679297,0.17411143,-0.07546725,-0.06070977,0.
 00039965,0.10527321,-0.06070975,-0.08477331,-0.00253674,0.03942183,0.1
 6386574,-0.00039965,0.00253674,-0.05559991,-0.07813479,0.01679297,0.17
 411143,-0.04492196,0.01303488,-0.06349397,0.01511601,0.00825305,0.0150
 4048,0.03006603,0.02289785,-0.03296141,0.04459871,-0.00160990,-0.04613
 101,0.02526901,-0.02302519,0.08246778,-0.06421145,0.04447484,-0.114914
 23,0.01352369,0.03021860,-0.00359730,0.04957062,-0.07228058,0.11392786
 ,0.01511602,0.00825306,-0.01504048,-0.04492197,0.01303487,0.06349396,-
 0.00026008,0.00173724,0.00111714,0.03006603,-0.00160992,-0.04613100,-0
 .02526900,0.02289784,-0.03296141,-0.04459871,0.00173725,-0.00337536,-0
 .00241286,-0.02302517,0.08246777,-0.01352370,-0.03021861,-0.00359729,0
 .06421145,-0.04447483,-0.11491422,-0.00111713,0.00241286,0.00458366,-0
 .04957062,0.07228058,0.11392785\\-0.00329658,0.00147044,0.00136821,0.0
 0329658,-0.00147044,0.00136821,0.00181461,-0.00084716,-0.00136821,-0.0
 0181461,0.00084716,-0.00136821\\\@
 1\1\GINC-A3182\Freq\RMP2-FC\Aug-CC-pVTZ\Cl2O2\PROBERT\18-Apr-2012\0\\#
 mp2/aug-cc-pvtz freq=noraman scf=(qc,maxcycle=600)\\# cl2o2 rp\\0,1\O,
 0.330646,0.626223,0.844342\O,-0.330646,-0.626223,0.844342\Cl,-0.330646
 ,1.605228,-0.397338\Cl,0.330646,-1.605228,-0.397338\\Version=AM64L-G09
 RevA.02\State=1-A\HF=-1068.5687411\MP2=-1069.4576562\RMSD=0.000e+00\RM
 SF=2.662e-04\ZeroPoint=0.00686\Thermal=0.0113688\Dipole=0.,0.,-0.30872
 57\DipoleDeriv=-0.0357657,-0.1113262,-0.0484041,-0.0242316,0.1154603,-
 0.304647,0.067615,-0.1998876,-0.0030131,-0.0357657,-0.1113262,0.048404
 2,-0.0242315,0.1154603,0.304647,-0.067615,0.1998876,-0.0030131,0.03576
 57,0.1113262,-0.0540387,0.0242315,-0.1154603,0.049376,-0.0451213,0.218
 1773,0.0030131,0.0357657,0.1113262,0.0540387,0.0242315,-0.1154603,-0.0
 493759,0.0451213,-0.2181773,0.0030131\Polar=34.1442541,-4.6794026,56.6
 05808,0.,0.,39.3291156\PG=C02 [X(Cl2O2)]\NImag=0\\0.12069659,0.0304117
 5,0.17313671,0.08243828,-0.01875876,0.15308211,-0.08544294,-0.05656952
 ,-0.00195221,0.12069660,-0.05656951,-0.08766918,-0.00438701,0.03041175
 ,0.17313671,0.00195222,0.00438701,-0.05098568,-0.08243828,0.01875875,0
 .15308211,-0.05237308,0.02193348,-0.06550274,0.01711943,0.00422428,0.0
 1498333,0.03600044,0.03023771,-0.03731344,0.04710320,-0.00407994,-0.04
 815409,0.02395744,-0.02774487,0.08664631,-0.06801144,0.04472831,-0.099
 76608,0.01637905,0.03035657,-0.00233036,0.05107590,-0.07307276,0.09906
 749,0.01711944,0.00422429,-0.01498334,-0.05237309,0.02193347,0.0655027
 3,-0.00074679,0.00158710,0.00055649,0.03600044,-0.00407996,-0.04815408
 ,-0.02395743,0.03023771,-0.03731344,-0.04710320,0.00158710,-0.00117877
 ,-0.00201212,-0.02774486,0.08664629,-0.01637906,-0.03035657,-0.0023303
 6,0.06801144,-0.04472830,-0.09976607,-0.00055649,0.00201212,0.00302894
 ,-0.05107589,0.07307275,0.09906748\\-0.00046675,0.00023607,0.00016879,
 0.00046675,-0.00023607,0.00016879,0.00026345,-0.00015893,-0.00016879,-
 0.00026345,0.00015893,-0.00016879\\\@
 1\1\GINC-A3165\Freq\RMP2-FC\Aug-CC-pVTZ\Cl2O2\PROBERT\18-Apr-2012\0\\#
 mp2/aug-cc-pvtz freq=noraman scf=(qc,maxcycle=600)\\# cl2o2 rp\\0,1\O,
 0.358333,0.611341,0.781347\O,-0.358333,-0.611341,0.781347\Cl,-0.358333
 ,1.660932,-0.367693\Cl,0.358333,-1.660932,-0.367693\\Version=AM64L-G09
 RevA.02\State=1-A\HF=-1068.5691426\MP2=-1069.4573595\RMSD=0.000e+00\RM
 SF=9.474e-04\ZeroPoint=0.0068086\Thermal=0.0113614\Dipole=0.,0.,-0.282
 2359\DipoleDeriv=-0.0332984,-0.1194774,-0.0623212,-0.0260206,0.1193007
 ,-0.2831115,0.0611246,-0.1868515,-0.0034117,-0.0332984,-0.1194774,0.06
 23212,-0.0260206,0.1193007,0.2831115,-0.0611246,0.1868515,-0.0034117,0
 .0332984,0.1194774,-0.0468086,0.0260206,-0.1193007,0.0401778,-0.040499
 4,0.196268,0.0034117,0.0332984,0.1194774,0.0468086,0.0260206,-0.119300
 7,-0.0401778,0.0404994,-0.196268,0.0034117\Polar=34.6395154,-5.2444287
 ,57.8316721,0.,0.,38.3817515\PG=C02 [X(Cl2O2)]\NImag=0\\0.13275153,0.0
 1922288,0.18182548,0.08527388,-0.02281741,0.13153382,-0.09163993,-0.05
 184057,-0.00422150,0.13275153,-0.05184057,-0.08797094,-0.00591950,0.01
 922288,0.18182548,0.00422150,0.00591950,-0.04510307,-0.08527388,0.0228
 1741,0.13153382,-0.05905896,0.03171436,-0.06655463,0.01794737,0.000903
 34,0.01449776,0.04193842,0.03829405,-0.04499923,0.05022290,-0.00567636
 ,-0.04885532,0.02148599,-0.03404158,0.09407951,-0.07094673,0.04637688,
 -0.08579270,0.01854866,0.02947897,-0.00063805,0.05222747,-0.07378237,0
 .08518695,0.01794737,0.00090334,-0.01449776,-0.05905896,0.03171436,0.0
 6655463,-0.00082682,0.00142388,0.00017060,0.04193842,-0.00567636,-0.04
 885532,-0.02148599,0.03829405,-0.04499923,-0.05022290,0.00142388,-0.00
 022497,-0.00207349,-0.03404158,0.09407951,-0.01854866,-0.02947897,-0.0
 0063805,0.07094673,-0.04637688,-0.08579270,-0.00017060,0.00207349,0.00
 124380,-0.05222747,0.07378237,0.08518695\\0.00127769,-0.00081448,-0.00
 109761,-0.00127769,0.00081448,-0.00109761,-0.00072915,0.00038541,0.001
 09761,0.00072915,-0.00038541,0.00109761\\\@
 1\1\GINC-A3096\Freq\RMP2-FC\Aug-CC-pVTZ\Cl2O2\PROBERT\18-Apr-2012\0\\#
 mp2/aug-cc-pvtz freq=noraman scf=(qc,maxcycle=600)\\# cl2o2 rp\\0,1\O,
 0.383744,0.600858,0.711222\O,-0.383744,-0.600858,0.711222\Cl,-0.383744
 ,1.714919,-0.334693\Cl,0.383744,-1.714919,-0.334693\\Version=AM64L-G09
 RevA.02\State=1-A\HF=-1068.5685105\MP2=-1069.4563207\RMSD=0.000e+00\RM
 SF=1.640e-03\ZeroPoint=0.0067132\Thermal=0.0113434\Dipole=0.,0.,-0.264
 2068\DipoleDeriv=-0.0357984,-0.1210038,-0.0615081,-0.0239176,0.1094708
 ,-0.2403659,0.0518457,-0.1646019,-0.0101139,-0.0357984,-0.1210038,0.06
 15081,-0.0239176,0.1094708,0.2403659,-0.0518457,0.1646019,-0.0101139,0
 .0357984,0.1210038,-0.0385906,0.0239176,-0.1094708,0.0283997,-0.032752
 4,0.1652007,0.0101139,0.0357984,0.1210038,0.0385906,0.0239176,-0.10947
 08,-0.0283997,0.0327524,-0.1652007,0.0101139\Polar=35.0945493,-5.73852
 28,58.8656515,0.,0.,37.3363477\PG=C02 [X(Cl2O2)]\NImag=0\\0.14311525,0
 .00688889,0.18973876,0.08587273,-0.02788979,0.10932463,-0.09541371,-0.
 04751900,-0.00602577,0.14311525,-0.04751900,-0.08595101,-0.00681240,0.
 00688889,0.18973876,0.00602577,0.00681240,-0.03806506,-0.08587273,0.02
 788979,0.10932463,-0.06561409,0.04212478,-0.06632713,0.01791254,-0.001
 49467,0.01351983,0.04829419,0.04641772,-0.05561713,0.05286180,-0.00578
 761,-0.04817063,0.01815961,-0.04180923,0.10422697,-0.07232725,0.048557
 40,-0.07225554,0.01957124,0.02748001,0.00099598,0.05278166,-0.07352941
 ,0.07177040,0.01791254,-0.00149467,-0.01351983,-0.06561409,0.04212478,
 0.06632713,-0.00059265,0.00117911,-0.00002565,0.04829419,-0.00578761,-
 0.04817063,-0.01815961,0.04641772,-0.05561713,-0.05286180,0.00117911,-
 0.00043921,-0.00250800,-0.04180923,0.10422697,-0.01957124,-0.02748001,
 0.00099598,0.07232725,-0.04855740,-0.07225554,0.00002565,0.00250800,-0
 .00051083,-0.05278166,0.07352941,0.07177040\\0.00218567,-0.00144518,-0
 .00187806,-0.00218567,0.00144518,-0.00187806,-0.00126427,0.00078246,0.
 00187806,0.00126427,-0.00078246,0.00187806\\\@
 1\1\GINC-A3118\Freq\RMP2-FC\Aug-CC-pVTZ\Cl2O2\PROBERT\18-Apr-2012\0\\#
 mp2/aug-cc-pvtz freq=noraman scf=(qc,maxcycle=600)\\# cl2o2 rp\\0,1\O,
 0.407639,0.594057,0.635065\O,-0.407639,-0.594057,0.635065\Cl,-0.407639
 ,1.763277,-0.298854\Cl,0.407639,-1.763277,-0.298854\\Version=AM64L-G09
 RevA.02\State=1-A\HF=-1068.5671697\MP2=-1069.4549244\RMSD=0.000e+00\RM
 SF=1.783e-03\ZeroPoint=0.0065249\Thermal=0.0103867\Dipole=0.,0.,-0.249
 8018\DipoleDeriv=-0.0427054,-0.1174579,-0.0479043,-0.0180414,0.089488,
 -0.1862628,0.0409488,-0.1377958,-0.0223359,-0.0427054,-0.1174579,0.047
 9043,-0.0180414,0.089488,0.1862628,-0.0409488,0.1377958,-0.0223359,0.0
 427054,0.1174579,-0.0304537,0.0180414,-0.089488,0.0152783,-0.0233514,0
 .1313055,0.0223359,0.0427054,0.1174579,0.0304537,0.0180414,-0.089488,-
 0.0152783,0.0233514,-0.1313055,0.0223359\Polar=35.5190853,-6.1697097,5
 9.6907691,0.,0.,36.2355298\PG=C02 [X(Cl2O2)]\NImag=1\\0.15399348,-0.00
 551980,0.19717631,0.08375255,-0.03320249,0.08718922,-0.09878545,-0.044
 80655,-0.00697754,0.15399348,-0.04480655,-0.08208700,-0.00695956,-0.00
 551980,0.19717631,0.00697754,0.00695956,-0.03031593,-0.08375255,0.0332
 0249,0.08718922,-0.07260774,0.05307889,-0.06468786,0.01739971,-0.00275
 254,0.01208715,0.05533828,0.05433377,-0.06874623,0.05461305,-0.0040074
 2,-0.04634308,0.01445100,-0.05104433,0.11662918,-0.07162565,0.05069040
 ,-0.05908657,0.01910444,0.02444747,0.00221328,0.05256096,-0.07210096,0
 .05879649,0.01739971,-0.00275254,-0.01208715,-0.07260774,0.05307889,0.
 06468786,-0.00013025,0.00071798,-0.00003975,0.05533828,-0.00400742,-0.
 04634308,-0.01445100,0.05433377,-0.06874623,-0.05461305,0.00071798,-0.
 00153986,-0.00303691,-0.05104433,0.11662918,-0.01910444,-0.02444747,0.
 00221328,0.07162565,-0.05069040,-0.05908657,0.00003975,0.00303691,-0.0
 0192320,-0.05256096,0.07210096,0.05879649\\0.00224165,-0.00146619,-0.0
 0216629,-0.00224165,0.00146619,-0.00216629,-0.00130274,0.00090213,0.00
 216629,0.00130274,-0.00090213,0.00216629\\\@
 1\1\GINC-A3245\Freq\RMP2-FC\Aug-CC-pVTZ\Cl2O2\PROBERT\18-Apr-2012\0\\#
 mp2/aug-cc-pvtz freq=noraman scf=(qc,maxcycle=600)\\# cl2o2 rp\\0,1\O,
 0.429787,0.589014,0.553975\O,-0.429787,-0.589014,0.553975\Cl,-0.429787
 ,1.804869,-0.260694\Cl,0.429787,-1.804869,-0.260694\\Version=AM64L-G09
 RevA.02\State=1-A\HF=-1068.5654969\MP2=-1069.4535504\RMSD=0.000e+00\RM
 SF=1.506e-03\ZeroPoint=0.0065125\Thermal=0.0103966\Dipole=0.,0.,-0.232
 8468\DipoleDeriv=-0.0520786,-0.1130065,-0.0287824,-0.0101634,0.0704483
 ,-0.1342832,0.0301909,-0.1117902,-0.0371872,-0.0520786,-0.1130065,0.02
 87824,-0.0101634,0.0704483,0.1342832,-0.0301909,0.1117902,-0.0371872,0
 .0520786,0.1130065,-0.0234683,0.0101634,-0.0704483,0.0037159,-0.014440
 1,0.1024156,0.0371872,0.0520786,0.1130065,0.0234683,0.0101634,-0.07044
 83,-0.0037159,0.0144401,-0.1024156,0.0371872\Polar=35.9183852,-6.57604
 34,60.4703076,0.,0.,35.1536948\PG=C02 [X(Cl2O2)]\NImag=1\\0.16707082,-
 0.01634489,0.20454209,0.07835104,-0.03706779,0.06587359,-0.10386266,-0
 .04464126,-0.00693197,0.16707082,-0.04464126,-0.07778836,-0.00651490,-
 0.01634489,0.20454209,0.00693197,0.00651490,-0.02257331,-0.07835104,0.
 03706779,0.06587359,-0.08003163,0.06387024,-0.06103666,0.01682347,-0.0
 0288408,0.01038240,0.06273091,0.06158338,-0.08275467,0.05443570,-0.000
 59722,-0.04399907,0.01085301,-0.06099035,0.13008108,-0.06805896,0.0512
 8529,-0.04610240,0.01722405,0.02073241,0.00280212,0.05074458,-0.068653
 20,0.04599591,0.01682347,-0.00288408,-0.01038240,-0.08003163,0.0638702
 4,0.06103666,0.00047724,0.00000420,0.00009033,0.06273091,-0.00059722,-
 0.04399907,-0.01085301,0.06158338,-0.08275467,-0.05443570,0.00000420,-
 0.00332734,-0.00336449,-0.06099035,0.13008108,-0.01722405,-0.02073241,
 0.00280212,0.06805896,-0.05128529,-0.04610240,-0.00009033,0.00336449,-
 0.00269563,-0.05074458,0.06865320,0.04599591\\0.00160422,-0.00125553,-
 0.00198319,-0.00160422,0.00125553,-0.00198319,-0.00100515,0.00076699,0
 .00198319,0.00100515,-0.00076699,0.00198319\\\@
 1\1\GINC-A3010\Freq\RMP2-FC\Aug-CC-pVTZ\Cl2O2\PROBERT\18-Apr-2012\0\\#
 mp2/aug-cc-pvtz freq=noraman scf=(qc,maxcycle=600)\\# cl2o2 rp\\0,1\O,
 0.449935,0.584869,0.468796\O,-0.449935,-0.584869,0.468796\Cl,-0.449935
 ,1.839824,-0.22061\Cl,0.449935,-1.839824,-0.22061\\Version=AM64L-G09Re
 vA.02\State=1-A\HF=-1068.5637062\MP2=-1069.4524713\RMSD=0.000e+00\RMSF
 =1.033e-03\ZeroPoint=0.0065006\Thermal=0.0104103\Dipole=0.,0.,-0.20982
 56\DipoleDeriv=-0.0618584,-0.1112127,-0.0104725,-0.0024248,0.060473,-0
 .0914915,0.0210183,-0.0892094,-0.0523073,-0.0618584,-0.1112127,0.01047
 25,-0.0024248,0.060473,0.0914915,-0.0210183,0.0892094,-0.0523073,0.061
 8584,0.1112127,-0.017994,0.0024248,-0.060473,-0.0042995,-0.0075902,0.0
 811946,0.0523073,0.0618584,0.1112127,0.017994,0.0024248,-0.060473,0.00
 42995,0.0075902,-0.0811946,0.0523073\Polar=36.2982162,-6.9803164,61.29
 53245,0.,0.,34.160353\PG=C02 [X(Cl2O2)]\NImag=1\\0.18168942,-0.0253945
 4,0.21043818,0.06949050,-0.03815844,0.04653283,-0.11065347,-0.04613913
 ,-0.00597735,0.18168942,-0.04613913,-0.07297971,-0.00561735,-0.0253945
 4,0.21043818,0.00597735,0.00561735,-0.01558878,-0.06949050,0.03815844,
 0.04653283,-0.08735633,0.07364020,-0.05497488,0.01632038,-0.00210653,0
 .00853827,0.06986988,0.06762857,-0.09596470,0.05150890,0.00390510,-0.0
 4149378,0.00773311,-0.07065318,0.14311428,-0.06123145,0.04918583,-0.03
 366382,0.01423640,0.01664474,0.00271977,0.04671583,-0.06253629,0.03366
 803,0.01632038,-0.00210653,-0.00853827,-0.08735633,0.07364020,0.054974
 88,0.00116606,-0.00088049,0.00027922,0.06986988,0.00390510,-0.04149378
 ,-0.00773311,0.06762857,-0.09596470,-0.05150890,-0.00088049,-0.0056558
 1,-0.00329428,-0.07065318,0.14311428,-0.01423640,-0.01664474,0.0027197
 7,0.06123145,-0.04918583,-0.03366382,-0.00027922,0.00329428,-0.0027239
 8,-0.04671583,0.06253629,0.03366803\\0.00101009,-0.00080720,-0.0014152
 8,-0.00101009,0.00080720,-0.00141528,-0.00065314,0.00055056,0.00141528
 ,0.00065314,-0.00055056,0.00141528\\\@
 1\1\GINC-A3238\Freq\RMP2-FC\Aug-CC-pVTZ\Cl2O2\PROBERT\18-Apr-2012\0\\#
 mp2/aug-cc-pvtz freq=noraman scf=(qc,maxcycle=600)\\# cl2o2 rp\\0,1\O,
 0.467044,0.58059,0.379959\O,-0.467044,-0.58059,0.379959\Cl,-0.467044,1
 .868668,-0.178804\Cl,0.467044,-1.868668,-0.178804\\Version=AM64L-G09Re
 vA.02\State=1-A\HF=-1068.5621784\MP2=-1069.4517948\RMSD=0.000e+00\RMSF
 =5.650e-04\ZeroPoint=0.0064891\Thermal=0.0104275\Dipole=0.,0.,-0.17924
 1\DipoleDeriv=-0.0704639,-0.1125492,0.0025114,0.0036705,0.0620471,-0.0
 598622,0.0139919,-0.0692149,-0.0659422,-0.0704639,-0.1125492,-0.002511
 4,0.0036705,0.0620471,0.0598622,-0.0139919,0.0692149,-0.0659422,0.0704
 639,0.1125492,-0.0137083,-0.0036705,-0.0620471,-0.0081367,-0.0032497,0
 .0654371,0.0659422,0.0704639,0.1125492,0.0137083,-0.0036705,-0.0620471
 ,0.0081367,0.0032497,-0.0654371,0.0659422\Polar=36.6360367,-7.376432,6
 2.1586315,0.,0.,33.2992503\PG=C02 [X(Cl2O2)]\NImag=1\\0.19653170,-0.03
 214564,0.21529242,0.05788556,-0.03581575,0.03006647,-0.11858833,-0.048
 78978,-0.00454408,0.19653170,-0.04878978,-0.06887800,-0.00449330,-0.03
 214564,0.21529242,0.00454408,0.00449330,-0.00978820,-0.05788556,0.0358
 1575,0.03006647,-0.09385408,0.08182340,-0.04663080,0.01591071,-0.00088
 799,0.00671068,0.07608019,0.07225501,-0.10723460,0.04555096,0.00868041
 ,-0.03917982,0.00524191,-0.07915929,0.15467948,-0.05160187,0.04392152,
 -0.02242127,0.01082777,0.01259907,0.00214300,0.04034711,-0.05365674,0.
 02245558,0.01591071,-0.00088799,-0.00671068,-0.09385408,0.08182340,0.0
 4663080,0.00186318,-0.00177612,0.00042699,0.07608019,0.00868041,-0.039
 17982,-0.00524191,0.07225501,-0.10723460,-0.04555096,-0.00177612,-0.00
 826506,-0.00286386,-0.07915929,0.15467948,-0.01082777,-0.01259907,0.00
 214300,0.05160187,-0.04392152,-0.02242127,-0.00042699,0.00286386,-0.00
 217731,-0.04034711,0.05365674,0.02245558\\0.00053119,-0.00045363,-0.00
 076400,-0.00053119,0.00045363,-0.00076400,-0.00036692,0.00035410,0.000
 76400,0.00036692,-0.00035410,0.00076400\\\@
 1\1\GINC-A3052\Freq\RMP2-FC\Aug-CC-pVTZ\Cl2O2\PROBERT\18-Apr-2012\0\\#
 mp2/aug-cc-pvtz freq=noraman scf=(qc,maxcycle=600)\\# cl2o2 rp\\0,1\O,
 0.480557,0.576382,0.287909\O,-0.480557,-0.576382,0.287909\Cl,-0.480557
 ,1.891142,-0.135487\Cl,0.480557,-1.891142,-0.135487\\Version=AM64L-G09
 RevA.02\State=1-A\HF=-1068.5610846\MP2=-1069.4514831\RMSD=0.000e+00\RM
 SF=1.926e-04\ZeroPoint=0.0064802\Thermal=0.0104468\Dipole=0.,0.,-0.141
 5049\DipoleDeriv=-0.0772894,-0.1157826,0.0090293,0.0078411,0.0714411,-
 0.0373562,0.0088677,-0.0507505,-0.0773595,-0.0772894,-0.1157826,-0.009
 0293,0.0078411,0.0714411,0.0373562,-0.0088677,0.0507505,-0.0773595,0.0
 772894,0.1157826,-0.0100409,-0.0078411,-0.0714411,-0.0086722,-0.000947
 2,0.0512601,0.0773595,0.0772894,0.1157826,0.0100409,-0.0078411,-0.0714
 411,0.0086722,0.0009472,-0.0512601,0.0773595\Polar=36.9092462,-7.73044
 27,62.9586064,0.,0.,32.5984607\PG=C02 [X(Cl2O2)]\NImag=1\\0.20997926,-
 0.03707439,0.21922398,0.04450917,-0.03025218,0.01703710,-0.12635097,-0
 .05171189,-0.00303879,0.20997926,-0.05171189,-0.06565385,-0.00329031,-
 0.03707439,0.21922398,0.00303879,0.00329031,-0.00534261,-0.04450917,0.
 03025218,0.01703710,-0.09917079,0.08838845,-0.03652462,0.01554251,0.00
 039782,0.00494577,0.08112219,0.07567214,-0.11636057,0.03691207,0.01311
 413,-0.03720956,0.00336957,-0.08623665,0.16442071,-0.04003256,0.035822
 36,-0.01302732,0.00751540,0.00886049,0.00133283,0.03204800,-0.04248225
 ,0.01305188,0.01554251,0.00039782,-0.00494577,-0.09917079,0.08838845,0
 .03652462,0.00250610,-0.00254962,0.00046915,0.08112219,0.01311413,-0.0
 3720956,-0.00336957,0.07567214,-0.11636057,-0.03691207,-0.00254962,-0.
 01085058,-0.00220061,-0.08623665,0.16442071,-0.00751540,-0.00886049,0.
 00133283,0.04003256,-0.03582236,-0.01302732,-0.00046915,0.00220061,-0.
 00135739,-0.03204800,0.04248225,0.01305188\\0.00018327,-0.00010600,-0.
 00027854,-0.00018327,0.00010600,-0.00027854,-0.00010900,0.00010315,0.0
 0027854,0.00010900,-0.00010315,0.00027854\\\@
 1\1\GINC-A3178\Freq\RMP2-FC\Aug-CC-pVTZ\Cl2O2\PROBERT\18-Apr-2012\0\\#
 mp2/aug-cc-pvtz freq=noraman scf=(qc,maxcycle=600)\\# cl2o2 rp\\0,1\O,
 0.490333,0.572428,0.193443\O,-0.490333,-0.572428,0.193443\Cl,-0.490333
 ,1.907541,-0.091032\Cl,0.490333,-1.907541,-0.091032\\Version=AM64L-G09
 RevA.02\State=1-A\HF=-1068.5603909\MP2=-1069.4514137\RMSD=0.000e+00\RM
 SF=5.121e-05\ZeroPoint=0.0064715\Thermal=0.010462\Dipole=0.,0.,-0.0978
 782\DipoleDeriv=-0.0820541,-0.1188393,0.0096871,0.010066,0.0833053,-0.
 0213487,0.0051629,-0.0330338,-0.0859504,-0.0820541,-0.1188393,-0.00968
 72,0.010066,0.0833053,0.0213487,-0.0051629,0.0330338,-0.0859505,0.0820
 541,0.1188393,-0.0066312,-0.010066,-0.0833053,-0.0068604,-0.0000481,0.
 0359128,0.0859504,0.0820541,0.1188393,0.0066312,-0.010066,-0.0833053,0
 .0068604,0.0000481,-0.0359128,0.0859505\Polar=37.1135149,-8.013203,63.
 6022177,0.,0.,32.0854678\PG=C02 [X(Cl2O2)]\NImag=1\\0.22042295,-0.0398
 9314,0.22210646,0.03002499,-0.02180479,0.00769366,-0.13280744,-0.05440
 179,-0.00175978,0.22042294,-0.05440179,-0.06374674,-0.00211365,-0.0398
 9313,0.22210645,0.00175985,0.00211363,-0.00224759,-0.03002504,0.021804
 80,0.00769376,-0.10278465,0.09288436,-0.02501522,0.01516915,0.00141056
 ,0.00324999,0.08458861,0.07763825,-0.12270296,0.02589703,0.01665667,-0
 .03565676,0.00197858,-0.09118041,0.17138885,-0.02716461,0.02523978,-0.
 00600227,0.00462022,0.00554862,0.00055616,0.02215481,-0.02933200,0.006
 01021,0.01516914,0.00141056,-0.00324998,-0.10278465,0.09288436,0.02501
 520,0.00302689,-0.00311451,0.00038958,0.08458862,0.01665668,-0.0356567
 6,-0.00197859,0.07763825,-0.12270296,-0.02589701,-0.00311451,-0.013029
 14,-0.00145639,-0.09118042,0.17138886,-0.00462023,-0.00554862,0.000556
 20,0.02716461,-0.02523977,-0.00600232,-0.00038958,0.00145639,-0.000564
 10,-0.02215479,0.02933199,0.00601022\\0.00009372,-0.00002962,0.0000204
 2,-0.00009372,0.00002962,0.00002042,-0.00004935,0.00005295,-0.00002042
 ,0.00004935,-0.00005295,-0.00002042\\\@
 1\1\GINC-A3065\Freq\RMP2-FC\Aug-CC-pVTZ\Cl2O2\PROBERT\18-Apr-2012\0\\#
 mp2/aug-cc-pvtz freq=noraman scf=(qc,maxcycle=600)\\# cl2o2 rp\\0,1\O,
 0.496215,0.569637,0.097188\O,-0.496215,-0.569637,0.097188\Cl,-0.496215
 ,1.917464,-0.045736\Cl,0.496215,-1.917464,-0.045736\\Version=AM64L-G09
 RevA.02\State=1-A\HF=-1068.5600346\MP2=-1069.4514456\RMSD=0.000e+00\RM
 SF=6.702e-05\ZeroPoint=0.0065049\Thermal=0.011417\Dipole=0.,0.,-0.0500
 414\DipoleDeriv=-0.0848653,-0.1209228,0.0060032,0.0110442,0.092659,-0.
 0095987,0.0023609,-0.0162037,-0.0913399,-0.0848652,-0.1209228,-0.00600
 32,0.0110442,0.092659,0.0095987,-0.0023609,0.0162037,-0.0913399,0.0848
 653,0.1209228,-0.0033022,-0.0110442,-0.092659,-0.0037299,0.0001219,0.0
 186256,0.0913399,0.0848653,0.1209228,0.0033022,-0.0110442,-0.092659,0.
 0037299,-0.0001219,-0.0186256,0.0913399\Polar=37.2376869,-8.1940244,64
 .0158286,0.,0.,31.7722417\PG=C02 [X(Cl2O2)]\NImag=0\\0.22704802,-0.041
 31995,0.22391281,0.01508588,-0.01140581,0.00209836,-0.13705757,-0.0562
 7013,-0.00077911,0.22704802,-0.05627013,-0.06276567,-0.00102219,-0.041
 31995,0.22391281,0.00077915,0.00102217,-0.00043103,-0.01508591,0.01140
 582,0.00209845,-0.10487242,0.09554036,-0.01269731,0.01488196,0.0020497
 1,0.00160946,0.08662254,0.07864227,-0.12649488,0.01333869,0.01894780,-
 0.03465226,0.00091069,-0.09414135,0.17563953,-0.01369472,0.01303218,-0
 .00167622,0.00217030,0.00264854,0.00000885,0.01130613,-0.01496505,0.00
 167537,0.01488196,0.00204971,-0.00160946,-0.10487242,0.09554036,0.0126
 9730,0.00336792,-0.00344873,0.00021828,0.08662254,0.01894780,-0.034652
 26,-0.00091070,0.07864227,-0.12649488,-0.01333868,-0.00344873,-0.01449
 239,-0.00071567,-0.09414135,0.17563953,-0.00217031,-0.00264854,0.00000
 889,0.01369472,-0.01303218,-0.00167627,-0.00021829,0.00071567,-0.00000
 800,-0.01130613,0.01496505,0.00167538\\0.00008804,-0.00002652,0.000083
 13,-0.00008804,0.00002652,0.00008313,-0.00004608,0.00005047,-0.0000831
 3,0.00004608,-0.00005047,-0.00008313\\\@
 1\1\GINC-A3075\Freq\RMP2-FC\Aug-CC-pVTZ\Cl2O2\PROBERT\18-Apr-2012\0\\#
 mp2/aug-cc-pvtz freq=noraman scf=(qc,maxcycle=600)\\# cl2o2 rp\\0,1\O,
 -0.498178,0.568628,0.\O,0.498178,-0.568628,0.\Cl,0.498178,1.920785,0.\
 Cl,-0.498178,-1.920785,0.\\Version=AM64L-G09RevA.02\State=1-AG\HF=-106
 8.5599275\MP2=-1069.4514697\RMSD=0.000e+00\RMSF=5.163e-05\ZeroPoint=0.
 0065357\Thermal=0.0114219\Dipole=0.,0.,0.\DipoleDeriv=-0.0857918,0.121
 6495,0.,-0.0112984,0.0961745,0.,0.,0.,-0.0931816,-0.0857918,0.1216495,
 0.,-0.0112984,0.0961745,0.,0.,0.,-0.0931816,0.0857918,-0.1216495,0.,0.
 0112984,-0.0961745,0.,0.,0.,0.0931816,0.0857918,-0.1216495,0.,0.011298
 4,-0.0961745,0.,0.,0.,0.0931816\Polar=37.2792789,8.2561577,64.1582241,
 0.,0.,31.6670101\PG=C02H [SGH(Cl2O2)]\NImag=0\\0.22931441,0.04174472,0
 .22452852,0.,0.,0.00023795,-0.13853765,0.05693828,0.,0.22931435,0.0569
 3830,-0.06247043,0.,0.04174471,0.22452855,0.,0.,0.00016674,0.,0.,0.000
 23795,-0.10554948,-0.09641655,0.,0.01477274,-0.00226645,0.,0.08728999,
 -0.07894281,-0.12775510,0.,-0.01974023,-0.03430298,0.,0.09512506,0.177
 06680,0.,0.,-0.00021751,0.,0.,-0.00018719,0.,0.,0.00021446,0.01477272,
 -0.00226645,0.,-0.10554944,-0.09641657,0.,0.00348675,0.00355799,0.,0.0
 8728998,-0.01974021,-0.03430299,0.,-0.07894276,-0.12775514,0.,0.003557
 94,-0.01500872,0.,0.09512502,0.17706685,0.,0.,-0.00018719,0.,0.,-0.000
 21751,0.,0.,0.00019024,0.,0.,0.00021446\\-0.00009579,-0.00003354,0.,0.
 00009579,0.00003354,0.,0.00005139,0.00005525,0.,-0.00005139,-0.0000552
 5,0.\\\@
