  0.0000       1.006   0.000
  0.0000       3.017   0.000
  0.0000       5.028   0.000
  0.0000       7.039   0.000
  0.0000       9.050   0.000
  0.0000      11.061   0.000
  0.0000      13.072   0.000
  0.0000      15.083   0.000
  0.0000      17.094   0.000
  0.0000      19.105   0.000
  0.0000      21.116   0.000
  0.0000      23.127   0.000
  0.0000      25.138   0.000
  0.0000      27.149   0.000
  0.0000      29.160   0.000
  0.0000      31.171   0.000
  0.0000      33.182   0.000
  0.0000      35.193   0.000
  0.0000      37.204   0.000
  0.0000      39.215   0.000
  0.0000      41.226   0.000
  0.0000      43.237   0.000
  0.0000      45.248   0.000
  0.0000      47.259   0.000
  0.0000      49.270   0.000
  0.0000      51.281   0.000
  0.0000      53.292   0.001
  0.0000      55.303   0.002
  0.0000      57.314   0.005
  0.0000      59.325   0.009
  0.0000      61.336   0.015
  0.0000      63.347   0.018
  0.0000      65.358   0.014
  0.0000      67.369   0.006
  0.0000      69.380   0.001
  0.0000      71.391   0.002
  0.0000      73.402   0.002
  0.0000      75.413   0.003
  0.0000      77.424   0.019
  0.0000      79.435   0.050
  0.0000      81.446   0.066
  0.0000      83.457   0.049
  0.0000      85.468   0.019
  0.0000      87.479   0.004
  0.0000      89.490   0.003
  0.0000      91.501   0.002
  0.0000      93.512   0.010
  0.0000      95.523   0.022
  0.0000      97.534   0.020
  0.0000      99.545   0.005
  0.0000     101.556   0.001
  0.0000     103.567   0.011
  0.0000     105.578   0.021
  0.0000     107.589   0.021
  0.0000     109.600   0.015
  0.0000     111.611   0.009
  0.0000     113.622   0.005
  0.0000     115.633   0.003
  0.0000     117.644   0.002
  0.0000     119.655   0.001
  0.0000     121.666   0.000
  0.0000     123.677   0.000
  0.0000     125.688   0.000
  0.0000     127.699   0.000
  0.0000     129.710   0.000
  0.0000     131.721   0.000
  0.0000     133.732   0.000
  0.0000     135.743   0.000
  0.0000     137.754   0.000
  0.0000     139.765   0.000
  0.0000     141.776   0.000
  0.0000     143.787   0.000
  0.0000     145.798   0.000
  0.0000     147.809   0.000
  0.0000     149.820   0.000
  0.0000     151.831   0.000
  0.0000     153.842   0.000
  0.0000     155.853   0.000
  0.0000     157.864   0.000
  0.0000     159.875   0.000
  0.0000     161.886   0.000
  0.0000     163.897   0.000
  0.0000     165.908   0.000
  0.0000     167.919   0.000
  0.0000     169.930   0.000
  0.0000     171.941   0.000
  0.0000     173.952   0.000
  0.0000     175.963   0.000
  0.0000     177.974   0.000
  0.0000     179.985   0.000
  0.0000     181.996   0.000
  0.0000     184.007   0.000
  0.0000     186.018   0.000
  0.0000     188.029   0.000
  0.0000     190.040   0.000
  0.0000     192.051   0.000
  0.0000     194.062   0.000
  0.0000     196.073   0.000
  0.0000     198.084   0.000
  0.0000     200.095   0.000
  0.0000     202.106   0.000
  0.0000     204.117   0.000
  0.0000     206.128   0.000
  0.0000     208.139   0.000
  0.0000     210.150   0.000
  0.0000     212.161   0.000
  0.0000     214.172   0.000
  0.0000     216.183   0.000
  0.0000     218.194   0.000
  0.0000     220.205   0.000
  0.0000     222.216   0.000
  0.0000     224.227   0.000
  0.0000     226.238   0.000
  0.0000     228.249   0.000
  0.0000     230.260   0.000
  0.0000     232.271   0.000
  0.0000     234.282   0.000
  0.0000     236.293   0.000
  0.0000     238.304   0.000
  0.0000     240.315   0.000
  0.0000     242.326   0.000
  0.0000     244.337   0.002
  0.0000     246.348   0.006
  0.0000     248.359   0.013
  0.0000     250.370   0.021
  0.0000     252.381   0.023
  0.0000     254.392   0.018
  0.0000     256.403   0.008
  0.0000     258.414   0.001
  0.0000     260.425   0.001
  0.0000     262.436   0.005
  0.0000     264.447   0.004
  0.0000     266.458   0.001
  0.0000     268.469   0.018
  0.0000     270.480   0.057
  0.0000     272.491   0.074
  0.0000     274.502   0.052
  0.0000     276.513   0.024
  0.0000     278.524   0.015
  0.0000     280.535   0.018
  0.0000     282.546   0.035
  0.0000     284.557   0.051
  0.0000     286.568   0.044
  0.0000     288.579   0.021
  0.0000     290.590   0.003
  0.0000     292.601   0.001
  0.0000     294.612   0.005
  0.0000     296.623   0.009
  0.0000     298.634   0.009
  0.0000     300.645   0.008
  0.0000     302.656   0.005
  0.0000     304.667   0.003
  0.0000     306.678   0.002
  0.0000     308.689   0.001
  0.0000     310.700   0.000
  0.0000     312.711   0.000
  0.0000     314.722   0.000
  0.0000     316.733   0.000
  0.0000     318.744   0.000
  0.0000     320.755   0.000
  0.0000     322.766   0.000
  0.0000     324.777   0.000
  0.0000     326.788   0.000
  0.0000     328.799   0.000
  0.0000     330.810   0.000
  0.0000     332.821   0.000
  0.0000     334.832   0.000
  0.0000     336.843   0.000
  0.0000     338.854   0.000
  0.0000     340.865   0.000
  0.0000     342.876   0.000
  0.0000     344.887   0.000
  0.0000     346.898   0.000
  0.0000     348.909   0.000
  0.0000     350.920   0.000
  0.0000     352.931   0.000
  0.0000     354.942   0.000
  0.0000     356.953   0.000
  0.0000     358.964   0.000
