1	1	1	0
1	2	0	0
1	11	0	0
1	12	0	0
1	23	0	0
1	24	0	0
2	1	0.9999999999999998	3.2210441841546854e-8
2	2	1.9227619239316925e-21	8.083529560038389e-22
2	11	2.958294647392127e-133	9.904056872829776e-134
2	12	-9.422885399768356e-133	9.876317340854904e-133
2	23	6.61520643384075e-11	7.116531744251816e-11
2	24	-7.089747371842146e-11	-2.3845804168030195e-11
3	1	0.9999999999999986	6.442088368315145e-8
3	2	2.3013673667177422e-20	-1.494858784112e-20
3	11	2.3116898663678773e-131	-2.186594868379921e-131
3	12	-3.1750677128796727e-131	7.802825896326166e-131
3	23	2.2016399741093042e-10	1.0052057793765942e-10
3	24	-1.0898220619322611e-10	-2.5924993536877014e-11
4	1	0.9999999999999959	9.663132546953174e-8
4	2	6.686625437797906e-20	-9.949727429828782e-20
4	11	5.164335607417481e-130	-9.154707165454717e-130
4	12	-1.7689031390124734e-129	4.352375984005015e-129
4	23	4.555998113195959e-10	2.040096935234003e-10
4	24	-3.231809318760353e-10	-1.0494156442839327e-10
5	1	0.9999999999999923	1.288417671464674e-7
5	2	4.499464912804027e-19	-4.42162523927547e-19
5	11	4.799033694128876e-128	-4.258853802954806e-128
5	12	-1.0059810642753466e-127	2.3807371465247546e-127
5	23	1.0622641562167523e-9	5.746054131167117e-10
5	24	-7.215409505594856e-10	-1.950955435582176e-10
6	1	0.9999999999999877	1.6105220895701625e-7
6	2	2.684928703343615e-18	-2.640276652720938e-18
6	11	2.68590629688686e-126	-2.6649635306473027e-126
6	12	-5.933769518552416e-126	1.324646302050883e-125
6	23	2.5874444457730815e-9	1.3787664055255583e-9
6	24	-1.72091481392084e-9	-5.142577298693576e-10
7	1	0.9999999999999818	1.932626508280366e-7
7	2	1.4526102181862604e-17	-1.4655113317620813e-17
7	11	1.4314051623634996e-124	-1.4580801836344136e-124
7	12	-3.048592915864669e-124	7.085128621262726e-124
7	23	6.006571374656999e-9	3.11260231769293e-9
7	24	-3.936776778647706e-9	-1.1030782650724839e-9
8	1	0.9999999999999748	2.2547309291866243e-7
8	2	7.456622241671772e-17	-7.713388313091628e-17
8	11	7.257396045458301e-123	-7.54778310350127e-123
8	12	-1.5535257283912814e-122	3.599296552051186e-122
8	23	1.3573318295930555e-8	7.070087324663562e-9
8	24	-8.869872819181526e-9	-2.5325963888204623e-9
9	1	0.9999999999999667	2.576835360951298e-7
9	2	3.764684040799587e-16	-3.8624805220689703e-16
9	11	3.663241067959815e-121	-3.7461794193488923e-121
9	12	-7.6637058317095915e-121	1.7727107657813544e-120
9	23	3.0288989918170216e-8	1.589066877824646e-8
9	24	-1.9667502297781498e-8	-5.4944497372876895e-9
10	1	0.9999999999999554	2.898939847682841e-7
10	2	1.8391459147261618e-15	-1.889833446627435e-15
10	11	1.771937095456246e-119	-1.823806089928319e-119
10	12	-3.64260801458023e-119	8.419063342325475e-119
10	23	6.650506428359194e-8	3.49337361410465e-8
10	24	-4.2708579478270586e-8	-1.1873325054225866e-8
11	1	0.9999999999999327	3.221044584511478e-7
11	2	8.628649087465698e-15	-8.914195631279574e-15
11	11	8.231483396220955e-118	-8.519175548715014e-118
11	12	-1.6670673488713465e-117	3.8576242389057995e-117
11	23	1.4330294287036097e-7	7.532582701979895e-8
11	24	-9.123522370600625e-8	-2.507098789874741e-8
12	1	0.9999999999998609	3.5431504095851526e-7
12	2	3.908461319806127e-14	-4.054039601845301e-14
12	11	3.694129933221288e-116	-3.8378333647569587e-116
12	12	-7.356293364367384e-116	1.7033407760709203e-115
12	23	3.03196202216456e-7	1.5967632301594758e-7
12	24	-1.911858052555491e-7	-5.199280648455309e-8
13	1	0.999999999999591	3.865260816004689e-7
13	2	1.708791914493014e-13	-1.778889705409019e-13
13	11	1.599420082633164e-114	-1.667398044911479e-114
13	12	-3.1330847530748157e-114	7.253807188853201e-114
13	23	6.302460666922844e-7	3.326701084987849e-7
13	24	-3.935846401705503e-7	-1.0588850662820665e-7
14	1	0.999999999998516	4.1873898207918966e-7
14	2	7.213246240771919e-13	-7.534698680346971e-13
14	11	6.683039876560078e-113	-6.991183619533278e-113
14	12	-1.2867668603652322e-112	2.97925856291207e-112
14	23	1.2870977717531986e-6	6.808833656013623e-7
14	24	-7.955054332391698e-7	-2.1153073782024777e-7
15	1	0.9999999999942976	4.5095915821094707e-7
15	2	2.938574268612911e-12	-3.0810169770294743e-12
15	11	2.6931193200671247e-111	-2.828328921649989e-111
15	12	-5.097308836897277e-111	1.180049510483679e-110
15	23	2.58220719915061e-6	1.369089526281509e-6
15	24	-1.5788919282010634e-6	-4.149149188591228e-7
16	1	0.9999999999782238	4.832067696990631e-7
16	2	1.1554992903477307e-11	-1.2160332522758751e-11
16	11	1.0470588370407674e-109	-1.1037707235907286e-109
16	12	-1.9475950231286056e-109	4.50774814427075e-109
16	23	5.089283912875295e-6	2.7049194209041664e-6
16	24	-3.0772815766566096e-6	-7.98600479272471e-7
17	1	0.9999999999190452	5.155540923020672e-7
17	2	4.386320727507033e-11	-4.633146796750616e-11
17	11	3.9278532927270765e-108	-4.1560854072898e-108
17	12	-7.178222740357002e-108	1.6607007288967944e-107
17	23	9.854461764133824e-6	5.251381880125723e-6
17	24	-5.8894035806764724e-6	-1.5086359934541577e-6
18	1	0.9999999997087686	5.482507053758834e-7
18	2	1.607521910708108e-10	-1.7041990090150882e-10
18	11	1.4217321692353992e-106	-1.5099257238289143e-106
18	12	-2.552241334631023e-106	5.900902000560899e-106
18	23	0.000018747356899744786	0.000010018626129071023
18	24	-0.000011068379925298273	-2.7969651606534015e-6
19	1	0.9999999989878582	5.821266396295746e-7
19	2	5.688271908580082e-10	-6.05221682612721e-10
19	11	4.965793701584457e-105	-5.29320484560525e-105
19	12	-8.754442125580432e-105	2.0223377612387877e-104
19	23	0.000035042474834421966	0.00001878369771823668
19	24	-0.000020426775004833055	-5.088759011338175e-6
20	1	0.9999999966032581	6.19840285125364e-7
20	2	1.9436010270139744e-9	-2.07536486647485e-9
20	11	1.6737411720935812e-103	-1.7905743953816662e-103
20	12	-2.897134225286968e-103	6.685161198106396e-103
20	23	0.00006435981511169385	0.00003461166070076426
20	24	-0.00003701895496474883	-9.08571116505309e-6
21	1	0.9999999889927508	6.695905265935001e-7
21	2	6.413317443565842e-9	-6.8721766716667036e-9
21	11	5.4444167292646785e-102	-5.845141509797155e-102
21	12	-9.250666721652443e-102	2.131622275982507e-101
21	23	0.00011615026643869025	0.00006268538013661567
21	24	-0.00006588109266334611	-0.00001591843677179703
22	1	0.9999999655555584	7.557255350236117e-7
22	2	2.04389007252246e-8	-2.197628216686551e-8
22	11	1.7092787368544432e-100	-1.8414173004092182e-100
22	12	-2.8502104044865333e-100	6.556417677167519e-100
22	23	0.00020598381902400386	0.00011159618703772169
22	24	-0.000115136210711771	-0.000027366519734868446
23	1	0.9999998959043715	9.478625269315762e-7
23	2	6.291938210278318e-8	-6.787607175456387e-8
23	11	5.179758438257195e-99	-5.598718385591369e-99
23	12	-8.474604104107696e-99	1.9453640280227623e-98
23	23	0.00035898567900507323	0.00019530430289874475
23	24	-0.0001975976402239946	-0.00004616309051795081
24	1	0.9999996961375357	1.4376314729016327e-6
24	2	1.8712054316680623e-7	-2.0250082692259421e-7
24	11	1.5152441876143653e-97	-1.6429733610621674e-97
24	12	-2.4318854897125313e-97	5.568449614952765e-97
24	23	0.0006148618050823272	0.0003360454099908723
24	24	-0.0003330225294364646	-0.00007640116376791312
25	1	0.9999991431228918	2.732792947753959e-6
25	2	5.376894578476915e-7	-5.836233477327631e-7
25	11	4.2793445100668225e-96	-4.653778444901332e-96
25	12	-6.735906896623212e-96	1.5377635997591993e-95
25	23	0.0010350498465239654	0.0005685349134463236
25	24	-0.0005511769660160065	-0.0001240532553158318
26	1	0.9999976653062813	6.128287913171077e-6
26	2	1.493080383553252e-6	-1.6251187645903635e-6
26	11	1.1669257801859348e-94	-1.272455794815752e-94
26	12	-1.801076246630506e-94	4.0972381163908064e-94
26	23	0.0017126044419160298	0.0009458979061890029
26	24	-0.0008958552651600554	-0.00019760083148918282
27	1	0.9999938525953322	0.000014802270036492189
27	2	4.007296348935859e-6	-4.372579972065959e-6
27	11	3.072810553040086e-93	-3.358696892496877e-93
27	12	-4.64955738083463e-93	1.053331586396309e-92
27	23	0.0027854474183860345	0.0015478205916106484
27	24	-0.0014299384958796249	-0.00030875113107789443
28	1	0.9999843543537648	0.00003625992846526587
28	2	0.000010397239316625658	-0.00001136963172016086
28	11	7.814757906454902e-92	-8.558911784399978e-92
28	12	-1.1590522022303589e-91	2.612992476552657e-91
28	23	0.004453539934090215	0.002491464421063162
28	24	-0.002241467251117046	-0.00047318832855575816
29	1	0.9999615023461464	0.00008755119679800467
29	2	0.000026083851711838756	-0.00002857374679300992
29	11	1.919768134668898e-90	-2.10576833086957e-90
29	12	-2.790513228113361e-90	6.255136864924415e-90
29	23	0.007000299773145792	0.003945691666734051
29	24	-0.0034505184264892155	-0.0007112710814561924
30	1	0.999908393782906	0.00020592774799656246
30	2	0.00006328610702109568	-0.0000694149700702957
30	11	4.5562445154495405e-89	-5.0022075639476915e-89
30	12	-6.48999549221702e-89	1.4450538798233077e-88
30	23	0.010818083952103342	0.006149104490662332
30	24	-0.005216406230270228	-0.0010485667823714846
31	1	0.9997891418334681	0.0004696381916936813
31	2	0.00014853544804862746	-0.00016302221352562516
31	11	1.0448766982861967e-87	-1.1472674965382517e-87
31	12	-1.4584391178225855e-87	3.2217590995841314e-87
31	23	0.016436573526914043	0.009432283171317177
31	24	-0.007744359016133145	-0.0015161336191630414
32	1	0.999530351810404	0.0010366202596208307
32	2	0.00033732062010123095	-0.00037014036396437836
32	11	2.3157765874035142e-86	-2.5401983680674967e-86
32	12	-3.1676658563808227e-86	6.931948862941952e-86
32	23	0.02455098379158231	0.014244400509263639
32	24	-0.011290331641416807	-0.0021506044608758826
33	1	0.9989874077008255	0.0022129344358582633
33	2	0.0007413982922670806	-0.0008124218174625101
33	11	4.9609632737676404e-85	-5.427917231344425e-85
33	12	-6.651901328898876e-85	1.4391911070309851e-84
33	23	0.03604321192818825	0.021184024602750796
33	24	-0.01616196644067324	-0.002994543710819143
34	1	0.9978857093731706	0.004567203025166482
34	2	0.0015774311764608841	-0.0017233390077180495
34	11	1.02733321619069e-83	-1.1185838551932148e-83
34	12	-1.3510962191615748e-83	2.8823543246509595e-83
34	23	0.05198137531181857	0.031033187117802213
34	24	-0.022712854339109762	-0.0040984954139556455
35	1	0.9957226017029015	0.009109757036688456
35	2	0.00324942310307718	-0.003530637950172384
35	11	2.0564412027933783e-82	-2.2202872397266178e-82
35	12	-2.6556620202705954e-82	5.56492911210065e-82
35	23	0.07356819085092682	0.04479203822957402
35	24	-0.031326099910427646	-0.005527992444612646
36	1	0.9916107527817962	0.017549949602302075
36	2	0.006480828157706488	-0.006977228752352824
36	11	3.977969532769812e-81	-4.234804606639153e-81
36	12	-5.054092134347423e-81	1.0344790973526171e-80
36	23	0.1019811703798148	0.06370687631372565
36	24	-0.04238176114330028	-0.007381903718621402
37	1	0.9840393941380938	0.032620131269346854
37	2	0.012512197066413995	-0.013270586245556493
37	11	7.430937568552311e-80	-7.729825336515613e-80
37	12	-9.318104290786286e-80	1.84751816006304e-79
37	23	0.1380030595400801	0.08927278718280764
37	24	-0.05620122079809708	-0.009832705251958417
38	1	0.9705298116840219	0.05838811045515442
38	2	0.023369686274507886	-0.024201892406393786
38	11	1.3385775609910726e-78	-1.3409985796761894e-78
38	12	-1.664801740966787e-78	3.1583724885976513e-78
38	23	0.18128378231564868	0.12316447083963701
38	24	-0.07296045415507606	-0.01320283602287926
39	1	0.9471765602130258	0.10033957573748523
39	2	0.0421735569763151	-0.042066929102442266
39	11	2.3190387498940464e-77	-2.1857446978683794e-77
39	12	-2.8814498438859604e-77	5.137296038261636e-77
39	23	0.22904089189121504	0.16698877280904417
39	24	-0.09256402821291228	-0.018089172731398023
40	1	0.9081246329495831	0.164773627142408
40	2	0.07336480347548298	-0.06902827157755863
40	11	3.845796444460986e-76	-3.281571130748047e-76
40	12	-4.823260578443018e-76	7.874378799558099e-76
40	23	0.2741022095122973	0.2216401064114679
40	24	-0.11447214139207493	-0.02552992318916884
41	1	0.845197273075319	0.25676714173055176
41	2	0.12253570781118431	-0.10532853312724498
41	11	6.054941593382657e-75	-4.3740146027739203e-75
41	12	-7.775336873228583e-75	1.1199259326699328e-74
41	23	0.30264724835980233	0.2858813562245985
41	24	-0.13747213054999274	-0.037161962804973685
42	1	0.7482515465604151	0.37589555948076164
42	2	0.19521412576645616	-0.1457565375020006
42	11	8.92241281704268e-74	-4.764754255366212e-74
42	12	-1.1970689582436806e-73	1.440373935951639e-73
42	23	0.2931114932596429	0.3536948222130879
42	24	-0.15938386275933325	-0.0552362006290396
43	1	0.6074168975342511	0.5097113601749582
43	2	0.29354554083888407	-0.1746244971472935
43	11	1.1996570174169098e-72	-3.142647289323731e-73
43	12	-1.7347737621652184e-72	1.5978014809761544e-72
43	23	0.21948597951966015	0.41037853997934154
43	24	-0.1767026200578507	-0.08226715706487536
44	1	0.41876642309007195	0.6275888649151276
44	2	0.4098279005491426	-0.16208838618392282
44	11	1.400808179663456e-71	2.2079538467208417e-72
44	12	-2.311927745512695e-71	1.36963976255924e-71
44	23	0.06345172296742277	0.42911409550806767
44	24	-0.1842684158886681	-0.120064438187614
45	1	0.19385767910981022	0.6818787861474023
45	2	0.5175516858286355	-0.06871323244766672
45	11	1.258976661564565e-70	1.2325133586817517e-70
45	12	-2.7313516547324696e-70	5.5845628418120515e-71
45	23	-0.16304485435241547	0.3732738417463092
45	24	-0.17527934669055273	-0.16804591811680952
46	1	-0.03098141204307038	0.6257305504699575
46	2	0.5655417308602523	0.13316522512957774
46	11	4.7440442905222613e-70	2.5476618989544455e-69
46	12	-2.688179809264094e-69	-7.994751786599037e-70
46	23	-0.39433811706829025	0.21276118729013657
46	24	-0.14229185600548075	-0.22116545415730562
47	1	-0.19715935074957414	0.4491915084955682
47	2	0.48764709153000985	0.42183897408202226
47	11	-1.1123150773322929e-68	3.530918604122825e-68
47	12	-1.9271129760324807e-68	-2.221931254377024e-68
47	23	-0.5131690754324683	-0.042468959052690554
47	24	-0.07990475618077772	-0.2684706513786799
48	1	-0.2513344132702845	0.2124725978382667
48	2	0.23989543736730654	0.6968450640212726
48	11	-3.182480791244057e-67	3.2228631114331415e-67
48	12	-5.522128757533038e-68	-2.849998547190248e-67
48	23	-0.40754723098341333	-0.309747752549736
48	24	0.01099235936883998	-0.2939120550387948
49	1	-0.19288951045220834	0.034195718356640974
49	2	-0.14469489993511447	0.8023937206093682
49	11	-4.75538042445287e-66	1.0185509167994014e-66
49	12	7.562972295972611e-67	-2.0305989144488201e-66
49	23	-0.07172654902230641	-0.44567926862115725
49	24	0.11929984309006383	-0.2807932189144795
50	1	-0.10132278571641767	0.012370908236728352
50	2	-0.5306453394847237	0.6236400860623408
50	11	-4.603531734824503e-65	-2.4720971494549523e-65
50	12	1.0393159747425085e-65	-1.1279771278539535e-66
50	23	0.3305920914956912	-0.3342530452961376
50	24	0.22347177183621775	-0.21934757442586317
51	1	-0.09451949947349582	0.1283905083948574
51	2	-0.7369954907619487	0.19691899437805166
51	11	-2.2749227751368753e-64	-5.355998771842371e-64
51	12	-8.171823994439908e-66	1.439298713615675e-64
51	23	0.539669438289706	-0.004613163850027105
51	24	0.2973625694700046	-0.11381395431425306
52	1	-0.22828598526889038	0.23618172620009836
52	2	-0.6617051111083766	-0.2788867514033563
52	11	1.163535243753119e-63	-5.73669191059318e-63
52	12	-1.7604005665223543e-63	1.1535653773095794e-63
52	23	0.39501530096939236	0.3426211099967901
52	24	0.3205993717405855	0.01618507917372812
53	1	-0.4292150000366249	0.175185057631277
53	2	-0.36837985660941586	-0.5723427932094624
53	11	3.69296948060138e-62	-3.372977564574685e-62
53	12	-2.430216807986065e-62	-1.0030813076919453e-62
53	23	-0.016522794509043037	0.467416012955579
53	24	0.2877245039574218	0.14236771245153756
54	1	-0.5419908717706784	-0.09024569692511766
54	2	-0.04196360510334303	-0.5851621065898791
54	11	3.9425518119138336e-61	3.3073553014151815e-63
54	12	-1.1990181327909818e-61	-3.4413609688469666e-61
54	23	-0.41741469039290996	0.2797862199207181
54	24	0.21019415165622277	0.2392259182404283
55	1	-0.454378635831986	-0.4413993317012869
55	2	0.1511252945117153	-0.4022550480830431
55	11	2.244054891231267e-60	2.302345336955066e-60
55	12	1.3095964969805006e-60	-4.3397155066318154e-60
55	23	-0.5542928024093992	-0.09314473203320299
55	24	0.11017964588028764	0.29326217050426356
56	1	-0.18040432710230503	-0.7049594521543026
56	2	0.16861067398573998	-0.1968682777317916
56	11	1.2820170116567166e-60	2.46287006189081e-59
56	12	3.5453830376643434e-59	-3.137048445215171e-59
56	23	-0.36914787525404424	-0.4168283472218815
56	24	0.010724942741257223	0.30523551918635106
57	1	0.16409842511842487	-0.7758752997531836
57	2	0.0851480002447917	-0.09823425129091753
57	11	-1.0301305226062606e-58	1.1086739268190263e-58
57	12	4.320254963934931e-58	-7.207389456019528e-59
57	23	0.0027773172301477143	-0.5169884727370752
57	24	-0.07180145074892136	0.28591752879200766
58	1	0.4497426468876977	-0.6630111944586082
58	2	0.00996726132538746	-0.13095576762525568
58	11	-8.609156008373818e-58	-4.899379229545586e-58
58	12	3.5205602309092153e-57	1.5267852493594385e-57
58	23	0.35844150933486746	-0.36507132936620024
58	24	-0.13010490880965755	0.24942788493779236
59	1	0.6038038083515523	-0.45135468353417485
59	2	0.013138399839180612	-0.24070201917556647
59	11	1.377781770854436e-57	-1.3982998144360767e-56
59	12	1.8578867790472432e-56	2.7049200518073316e-56
59	23	0.5483566306801815	-0.05172041764411991
59	24	-0.1641953438588274	0.20798972121063833
60	1	0.6248374276225527	-0.23716603411012582
60	2	0.10357159160334677	-0.35316375629946456
60	11	1.2204546218935408e-55	-1.3924176816724128e-55
60	12	2.0208604038023669e-56	2.695694343372076e-55
60	23	0.5228898859142022	0.2898266507027081
60	24	-0.17806992053231951	0.16957750767247254
61	1	0.5572605778012109	-0.08440727516355516
61	2	0.2477454122794689	-0.41693278270666395
61	11	1.8739877696213806e-54	-7.604153243643781e-55
61	12	-8.906219225104213e-55	1.902619729248656e-54
61	23	0.31498848995325757	0.5455235385000049
61	24	-0.17689397667122464	0.13791362109640085
62	1	0.4573819767105811	-0.014012002534429826
62	2	0.399566819936722	-0.4162146938278795
62	11	1.9483413513446096e-53	5.77034277852343e-55
62	12	-1.2775934549137446e-53	8.577214834965945e-54
62	23	0.002134898720530077	0.6460965576801803
62	24	-0.16542628936841122	0.11360413443089065
63	1	0.37006247069066595	-0.014128441081826768
63	2	0.5220582761273436	-0.36319058081871225
63	11	1.5593450125214473e-52	7.150203682754663e-53
63	12	-1.1028029835743873e-52	-3.160604440522071e-54
63	23	-0.32359440880876894	0.5681665564578111
63	24	-0.14750993594412096	0.095478556643731
64	1	0.3194418878915324	-0.056613915626923556
64	2	0.5965268509514696	-0.28373149368345674
64	11	9.37704135350225e-52	1.040727824778769e-51
64	12	-6.268175945869474e-52	-5.6131618263132076e-52
64	23	-0.5723074255335878	0.3290670289336128
64	24	-0.1261338991864982	0.08168990774687342
65	1	0.30961916600363526	-0.11133443295825941
65	2	0.6224432778492313	-0.20465050802631
65	11	3.140602516096677e-51	1.0239811322122007e-50
65	12	-1.0351394607133072e-51	-7.067879353945871e-51
65	23	-0.6681849447570223	-0.015671889104533324
65	24	-0.10364281522063507	0.0704598456643715
66	1	0.33048266969132783	-0.1555328868709385
66	2	0.6122652900651281	-0.1453019469470592
66	11	-1.4599862245283914e-50	7.612312181719868e-50
66	12	2.862423465112671e-50	-5.630345104299226e-50
66	23	-0.5655122091448288	-0.37475727709936263
66	24	-0.08187498596918395	0.06048715708228986
67	1	0.36539230260798866	-0.1780959250887815
67	2	0.5842490677013287	-0.11384320640590632
67	11	-3.6916227112832684e-49	3.972172513846675e-49
67	12	4.599400489669395e-49	-2.8021728771117113e-49
67	23	-0.27052305009523403	-0.6330908797539272
67	24	-0.06218946669160579	0.051075879621783137
68	1	0.39848925253641154	-0.1792822035422723
68	2	0.555428610776258	-0.10772422576554525
68	11	-3.729452533180274e-48	7.003573800534531e-49
68	12	4.29480364668746e-48	-4.760068289951038e-50
68	23	0.14002633156954383	-0.6822884285782518
68	24	-0.045442400998960124	0.04205795414918667
69	1	0.4198484352439457	-0.16698183456363885
69	2	0.5366031441401453	-0.11743929408745801
69	11	-2.394825319338228e-47	-1.315314154062969e-47
69	12	2.7313417795273894e-47	1.6598297193080458e-47
69	23	0.5213816045397205	-0.469167649240535
69	24	-0.03198896703825911	0.033601809380509204
70	1	0.4272636055136478	-0.15131874607061793
70	2	0.5306166151058407	-0.13181919240577802
70	11	-7.228990539179368e-47	-1.8782525398730196e-46
70	12	9.136958384396213e-47	2.0505960033012643e-46
70	23	0.7017680834742593	-0.04461658554604821
70	24	-0.021751160473885808	0.025999252053073504
71	1	0.42461803194729364	-0.1398740597489565
71	2	0.5340283866646545	-0.14265878395314446
71	11	4.794103479028765e-46	-1.3898279636547544e-45
71	12	-3.764255261256389e-46	1.4718011537817103e-45
71	23	0.5628676479540164	0.4209405430449959
71	24	-0.014344083796139941	0.01949987999083024
72	1	0.41818770702379093	-0.1353645999004628
72	2	0.5408503350057513	-0.14689590124731858
72	11	8.971630687591677e-45	-5.245186067334453e-45
72	12	-8.441438003206555e-45	5.61754461802388e-45
72	23	0.129474026917172	0.6896716972907718
72	24	-0.009224139451929451	0.014223841610715368
73	1	0.4130097692260754	-0.1362440472437505
73	2	0.5462198643152407	-0.1458987834678205
73	11	6.906345815889961e-44	1.47056747323297e-44
73	12	-6.644921616279449e-44	-1.3081523914305286e-44
73	23	-0.39267290712510994	0.5804214286221809
73	24	-0.005819849476407191	0.010147782156323604
74	1	0.41105500662266653	-0.13915265546652164
74	2	0.5482649384535411	-0.1429410822552129
74	11	2.5388369160717614e-43	3.884635043903392e-43
74	12	-2.4145958821650777e-43	-3.81623677306644e-43
74	23	-0.6915619739928717	0.11100312966085087
74	24	-0.0036213258753345886	0.007138039281454926
75	1	0.4116114093957973	-0.14139145122043428
75	2	0.5477499226536618	-0.14068243868951325
75	11	-7.405567915916319e-43	2.889403470597112e-42
75	12	7.979567195460652e-43	-2.8615005073592752e-42
75	23	-0.538723214105861	-0.44778378274173947
75	24	-0.002223854614304027	0.005001581936637356
76	1	0.41293935755430555	-0.14205594869067148
76	2	0.5464406177934422	-0.1400101899516628
76	11	-1.7054200428102034e-41	8.162992278528803e-42
76	12	1.7314730155505943e-41	-8.053047627591661e-42
76	23	0.007615179176511221	-0.7007344277344758
76	24	-0.0013348731415879773	0.0035328893126559827
77	1	0.41378555361844593	-0.14166412300846576
77	2	0.5456027772388661	-0.14039914273733134
77	11	-1.0590439420982595e-40	-5.298126854716656e-41
77	12	1.0707969534257462e-40	5.339295065566117e-41
77	23	0.5638747008607652	-0.41636131560846623
77	24	-0.0007589201221895558	0.0025461129191844353
78	1	0.4138997699155117	-0.14110290403532944
78	2	0.5454923291832157	-0.14095940099225554
78	11	-1.1949107074611524e-40	-7.206689924551993e-40
78	12	1.2481934905070242e-40	7.220683243308019e-40
78	23	0.6645270779742712	0.22303713595186964
78	24	-0.0003738619114734849	0.001890995371310913
79	1	0.4136581100363665	-0.14085621610806803
79	2	0.5457357135973188	-0.1412058425718041
79	11	3.2022804824976894e-39	-3.0462903321837394e-39
79	12	-3.1777985573138364e-39	3.050040830520768e-39
79	23	0.17411709495357702	0.6789411172925154
79	24	-0.0001073658616285213	0.0014561181140229414
80	1	0.41345803579984736	-0.1409004494060256
80	2	0.5459365920582961	-0.14116160403541675
80	11	2.5360430814349597e-38	6.444761515333563e-39
80	12	-2.524590656310564e-38	-6.442306617500905e-39
80	23	-0.49339277761748673	0.49778344596244073
80	24	0.0000819615359056788	0.0011645559674833882
81	1	0.41342210223206516	-0.14101452588564908
81	2	0.5459729079395589	-0.14104758465408415
81	11	4.120807426836511e-38	1.4597855339637253e-37
81	12	-4.066214473287272e-38	-1.4604784602278565e-37
81	23	-0.6739195105420298	-0.19247790426988604
81	24	0.00021768182415825638	0.0009663476730689131
82	1	0.41347014249965597	-0.14106339906743995
82	2	0.5459250526739821	-0.14099877000259048
82	11	-6.251687829865608e-37	5.95054309169611e-37
82	12	6.278180569624855e-37	-5.95798633550257e-37
82	23	-0.13138947042205595	-0.6884509866860226
82	24	0.00031361002435110954	0.0008307030330856879
83	1	0.4135066412673851	-0.1410511778591457
83	2	0.545888644927285	-0.14101103543448226
83	11	-4.517609492893437e-36	-1.706785677908631e-36
83	12	4.5306846551148654e-36	1.7012111528943082e-36
83	23	0.5706863749804973	-0.40688409856425617
83	24	0.00037826020548718434	0.0007394212957215155
84	1	0.4135086305770085	-0.14103007247063454
84	2	0.5458867011524596	-0.14103217055469683
84	11	-1.4080695373335032e-36	-2.6515088787573485e-35
84	12	1.4737000884846192e-36	2.647917224237685e-35
84	23	0.5950844304309223	0.3702872522430306
84	24	0.00041699803649338554	0.0006819592525718962
85	1	0.41349843581118634	-0.14102483865026166
85	2	0.5458969190974818	-0.14103742345366183
85	11	1.2993192079422143e-34	-6.005280282360783e-35
85	12	-1.2959669426354747e-34	5.984205684987524e-35
85	23	-0.13774368649797614	0.6872132868781322
85	24	0.00043293311094856824	0.0006520029330833736
86	1	0.4134939994209435	-0.1410289969696192
86	2	0.5459013674906459	-0.14103327741302302
86	11	5.296470524763904e-34	5.392190127437684e-34
86	12	-5.279054532961469e-34	-5.403680466306172e-34
86	23	-0.6954144235649399	0.08736719536409063
86	24	0.0004272389173312765	0.0006451585581509078
87	1	0.413495373241424	-0.1410318557531122
87	2	0.5458999999734365	-0.1410304269390576
87	11	-1.8386166433958667e-33	3.456803099998379e-33
87	12	1.847791230695741e-33	-3.462647113448114e-33
87	23	-0.2805177254646707	-0.6422962048796719
87	24	0.00039932467967898307	0.0006573539829540836
88	1	0.4134969830082231	-0.14103156580399265
88	2	0.5458983935406426	-0.14103072303965342
88	11	-1.9455042335622034e-32	-4.358495880718259e-33
88	12	1.950372271406388e-32	4.3310107738390285e-33
88	23	0.5525846257806928	-0.43114413493139764
88	24	0.00034712526693317234	0.0006836283708547742
89	1	0.41349704202864807	-0.14103073671279867
89	2	0.5458983362782356	-0.1410315571864962
89	11	-1.3127477727672468e-33	-9.976710495860995e-32
89	12	1.5703098647404162e-33	9.965073280454886e-32
89	23	0.5390190254325342	0.447988323675748
89	24	0.00026770156408469797	0.0007171260975537843
90	1	0.4134966577439801	-0.14103061718612497
90	2	0.545898721475297	-0.14103168125446397
90	11	4.7867585903875825e-31	-1.0318931677261423e-31
90	12	-4.773340070499765e-31	1.0277602965240057e-31
90	23	-0.34498469615266136	0.6100987659917987
90	24	0.0001583120150627413	0.0007482766086817559
91	1	0.413496580700508	-0.1410307814012065
91	2	0.5458987989780242	-0.14103152136407882
91	11	8.625574041740383e-31	2.1901557462801463e-30
91	12	-8.557725573147635e-31	-2.191094439881736e-30
91	23	-0.6529844045600863	-0.2546493482825375
91	24	0.000018074166345794866	0.0007643273862896456
92	1	0.4134966640257207	-0.14103081753506888
92	2	0.545898715873201	-0.1410314894793612
92	11	-9.741020153096897e-30	5.320599839596966e-30
92	12	9.773763502180812e-30	-5.3186521390482606e-30
92	23	0.1835946960273575	-0.676408110243272
92	24	-0.00014977558761248604	0.0007495887118222815
93	1	0.41349669502927894	-0.14103076979626236
93	2	0.5458986849682775	-0.1410315414516283
93	11	-2.851326348198176e-29	-4.2828889834248343e-29
93	12	2.866091117304844e-29	4.2873251361051153e-29
93	23	0.687700680054	0.13528756653646418
93	24	-0.0003352522073100271	0.000686903259757594
94	1	0.4134966845513148	-0.1410307434756935
94	2	0.5458986954860459	-0.14103157201088048
94	11	1.8807538240776493e-28	-1.3999439874114306e-28
94	12	-1.8747289384310623e-28	1.4037205395995717e-28
94	23	-0.1112810409011805	0.6919909515009758
94	24	-0.0005192454938706376	0.0005608773314588918
95	1	0.41349668311314447	-0.14103073678486744
95	2	0.5458986969377575	-0.1410315829497793
95	11	6.408736592621065e-28	8.28971118890057e-28
95	12	-6.387826843969757e-28	-8.265249104780486e-28
95	23	-0.6918565029207941	-0.11211389210954903
95	24	-0.0006725390242274811	0.00036315589587661214
96	1	0.4134966906246942	-0.14103072606349576
96	2	0.5458986894293518	-0.1410315979269025
96	11	-3.678431451867447e-27	2.739161822476876e-27
96	12	3.6835729471214476e-27	-2.7258286622957352e-27
96	23	0.13776997838190552	-0.6872076682343915
96	24	-0.0007578425540815539	0.000099323187124859
97	1	0.4134966962293844	-0.14103071140159268
97	2	0.5458986838244668	-0.1410316168493945
97	11	-1.0852159697323515e-26	-1.6429442172614935e-26
97	12	1.0851736725464152e-26	1.6491701408071267e-26
97	23	0.6752909305827383	0.18766221137311506
97	24	-0.000736536543008582	-0.00020421968452783546
98	1	0.4134967001644388	-0.14103069768057297
98	2	0.5458986798886036	-0.14103163483355272
98	11	7.333907291760683e-26	-3.911186793104267e-26
98	12	-7.344693938632967e-26	3.93551746902056e-26
98	23	-0.26014211075318544	0.6508156640376996
98	24	-0.000580994655049447	-0.0004966267856887986
99	1	0.4134967045712259	-0.14103068463354596
99	2	0.5458986754812011	-0.14103165214484936
99	11	1.2191193100498104e-25	3.227082658590228e-25
99	12	-1.2276037043430633e-25	-3.2198299630525802e-25
99	23	-0.6063257839552667	-0.35157359118552145
99	24	-0.0002911103781658322	-0.0007067166266104625
100	1	0.4134967092326559	-0.14103067135199787
100	2	0.5458986708194389	-0.1410316696910698
100	11	-1.3767414581695436e-24	2.766844048444414e-25
100	12	1.3722650907071373e-24	-2.756582189441357e-25
100	23	0.45508564260767126	-0.5330403401543881
100	24	0.00009001963776946423	-0.0007590061993406509
101	1	0.4134967137808235	-0.14103065798323844
101	2	0.545898666271123	-0.1410316873245967
101	11	4.623013431760429e-27	-5.59811508776032e-24
101	12	-2.237382976015602e-26	5.59277278415679e-24
101	23	0.4224450718263158	0.5592630039888885
101	24	0.0004703342651478564	-0.0006024779864657029
102	1	0.4134967183037787	-0.14103064466668416
102	2	0.5458986617481036	-0.14103170490591455
102	11	2.1270386105364914e-23	5.16942543160749e-24
102	12	-2.1319063056227033e-23	-5.224370189448818e-24
102	23	-0.6472561664103589	0.26887618224671483
102	24	0.0007237836658576961	-0.00024562424193009787
103	1	0.4134967228493144	-0.14103063135491434
103	2	0.5458986572025318	-0.14103172248242835
103	11	-4.1354324090171285e-23	7.330990347482399e-23
103	12	4.1315752743257205e-23	-7.359244344690375e-23
103	23	-0.07311972219697657	-0.6970569937690906
103	24	0.0007324927306496353	0.00021828526893180773
104	1	0.41349672739424415	-0.1410306180341534
104	2	0.5458986526575702	-0.14103174006792007
104	11	-2.1627737041110456e-22	-2.3350256532202697e-22
104	12	2.16788342025284e-22	2.325434637097214e-22
104	23	0.6838831020919259	0.15342375634265484
104	24	0.00044929896691595734	0.0006183239377232623
105	1	0.41349673193597025	-0.14103060471466983
105	2	0.5458986481158103	-0.14103175765212891
105	11	1.0858698699973282e-21	-4.629676211236261e-22
105	12	-1.0821606203963645e-21	4.613103875691267e-22
105	23	-0.38520827159749405	0.5855335462890149
105	24	-0.00004614299934406169	0.0007629317626901044
106	1	0.41349673647855817	-0.14103059139615273
106	2	0.5458986435731861	-0.14103177523536983
106	11	9.705776847439521e-23	4.286170583676312e-21
106	12	-8.272645282947467e-23	-4.2820978788778635e-21
106	23	-0.3909331684776876	-0.5817269154172737
106	24	-0.0005403515743607338	0.0005405684287806612
107	1	0.4134967410213563	-0.14103057807720654
107	2	0.5458986390303492	-0.14103179281903944
107	11	-1.4089336033328396e-20	-5.895318154724579e-21
107	12	1.4117846020516204e-20	5.940705105180118e-21
107	23	0.6920964171125915	-0.11062321527080468
107	24	-0.0007640906788760558	0.000018960076384312105
108	1	0.4134967455639811	-0.1410305647582537
108	2	0.5458986344876842	-0.1410318104027156
108	11	4.030500937772708e-20	-3.5200533972734673e-20
108	12	-4.0344112910514655e-20	3.5385601679223056e-20
108	23	-0.21428148656082444	0.6673218045697383
108	24	-0.0005476625101630596	-0.000533160224581083
109	1	0.4134967501066307	-0.14103055143935705
109	2	0.5458986299449942	-0.14103182798633546
109	11	4.140625652882705e-20	1.7969710585439612e-19
109	12	-4.196198748736886e-20	-1.7935072125854286e-19
109	23	-0.48024806955163857	-0.5104867657724848
109	24	0.0000259628133112892	-0.0007638847966039559
110	1	0.41349675464929286	-0.14103053812044336
110	2	0.5458986254022906	-0.14103184556997214
110	11	-5.956667278478645e-19	-1.8354072706875925e-19
110	12	5.935318789158416e-19	1.8291767680283407e-19
110	23	0.6849411450634388	-0.1486289814811156
110	24	0.0006000283078660221	-0.000473455467736009
111	1	0.4134967591919471	-0.14103052480152847
111	2	0.5458986208595937	-0.1410318631536096
111	11	1.5641546518602411e-18	-1.345129368182749e-18
111	12	-1.567103391387299e-18	1.3383324476598123e-18
111	23	-0.2492107118495507	0.6550793596476452
111	24	0.0007430037931430043	0.00017927468740694657
112	1	0.4134967637346019	-0.1410305114826156
112	2	0.5458986163168951	-0.14103188073724465
112	11	7.351430832862894e-19	6.65715269104542e-18
112	12	-7.234409531473059e-19	-6.678351743047557e-18
112	23	-0.39231111887981934	-0.5807985299053309
112	24	0.0002928824018198592	0.0007059843828815507
113	1	0.41349676827725673	-0.1410304981637019
113	2	0.5458986117741956	-0.1410318983208802
113	11	-1.8475689374987205e-17	-1.0775663808871327e-17
113	12	1.8552801686886307e-17	1.0766644530517143e-17
113	23	0.6998166331281369	0.038621578607403645
113	24	-0.00042113074937602513	0.0006378424116487347
114	1	0.41349677281991115	-0.14103048484478817
114	2	0.5458986072314957	-0.1410319159045157
114	11	6.263682369736987e-17	-2.4298319094714342e-17
114	12	-6.247932189756474e-17	2.448495282965891e-17
114	23	-0.47276977733251613	0.5174202199159711
114	24	-0.0007640766966441828	-0.00001951542500563395
115	1	0.41349677736256496	-0.14103047152587428
115	2	0.5458986026887946	-0.14103193348815082
115	11	-6.836135268108278e-17	1.953866746699e-16
115	12	6.81230889569585e-17	-1.9467170904999934e-16
115	23	-0.07642379461591225	-0.6967024830969338
115	24	-0.00036406777742905655	-0.0006720481408394345
116	1	0.41349678190521855	-0.14103045820696028
116	2	0.5458985981460935	-0.1410319510717859
116	11	-2.946490853442397e-16	-5.506411605426527e-16
116	12	2.924085451760449e-16	5.510723643491432e-16
116	23	0.5588301181784753	0.42301754733528474
116	24	0.0004241730605456773	-0.0006358232968956103
117	1	0.4134967864478719	-0.1410304448880462
117	2	0.5458985936033913	-0.14103196865542073
117	11	1.7709509650357298e-15	5.288977140531391e-16
117	12	-1.7751360427711307e-15	-5.342287878772299e-16
117	23	-0.6949995795460612	0.09061197916239694
117	24	0.0007570265774903501	0.00010537936772033679
118	1	0.41349679099052467	-0.14103043156913195
118	2	0.5458985890606892	-0.14103198623905552
118	11	-4.818268655233552e-15	2.3950932274940988e-15
118	12	4.827148571178737e-15	-2.4127379714677394e-15
118	23	0.45128326662000645	-0.5362633304690008
118	24	0.0002080604327263263	0.0007354623759932414
119	1	0.413496795533177	-0.14103041825021753
119	2	0.5458985845179862	-0.14103200382269018
119	11	5.896419653253742e-15	-1.4236347003779325e-14
119	12	-5.84004605799181e-15	1.4239943763165697e-14
119	23	0.004229603829786488	0.700868787140911
119	24	-0.0006067518898400761	0.0004648076960888085
120	1	0.41349680007582895	-0.14103040493130298
120	2	0.5458985799752827	-0.1410320214063247
120	11	1.2389805893780812e-14	4.14739056054012e-14
120	12	-1.2342609406253447e-14	-4.1322590292957446e-14
120	23	-0.4383222059614661	-0.5469082099383793
120	24	-0.0006413789319576315	-0.00041572480778608446
121	1	0.4134968046184803	-0.14103039161238828
121	2	0.5458985754325788	-0.14103203898995917
121	11	-9.594008114715681e-14	-7.051025363053237e-14
121	12	9.558793491730201e-14	7.076804775041823e-14
121	23	0.6770400428982356	0.18125045282504415
121	24	0.00020319471943739534	-0.0007368215225959718
122	1	0.4134968091611316	-0.14103037829347348
122	2	0.5458985708898744	-0.14103205657359344
122	11	3.2116709496160566e-13	8.26495756003102e-15
122	12	-3.2210879746947916e-13	-8.974602624646234e-15
122	23	-0.6616852207749554	0.23110087612323524
122	24	0.0007643255542668538	-7.051684583349695e-7
123	1	0.41349681370378244	-0.14103036497455854
123	2	0.5458985663471692	-0.14103207415722746
123	11	-7.294151975126093e-13	4.41848554058017e-13
123	12	7.306015431532355e-13	-4.4474115583276805e-13
123	23	0.4369864079152477	-0.5479761177590287
123	24	0.00017791511631695342	0.0007433305197244441
124	1	0.41349681824643236	-0.14103035165564332
124	2	0.5458985618044634	-0.14103209174086137
124	11	1.0489943923666722e-12	-1.964310282604667e-12
124	12	-1.0409755168994991e-12	1.965679830681534e-12
124	23	-0.10307119876969248	0.6932613319096244
124	24	-0.0006938077862894073	0.00032066307216777957
125	1	0.4134968227890823	-0.1410303383367281
125	2	0.545898557261757	-0.14103210932449511
125	11	6.461402469766352e-14	5.7035984967837004e-12
125	12	-6.431568296120185e-14	-5.682827363349068e-12
125	23	-0.23505467694169493	-0.6602910306711454
125	24	-0.0004283744344927824	-0.0006330003112486404
126	1	0.41349682733173165	-0.14103032501781265
126	2	0.5458985527190499	-0.14103212690812872
126	11	-6.567855561424538e-12	-1.2710920405332341e-11
126	12	6.516471627448506e-12	1.271928440318247e-11
126	23	0.5006236428541829	0.49052106433091675
126	24	0.0005741465158545873	-0.0005045293138162787
127	1	0.4134968318743807	-0.14103031169889707
127	2	0.5458985481763421	-0.1410321444917621
127	11	-2.1394237122575365e-11	-6.923949986000616e-11
127	12	2.1284011212247997e-11	6.932636897813153e-11
127	23	0.37467210968700426	-0.5923307830592783
127	24	-0.0006288484969426868	0.00043444633507581823
128	1	0.41349683641702945	-0.14103029837998143
128	2	0.545898543633634	-0.1410321620753954
128	11	-1.5212129151605965e-10	-7.203854009610021e-12
128	12	1.521838342830003e-10	7.11845707606734e-12
128	23	-0.6485714320664556	-0.26568786920782683
128	24	0.000687507697973778	-0.0003339569064934623
129	1	0.41349684095967737	-0.1410302850610655
129	2	0.5458985390909254	-0.1410321796590286
129	11	4.498146577168363e-11	2.845449414712023e-10
129	12	-4.54089531021213e-11	-2.8429186021265146e-10
129	23	-0.17312559097586808	0.6791630703197762
129	24	-0.0007378848265349276	0.00019929885332687383
130	1	0.4134968455023248	-0.14103027174214944
130	2	0.5458985345482161	-0.14103219724266156
130	11	6.824922793666852e-10	-2.6397809329285033e-10
130	12	-6.815993383434586e-10	2.636895875589095e-10
130	23	0.6933848937112801	0.10223666421556621
130	24	0.0007637321727449746	-0.000030120067764327694
131	1	0.41349685004497216	-0.14103025842323336
131	2	0.5458985300055065	-0.14103221482629447
131	11	-7.187158407523282e-10	-1.6485748468760322e-9
131	12	7.162833959049997e-10	1.6487488598464281e-9
131	23	0.05544293928613542	-0.6986852129680744
131	24	-0.0007457423602385509	-0.00016751830441394427
132	1	0.4134968545876187	-0.141030245104317
132	2	0.5458985254627964	-0.1410322324099273
132	11	-3.755220745199045e-9	1.7080825973196864e-9
132	12	3.76045641354322e-9	-1.7067602386785006e-9
132	23	-0.700074839050079	-0.033617942619007676
132	24	0.0006643016217342766	0.00037801773176545197
133	1	0.4134968591302649	-0.1410302317854005
133	2	0.5458985209200855	-0.14103224999355993
133	11	3.87031078433476e-9	8.506638442869082e-9
133	12	-3.880736484540506e-9	-8.513298002575872e-9
133	23	-0.036975330768359516	0.6999055445211867
133	24	-0.0005045970553633022	-0.0005740869811157295
134	1	0.4134968636729106	-0.14103021846648386
134	2	0.5458985163773737	-0.14103226757719228
134	11	1.9424033329922102e-8	-7.973830789473291e-9
134	12	-1.9408054058946225e-8	7.99603493680636e-9
134	23	0.6978151455222987	0.06549022077090294
134	24	0.00026401138292622104	0.0007172810048044433
135	1	0.4134968682155563	-0.14103020514756723
135	2	0.5458985118346618	-0.14103228516082456
135	11	-1.4259691622095307e-8	-4.4039543690645406e-8
135	12	1.424663660091598e-8	4.398136891446785e-8
135	23	0.11883417538859684	-0.6907339466803682
135	24	0.000039497435314213134	-0.000763304659209863
136	1	0.41349687275820146	-0.1410301918286504
136	2	0.5458985072919491	-0.1410323027444567
136	11	-9.797579924574847e-8	1.9971678086774967e-8
136	12	9.794746304153565e-8	-1.9847206843380023e-8
136	23	-0.6729688424181013	-0.19582615624923644
136	24	-0.0003611147223391128	0.0006736395233935027
137	1	0.413496877300846	-0.14103017850973334
137	2	0.5458985027492362	-0.1410323203280888
137	11	1.1245434397373295e-8	2.118024977670313e-7
137	12	-1.1072271342424777e-8	-2.1200711834530275e-7
137	23	-0.2934285191104564	0.6365018857077204
137	24	0.0006298172799992822	-0.00043304069552659654
138	1	0.4134968818434901	-0.14103016519081615
138	2	0.5458984982065228	-0.1410323379117207
138	11	4.3857804114847375e-7	5.800550830573266e-8
138	12	-4.3909714174243307e-7	-5.7814131961290104e-8
138	23	0.5717481965378953	0.40538740248335586
138	24	-0.000761235932625098	0.00006865788409303602
139	1	0.4134968863861335	-0.14103015187189874
139	2	0.5458984936638085	-0.14103235549535245
139	11	3.125479369536203e-7	-8.516579818008155e-7
139	12	-3.114492785955452e-7	8.518785215080195e-7
139	23	0.520762635945082	-0.46908551815081095
139	24	0.0006854068703282933	0.00033824764932521747
140	1	0.41349689092877634	-0.14103013855298108
140	2	0.5458984891210936	-0.141032373078984
140	11	-1.500709496977057e-6	-1.0424422394890738e-6
140	12	1.4991331449163206e-6	1.0408660642657803e-6
140	23	-0.32143857478281	-0.6228259700525155
140	24	-0.00038505954435855914	-0.0006602448011637681
141	1	0.4134968954714195	-0.14103012523406352
141	2	0.5458984845783784	-0.14103239066261553
141	11	-2.8260956108996137e-6	2.2505849217242084e-6
141	12	2.82679806781111e-6	-2.2462876310410016e-6
141	23	-0.6890958471439791	0.1279916394135341
141	24	-0.0000705249796318369	0.0007610652254612194
142	1	0.4134969000140617	-0.14103011191514572
142	2	0.5458984800356623	-0.1410324082462468
142	11	2.3706909049132723e-6	6.6025382818692965e-6
142	12	-2.3667053534080636e-6	-6.609878319833218e-6
142	23	-0.10137650737816944	0.6935111751011865
142	24	0.0005203142056125812	-0.0005598813959855731
143	1	0.4134969045567038	-0.14103009859622784
143	2	0.545898475492946	-0.14103242582987796
143	11	0.000013389073226722226	2.6226836143591785e-7
143	12	-0.000013403696651941186	-2.564665700737468e-7
143	23	0.6117086882779568	0.3421219470643934
143	24	-0.0007579131409417848	0.00009880142120380655
144	1	0.4134969090993452	-0.1410300852773097
144	2	0.5458984709502284	-0.14103244341350882
144	11	0.00001023787026796656	-0.000022957102781352288
144	12	-0.000010210578255896602	0.000022967191231112138
144	23	0.5536681610496571	-0.42975168703942557
144	24	0.0006313627076909251	0.00043078437887390466
145	1	0.4134969136419865	-0.14103007195839148
145	2	0.5458984664075107	-0.14103246099713967
145	11	-0.000030438589415745695	-0.000034966050302675935
145	12	0.000030415656722865395	0.00003491844179804748
145	23	-0.15517989751820052	-0.6834867529437793
145	24	-0.00015758157234997675	-0.0007479051389230022
146	1	0.4134969181846274	-0.14103005863947318
146	2	0.5458984618647925	-0.14103247858077037
146	11	-0.00008143603233192511	0.00002040953464927221
146	12	0.00008140327185089563	-0.000020321165869019807
146	23	-0.6791726030348869	-0.173088149611498
146	24	-0.00042696875270095794	0.000633949311809458
147	1	0.4134969227272678	-0.1410300453205547
147	2	0.5458984573220735	-0.14103249616440086
147	11	-0.00003863615626041999	0.00014426871358077853
147	12	0.00003878970867422954	-0.0001443292841566193
147	23	-0.48200618713813853	0.5088270209567294
147	24	0.0007566662597415905	-0.00010793612885453512
148	1	0.41349692726990755	-0.14103003200163597
148	2	0.5458984527793543	-0.14103251374803127
148	11	0.00018100541019878816	0.00018837239615669872
148	12	-0.00018125448634829112	-0.0001885086368736713
148	23	0.1853689151124238	0.6759239417354591
148	24	-0.0005692034780519767	-0.0005100994123107674
149	1	0.41349693181254665	-0.14103001868271706
149	2	0.5458984482366346	-0.14103253133166158
149	11	0.00044166527320985176	-0.00008319388889986473
149	12	-0.00044158989369359416	0.00008366739982257061
149	23	0.6667999450555544	0.21589899402185767
149	24	-0.00005214571063371245	0.0007625449233246735
150	1	0.4134969363551855	-0.14103000536379806
150	2	0.5458984436939138	-0.1410325489152916
150	11	0.00031556876455342416	-0.0006913841582863546
150	12	-0.0003150035632264327	0.0006908248322173191
150	23	0.5618091239239111	-0.41905166811647426
150	24	0.0006483340995317121	-0.0004047920817222311
151	1	0.4134969408978244	-0.14102999204487907
151	2	0.5458984391511927	-0.1410325664989215
151	11	-0.0005971472021586497	-0.0011123489728433948
151	12	0.0005958790822104068	0.0011120860876043508
151	23	0.008356139790613348	-0.7008294625322213
151	24	-0.0006971959832991969	-0.0003132267109007633
152	1	0.4134969454404627	-0.14102997872595988
152	2	0.5458984346084711	-0.14103258408255137
152	11	-0.0020224486190778663	-0.00039640337747876616
152	12	0.002023150434712828	0.0003983523989321225
152	23	-0.5357387758913479	-0.4518964605848828
152	24	0.00010073076088430892	0.0007576577183711223
153	1	0.4134969499831004	-0.14102996540704046
153	2	0.5458984300657488	-0.14103260166618106
153	11	-0.002624709782841973	0.0020149888186145855
153	12	0.00262683421272672	-0.002017453625149127
153	23	-0.6934790009731714	0.10148843231118093
153	24	0.0006081864645731582	-0.0004629232981370169
154	1	0.413496954525738	-0.14102995208812102
154	2	0.545898425523026	-0.1410326192498106
154	11	-0.0005390168626035461	0.005199496614880526
154	12	0.0005341341080185442	-0.005200659279556904
154	23	-0.4045985060495496	0.5722589779038713
154	24	-0.0006922478261811115	-0.0003239975328382396
155	1	0.4134969590683747	-0.14102993876920134
155	2	0.5458984209803023	-0.14103263683343983
155	11	0.005071766959253478	0.006342821099773295
155	12	-0.005070198844337536	-0.006335381845653122
155	23	0.1107603951557517	0.6919792504488296
155	24	6.67207879602463e-6	0.0007642778521598188
156	1	0.41349696361101107	-0.14102992545028148
156	2	0.5458984164375783	-0.14103265441706903
156	11	0.012255024922668863	0.0018992016496002934
156	12	-0.012245775947717565	-0.0019057102892007897
156	23	0.5475516174611617	0.43716677510249624
156	24	0.0006980794744658294	-0.0003111513229203192
157	1	0.413496968153647	-0.14102991213136146
157	2	0.5458984118948536	-0.141032672000698
157	11	0.015842119020374128	-0.009777751595319302
157	12	-0.015855864987707486	0.009768583714492698
157	23	0.7000939047858424	-0.02024994102562839
157	24	-0.0005450386657452289	-0.0005357148413152006
158	1	0.4134969726962823	-0.14102989881244118
158	2	0.5458984073521287	-0.14103268958432702
158	11	0.009344199316178014	-0.025854316746816423
158	12	-0.009350175677699236	0.025877255015687172
158	23	0.5368775490724745	-0.4488703889233151
158	24	-0.00032388992982699947	0.0006921043278652567
159	1	0.4134969772389175	-0.14102988549352088
159	2	0.5458984028094028	-0.14103270716795574
159	11	-0.01139864200954703	-0.03827515729061761
159	12	0.011431997192604047	0.03827373316419867
159	23	0.1670876564762064	-0.6783260101397265
159	24	0.0007571130246189274	0.00010206192370739686
160	1	0.4134969817815523	-0.1410298721746005
160	2	0.545898398266677	-0.14103272475158452
160	11	-0.04437424687826337	-0.035798925385624264
160	12	0.04436038698575604	0.035754902624779615
160	23	-0.24411727342396525	-0.652031295550988
160	24	-0.00010269077742277092	-0.0007566926192875104
161	1	0.41349698632418674	-0.14102985885568
161	2	0.5458983937239505	-0.14103274233521315
161	11	-0.07937665828156437	-0.00872350956218347
161	12	0.07932272993331752	0.008755321601260217
161	23	-0.5533416092562272	-0.4150933715722924
161	24	-0.0007114497193993568	0.0002758138976259409
162	1	0.4134969908668205	-0.1410298455367593
162	2	0.5458983891812232	-0.1410327599188415
162	11	-0.09965245671727016	0.045415108537858545
162	12	0.0997078725943851	-0.04535288838849335
162	23	-0.6800409237587866	-0.06919250874101095
162	24	0.0004127022861713168	0.0006406242682645029
163	1	0.4134969954094538	-0.1410298322178384
163	2	0.5458983846384953	-0.14103277750246968
163	11	-0.0871396420454154	0.11794632322282483
163	12	0.08720797320389681	-0.11803082075772413
163	23	-0.6110720066275804	0.2734680919990211
163	24	0.0005592800560221597	-0.0005152617740385018
164	1	0.41349699995208666	-0.1410298188989174
164	2	0.545898380095767	-0.14103279508609778
164	11	-0.029557333224184894	0.18846568191507665
164	12	0.02943872470870842	-0.1885376545049122
164	23	-0.38467876981170346	0.520049194914632
164	24	-0.0005887672398853742	-0.00047741301279607127
165	1	0.4134970044947192	-0.14102980557999625
165	2	0.5458983755530378	-0.14103281266972564
165	11	0.07182652393114031	0.2280271701009917
165	12	-0.07189950678201568	-0.22787013594518424
165	23	-0.07075240191608675	0.6099010421173275
165	24	-0.0004002409032579351	0.0006395389192511429
166	1	0.41349700903735115	-0.1410297922610749
166	2	0.5458983710103082	-0.14103283025335348
166	11	0.19539379059419862	0.20762575053180626
166	12	-0.19519502806946815	-0.20755468166721874
166	23	0.2439425645806375	0.5189024602442962
166	24	0.0006735131549284856	0.00032908594762069525
167	1	0.413497013579983	-0.14102977894215354
167	2	0.5458983664675776	-0.141032847836981
167	11	0.29794397219354	0.11245589386606361
167	12	-0.2978784698167805	-0.11269830650669964
167	23	0.4672799247269589	0.2646413046204853
167	24	0.0002624941057781044	-0.0006955301673498317
168	1	0.41349701812261463	-0.14102976562323208
168	2	0.5458983619248466	-0.1410328654206084
168	11	0.32470184314049017	-0.042144554028915045
168	12	-0.324988029213904	0.04208969321644811
168	23	0.5190012947314996	-0.08530201102486962
168	24	-0.0007090516067329489	-0.00019742952737798747
169	1	0.4134970226652456	-0.1410297523043104
169	2	0.5458983573821155	-0.14103288300423572
169	11	0.23345717629155374	-0.20189515465287655
169	12	-0.23349421371671403	0.20222311720480912
169	23	0.3616966437879109	-0.4119865229271238
169	24	-0.0001304568604301084	0.0007160345066509963
170	1	0.4134970272078759	-0.14102973898538845
170	2	0.5458983528393833	-0.14103290058786278
170	11	0.02897608908865968	-0.2845809322647305
170	12	-0.02861062202836561	0.2845907789981546
170	23	0.03963721390905859	-0.5709881824602105
170	24	0.0007168736792879313	0.00005878992728477594
171	1	0.41349703175050595	-0.14102972566646643
171	2	0.545898348296651	-0.14103291817148983
171	11	-0.21125470962499565	-0.22168313161734376
171	12	0.21122680888415016	0.22128693196781068
171	23	-0.30461340242848184	-0.4594443013393059
171	24	-0.000018879225256569765	-0.0007106115765735804
172	1	0.41349703629313517	-0.14102971234754413
172	2	0.545898343753918	-0.14103293575511672
172	11	-0.3548205249641434	-0.019013329041979703
172	12	0.3544031481386485	0.019088962560819458
172	23	-0.4781164796614375	-0.10205183313590172
172	24	-0.0006956223296264901	0.0001017398043888923
173	1	0.4134970408357644	-0.14102969902862184
173	2	0.5458983392111844	-0.14103295333874344
173	11	-0.294196032207577	0.21389535825591655
173	12	0.29432680180295306	-0.2134686133770687
173	23	-0.357082229610981	0.3150042577952482
173	24	0.00018658431436937434	0.000670654453412637
174	1	0.4134970453783931	-0.14102968570969937
174	2	0.54589833466845	-0.14103297092236994
174	11	-0.04349723612172433	0.31915484437655905
174	12	0.043921088641813225	-0.31934337992964434
174	23	-0.002382962756513181	0.5325113096060067
174	24	0.0006360816907281727	-0.0002683088372616143
175	1	0.4134970499210215	-0.14102967239077677
175	2	0.5458983301257155	-0.14103298850599646
175	11	0.24227229190536706	0.21127489289663398
175	12	-0.2425149500027722	-0.21168551261504823
175	23	0.3508187855657791	0.4015022276015107
175	24	-0.000341021831216589	-0.0005950972688465936
176	1	0.4134970544636492	-0.141029659071854
176	2	0.5458983255829801	-0.14103300608962271
176	11	0.3702678925852761	-0.04258268059908459
176	12	-0.3706595689547932	0.04286980602191858
176	23	0.46148971878177064	0.011152149542700912
176	24	-0.0005539770239508578	0.000399208066024212
177	1	0.4134970590062767	-0.14102964575293112
177	2	0.5458983210402444	-0.14103302367324888
177	11	0.25705558143685703	-0.27032634748484013
177	12	-0.2567385740238005	0.2707004117711351
177	23	0.2709106888830782	-0.37349049623673125
177	24	0.00043864483877061045	0.0005211278626355252
178	1	0.41349706354890386	-0.14102963243400812
178	2	0.5458983164975083	-0.14103304125687496
178	11	-0.014239894879652397	-0.3310259371285161
178	12	0.014605010190739202	0.33069761956120575
178	23	-0.06929540570066269	-0.5167959423836687
178	24	0.0005055332225723276	-0.00045616617753346887
179	1	0.4134970680915302	-0.14102961911508488
179	2	0.545898311954771	-0.14103305884050074
179	11	-0.2730191384694706	-0.20995055888131028
179	12	0.2727015794156092	0.20958041744712091
179	23	-0.3428077243329688	-0.3698771950895347
179	24	-0.0004478071770646734	-0.0005145403746121095
180	1	0.4134970726341566	-0.14102960579616164
180	2	0.5458983074120335	-0.14103307642412646
180	11	-0.3897693037988666	0.00205609367211898
180	12	0.38937897804563015	-0.001775921856205592
180	23	-0.42936649294099505	-0.057758084656856695
180	24	-0.0005509459532899064	0.00040649540886941726
181	1	0.41349707717678236	-0.14102959247723817
181	2	0.5458983028692952	-0.14103309400775196
181	11	-0.3409635793977474	0.19725642428814247
181	12	0.34117352017603125	-0.19683681359689328
181	23	-0.3460430716692051	0.24734366275373665
181	24	0.0003206956920895985	0.0006093238950498382
182	1	0.41349708171940763	-0.14102957915831452
182	2	0.5458982983265567	-0.14103311159137738
182	11	-0.18406403768406168	0.3165955574423237
182	12	0.18450607071189762	-0.31669761207104863
182	23	-0.18199540238549947	0.4355003308588964
182	24	0.0006709827437469396	-0.0001762488172360032
183	1	0.4134970862620325	-0.14102956583939072
183	2	0.5458982937838178	-0.1410331291750027
183	11	0.003732646283287172	0.3563120045122764
183	12	-0.0036927693357543504	-0.35674394307774077
183	23	-0.019313594306551295	0.48642570946568303
183	24	0.00003518321619314091	-0.0006991874108250578
184	1	0.413497090804657	-0.14102955252046684
184	2	0.545898289241078	-0.14103314675862783
184	11	0.1680428963101251	0.34104869925887726
184	12	-0.16840342469851038	-0.3412429930913201
184	23	0.10182172532161055	0.43761654723579724
184	24	-0.0006407362340353322	-0.00029962548359836055
185	1	0.4134970953472808	-0.14102953920154268
185	2	0.5458982846983377	-0.14103316434225283
185	11	0.28711828203311834	0.2982858505976939
185	12	-0.2874345260570256	-0.2980732374227208
185	23	0.1770624683396727	0.3420618117685587
185	24	-0.0005614511435183944	0.0004431218102351267
186	1	0.4134970998899041	-0.14102952588261838
186	2	0.5458982801555967	-0.1410331819258777
186	11	0.36245561588829955	0.24722082998303638
186	12	-0.3624459218796526	-0.24687232075305388
186	23	0.21810056189738264	0.24261481961951326
186	24	0.0000927621749603983	0.0007175092593352805
187	1	0.41349710443252696	-0.14102951256369395
187	2	0.5458982756128552	-0.14103319950950238
187	11	0.4058316107728299	0.19826716661995422
187	12	-0.4055753667403524	-0.19808754640583004
187	23	0.2374592800434189	0.16464770207785864
187	24	0.0006488256828533481	0.00033803598372729275
188	1	0.4134971089751498	-0.1410294992447695
188	2	0.5458982710701131	-0.1410332170931269
188	11	0.4301911057368347	0.15615857183222004
188	12	-0.4299247176361932	-0.15622669958814886
188	23	0.24194614993160063	0.11834320070092103
188	24	0.0006755296463511334	-0.0003001021279743013
189	1	0.413497113517772	-0.14102948592584483
189	2	0.5458982665273704	-0.14103323467675125
189	11	0.44532440925552724	0.12273593399287466
189	12	-0.44520650293402053	-0.12294045674655663
189	23	0.23217683412207743	0.10309106054453228
189	24	0.00022902744390526511	-0.0007098440546776594
190	1	0.41349711806039363	-0.14102947260691995
190	2	0.5458982619846277	-0.14103325226037558
190	11	0.4568506688154071	0.09843593296049206
190	12	-0.45689298491741176	-0.09862909589452604
190	23	0.20515936837933826	0.11074084493980346
190	24	-0.00034448373958703574	-0.0006678110063086749
191	1	0.4134971226030151	-0.141029459287995
191	2	0.5458982574418841	-0.14103326984399972
191	11	0.4669182904641115	0.08279415110345599
191	12	-0.46704478007768124	-0.08289441235248331
191	23	0.15826823522885541	0.1277350909593787
191	24	-0.0007089349075739702	-0.0002618653763284771
192	1	0.41349712714563597	-0.14102944596906986
192	2	0.5458982528991397	-0.14103328742762367
192	11	0.47555413738222213	0.07453943208095283
192	12	-0.47568234980906565	-0.07454385010279324
192	23	0.0935755048036411	0.13762351343077586
192	24	-0.0007147026784991304	0.000255261534697653
193	1	0.4134971316882564	-0.1410294326501446
193	2	0.545898248356395	-0.1410333050112475
193	11	0.48202821049111594	0.0717250523027542
193	12	-0.4821125087168623	-0.07167263330398219
193	23	0.021099855781372957	0.1253978910995812
193	24	-0.0004119376977201179	0.0006399757816119116
194	1	0.4134971362308765	-0.1410294193312192
194	2	0.5458982438136495	-0.14103332259487114
194	11	0.48585598083311754	0.07208922583011614
194	12	-0.48588953977083654	-0.07202237840099968
194	23	-0.04115933083932079	0.08373828384398334
194	24	0.00003420905430308129	0.0007617237655972696
195	1	0.4134971407734962	-0.14102940601229366
195	2	0.5458982392709034	-0.14103334017849464
195	11	0.48724827751710686	0.07357943391357555
195	12	-0.487245787406805	-0.07352456243445775
195	23	-0.0723450414231534	0.01902648583052979
195	24	0.00044596735750182265	0.0006195137063144756
196	1	0.41349714531611553	-0.14102939269336798
196	2	0.5458982347281567	-0.14103335776211795
196	11	0.4870222166401965	0.07481296907949754
196	12	-0.4870026648418146	-0.07477880414321321
196	23	-0.05889841910101822	-0.047062069477144364
196	24	0.0007021037486883181	0.00030078147625980716
197	1	0.41349714985873426	-0.14102937937444213
197	2	0.5458982301854094	-0.14103337534574112
197	11	0.4861832855934774	0.07525251689661201
197	12	-0.4861606890720194	-0.07523669542924726
197	23	-0.005731984509486539	-0.08457060152694067
197	24	0.0007601922767072451	-0.00007695322346421138
198	1	0.41349715440135265	-0.14102936605551614
198	2	0.5458982256426614	-0.14103339292936412
198	11	0.4854872573245368	0.07503422682642241
198	12	-0.4854686942717835	-0.07503039436194196
198	23	0.05933843487105331	-0.07124935962473863
198	24	0.0006432711207392009	-0.000412574071034915
199	1	0.41349715894397077	-0.14102935273659004
199	2	0.545898221099913	-0.14103341051298704
199	11	0.48522826444370526	0.0745833593798411
199	12	-0.4852156329581161	-0.07458554519148963
199	23	0.09548037692029011	-0.010586968958952357
199	24	0.0004106366147502569	-0.0006445852011054104
200	1	0.41349716348658827	-0.14102933941766374
200	2	0.5458982165571639	-0.14103342809660976
200	11	0.4853139695923489	0.0742519145265311
200	12	-0.48530650008697823	-0.07425612830604894
200	23	0.07321843903682333	0.06160064162182085
200	24	0.00012928983426187146	-0.0007532873913251409
201	1	0.4134971680292056	-0.1410293260987374
201	2	0.5458982120144146	-0.14103344568023243
201	11	0.48550437432169385	0.07415295310091173
201	12	-0.48550048354773845	-0.07415713597485578
201	23	0.00029551176754130784	0.09387065966290345
201	24	-0.00014528252622268313	-0.0007503806017817703
202	1	0.41349717257182217	-0.1410293127798108
202	2	0.5458982074716646	-0.14103346326385494
202	11	0.4856253161119462	0.07420743981673597
202	12	-0.4856235556558915	-0.07421083051143212
202	23	-0.07353962127193292	0.056131038660952724
202	24	-0.0003774261991706991	-0.0006646325436074659
203	1	0.41349717711443845	-0.1410292994608841
203	2	0.5458982029289141	-0.1410334808474773
203	11	0.485641959268521	0.07428771907941549
203	12	-0.4856413163431287	-0.07429022950634137
203	23	-0.0877850143540094	-0.028203429707443006
203	24	-0.0005513043548293949	-0.0005293905080399319
204	1	0.41349718165705424	-0.14102928614195728
204	2	0.5458981983861633	-0.14103349843109955
204	11	0.4856073788869911	0.07432384934625862
204	12	-0.4856072539522493	-0.07432564903354483
204	23	-0.024251565984804106	-0.08927227833631135
204	24	-0.0006663454475185235	-0.00037440113760669086
205	1	0.4134971861996695	-0.14102927282303024
205	2	0.5458981938434115	-0.14103351601472158
205	11	0.4855782256221397	0.07431817699258128
205	12	-0.4855783082615233	-0.07431947938587798
205	23	0.06398574079691383	-0.06724349940548355
205	24	-0.000731374227523623	-0.00022200210988119315
206	1	0.41349719074228425	-0.14102925950410303
206	2	0.545898189300659	-0.14103353359834342
206	11	0.48557255719043807	0.07430190348135476
206	12	-0.48557270647198364	-0.07430288360958229
206	23	0.0900179881711223	0.02298815352391711
206	24	-0.0007594083796559057	-0.00008655886746321279
207	1	0.4134971952848989	-0.14102924618517576
207	2	0.5458981847579063	-0.1410335511819652
207	11	0.48557930882973693	0.07429467329412695
207	12	-0.48557947032109583	-0.07429545165012534
207	23	0.020598089987620853	0.09053433188304429
207	24	-0.0007639412012246322	0.000024238731334952606
208	1	0.4134971998275132	-0.14102923286624836
208	2	0.5458981802151528	-0.1410335687655868
208	11	0.4855846949142795	0.07429632029752213
208	12	-0.48558485275383595	-0.07429697193416032
208	23	-0.07327880794627242	0.05692129861406932
208	24	-0.0007567482194271016	0.00010735864324749287
209	1	0.4134972043701268	-0.14102921954732076
209	2	0.5458981756723988	-0.1410335863492082
209	11	0.48558511798162673	0.07429943555312468
209	12	-0.4855852708386208	-0.07430000431955089
209	23	-0.08097665877615255	-0.045286512833354865
209	24	-0.0007468684604133946	0.00016242315957187584
210	1	0.41349720891273983	-0.14102920622839293
210	2	0.5458981711296444	-0.14103360393282957
210	11	0.4855836592010054	0.07430030481953016
210	12	-0.4855838097660271	-0.07430081528578
210	23	0.013430375866683116	-0.09181665700149003
210	24	-0.0007403091016237093	0.00019009531957423913
211	1	0.4134972134553526	-0.14102919290946506
211	2	0.5458981665868894	-0.14103362151645074
211	11	0.4855829711163742	0.07429975022242666
211	12	-0.4855831222434542	-0.07430021580099161
211	23	0.09124200217127362	-0.016943375692484896
211	24	-0.0007400785428761451	0.00019099098122745027
212	1	0.413497217997965	-0.14102917959053704
212	2	0.5458981620441338	-0.1410336391000718
212	11	0.48558314547978565	0.07429933342711098
212	12	-0.48558329917507553	-0.07429976133152984
212	23	0.042561292261379925	0.08246517837720158
212	24	-0.0007462739459064394	0.0001651332979744482
213	1	0.413497222540577	-0.14102916627160889
213	2	0.5458981575013777	-0.14103365668369272
213	11	0.48558338351919406	0.07429937547668214
213	12	-0.4855835409471574	-0.07429976955607995
213	23	-0.06894920004469897	0.06210880460390396
213	24	-0.0007560848762158287	0.000111935116247457
214	1	0.4134972270831887	-0.14102915295268062
214	2	0.5458981529586212	-0.14103367426731356
214	11	0.4855833981568493	0.07429951181038934
214	12	-0.4855835598986813	-0.07429987410733893
214	23	-0.07570033304925884	-0.053673894551657726
214	24	-0.0007637085800725115	0.00003070856339591442
215	1	0.41349723162579977	-0.14102913963375216
215	2	0.5458981484158637	-0.14103369185093412
215	11	0.4855833392532766	0.07429954755304417
215	12	-0.48558350555126883	-0.07429987914277313
215	23	0.038850878497333444	-0.08427419857889344
215	24	-0.0007603061718170256	-0.00007828369312485133
216	1	0.41349723616841055	-0.1410291263148236
216	2	0.545898143873106	-0.14103370943455457
216	11	0.48558332249179703	0.07429953720721577
216	12	-0.4855834934172202	-0.07429983864718287
216	23	0.08910280060701381	0.025927935658430788
216	24	-0.0007342647003821878	-0.0002122478773346731
217	1	0.41349724071102095	-0.14102911299589488
217	2	0.5458981393303476	-0.14103372701817488
217	11	0.48558333126215036	0.07429954367821749
217	12	-0.48558350681329837	-0.07429981524985321
217	23	-0.015733877475353274	0.09145486871160724
217	24	-0.0006721531814142705	-0.000363873484093752
218	1	0.4134972452536307	-0.14102909967696595
218	2	0.5458981347875885	-0.14103374460179502
218	11	0.48558333341941945	0.07429956331414359
218	12	-0.48558351357180957	-0.07429980515364724
218	23	-0.09239237424317344	-0.008671044739642485
218	24	-0.0005608237735709597	-0.0005192980904285106
219	1	0.41349724979624014	-0.14102908635803696
219	2	0.545898130244829	-0.14103376218541508
219	11	0.4855833290738374	0.07429958033325619
219	12	-0.4855835138021953	-0.07429979250245675
219	23	0.004895632999616724	-0.0926691640200681
219	24	-0.00039102164261112834	-0.0006567312134619847
220	1	0.4134972543388491	-0.1410290730391078
220	2	0.5458981257020687	-0.14103377976903492
220	11	0.48558332578458524	0.07429959425500711
220	12	-0.4855835150701028	-0.07429977677935283
220	23	0.0926915914522832	0.004451099576073586
220	24	-0.00016250285951111142	-0.0007468511447229366
221	1	0.4134972588814575	-0.14102905972017843
221	2	0.5458981211593077	-0.14103379735265456
221	11	0.4855833239144215	0.07429960862863888
221	12	-0.485583517745368	-0.07429976151700819
221	23	-0.007340776038471104	0.09250759844858426
221	24	0.0001100953696097517	-0.0007563549572203385
222	1	0.4134972634240656	-0.14102904640124894
222	2	0.5458981166165462	-0.1410338149362741
222	11	0.48558332183019376	0.07429962362891177
222	12	-0.485583520200206	-0.07429974688343838
222	23	-0.0918058211607525	-0.013536378768270364
222	24	0.00039253149089238664	-0.0006558298867679025
223	1	0.41349726796667313	-0.14102903308231923
223	2	0.5458981120737841	-0.1410338325198935
223	11	0.4855833194778429	0.07429963851847776
223	12	-0.4855835223839192	-0.0742997321390461
223	23	0.022922243568241307	-0.08992281824521171
223	24	0.0006305354691551278	-0.0004319940206265229
224	1	0.41349727250928026	-0.1410290197633894
224	2	0.5458981075310214	-0.14103385010351266
224	11	0.48558331718428005	0.07429965329712768
224	12	-0.48558352462522575	-0.07429971728317823
224	23	0.08587241241466323	0.03517771083619037
224	24	0.0007574860008731116	-0.00010202338065793675
225	1	0.4134972770518869	-0.14102900644445945
225	2	0.5458981029882582	-0.14103386768713178
225	11	0.4855833149343482	0.07429966810637635
225	12	-0.485583526909799	-0.07429970245747294
225	23	-0.04960748535525495	0.07842601557595562
225	24	0.0007129029408066934	0.000275614238944162
226	1	0.4134972815944934	-0.14102899312552938
226	2	0.5458980984454948	-0.14103388527075078
226	11	0.48558331266908134	0.07429968293145696
226	12	-0.4855835291789847	-0.07429968764736523
226	23	-0.06628377032490378	-0.06494616468950279
226	24	0.0004704890581170962	0.0006023569190369641
227	1	0.41349728613709935	-0.14102897980659912
227	2	0.5458980939027304	-0.14103390285436962
227	11	0.4855833103987739	0.07429969774919513
227	12	-0.4855835314431579	-0.07429967282981965
227	23	0.0791910452258711	-0.04837686304755653
227	24	0.00006740805762592911	0.0007613474669864786
228	1	0.41349729067970503	-0.14102896648766883
228	2	0.5458980893599656	-0.14103392043798832
228	11	0.48558330813178646	0.07429971256568374
228	12	-0.48558353371068136	-0.07429965801099746
228	23	0.02432117635924381	0.08955458057863329
228	24	-0.00038142366286322035	0.0006623517201061965
229	1	0.4134972952223101	-0.1410289531687383
229	2	0.5458980848172001	-0.1410339380216068
229	11	0.4855833058649174	0.07429972738356425
229	12	-0.48558353597833914	-0.07429964319356475
229	23	-0.09266302795761877	-0.005010565936343962
229	24	-0.0007035361962567597	0.00029871496828281656
230	1	0.4134972997649149	-0.1410289398498077
230	2	0.5458980802744345	-0.1410339556052252
230	11	0.48558330359752105	0.0742997422013284
230	12	-0.48558353824547507	-0.07429962837601857
230	23	0.03692425598231912	-0.08513601964882903
230	24	-0.0007342913931052276	-0.00021215551308231047
231	1	0.41349730430751913	-0.14102892653087687
231	2	0.5458980757316685	-0.14103397318884353
231	11	0.48558330133023053	0.0742997570189197
231	12	-0.4855835405127183	-0.07429961355830177
231	23	0.06462478717090095	0.06659714261639921
231	24	-0.00041293095609492474	-0.0006431810298960673
232	1	0.41349730885012287	-0.14102891321194588
232	2	0.5458980711889014	-0.14103399077246165
232	11	0.48558329906298453	0.07429977183657083
232	12	-0.48558354278000543	-0.07429959874064565
232	23	-0.08738773837501683	0.031223800268519394
232	24	0.00013988098676397467	-0.0007514167427343972
233	1	0.41349731339272594	-0.1410288998930147
233	2	0.5458980666461339	-0.14103400835607968
233	11	0.48558329679571127	0.07429978665422769
233	12	-0.4855835450472654	-0.0742995839229955
233	23	0.011112669731269346	-0.09213061973609954
233	24	0.0006325650251714563	-0.0004290166670998571
234	1	0.41349731793532907	-0.1410288865740835
234	2	0.5458980621033659	-0.14103402593969752
234	11	0.48558329452843974	0.07429980147187507
234	12	-0.485583547314527	-0.07429956910533585
234	23	0.0755674432533304	0.05386189786549059
234	24	0.0007440528278721352	0.00017486909691284133
235	1	0.4134973224779316	-0.14102887325515212
235	2	0.5458980575605974	-0.14103404352331522
235	11	0.4855832922611703	0.0742998162895246
235	12	-0.48558354958179084	-0.07429955428767838
235	23	-0.08487073047976983	0.03753000971684231
235	24	0.0003510318255604147	0.000678948060725824
236	1	0.41349732702053354	-0.14102885993622058
236	2	0.5458980530178286	-0.14103406110693284
236	11	0.4855832899938991	0.07429983110717442
236	12	-0.4855835518490531	-0.07429953947002123
236	23	0.01431278710075844	-0.09168798529210123
236	24	-0.00031278976445621855	0.0006973925544276035
237	1	0.413497331563135	-0.14102884661728882
237	2	0.545898048475059	-0.14103407869055024
237	11	0.48558328772662823	0.0742998459248239
237	12	-0.48558355411631476	-0.07429952465236356
237	23	0.06713196561471285	0.06406903865535492
237	24	-0.0007468275946436062	0.00016261105620000163
238	1	0.4134973361057359	-0.1410288332983569
238	2	0.5458980439322888	-0.1410340962741675
238	11	0.48558328545935664	0.07429986074247336
238	12	-0.48558355638357587	-0.07429950983470585
238	23	-0.09152986614302377	0.015291374214126276
238	24	-0.000555902613168921	-0.0005245627668750418
239	1	0.41349734064833676	-0.1410288199794249
239	2	0.545898039389518	-0.14103411385778458
239	11	0.48558328319208444	0.07429987556012271
239	12	-0.48558355865083663	-0.07429949501704809
239	23	0.04559883918279605	-0.08082257349712278
239	24	0.0001461462049111377	-0.0007502233657449671
240	1	0.41349734519093717	-0.14102880666049278
240	2	0.5458980348467463	-0.1410341314414015
240	11	0.4855832809248119	0.07429989037777202
240	12	-0.48558356091809696	-0.07429948019939031
240	23	0.031115380065723362	0.08742640130350726
240	24	0.0007216830936116683	-0.00025172867161832584
241	1	0.4134973497335371	-0.14102879334156054
241	2	0.5458980303039742	-0.1410341490250183
241	11	0.4855832786575391	0.07429990519542129
241	12	-0.4855835631853569	-0.07429946538173242
241	23	-0.08513398506444975	-0.03692894675674302
241	24	0.0005627899803147611	0.0005171665590280813
242	1	0.41349735427613676	-0.14102878002262814
242	2	0.5458980257612012	-0.14103416660863485
242	11	0.4855832763902657	0.07429992001307047
242	12	-0.48558356545261633	-0.07429945056407448
242	23	0.086372928911848	-0.03393021769315903
242	24	-0.00021648799917380125	0.000733025755300152
243	1	0.413497358818736	-0.14102876670369563
243	2	0.5458980212184281	-0.14103418419225133
243	11	0.48558327412299224	0.07429993483071962
243	12	-0.4855835677198753	-0.07429943574641648
243	23	-0.04027134134010854	0.08360479405025038
243	24	-0.0007575923108169181	0.00010123093554203808
244	1	0.41349736336133475	-0.14102875338476292
244	2	0.5458980166756545	-0.1410342017758677
244	11	0.4855832718557179	0.07429994964836864
244	12	-0.4855835699871337	-0.0742994209287584
244	23	-0.024098933797541976	-0.08961464116615098
244	24	-0.00037768130742335375	-0.0006644927702711449
245	1	0.4134973679039328	-0.14102874006583005
245	2	0.5458980121328801	-0.14103421935948393
245	11	0.4855832695884429	0.07429996446601754
245	12	-0.4855835722543917	-0.07429940611110021
245	23	0.07484667949969011	0.05485906569918031
245	24	0.0004958608671364269	-0.0005816492174518458
246	1	0.41349737244653056	-0.14102872674689707
246	2	0.5458980075901056	-0.14103423694310008
246	11	0.4855832673211678	0.07429997928366645
246	12	-0.4855835745216493	-0.07429939129344201
246	23	-0.0927960638334443	0.0006580718316774106
246	24	0.0007057807467827586	0.0002933723729160687
247	1	0.41349737698912825	-0.141028713427964
247	2	0.5458980030473305	-0.14103425452671609
247	11	0.4855832650538923	0.07429999410131533
247	12	-0.4855835767889061	-0.07429937647578362
247	23	0.07602563553213781	-0.05321320572424534
247	24	-0.00008993256499757133	0.0007590164329397556
248	1	0.4134973815317255	-0.14102870010903076
248	2	0.5458979985045544	-0.14103427211033187
248	11	0.48558326278661584	0.07430000891896402
248	12	-0.4855835790561631	-0.07429936165812531
248	23	-0.03549701620789423	0.08574091416501693
248	24	-0.0007586380997283867	0.00009307010991792445
249	1	0.413497386074322	-0.14102868679009734
249	2	0.5458979939617778	-0.14103428969394752
249	11	0.48558326051933903	0.07430002373661268
249	12	-0.48558358132341956	-0.07429934684046692
249	23	-0.01286419922285479	-0.09190242053325362
249	24	-0.000244835793048155	-0.0007240505825991113
250	1	0.41349739061691815	-0.14102867347116377
250	2	0.5458979894190007	-0.14103430727756294
250	11	0.485583258252062	0.07430003855426127
250	12	-0.4855835835906752	-0.07429933202280842
250	23	0.055020948708734	0.07472775739112715
250	24	0.0006729152855361039	-0.000362462177628914
251	1	0.41349739515951384	-0.14102866015223006
251	2	0.5458979848762229	-0.14103432486117823
251	11	0.48558325598478447	0.07430005337190985
251	12	-0.4855835858579309	-0.07429931720514991
251	23	-0.08245957220805471	-0.04256714076351505
251	24	0.0004478800244532665	0.0006193523192944159
0	0	0	0
0	0	0	0
0	0	0	0
0	0	0	0
0	0	0	0
0	0	0	0
0	0	0	0
0	0	0	0
0	0	0	0
0	0	0	0
0	0	0	0
0	0	0	0
0	0	0	0
0	0	0	0
0	0	0	0
0	0	0	0
0	0	0	0
0	0	0	0
0	0	0	0
0	0	0	0
0	0	0	0
0	0	0	0
0	0	0	0
0	0	0	0
0	0	0	0
0	0	0	0
0	0	0	0
0	0	0	0
0	0	0	0
0	0	0	0
0	0	0	0
0	0	0	0
0	0	0	0
0	0	0	0
0	0	0	0
0	0	0	0
0	0	0	0
0	0	0	0
0	0	0	0
0	0	0	0
0	0	0	0
0	0	0	0
0	0	0	0
0	0	0	0
0	0	0	0
0	0	0	0
0	0	0	0
0	0	0	0
0	0	0	0
0	0	0	0
0	0	0	0
0	0	0	0
0	0	0	0
0	0	0	0
0	0	0	0
0	0	0	0
0	0	0	0
0	0	0	0
0	0	0	0
0	0	0	0
0	0	0	0
0	0	0	0
0	0	0	0
0	0	0	0
0	0	0	0
0	0	0	0
0	0	0	0
0	0	0	0
0	0	0	0
0	0	0	0
0	0	0	0
0	0	0	0
0	0	0	0
0	0	0	0
0	0	0	0
0	0	0	0
0	0	0	0
0	0	0	0
0	0	0	0
0	0	0	0
0	0	0	0
0	0	0	0
0	0	0	0
0	0	0	0
0	0	0	0
0	0	0	0
0	0	0	0
0	0	0	0
0	0	0	0
0	0	0	0
0	0	0	0
0	0	0	0
0	0	0	0
0	0	0	0
0	0	0	0
0	0	0	0
0	0	0	0
0	0	0	0
0	0	0	0
0	0	0	0
0	0	0	0
0	0	0	0
0	0	0	0
0	0	0	0
0	0	0	0
0	0	0	0
0	0	0	0
0	0	0	0
0	0	0	0
0	0	0	0
0	0	0	0
0	0	0	0
0	0	0	0
0	0	0	0
0	0	0	0
0	0	0	0
0	0	0	0
0	0	0	0
0	0	0	0
0	0	0	0
0	0	0	0
0	0	0	0
0	0	0	0
0	0	0	0
0	0	0	0
0	0	0	0
0	0	0	0
0	0	0	0
0	0	0	0
0	0	0	0
0	0	0	0
0	0	0	0
0	0	0	0
0	0	0	0
0	0	0	0
0	0	0	0
0	0	0	0
0	0	0	0
0	0	0	0
0	0	0	0
0	0	0	0
0	0	0	0
0	0	0	0
0	0	0	0
0	0	0	0
0	0	0	0
0	0	0	0
0	0	0	0
0	0	0	0
0	0	0	0
0	0	0	0
0	0	0	0
0	0	0	0
0	0	0	0
0	0	0	0
0	0	0	0
0	0	0	0
0	0	0	0
0	0	0	0
0	0	0	0
0	0	0	0
0	0	0	0
0	0	0	0
0	0	0	0
0	0	0	0
0	0	0	0
0	0	0	0
0	0	0	0
0	0	0	0
0	0	0	0
0	0	0	0
0	0	0	0
0	0	0	0
0	0	0	0
0	0	0	0
0	0	0	0
0	0	0	0
0	0	0	0
0	0	0	0
0	0	0	0
0	0	0	0
0	0	0	0
0	0	0	0
0	0	0	0
0	0	0	0
0	0	0	0
0	0	0	0
0	0	0	0
0	0	0	0
0	0	0	0
0	0	0	0
0	0	0	0
0	0	0	0
0	0	0	0
0	0	0	0
0	0	0	0
0	0	0	0
0	0	0	0
0	0	0	0
0	0	0	0
0	0	0	0
0	0	0	0
0	0	0	0
0	0	0	0
0	0	0	0
0	0	0	0
0	0	0	0
0	0	0	0
0	0	0	0
0	0	0	0
0	0	0	0
0	0	0	0
0	0	0	0
0	0	0	0
0	0	0	0
0	0	0	0
0	0	0	0
0	0	0	0
0	0	0	0
0	0	0	0
0	0	0	0
0	0	0	0
0	0	0	0
0	0	0	0
0	0	0	0
0	0	0	0
0	0	0	0
0	0	0	0
0	0	0	0
0	0	0	0
0	0	0	0
0	0	0	0
0	0	0	0
0	0	0	0
0	0	0	0
0	0	0	0
0	0	0	0
0	0	0	0
0	0	0	0
0	0	0	0
0	0	0	0
0	0	0	0
0	0	0	0
0	0	0	0
0	0	0	0
0	0	0	0
0	0	0	0
0	0	0	0
0	0	0	0
0	0	0	0
0	0	0	0
0	0	0	0
0	0	0	0
0	0	0	0
0	0	0	0
0	0	0	0
0	0	0	0
0	0	0	0
0	0	0	0
0	0	0	0
0	0	0	0
0	0	0	0
0	0	0	0
0	0	0	0
0	0	0	0
0	0	0	0
0	0	0	0
0	0	0	0
0	0	0	0
0	0	0	0
0	0	0	0
0	0	0	0
0	0	0	0
0	0	0	0
0	0	0	0
0	0	0	0
0	0	0	0
0	0	0	0
0	0	0	0
0	0	0	0
0	0	0	0
0	0	0	0
0	0	0	0
0	0	0	0
0	0	0	0
0	0	0	0
0	0	0	0
0	0	0	0
0	0	0	0
0	0	0	0
0	0	0	0
0	0	0	0
0	0	0	0
0	0	0	0
0	0	0	0
0	0	0	0
0	0	0	0
0	0	0	0
0	0	0	0
0	0	0	0
0	0	0	0
0	0	0	0
0	0	0	0
0	0	0	0
0	0	0	0
0	0	0	0
0	0	0	0
0	0	0	0
0	0	0	0
0	0	0	0
0	0	0	0
0	0	0	0
0	0	0	0
0	0	0	0
0	0	0	0
0	0	0	0
0	0	0	0
0	0	0	0
0	0	0	0
0	0	0	0
0	0	0	0
0	0	0	0
0	0	0	0
0	0	0	0
0	0	0	0
0	0	0	0
0	0	0	0
0	0	0	0
0	0	0	0
0	0	0	0
0	0	0	0
0	0	0	0
0	0	0	0
0	0	0	0
0	0	0	0
0	0	0	0
0	0	0	0
0	0	0	0
0	0	0	0
0	0	0	0
0	0	0	0
0	0	0	0
0	0	0	0
0	0	0	0
0	0	0	0
0	0	0	0
0	0	0	0
0	0	0	0
0	0	0	0
0	0	0	0
0	0	0	0
0	0	0	0
0	0	0	0
0	0	0	0
0	0	0	0
0	0	0	0
0	0	0	0
0	0	0	0
0	0	0	0
0	0	0	0
0	0	0	0
0	0	0	0
0	0	0	0
0	0	0	0
0	0	0	0
0	0	0	0
0	0	0	0
0	0	0	0
0	0	0	0
0	0	0	0
0	0	0	0
0	0	0	0
0	0	0	0
0	0	0	0
0	0	0	0
0	0	0	0
0	0	0	0
0	0	0	0
0	0	0	0
0	0	0	0
0	0	0	0
0	0	0	0
0	0	0	0
0	0	0	0
0	0	0	0
0	0	0	0
0	0	0	0
0	0	0	0
0	0	0	0
0	0	0	0
0	0	0	0
0	0	0	0
0	0	0	0
0	0	0	0
0	0	0	0
0	0	0	0
0	0	0	0
0	0	0	0
0	0	0	0
0	0	0	0
0	0	0	0
0	0	0	0
0	0	0	0
0	0	0	0
0	0	0	0
0	0	0	0
0	0	0	0
0	0	0	0
0	0	0	0
0	0	0	0
0	0	0	0
0	0	0	0
0	0	0	0
0	0	0	0
0	0	0	0
0	0	0	0
0	0	0	0
0	0	0	0
0	0	0	0
0	0	0	0
0	0	0	0
0	0	0	0
0	0	0	0
0	0	0	0
0	0	0	0
0	0	0	0
0	0	0	0
0	0	0	0
0	0	0	0
0	0	0	0
0	0	0	0
0	0	0	0
0	0	0	0
0	0	0	0
0	0	0	0
0	0	0	0
0	0	0	0
0	0	0	0
0	0	0	0
0	0	0	0
0	0	0	0
0	0	0	0
0	0	0	0
0	0	0	0
0	0	0	0
0	0	0	0
0	0	0	0
0	0	0	0
0	0	0	0
0	0	0	0
0	0	0	0
0	0	0	0
0	0	0	0
0	0	0	0
0	0	0	0
0	0	0	0
0	0	0	0
0	0	0	0
0	0	0	0
0	0	0	0
0	0	0	0
0	0	0	0
0	0	0	0
0	0	0	0
0	0	0	0
0	0	0	0
0	0	0	0
0	0	0	0
0	0	0	0
0	0	0	0
0	0	0	0
0	0	0	0
0	0	0	0
0	0	0	0
0	0	0	0
0	0	0	0
0	0	0	0
0	0	0	0
0	0	0	0
0	0	0	0
0	0	0	0
0	0	0	0
0	0	0	0
0	0	0	0
0	0	0	0
0	0	0	0
0	0	0	0
0	0	0	0
0	0	0	0
0	0	0	0
0	0	0	0
0	0	0	0
0	0	0	0
0	0	0	0
0	0	0	0
0	0	0	0
0	0	0	0
0	0	0	0
0	0	0	0
0	0	0	0
0	0	0	0
0	0	0	0
0	0	0	0
0	0	0	0
0	0	0	0
0	0	0	0
0	0	0	0
0	0	0	0
0	0	0	0
0	0	0	0
0	0	0	0
0	0	0	0
0	0	0	0
0	0	0	0
0	0	0	0
0	0	0	0
0	0	0	0
0	0	0	0
0	0	0	0
0	0	0	0
0	0	0	0
0	0	0	0
0	0	0	0
0	0	0	0
0	0	0	0
0	0	0	0
0	0	0	0
0	0	0	0
0	0	0	0
0	0	0	0
0	0	0	0
0	0	0	0
0	0	0	0
0	0	0	0
0	0	0	0
0	0	0	0
0	0	0	0
0	0	0	0
0	0	0	0
0	0	0	0
0	0	0	0
0	0	0	0
0	0	0	0
0	0	0	0
0	0	0	0
0	0	0	0
0	0	0	0
0	0	0	0
0	0	0	0
0	0	0	0
0	0	0	0
0	0	0	0
0	0	0	0
0	0	0	0
0	0	0	0
0	0	0	0
0	0	0	0
0	0	0	0
0	0	0	0
0	0	0	0
0	0	0	0
0	0	0	0
0	0	0	0
0	0	0	0
0	0	0	0
0	0	0	0
0	0	0	0
0	0	0	0
0	0	0	0
0	0	0	0
0	0	0	0
0	0	0	0
0	0	0	0
0	0	0	0
0	0	0	0
0	0	0	0
0	0	0	0
0	0	0	0
0	0	0	0
0	0	0	0
0	0	0	0
0	0	0	0
0	0	0	0
0	0	0	0
0	0	0	0
0	0	0	0
0	0	0	0
0	0	0	0
0	0	0	0
0	0	0	0
0	0	0	0
0	0	0	0
0	0	0	0
0	0	0	0
0	0	0	0
0	0	0	0
0	0	0	0
0	0	0	0
0	0	0	0
0	0	0	0
0	0	0	0
0	0	0	0
0	0	0	0
0	0	0	0
0	0	0	0
0	0	0	0
0	0	0	0
0	0	0	0
0	0	0	0
0	0	0	0
0	0	0	0
0	0	0	0
0	0	0	0
0	0	0	0
0	0	0	0
0	0	0	0
0	0	0	0
0	0	0	0
0	0	0	0
0	0	0	0
0	0	0	0
0	0	0	0
0	0	0	0
0	0	0	0
0	0	0	0
0	0	0	0
0	0	0	0
0	0	0	0
0	0	0	0
0	0	0	0
0	0	0	0
0	0	0	0
0	0	0	0
0	0	0	0
0	0	0	0
0	0	0	0
0	0	0	0
0	0	0	0
0	0	0	0
0	0	0	0
0	0	0	0
0	0	0	0
0	0	0	0
0	0	0	0
0	0	0	0
0	0	0	0
0	0	0	0
0	0	0	0
0	0	0	0
0	0	0	0
0	0	0	0
0	0	0	0
0	0	0	0
0	0	0	0
0	0	0	0
0	0	0	0
0	0	0	0
0	0	0	0
0	0	0	0
0	0	0	0
0	0	0	0
0	0	0	0
0	0	0	0
0	0	0	0
0	0	0	0
0	0	0	0
0	0	0	0
0	0	0	0
0	0	0	0
0	0	0	0
0	0	0	0
0	0	0	0
0	0	0	0
0	0	0	0
0	0	0	0
0	0	0	0
0	0	0	0
0	0	0	0
0	0	0	0
0	0	0	0
0	0	0	0
0	0	0	0
0	0	0	0
0	0	0	0
0	0	0	0
0	0	0	0
0	0	0	0
0	0	0	0
0	0	0	0
0	0	0	0
0	0	0	0
0	0	0	0
0	0	0	0
0	0	0	0
0	0	0	0
0	0	0	0
0	0	0	0
0	0	0	0
0	0	0	0
0	0	0	0
0	0	0	0
0	0	0	0
0	0	0	0
0	0	0	0
0	0	0	0
0	0	0	0
0	0	0	0
0	0	0	0
0	0	0	0
0	0	0	0
0	0	0	0
0	0	0	0
0	0	0	0
0	0	0	0
0	0	0	0
0	0	0	0
0	0	0	0
0	0	0	0
0	0	0	0
0	0	0	0
0	0	0	0
0	0	0	0
0	0	0	0
0	0	0	0
0	0	0	0
0	0	0	0
0	0	0	0
0	0	0	0
0	0	0	0
0	0	0	0
0	0	0	0
0	0	0	0
0	0	0	0
0	0	0	0
0	0	0	0
0	0	0	0
0	0	0	0
0	0	0	0
0	0	0	0
0	0	0	0
0	0	0	0
0	0	0	0
0	0	0	0
0	0	0	0
0	0	0	0
0	0	0	0
0	0	0	0
0	0	0	0
0	0	0	0
0	0	0	0
0	0	0	0
0	0	0	0
0	0	0	0
0	0	0	0
0	0	0	0
0	0	0	0
0	0	0	0
0	0	0	0
0	0	0	0
0	0	0	0
0	0	0	0
0	0	0	0
0	0	0	0
0	0	0	0
0	0	0	0
0	0	0	0
0	0	0	0
0	0	0	0
0	0	0	0
0	0	0	0
0	0	0	0
0	0	0	0
0	0	0	0
0	0	0	0
0	0	0	0
0	0	0	0
0	0	0	0
0	0	0	0
0	0	0	0
0	0	0	0
0	0	0	0
0	0	0	0
0	0	0	0
0	0	0	0
0	0	0	0
0	0	0	0
0	0	0	0
0	0	0	0
0	0	0	0
0	0	0	0
0	0	0	0
0	0	0	0
0	0	0	0
0	0	0	0
0	0	0	0
0	0	0	0
0	0	0	0
0	0	0	0
0	0	0	0
0	0	0	0
0	0	0	0
0	0	0	0
0	0	0	0
0	0	0	0
0	0	0	0
0	0	0	0
0	0	0	0
0	0	0	0
0	0	0	0
0	0	0	0
0	0	0	0
0	0	0	0
0	0	0	0
0	0	0	0
0	0	0	0
0	0	0	0
0	0	0	0
0	0	0	0
0	0	0	0
0	0	0	0
0	0	0	0
0	0	0	0
0	0	0	0
0	0	0	0
0	0	0	0
0	0	0	0
0	0	0	0
0	0	0	0
0	0	0	0
0	0	0	0
0	0	0	0
0	0	0	0
0	0	0	0
0	0	0	0
0	0	0	0
0	0	0	0
0	0	0	0
0	0	0	0
0	0	0	0
0	0	0	0
0	0	0	0
0	0	0	0
0	0	0	0
0	0	0	0
0	0	0	0
0	0	0	0
0	0	0	0
0	0	0	0
0	0	0	0
0	0	0	0
0	0	0	0
0	0	0	0
0	0	0	0
0	0	0	0
0	0	0	0
0	0	0	0
0	0	0	0
0	0	0	0
0	0	0	0
0	0	0	0
0	0	0	0
0	0	0	0
0	0	0	0
0	0	0	0
0	0	0	0
0	0	0	0
0	0	0	0
0	0	0	0
0	0	0	0
0	0	0	0
0	0	0	0
0	0	0	0
0	0	0	0
0	0	0	0
0	0	0	0
0	0	0	0
0	0	0	0
0	0	0	0
0	0	0	0
0	0	0	0
0	0	0	0
0	0	0	0
0	0	0	0
0	0	0	0
0	0	0	0
0	0	0	0
0	0	0	0
0	0	0	0
0	0	0	0
0	0	0	0
0	0	0	0
0	0	0	0
0	0	0	0
0	0	0	0
0	0	0	0
0	0	0	0
0	0	0	0
0	0	0	0
0	0	0	0
0	0	0	0
0	0	0	0
0	0	0	0
0	0	0	0
0	0	0	0
0	0	0	0
0	0	0	0
0	0	0	0
0	0	0	0
0	0	0	0
0	0	0	0
0	0	0	0
0	0	0	0
0	0	0	0
0	0	0	0
0	0	0	0
0	0	0	0
0	0	0	0
0	0	0	0
0	0	0	0
0	0	0	0
0	0	0	0
0	0	0	0
0	0	0	0
0	0	0	0
0	0	0	0
0	0	0	0
0	0	0	0
0	0	0	0
0	0	0	0
0	0	0	0
0	0	0	0
0	0	0	0
0	0	0	0
0	0	0	0
0	0	0	0
0	0	0	0
0	0	0	0
0	0	0	0
0	0	0	0
0	0	0	0
0	0	0	0
0	0	0	0
0	0	0	0
0	0	0	0
0	0	0	0
0	0	0	0
0	0	0	0
0	0	0	0
0	0	0	0
0	0	0	0
0	0	0	0
0	0	0	0
0	0	0	0
0	0	0	0
0	0	0	0
0	0	0	0
0	0	0	0
0	0	0	0
0	0	0	0
0	0	0	0
0	0	0	0
0	0	0	0
0	0	0	0
0	0	0	0
0	0	0	0
0	0	0	0
0	0	0	0
0	0	0	0
0	0	0	0
0	0	0	0
0	0	0	0
0	0	0	0
0	0	0	0
0	0	0	0
0	0	0	0
0	0	0	0
0	0	0	0
0	0	0	0
0	0	0	0
0	0	0	0
0	0	0	0
0	0	0	0
0	0	0	0
0	0	0	0
0	0	0	0
0	0	0	0
0	0	0	0
0	0	0	0
0	0	0	0
0	0	0	0
0	0	0	0
0	0	0	0
0	0	0	0
0	0	0	0
0	0	0	0
0	0	0	0
0	0	0	0
0	0	0	0
0	0	0	0
0	0	0	0
0	0	0	0
0	0	0	0
0	0	0	0
0	0	0	0
0	0	0	0
0	0	0	0
0	0	0	0
0	0	0	0
0	0	0	0
0	0	0	0
0	0	0	0
0	0	0	0
0	0	0	0
0	0	0	0
0	0	0	0
0	0	0	0
0	0	0	0
0	0	0	0
0	0	0	0
0	0	0	0
0	0	0	0
0	0	0	0
0	0	0	0
0	0	0	0
0	0	0	0
0	0	0	0
0	0	0	0
0	0	0	0
0	0	0	0
0	0	0	0
0	0	0	0
0	0	0	0
0	0	0	0
0	0	0	0
0	0	0	0
0	0	0	0
0	0	0	0
0	0	0	0
0	0	0	0
0	0	0	0
0	0	0	0
0	0	0	0
0	0	0	0
0	0	0	0
0	0	0	0
0	0	0	0
0	0	0	0
0	0	0	0
0	0	0	0
0	0	0	0
0	0	0	0
0	0	0	0
0	0	0	0
0	0	0	0
0	0	0	0
0	0	0	0
0	0	0	0
0	0	0	0
0	0	0	0
0	0	0	0
0	0	0	0
0	0	0	0
0	0	0	0
0	0	0	0
0	0	0	0
0	0	0	0
0	0	0	0
0	0	0	0
0	0	0	0
0	0	0	0
0	0	0	0
0	0	0	0
0	0	0	0
0	0	0	0
0	0	0	0
0	0	0	0
0	0	0	0
0	0	0	0
0	0	0	0
0	0	0	0
0	0	0	0
0	0	0	0
0	0	0	0
0	0	0	0
0	0	0	0
0	0	0	0
0	0	0	0
0	0	0	0
0	0	0	0
0	0	0	0
0	0	0	0
0	0	0	0
0	0	0	0
0	0	0	0
0	0	0	0
0	0	0	0
0	0	0	0
0	0	0	0
0	0	0	0
0	0	0	0
0	0	0	0
0	0	0	0
0	0	0	0
0	0	0	0
0	0	0	0
0	0	0	0
0	0	0	0
0	0	0	0
0	0	0	0
0	0	0	0
0	0	0	0
0	0	0	0
0	0	0	0
0	0	0	0
0	0	0	0
0	0	0	0
0	0	0	0
0	0	0	0
0	0	0	0
0	0	0	0
0	0	0	0
0	0	0	0
0	0	0	0
0	0	0	0
0	0	0	0
0	0	0	0
0	0	0	0
0	0	0	0
0	0	0	0
0	0	0	0
0	0	0	0
0	0	0	0
0	0	0	0
0	0	0	0
0	0	0	0
0	0	0	0
0	0	0	0
0	0	0	0
0	0	0	0
0	0	0	0
0	0	0	0
0	0	0	0
0	0	0	0
0	0	0	0
0	0	0	0
0	0	0	0
0	0	0	0
0	0	0	0
0	0	0	0
0	0	0	0
0	0	0	0
0	0	0	0
0	0	0	0
0	0	0	0
0	0	0	0
0	0	0	0
0	0	0	0
0	0	0	0
0	0	0	0
0	0	0	0
0	0	0	0
0	0	0	0
0	0	0	0
0	0	0	0
0	0	0	0
0	0	0	0
0	0	0	0
0	0	0	0
0	0	0	0
0	0	0	0
0	0	0	0
0	0	0	0
0	0	0	0
0	0	0	0
0	0	0	0
0	0	0	0
0	0	0	0
0	0	0	0
0	0	0	0
0	0	0	0
0	0	0	0
0	0	0	0
0	0	0	0
0	0	0	0
0	0	0	0
0	0	0	0
0	0	0	0
0	0	0	0
0	0	0	0
0	0	0	0
0	0	0	0
0	0	0	0
0	0	0	0
0	0	0	0
0	0	0	0
0	0	0	0
0	0	0	0
0	0	0	0
0	0	0	0
0	0	0	0
0	0	0	0
0	0	0	0
0	0	0	0
0	0	0	0
0	0	0	0
0	0	0	0
0	0	0	0
0	0	0	0
0	0	0	0
0	0	0	0
0	0	0	0
0	0	0	0
0	0	0	0
0	0	0	0
0	0	0	0
0	0	0	0
0	0	0	0
0	0	0	0
0	0	0	0
0	0	0	0
0	0	0	0
0	0	0	0
0	0	0	0
0	0	0	0
0	0	0	0
0	0	0	0
0	0	0	0
0	0	0	0
0	0	0	0
0	0	0	0
0	0	0	0
0	0	0	0
0	0	0	0
0	0	0	0
0	0	0	0
0	0	0	0
0	0	0	0
0	0	0	0
0	0	0	0
0	0	0	0
0	0	0	0
0	0	0	0
0	0	0	0
0	0	0	0
0	0	0	0
0	0	0	0
0	0	0	0
0	0	0	0
0	0	0	0
0	0	0	0
0	0	0	0
0	0	0	0
0	0	0	0
0	0	0	0
0	0	0	0
0	0	0	0
0	0	0	0
0	0	0	0
0	0	0	0
0	0	0	0
0	0	0	0
0	0	0	0
0	0	0	0
0	0	0	0
0	0	0	0
0	0	0	0
0	0	0	0
0	0	0	0
0	0	0	0
0	0	0	0
0	0	0	0
0	0	0	0
0	0	0	0
0	0	0	0
0	0	0	0
0	0	0	0
0	0	0	0
0	0	0	0
0	0	0	0
0	0	0	0
0	0	0	0
0	0	0	0
0	0	0	0
0	0	0	0
0	0	0	0
0	0	0	0
0	0	0	0
0	0	0	0
0	0	0	0
0	0	0	0
0	0	0	0
0	0	0	0
0	0	0	0
0	0	0	0
0	0	0	0
0	0	0	0
0	0	0	0
0	0	0	0
0	0	0	0
0	0	0	0
0	0	0	0
0	0	0	0
0	0	0	0
0	0	0	0
0	0	0	0
0	0	0	0
0	0	0	0
0	0	0	0
0	0	0	0
0	0	0	0
0	0	0	0
0	0	0	0
0	0	0	0
0	0	0	0
0	0	0	0
0	0	0	0
0	0	0	0
0	0	0	0
0	0	0	0
0	0	0	0
0	0	0	0
0	0	0	0
0	0	0	0
0	0	0	0
0	0	0	0
0	0	0	0
0	0	0	0
0	0	0	0
0	0	0	0
0	0	0	0
0	0	0	0
0	0	0	0
0	0	0	0
0	0	0	0
0	0	0	0
0	0	0	0
0	0	0	0
0	0	0	0
0	0	0	0
0	0	0	0
0	0	0	0
0	0	0	0
0	0	0	0
0	0	0	0
0	0	0	0
0	0	0	0
0	0	0	0
0	0	0	0
0	0	0	0
0	0	0	0
0	0	0	0
0	0	0	0
0	0	0	0
0	0	0	0
0	0	0	0
0	0	0	0
0	0	0	0
0	0	0	0
0	0	0	0
0	0	0	0
0	0	0	0
0	0	0	0
0	0	0	0
0	0	0	0
0	0	0	0
0	0	0	0
0	0	0	0
0	0	0	0
0	0	0	0
0	0	0	0
0	0	0	0
0	0	0	0
0	0	0	0
0	0	0	0
0	0	0	0
0	0	0	0
0	0	0	0
0	0	0	0
0	0	0	0
0	0	0	0
0	0	0	0
0	0	0	0
0	0	0	0
0	0	0	0
0	0	0	0
0	0	0	0
0	0	0	0
0	0	0	0
0	0	0	0
0	0	0	0
0	0	0	0
0	0	0	0
0	0	0	0
0	0	0	0
0	0	0	0
0	0	0	0
0	0	0	0
0	0	0	0
0	0	0	0
0	0	0	0
0	0	0	0
0	0	0	0
0	0	0	0
0	0	0	0
0	0	0	0
0	0	0	0
0	0	0	0
0	0	0	0
0	0	0	0
0	0	0	0
0	0	0	0
0	0	0	0
0	0	0	0
0	0	0	0
0	0	0	0
0	0	0	0
0	0	0	0
0	0	0	0
0	0	0	0
0	0	0	0
0	0	0	0
0	0	0	0
0	0	0	0
0	0	0	0
0	0	0	0
0	0	0	0
0	0	0	0
0	0	0	0
0	0	0	0
0	0	0	0
0	0	0	0
0	0	0	0
0	0	0	0
0	0	0	0
0	0	0	0
0	0	0	0
0	0	0	0
0	0	0	0
0	0	0	0
0	0	0	0
0	0	0	0
0	0	0	0
0	0	0	0
0	0	0	0
0	0	0	0
0	0	0	0
0	0	0	0
0	0	0	0
0	0	0	0
0	0	0	0
0	0	0	0
0	0	0	0
0	0	0	0
0	0	0	0
0	0	0	0
0	0	0	0
0	0	0	0
0	0	0	0
0	0	0	0
0	0	0	0
0	0	0	0
0	0	0	0
0	0	0	0
0	0	0	0
0	0	0	0
0	0	0	0
0	0	0	0
0	0	0	0
0	0	0	0
0	0	0	0
0	0	0	0
0	0	0	0
0	0	0	0
0	0	0	0
0	0	0	0
0	0	0	0
0	0	0	0
0	0	0	0
0	0	0	0
0	0	0	0
0	0	0	0
0	0	0	0
0	0	0	0
0	0	0	0
0	0	0	0
0	0	0	0
0	0	0	0
0	0	0	0
0	0	0	0
0	0	0	0
0	0	0	0
0	0	0	0
0	0	0	0
0	0	0	0
0	0	0	0
0	0	0	0