1	1	1	0
1	2	0	0
1	11	0	0
1	12	0	0
1	23	0	0
1	24	0	0
2	1	0.9999999999999998	3.2210441786029244e-8
2	2	2.4585080126292636e-23	2.6982508501978766e-23
2	11	3.8632110912564395e-135	3.867592172458126e-135
2	12	-2.1054979558694075e-134	1.195478445126005e-134
2	23	4.989090685782202e-12	1.2592489291062945e-11
2	24	-9.05303333535138e-12	-7.234240711867868e-12
3	1	0.9999999999999983	6.442088365532623e-8
3	2	6.3266057920343345e-22	1.2737845859300214e-22
3	11	7.745878464397529e-133	7.434598524337972e-134
3	12	-1.2702292220707838e-132	1.370399864954034e-132
3	23	2.4915139907955273e-11	3.5356820906462844e-11
3	24	-2.375377262012461e-11	-6.4269825412984174e-12
4	1	0.9999999999999954	9.663132545523983e-8
4	2	4.4325473752352494e-21	-1.0110309668978502e-21
4	11	4.4670406126449645e-131	-1.5036689023415717e-131
4	12	-7.025054093053013e-131	8.325520723137032e-131
4	23	7.168562184716321e-11	7.969319460474899e-11
4	24	-4.726111425779919e-11	-1.9776909657035223e-11
5	1	0.9999999999999916	1.288417672413087e-7
5	2	2.242010628694203e-20	-8.783859212719759e-21
5	11	2.1483126591831923e-129	-9.197385789800307e-130
5	12	-3.951529349297847e-129	4.912586427385559e-129
5	23	1.7399724657643417e-10	1.790729141073945e-10
5	24	-1.2119339782162295e-10	-5.304809022991365e-11
6	1	0.9999999999999867	1.6105220905531445e-7
6	2	1.1936885528602465e-19	-4.716830765809876e-20
6	11	1.1739563291884263e-127	-4.623999305223373e-128
6	12	-2.0801169195551903e-127	2.7042318731847447e-127
6	23	4.024107470192946e-10	4.1265689531546825e-10
6	24	-2.845984226399256e-10	-1.1174149424825629e-10
7	1	0.9999999999999807	1.9326265085637363e-7
7	2	6.385703472678857e-19	-2.523566618632222e-19
7	11	6.274761276598615e-126	-2.4834106924590212e-126
7	12	-1.0930142642845797e-125	1.4087881882458587e-125
7	23	9.191266512327009e-10	9.54367690272073e-10
7	24	-6.424898355382478e-10	-2.5627657747907716e-10
8	1	0.9999999999999738	2.2547309273152384e-7
8	2	3.3102336489067173e-18	-1.301567349213436e-18
8	11	3.234432024389077e-124	-1.2677617202962382e-124
8	12	-5.608912980253818e-124	7.165847777687083e-124
8	23	2.0791602582997563e-9	2.1779208531297587e-9
8	24	-1.453772125916455e-9	-5.764775927754675e-10
9	1	0.9999999999999659	2.5768353453249115e-7
9	2	1.669447813037234e-17	-6.52506379825929e-18
9	11	1.62174324772038e-122	-6.333832030530828e-123
9	12	-2.7614463023677886e-122	3.5265732328616153e-122
9	23	4.637681936049251e-9	4.876749865618904e-9
9	24	-3.216621647871064e-9	-1.2470664564434452e-9
10	1	0.999999999999957	2.898939764551555e-7
10	2	8.121577791084734e-17	-3.203327156852483e-17
10	11	7.816692169450067e-121	-3.0959727469587824e-121
10	12	-1.3104666248966802e-120	1.6721923108119373e-120
10	23	1.0169503138759586e-8	1.0710937128834115e-8
10	24	-6.970631826917375e-9	-2.66865515829037e-9
11	1	0.9999999999999468	3.221044188661705e-7
11	2	3.80302635971798e-16	-1.519532411718315e-16
11	11	3.624780353540502e-119	-1.455328219962985e-119
11	12	-5.997519577999902e-119	7.649595873528214e-119
11	23	2.1899569547039297e-8	2.309215950355601e-8
11	24	-1.485762197211954e-8	-5.611137102580824e-9
12	1	0.9999999999999339	3.5431486342290853e-7
12	2	1.7177138059356444e-15	-6.945000954059426e-16
12	11	1.6216759092327397e-117	-6.58723901023868e-118
12	12	-2.645388851764062e-117	3.374257739884545e-117
12	23	4.630952384969422e-8	4.8896871464530014e-8
12	24	-3.1089903762631753e-8	-1.1552780776806521e-8
13	1	0.9999999999999125	3.8652531707020237e-7
13	2	7.486340940450153e-15	-3.0627146441380594e-15
13	11	6.99761027943238e-116	-2.876631918033134e-116
13	12	-1.1252841084918244e-115	1.434819634499374e-115
13	23	9.617608416427599e-8	1.0171311716231608e-7
13	24	-6.385397449198585e-8	-2.3353533583005808e-8
14	1	0.9999999999998621	4.1873580739154584e-7
14	2	3.148296715276421e-14	-1.3030892908471119e-14
14	11	2.9121652848681117e-114	-1.2112810585622938e-114
14	12	-4.6171576298691325e-114	5.8832173222060875e-114
14	23	1.961915120950095e-7	2.0786467035983117e-7
14	24	-1.2878483887209135e-7	-4.633973811958358e-8
15	1	0.9999999999996978	4.5094644115688565e-7
15	2	1.277772967340087e-13	-5.3493017741375645e-14
15	11	1.1691210306095577e-112	-4.9188854132378536e-113
15	12	-1.827200766765572e-112	2.326256987253976e-112
15	23	3.931333008287812e-7	4.173498082375356e-7
15	24	-2.5503549834782663e-7	-9.02053166319305e-8
16	1	0.9999999999991073	4.831576145145628e-7
16	2	5.005347134476416e-13	-2.119344742919405e-13
16	11	4.5276476655944605e-111	-1.9269922268545902e-111
16	12	-6.974520431992775e-111	8.869924795171272e-111
16	23	7.738588826841544e-7	8.232732267615488e-7
16	24	-4.958644767365156e-7	-1.7229496526338048e-7
17	1	0.9999999999969742	5.153707451772901e-7
17	2	1.892454034434215e-12	-8.104433601328493e-13
17	11	1.6914075943039112e-109	-7.282308991971268e-110
17	12	-2.5679336789221155e-109	3.261497680221128e-109
17	23	1.4964319130658128e-6	1.595605021161025e-6
17	24	-9.466168062994557e-7	-3.2291355653002023e-7
18	1	0.9999999999894426	5.475907178784972e-7
18	2	6.90645042492411e-12	-2.991364544975318e-12
18	11	6.0954922714945745e-108	-2.6547692715490692e-108
18	12	-9.120275235995129e-108	1.156542495434867e-107
18	23	2.842732839357815e-6	3.0385193812674393e-6
18	24	-1.7743357882694644e-6	-5.937715633353917e-7
19	1	0.9999999999636904	5.798337402479754e-7
19	2	2.4330800492127023e-11	-1.0657815208588061e-11
19	11	2.1192109125106719e-106	-9.336235102801365e-107
19	12	-3.1246887063359836e-106	3.95513422390805e-106
19	23	5.305310562940196e-6	5.685573167909137e-6
19	24	-3.265439138020694e-6	-1.0711582306428873e-6
20	1	0.9999999998786532	6.121515922480326e-7
20	2	8.274906790540117e-11	-3.6656142445125755e-11
20	11	7.108244357288794e-105	-3.1674887606878876e-105
20	12	-1.0327744182450493e-104	1.3044481701994229e-104
20	23	9.72734446488574e-6	0.000010454050679309562
20	24	-5.90055434461893e-6	-1.895724046158725e-6
21	1	0.999999999607654	6.447035470527911e-7
21	2	2.717140145306274e-10	-1.2171134661857843e-10
21	11	2.3003584119828794e-103	-1.0367298019284382e-103
21	12	-3.2932879256565094e-103	4.149264122490115e-103
21	23	0.00001752268238653536	0.00001888936747483883
21	24	-0.000010468651188653127	-3.29120935614239e-6
22	1	0.9999999987743197	6.779612527060653e-7
22	2	8.614775358358686e-10	-3.901671697249457e-10
22	11	7.182871349824853e-102	-3.27368183605434e-102
22	12	-1.0132273422398474e-101	1.2729364667956239e-101
22	23	0.00003101306342482996	0.000033542779342695317
22	24	-0.000018236202347991447	-5.604863034397476e-6
23	1	0.9999999963016851	7.132691463804619e-7
23	2	2.6375603675862753e-9	-1.2076420279930943e-9
23	11	2.1641910294947224e-100	-9.973361967431235e-101
23	12	-3.0079285535903923e-100	3.766580711816153e-100
23	23	0.00005393147524802186	0.00005854072030304115
23	24	-0.00003119056827284131	-9.362119285891707e-6
24	1	0.9999999892220084	7.543158010606765e-7
24	2	7.798915819998324e-9	-3.6093378711245703e-9
24	11	6.292391129618746e-99	-2.9315282016782706e-99
24	12	-8.616773675313299e-99	1.0749971458545927e-98
24	23	0.00009215311460077127	0.00010042122914883388
24	24	-0.00005237900780087466	-0.00001533730384569731
25	1	0.9999999696600838	8.108401836159693e-7
25	2	2.227358958018054e-8	-1.0417285595626986e-8
25	11	1.7655856098621308e-97	-8.313950637373343e-98
25	12	-2.382179066355387e-97	2.9593901368144357e-97
25	23	0.00015472663884585466	0.00016933054860411345
25	24	-0.0000863646196517629	-0.000024640571525831013
26	1	0.9999999174936106	9.075844335369548e-7
26	2	6.145049215981623e-8	-2.903738430601973e-8
26	11	4.781319769011163e-96	-2.2750739195096586e-96
26	12	-6.3561781063062225e-96	7.858654529674891e-96
26	23	0.0002552851173968073	0.0002806883379349528
26	24	-0.00013981647863069217	-0.0000388183133058544
27	1	0.9999997832187916	1.1050207299357966e-6
27	2	1.637944970585741e-7	-7.817659081653254e-8
27	11	1.249765873958974e-94	-6.007198564807828e-95
27	12	-1.6370155386894042e-94	2.0130859162700708e-94
27	23	0.0004139137511280763	0.00045743889661094815
27	24	-0.00022224090791064807	-0.00005995961982912939
28	1	0.9999994495876231	1.54531026739927e-6
28	2	4.2186816960726797e-7	-2.0330824455623465e-7
28	11	3.15333904770036e-93	-1.5305596317363868e-93
28	12	-4.069976277970029e-93	4.974649551687028e-93
28	23	0.0006595341876072107	0.0007330028737893592
28	24	-0.0003468421833165967	-0.0000907952865777113
29	1	0.9999986492782988	2.549828801150872e-6
29	2	1.0500937137336784e-6	-5.107841593711265e-7
29	11	7.680982260603161e-92	-3.763077828668838e-92
29	12	-9.76933595877638e-92	1.1859528476286623e-91
29	23	0.0010328264587788957	0.0011550226790519138
29	24	-0.0005314727166141011	-0.00013476861127391395
30	1	0.9999967956460536	4.817025392795383e-6
30	2	2.526560317102372e-6	-1.2398570653088845e-6
30	11	1.8063998536338671e-90	-8.92817642042196e-91
30	12	-2.2642743241697874e-90	2.7276986631377875e-90
30	23	0.0015896426136722834	0.001789948587844973
30	24	-0.0007995945683513743	-0.00019604958249726075
31	1	0.9999926496936064	9.805742300233474e-6
31	2	5.877122214459086e-6	-2.9080882475582345e-6
31	11	4.1021669215011406e-89	-2.0441805350050864e-89
31	12	-5.068110043206836e-89	6.0529771276044766e-89
31	23	0.0024047658057826746	0.0027284358043616237
31	24	-0.0011811276308130209	-0.00027945770658501683
32	1	0.9999836934374394	0.000020443299036761093
32	2	0.000013219759005890163	-6.591700278846432e-6
32	11	8.99644567413116e-88	-4.516690699684131e-88
32	12	-1.095680778005789e-87	1.2959996024920133e-87
32	23	0.0035757326451720498	0.004091412564688313
32	24	-0.0017130097714075899	-0.00039025616447653624
33	1	0.999965003720367	0.00004237025899987572
33	2	0.00002876100930998723	-0.000014440927512543356
33	11	1.905668721862489e-86	-9.630961835786311e-87
33	12	-2.28832275246832e-86	2.677457203565408e-86
33	23	0.00522626704446301	0.006036536807108054
33	24	-0.0024392487169868256	-0.0005337840417282583
34	1	0.9999273218932898	0.00008601755135995232
34	2	0.00006053583245168817	-0.000030581247466463436
34	11	3.8994907523436524e-85	-1.9818207685870245e-85
34	12	-4.617706813320616e-85	5.337508558650214e-85
34	23	0.007508677470172334	0.0087645897643159
34	24	-0.003410215430063105	-0.0007149070750483709
35	1	0.9998539044097396	0.00016988504346009288
35	2	0.0001232999716328827	-0.00006260830194977273
35	11	7.709421379308146e-84	-3.9354270839119254e-84
35	12	-9.005299770680018e-84	1.0267520072846065e-83
35	23	0.010604357672643878	0.012525168745922497
35	24	-0.004680927258603346	-0.0009372935635325705
36	1	0.9997156444281508	0.0003254119887757994
36	2	0.00024309600673798684	-0.00012393006480012765
36	11	1.4728600787781284e-82	-7.540926942740409e-83
36	12	-1.6975608592264216e-82	1.9059397950545295e-82
36	23	0.014721317714792796	0.017620849520971076
36	24	-0.006308109814461499	-0.001202562173987055
37	1	0.9994639238394243	0.0006037344804042297
37	2	0.0004640736938115007	-0.00023721108171834165
37	11	2.7195727984240855e-81	-1.3941636520207882e-81
37	12	-3.093890586030795e-81	3.414005207018439e-81
37	23	0.020087473981668515	0.024408800080252813
37	24	-0.008345920716980081	-0.0015094004607303377
38	1	0.99902075976866	0.0010843321180359876
38	2	0.0008580780974778902	-0.0004390785429472162
38	11	4.854132214500814e-80	-2.4864427287481247e-80
38	12	-5.4530093359168734e-80	5.900768792033585e-80
38	23	0.026938267113484377	0.0332986467911741
38	24	-0.010840372193349228	-0.001852809927002247
39	1	0.9982661342956968	0.0018849986066472567
39	2	0.0015372305596262827	-0.0007859923986347323
39	11	8.376476224197392e-79	-4.276562914828328e-79
39	12	-9.296453355159759e-79	9.840023384658408e-79
39	23	0.03549709946306254	0.04474522481856952
39	24	-0.013822701123646457	-0.002223680737873832
40	1	0.9970230182707825	0.003171694079936952
40	2	0.002669122099327643	-0.0013606978880571015
40	11	1.3976793446048572e-77	-7.090558270680511e-78
40	12	-1.5333462850720129e-77	1.5828744136947376e-77
40	23	0.04594717906342843	0.0592347042036095
40	24	-0.017302190888373106	-0.0026089131536443464
41	1	0.995041554894811	0.005165711011817963
41	2	0.004493259045129486	-0.002277941755169111
41	11	2.2552427855522565e-76	-1.1325995856574686e-76
41	12	-2.447289366853021e-76	2.4554640107016688e-76
41	23	0.05839379134417874	0.07726252784810998
41	24	-0.02125921936715666	-0.00299225360594544
42	1	0.9919851039410348	0.008144423463133082
42	2	0.007336083878551067	-0.0036872067951511014
42	11	3.519189438087442e-75	-1.7415177515558012e-75
42	12	-3.7801937772942356e-75	3.6717433399187914e-75
42	23	0.07281704328914541	0.09930175512208358
42	24	-0.02563954051884731	-0.0033558759221178937
43	1	0.9874221759340036	0.01243109351038889
43	2	0.011620435550558498	-0.005769321480071104
43	11	5.310762608139457e-74	-2.574909498095111e-74
43	12	-5.651484070568262e-74	5.289364157540208e-74
43	23	0.08901701690610654	0.12576098616086911
43	24	-0.030350930160890008	-0.0036825119845961584
44	1	0.9808293512988029	0.018369350541858676
44	2	0.01786411091907108	-0.00872334833155775
44	11	7.750203460613059e-73	-3.655631576629193e-73
44	12	-8.177783629519394e-73	7.334617240627902e-73
44	23	0.10655617854297021	0.15693230319733323
44	24	-0.03526325584743829	-0.003957668623270764
45	1	0.9716105640868217	0.026279654704697886
45	2	0.02666182964862259	-0.01274072584230832
45	11	1.0936175703073004e-71	-4.974374118803749e-72
45	12	-1.1452605177080253e-71	9.779934825895377e-72
45	23	0.12470757235645805	0.1929317830709436
45	24	-0.040212700396017806	-0.004171265176318523
46	1	0.9591370381326456	0.0363987040831878
46	2	0.038646045157576706	-0.017965795849397746
46	11	1.4919352853993524e-70	-6.4726000912283e-71
46	12	-1.552052247372695e-70	1.2522441673869501e-70
46	23	0.14242087260509487	0.2336379988121263
46	24	-0.04501027627137706	-0.004318030085267587
47	1	0.9428092260637098	0.04880815750695604
47	2	0.054425155553717255	-0.024445782614010276
47	11	1.9673974204013325e-69	-8.029248995945433e-70
47	12	-2.0349422106520718e-69	1.5370286542395777e-69
47	23	0.15832015595951876	0.2786369220698456
47	24	-0.0494540139491681	-0.004396310496009451
48	1	0.9221372922250763	0.06336510991307567
48	2	0.07450269050828959	-0.03207839950499096
48	11	2.5073585471072625e-68	-9.457579938774376e-69
48	12	-2.580680386696731e-68	1.8044340640763764e-68
48	23	0.17074535859851903	0.3271835693403647
48	24	-0.053343491771274856	-0.004405551286768733
49	1	0.8968307449837137	0.07965140835583279
49	2	0.09918709447634862	-0.040569930477100065
49	11	3.08785069294389e-67	-1.0517995617026988e-67
49	12	-3.1647555310772696e-67	2.020113697625627e-67
49	23	0.17784256604400075	0.37819009606656573
49	24	-0.05649492919578076	-0.004343379389636732
50	1	0.8668823947012823	0.09695965058548639
50	2	0.1285070623542889	-0.04941857105286344
50	11	3.674176069143888e-66	-1.0949306870867446e-66
50	12	-3.752005754013343e-66	2.1478119545914688e-66
50	23	0.17769722088794065	0.4302456880790674
50	24	-0.05875503907122942	-0.004203645713421772
51	1	0.83262905693071	0.11432879020280295
51	2	0.1621498916828685	-0.05793504621000628
51	11	4.223674662906368e-65	-1.0515077911507483e-65
51	12	-4.299421362943403e-65	2.15552484848697e-65
51	23	0.16849229165648175	0.48166564483732593
51	24	-0.06001220666659256	-0.003976634269552469
52	1	0.7947731524902782	0.1306318752469619
52	2	0.1994383780514523	-0.0653047043182162
52	11	4.6904488756685975e-64	-9.055444817253834e-65
52	12	-4.7609455261218556e-64	2.0220194881140777e-64
52	23	0.14866556775182793	0.5305574908948407
52	24	-0.06020415009877264	-0.0036518947855756264
53	1	0.7543559706416467	0.14470528930608134
53	2	0.23935522432746018	-0.07068444206280215
53	11	5.031255184693737e-63	-6.531034671039073e-64
53	12	-5.093473038372711e-63	1.7420867880888056e-63
53	23	0.11704126720076666	0.5748844363841545
53	24	-0.05932177901354332	-0.0032230655505923345
54	1	0.7126832387600268	0.15549738904777632
54	2	0.28061443922380264	-0.0733177755272319
54	11	5.211402708506797e-62	-3.0465306891592206e-63
54	12	-5.262838206915007e-62	1.3290967661293537e-62
54	23	0.0729225665430112	0.6125050347989887
54	24	-0.05740933965058405	-0.002693109029791146
55	1	0.671213606396529	0.16220880944230912
55	2	0.3217697562477391	-0.07264595733324798
55	11	5.209491972055175e-61	1.1529877410335665e-62
55	12	-5.248560703831325e-61	8.141329276412976e-62
55	23	0.01615016137729219	0.6411749586535446
55	24	-0.05456108581139447	-0.002078021432753048
56	1	0.6314274135044035	0.16439875765226158
56	2	0.3613436708664261	-0.06839405794126821
56	11	5.02018220024334e-60	5.711989670868291e-61
56	12	-5.046498088095931e-60	2.4191694199461236e-61
56	23	-0.05284968184387498	0.6585120306030592
56	24	-0.05091473285683294	-0.0014074724826143026
57	1	0.594694882411822	0.16203999807676428
57	2	0.39795880980800363	-0.06061734165661986
57	11	4.654720703887847e-59	1.0213178377199288e-59
57	12	-4.6691540125361325e-59	-3.354853136921313e-60
57	23	-0.13299395622259996	0.6619455962578725
57	24	-0.046641972632270066	-0.0007218276771946905
58	1	0.5621601282686806	0.1555164188122686
58	2	0.4304555383320402	-0.04970206119841361
58	11	4.1394603963546446e-58	1.4234356045849424e-58
58	12	-4.143937535709483e-58	-8.658252402068566e-59
58	23	-0.22241845675079155	0.6486907784397412
58	24	-0.04193647549153925	-0.0000662105621590317
59	1	0.53465231242395	0.14556737559124505
59	2	0.4579840536740801	-0.036322863461998506
59	11	3.5128559049291026e-57	1.7403587129746494e-57
59	12	-3.509954529925918e-57	-1.3034315949855136e-57
59	23	-0.31828792333832945	0.6158017708081542
59	24	-0.03700013539422333	0.0005167791648034636
60	1	0.5126303203526278	0.13319027200710282
60	2	0.4800636121557914	-0.021364688782776163
60	11	2.8214451408022507e-56	1.9445439860360973e-56
60	12	-2.8139055002399986e-56	-1.6146445968466235e-56
60	23	-0.41655818245002474	0.5603618796732328
60	24	-0.03202875954323401	0.0009937102804403498
61	1	0.49616388078236756	0.11951683068849984
61	2	0.49660488423872057	-0.005820437719190887
61	11	2.115210972140335e-55	2.0213672985820707e-55
61	12	-2.1054992676872782e-55	-1.7813770959088324e-55
61	23	-0.5117429989516956	0.47985869120943164
61	24	-0.027198775278664798	0.0013446792176685595
62	1	0.48495183010565907	0.10568015524878117
62	2	0.5078939522780461	0.009322282694576002
62	11	1.442638329158147e-54	1.970726013248918e-54
62	12	-1.4326599604091056e-54	-1.8025332715016754e-54
62	23	-0.5967729013913726	0.37276881661398437
62	24	-0.022656591201066605	0.0015645922134555775
63	1	0.47837603261982764	0.09268985259306954
63	2	0.5145391883736642	0.023190707671386188
63	11	8.458311387245866e-54	1.8067534590077327e-53
63	12	-8.368263112674986e-54	-1.6932004621704443e-53
63	23	-0.6630601775311861	0.23933726830873178
63	24	-0.01851187376058016	0.001661579777992872
64	1	0.4755861659908164	0.08133130517317538
64	2	0.5173860365858649	0.03511784262395363
64	11	3.5620642633459067e-53	1.5555643792756597e-52
64	12	-3.4880022757865302e-53	-1.4817143210010507e-52
64	23	-0.7008961111064975	0.08248191493239704
64	24	-0.014835258142152464	0.0016534972395910127
65	1	0.4756060790704922	0.07210213783920645
65	2	0.5174094918616594	0.04470154791471905
65	11	-8.581829484185607e-54	1.251221769632005e-51
65	12	1.4236290872771838e-53	-1.2049572346105041e-51
65	23	-0.700294740122984	-0.09131375012220375
65	24	-0.011660162143971184	0.001563722857298555
66	1	0.47744788451760223	0.06519354398255228
66	2	0.5155986309864672	0.05182301681381936
66	11	-2.458603461995337e-51	9.304906857564463e-51
66	12	2.4991014227191858e-51	-9.025735050095507e-51
66	23	-0.6523522284835284	-0.27132918823282115
66	24	-0.00898771450210223	0.0014172647523684673
67	1	0.48021722471669126	0.06051671566009695
67	2	0.5128501299609611	0.056622914970265906
67	11	-3.6692637098226557e-50	6.272951740981071e-50
67	12	3.6966531869234983e-50	-6.110696944802948e-50
67	23	-0.5511030695125742	-0.4424313016720527
67	24	-0.006793523179954041	0.0012377511074162734
68	1	0.4831938516662169	0.057766498351773284
68	2	0.5098868072396707	0.059441635082218676
68	11	-3.938987435363316e-49	3.6795958907571634e-49
68	12	3.956556484284116e-49	-3.588771919595771e-49
68	23	-0.39571881150853694	-0.5857038896882953
68	24	-0.005035081085400247	0.001045458064058103
69	1	0.4858762808897243	0.056507602769266654
69	2	0.5072124551071779	0.06073723857177805
69	11	-3.55036358129689e-48	1.6818837813446865e-48
69	12	3.561085191941786e-48	-1.6329222340914243e-48
69	23	-0.19271754569793986	-0.6801642968082717
69	24	-0.003658887284120999	0.0008562734250076636
70	1	0.4879868528540443	0.05626522303451343
70	2	0.5051065568151147	0.060998553537485276
70	11	-2.795220293335325e-47	3.2324231849871766e-48
70	12	2.801459056921552e-47	-2.9782454597472115e-48
70	23	0.04234253497300065	-0.7057261858987542
70	24	-0.0026066839586277235	0.000681406481887855
71	1	0.4894419541367013	0.05660280751963567
71	2	0.5036540374918371	0.06067037068635398
71	11	-1.928281015020535e-46	-4.515550640659311e-47
71	12	1.9317484982655146e-46	4.642614513477167e-47
71	23	0.28437446666099	-0.6473190731836295
71	24	-0.0018204760028879617	0.0005276568789230978
72	1	0.4902989533916096	0.057174703585349436
72	2	0.5027984019160368	0.060102967331226886
72	11	-1.1357593635450866e-45	-7.650123105558723e-46
72	12	1.1376026548147557e-45	7.711284337589701e-46
72	23	0.5002199750602175	-0.49969756353735967
72	24	-0.001246196621410971	0.0003980719072913045
73	1	0.4906947026151363	0.057748845958644796
73	2	0.5024033419590079	0.05953089087944464
73	11	-5.234494234192592e-45	-7.686259269230673e-45
73	12	5.243875983715715e-45	7.714602836030718e-45
73	23	0.652641988375815	-0.2720080604414233
73	24	-0.0008360342582298543	0.00029282398341834567
74	1	0.4907895893792205	0.05820226661630866
74	2	0.5023087888302554	0.05907838414905327
74	11	-1.2337849707092596e-44	-6.076683961361717e-44
74	12	1.2383600042342073e-44	6.089328392084381e-44
74	23	0.7069989651802578	0.009263766135742979
74	24	-0.0005495627581618531	0.00021014214785679419
75	1	0.49072684449838133	0.05849779832226254
75	2	0.5023716884227182	0.05878324125246128
75	11	8.64848576040777e-44	-3.965503897632827e-43
75	12	-8.627101001499382e-44	3.970933309047582e-43
75	23	0.6399848868998997	0.30058540638184666
75	24	-0.00035391314509572273	0.0001471554991331891
76	1	0.49061086819658106	0.0586526398467774
76	2	0.5024877334601352	0.05862855869280995
76	11	1.5726875987436307e-42	-2.0800613930733475e-42
76	12	-1.5717293238778757e-42	2.0823051872019214e-42
76	23	0.44881519437645173	0.5463464789008639
76	24	-0.00022327512965986788	0.0001005573204448275
77	1	0.49050277094650335	0.05870840250391612
77	2	0.5025958599685592	0.05857285840433005
77	11	1.4638632749480968e-41	-7.492055472842292e-42
77	12	-1.463451563961633e-41	7.50098069156611e-42
77	23	0.15823505483048445	0.6891216299381617
77	24	-0.0001380111517107319	0.00006706070887367287
78	1	0.49042769009547144	0.058708900625206575
78	2	0.5026709527543602	0.0585723836702177
78	11	1.0178557935948895e-40	-4.942240032099742e-43
78	12	-1.0176861535108842e-40	5.284042950389729e-43
78	23	-0.17786801017047454	0.6843157874569358
78	24	-0.00008361543816311625	0.00004366762196648329
79	1	0.4903873503630091	0.0586878537507858
79	2	0.5027112971557101	0.05859343882212517
79	11	5.481972061777895e-40	2.862302777993011e-40
79	12	-5.481301209157936e-40	-2.8610419975967047e-40
79	23	-0.4831406189433872	0.5162356846938413
79	24	-0.00004967856222009048	0.00002779957781537802
80	1	0.49037241773021534	0.058665279810405126
80	2	0.5027262315431428	0.0586160154112788
80	11	2.0387273682687342e-39	3.073566709439559e-39
80	12	-2.0384723702334292e-39	-3.0731186236537085e-39
80	23	-0.674948676106719	0.21063726928779275
80	24	-0.000028948576777112058	0.00001733995824967211
81	1	0.4903714581368006	0.05864950600941876
81	2	0.5027271917717306	0.05863178984432572
81	11	1.3783754773947375e-39	2.1548640991610158e-38
81	12	-1.3774417853377144e-39	-2.1547107005860895e-38
81	23	-0.6881911857050018	-0.16222405461112666
81	24	-0.00001652805397642489	0.000010625070650958092
82	1	0.4903756520397549	0.05864147819436028
82	2	0.5027229980908907	0.05863981759621987
82	11	-5.683780122397158e-38	1.1031114074663125e-37
82	12	5.68411016541778e-38	-1.1030609111289022e-37
82	23	-0.5009103523579236	-0.49901169793828914
82	24	-9.215543032256327e-6	6.405719041614636e-6
83	1	0.49038005557190434	0.05863890878417332
83	2	0.5027185946338493	0.05864238671287318
83	11	-6.013451528386302e-37	3.5844761329386754e-37
83	12	6.013564209162353e-37	-3.584316958465461e-37
83	23	-0.15243418171589035	-0.6904257996115659
83	24	-4.985094827410182e-6	3.7905503156983126e-6
84	1	0.49038287401753866	0.05863905607690476
84	2	0.5027157762126584	0.058642239053503756
84	11	-3.8741666982801684e-36	-1.465079108763655e-37
84	12	3.8742037091034534e-36	1.4655562691006964e-37
84	23	0.2561447206599473	-0.6590249738704766
84	24	-2.5912042416405952e-6	2.178418344210259e-6
85	1	0.49038409938204314	0.058639989065723
85	2	0.5027145508556845	0.05864130567599517
85	11	-1.701780374867722e-35	-1.2432913281050144e-35
85	12	1.7017919310068384e-35	1.2433048244092642e-35
85	23	0.5859040624731607	-0.39577833942322754
85	24	-1.2832542075501243e-6	1.1869730352637406e-6
86	1	0.49038435101417804	0.058640780715416785
86	2	0.5027142992256594	0.058640513631354176
86	11	-3.632072551505139e-35	-1.0643812762320554e-34
86	12	3.6321060196636954e-35	1.064384874926327e-34
86	23	0.7067369140147811	0.021142492775041204
86	24	-6.110156927326792e-7	5.852385606439526e-7
87	1	0.49038421674958055	0.05864120236501115
87	2	0.5027144334907403	0.05864009158515668
87	11	1.7407801556738791e-34	-5.6279282466355105e-34
87	12	-1.7407715670633593e-34	5.627937569324566e-34
87	23	0.5533653383283746	0.4401259702671853
87	24	-3.010636919876488e-7	2.3697464340777118e-7
88	1	0.4903840347525833	0.05864134309244879
88	2	0.5027146154877888	0.0586399504607015
88	11	2.4578957102616356e-33	-1.770189389125826e-33
88	12	-2.4578939302668932e-33	1.77019199506279e-33
88	23	0.16730567047059353	0.686973708051021
88	24	-1.8397889787303263e-7	5.886578020658391e-8
89	1	0.4903839225720858	0.05864135220115119
89	2	0.5027147276682474	0.058639940954874625
89	11	1.527526842492867e-32	6.165611545725422e-34
89	12	-1.5275266121797211e-32	-6.1655203764142115e-34
89	23	-0.3005926013484518	0.6399751153127979
89	24	-1.5433476057557412e-7	-5.9309454648180096e-9
90	1	0.4903838805061061	0.05864133090364034
90	2	0.5027147697341807	0.05863996185522708
90	11	5.680658925274089e-32	5.00933564927575e-32
90	12	-5.680658927068453e-32	-5.009331725396193e-32
90	23	-0.6410007250738761	0.29839927893527396
90	24	-1.4929935731439596e-7	-1.3395279769142816e-9
91	1	0.490383875373769	0.05864132033091367
91	2	0.5027147748664751	0.05863997203078123
91	11	5.428766241859253e-32	3.642932400566998e-31
91	12	-5.42876535760172e-32	-3.6429306727335158e-31
91	23	-0.6798456714369083	-0.19425221276193191
91	24	-1.362226061511799e-7	3.688246275026366e-8
92	1	0.4903838806237411	0.05864132565686423
92	2	0.5027147696164612	0.05863996630765168
92	11	-9.488786426001868e-31	1.4800798658016087e-30
92	12	9.488788805745741e-31	-1.4800791994555106e-30
92	23	-0.3758656958378173	-0.5988731401581187
92	24	-1.0378367039504114e-7	8.094252794048242e-8
93	1	0.49038388450754444	0.05864134007906505
93	2	0.5027147657326153	0.05863995148826909
93	11	-7.950446193260334e-30	2.1561634362448124e-30
93	12	7.95044837007054e-30	-2.1561614785970178e-30
93	23	0.13319839887509244	-0.6943934374617696
93	24	-5.443020580378221e-8	1.1203699684394176e-7
94	1	0.49038388498162805	0.0586413572374923
94	2	0.5027147652584874	0.05863993393265898
94	11	-3.344754963606668e-29	-1.7792989695774695e-29
94	12	3.344756322560217e-29	1.7792992331815112e-29
94	23	0.5782035588281559	-0.40694557875665205
94	24	2.2806774096042944e-9	1.206539378791914e-7
95	1	0.49038388342461764	0.05864137421854011
95	2	0.502714766815451	0.058639916554427934
95	11	-5.22268474950654e-29	-1.6285849071376097e-28
95	12	5.22269133557853e-29	1.6285847526863203e-28
95	23	0.6965326285064	0.12151689983404426
95	24	5.506308705763633e-8	1.0550134338192307e-7
96	1	0.4903838812648484	0.05864139048749051
96	2	0.5027147689751726	0.0586398998882942
96	11	3.4934944216784406e-28	-6.725065425015826e-28
96	12	-3.4934919193123186e-28	6.72506379414758e-28
96	23	0.3957675944412004	0.5859113164147414
96	24	9.459711459298627e-8	7.12946261459071e-8
97	1	0.49038387914552906	0.058641406339493496
97	2	0.5027147710944433	0.05863988363910771
97	11	3.1636361104397816e-27	-9.24803803929642e-28
97	12	-3.163635441753408e-27	9.248028329107626e-28
97	23	-0.15976342171349184	0.6887668027637098
97	24	1.1543771046650502e-7	2.6045709050594056e-8
98	1	0.49038387717235044	0.05864142207876551
98	2	0.5027147730675722	0.058639867502652133
98	11	1.2063208631786427e-26	7.243483112487639e-27
98	12	-1.206320817737248e-26	-7.243487776694845e-27
98	23	-0.6195216058644702	0.3407595037148261
98	24	1.1638381292294105e-7	-2.148322778196671e-8
99	1	0.49038387527771093	0.0586414378321575
99	2	0.5027147749621611	0.058639851352076465
99	11	1.0962031560546757e-26	5.793186154965503e-26
99	12	-1.0962039820967905e-26	-5.793188115128989e-26
99	23	-0.6629341895649079	-0.24585019790645463
99	24	9.977656202276723e-8	-6.370179746054459e-8
100	1	0.49038387340048023	0.05864145361458653
100	2	0.5027147768393401	0.05863983517246364
100	11	-1.5132205661473425e-25	1.8948350920010107e-25
100	12	1.5132198995089335e-25	-1.8948358165376986e-25
100	23	-0.23557147271149542	-0.6666559388091793
100	24	7.025264941790889e-8	-9.530129730766025e-8
101	1	0.4903838715186731	0.058641469410347945
101	2	0.5027147787210945	0.05863981897951832
101	11	-9.7874422302302e-25	1.7745627046543753e-26
101	12	9.787438803077842e-25	-1.774584768762304e-26
101	23	0.3721756415649021	-0.6011733122244688
101	24	3.3403723141537426e-8	-1.135967994941178e-7
102	1	0.4903838696314583	0.05864148520809262
102	2	0.5027147806082553	0.058639802784589586
102	11	-2.4756824917256248e-24	-2.9858213416067725e-24
102	12	2.4756810611161326e-24	2.9858209168956445e-24
102	23	0.7031986570859589	-0.0737272553248111
102	24	-5.352338344973194e-9	-1.1828930683889422e-7
103	1	0.4903838677422805	0.05864150100462055
103	2	0.5027147824973784	0.058639786590877506
103	11	3.325558587213248e-24	-1.4713110533745244e-23
103	12	-3.325563919117808e-24	1.4713111102492208e-23
103	23	0.47949729155978693	0.5196214072688372
103	24	-4.15386430162661e-8	-1.1088692126166144e-7
104	1	0.49038386585301874	0.05864151680024351
104	2	0.5027147843865836	0.05863977039807022
104	11	5.2666472109230574e-23	-2.3270585694851036e-23
104	12	-5.266649097514604e-23	2.327059647936396e-23
104	23	-0.14236778573275516	0.6925716375153985
104	24	-7.20032867044664e-8	-9.400539286601899e-8
105	1	0.49038386396402034	0.05864153259563504
105	2	0.5027147862755246	0.058639754205494256
105	11	1.8565364083610134e-22	1.098524963498358e-22
105	12	-1.856537051837314e-22	-1.0985243082647845e-22
105	23	-0.6506713874462278	0.27667816152346886
105	24	-9.498116933523633e-8	-7.071137717097856e-8
106	1	0.4903838620751509	0.05864154839105818
106	2	0.502714788164336	0.0586397380128866
106	11	5.408485059760788e-23	7.914031121003471e-22
106	12	-5.408505028850679e-23	-7.9140282195179305e-22
106	23	-0.5906693257258717	-0.38863068220580566
106	24	-1.0993264549370927e-7	-4.400389613297072e-8
107	1	0.49038386018629815	0.0586415641865277
107	2	0.50271479005313	0.05863972182023245
107	11	-2.2742270239911044e-21	1.7391315297369704e-21
107	12	2.274226539286763e-21	-1.7391304382352378e-21
107	23	0.009295445787337181	-0.7069919760455707
107	24	-1.1726161008310115e-7	-1.6469528968143365e-8
108	1	0.4903838582974341	0.058641579982011596
108	2	0.5027147919419339	0.0586397056275638
108	11	-9.522592917441705e-21	-3.489538902079675e-21
108	12	9.522592404282108e-21	3.4895427654156806e-21
108	23	0.607298454069061	-0.36209480414738837
108	24	-1.1799828621615439e-7	9.896203641736736e-9
109	1	0.4903838564085628	0.05864159577749483
109	2	0.5027147938307436	0.058639689434895656
109	11	-6.919222031449784e-21	-3.457583480816141e-20
109	12	6.919224741896858e-21	3.457584864361129e-20
109	23	0.6203785036024021	0.3391969513030019
109	24	-1.1350589353652191e-7	3.3733399955727775e-8
110	1	0.49038385451969013	0.05864161157297599
110	2	0.5027147957195544	0.058639673242229476
110	11	8.979924947372752e-20	-8.009317137865983e-20
110	12	-8.979922844458545e-20	8.009322127861078e-20
110	23	0.010213401943021602	0.7069793108188933
110	24	-1.052442350222083e-7	5.426952174328197e-8
111	1	0.4903838526308174	0.058641627368456434
111	2	0.5027147976083638	0.05863965704956388
111	11	3.813188421274037e-19	1.3043782864049402e-19
111	12	-3.813187510405232e-19	-1.3043765967049051e-19
111	23	-0.616647568839052	0.34593328164560005
111	24	-9.460195892047614e-8	7.121797034286374e-8
112	1	0.4903838507419443	0.05864164316393684
112	2	0.5027147994971726	0.058639640856898184
112	11	2.1802593816991525e-19	1.3067340981265558e-18
112	12	-2.1802560491229297e-19	-1.3067335951883211e-18
112	23	-0.5911295574245297	-0.38793028477329183
112	24	-8.279462478641327e-8	8.465565552571298e-8
113	1	0.490383848853071	0.05864165895941731
113	2	0.5027148013859811	0.05863962466423239
113	11	-3.422555267428855e-18	2.560385632236056e-18
113	12	3.422556510584655e-18	-2.560384333405978e-18
113	23	0.08461608061167872	-0.7019716364691138
113	24	-7.081745784464578e-8	9.49021472950572e-8
114	1	0.490383846964197	0.0586416747548977
114	2	0.502714803274789	0.05863960847156652
114	11	-1.2070156516428678e-17	-6.124200599198074e-18
114	12	1.2070161397940534e-17	6.124203762361316e-18
114	23	0.6705266931344956	-0.2243167699912908
114	24	-5.943847701347909e-8	1.0241385328139431e-7
115	1	0.49038384507532257	0.05864169055037803
115	2	0.5027148051635966	0.0586395922789006
115	11	1.2003249600423933e-18	-4.2048681162541664e-17
115	12	-1.2003066857009459e-18	4.204868979788031e-17
115	23	0.480727765033628	0.5184832450822116
115	24	-4.92178757125943e-8	1.0769925999246864e-7
116	1	0.49038384318644745	0.05864170634585828
116	2	0.502714807052403	0.05863957608623457
116	11	1.1846153578608439e-16	-4.931437172195962e-17
116	12	-1.1846147556196514e-16	4.931439871248716e-17
116	23	-0.2859623118403197	0.6466448915070369
116	24	-4.0541610174917917e-8	1.1125604584327987e-7
117	1	0.49038384129757184	0.0586417221413385
117	2	0.5027148089412091	0.058639559893568484
117	11	2.7544037678983066e-16	2.677903126149665e-16
117	12	-2.7544020132430415e-16	-2.6779023420865795e-16
117	23	-0.7067843256121916	-0.01949298781940567
117	24	-3.3659951169012354e-8	1.1352769520894823e-7
118	1	0.49038383940869573	0.05864173793681863
118	2	0.5027148108300148	0.05863954370090235
118	11	-4.23219728631764e-16	1.0464719847266355e-15
118	12	4.232202226655699e-16	-1.0464718064191654e-15
118	23	-0.23794055457817462	-0.6658140521138308
118	24	-2.8724523457612618e-8	1.1487572260603664e-7
119	1	0.4903838375198192	0.05864175373229872
119	2	0.5027148127188198	0.05863952750823614
119	11	-3.2550637095386006e-15	-4.991003896691737e-17
119	12	3.25506520107241e-15	4.9910358909761143e-17
119	23	0.5425926939412228	-0.45334007983721764
119	24	-2.5819681893294363e-8	1.1556328966867594e-7
120	1	0.490383835630942	0.05864176952777874
120	2	0.5027148146076245	0.05863951131556987
120	11	-3.0349345303349454e-15	-8.700508194872325e-15
120	12	3.0349392535221086e-15	8.70050892382653e-15
120	23	0.6064527701855704	0.3635094180890723
120	24	-2.4985802705726986e-8	1.1574644510854399e-7
121	1	0.4903838337420644	0.058641785323258706
121	2	0.5027148164964286	0.058639495122903534
121	11	2.0088270392058955e-14	-1.5867607496847943e-14
121	12	-2.0088256382553885e-14	1.5867610440729612e-14
121	23	-0.15649603732667744	0.689516533381365
121	24	-2.6233224179221745e-8	1.1547011665914558e-7
122	1	0.4903838318531863	0.0586418011187386
122	2	0.5027148183852324	0.05863947893023717
122	11	5.810160455555601e-14	3.8681209711863173e-14
122	12	-5.810156762610314e-14	-3.868119862207875e-14
122	23	-0.7050328457215029	0.05341110333111862
122	24	-2.9546274527785842e-8	1.1466711626984663e-7
123	1	0.4903838299643077	0.058641816914218464
123	2	0.5027148202740357	0.058639462737570744
123	11	-5.351133614384382e-14	1.7896611371568625e-13
123	12	5.351142817929017e-14	-1.789660834017708e-13
123	23	-0.24669858004843057	-0.6626189478933548
123	24	-3.487725052437769e-8	1.1315965397602434e-7
124	1	0.4903838280754285	0.05864183270969824
124	2	0.5027148221628384	0.05863944654490425
124	11	-4.905999337650802e-13	-5.777406717943021e-15
124	12	4.906001775186853e-13	5.777477426045571e-15
124	23	0.5757816410145373	-0.4103651561424473
124	24	-4.21305551166197e-8	1.1066411440787487e-7
125	1	0.4903838261865488	0.05864184850517796
125	2	0.5027148240516406	0.0586394303522377
125	11	-3.116029692431983e-13	-1.2258525437534684e-12
125	12	3.1160365217560345e-13	1.2258527577075658e-12
125	23	0.537676526107408	0.4591601167112388
125	24	-5.113766801480355e-8	1.0680107116560909e-7
126	1	0.4903838242976686	0.05864186430065761
126	2	0.502714825940442	0.05863941415957106
126	11	2.821444303169729e-12	-1.5105134248151067e-12
126	12	-2.8214425242924423e-12	1.5105142441544796e-12
126	23	-0.32650147792962575	0.6271529673173679
126	24	-6.162440400675681e-8	1.0111361294566511e-7
127	1	0.49038382240878825	0.058641880096137244
127	2	0.5027148278292428	0.05863939796690436
127	11	1.104520183094028e-11	-1.7796942810271604e-12
127	12	-1.104519817038014e-11	1.779693986929142e-12
127	23	0.2824872070435916	0.6481705310810731
127	24	1.1839725267566555e-7	-1.902748267209963e-9
128	1	0.49038382051990725	0.058641895891616815
128	2	0.5027148297180433	0.0586393817742376
128	11	2.347079173058955e-11	-1.7832847545488275e-11
128	12	-2.347079310582749e-11	1.7832846420448383e-11
128	23	0.6781738266712766	0.20001080051648845
128	24	-6.30478418555274e-8	-1.0023222799815523e-7
129	1	0.4903838186310254	0.05864191168709627
129	2	0.502714831606843	0.058639365581570756
129	11	1.3571086348918534e-11	-6.59954625624029e-11
129	12	-1.3571082531419343e-11	6.599547666802168e-11
129	23	0.5959525508646228	-0.3804794562432488
129	24	-5.487984470642895e-8	1.0492727260875512e-7
130	1	0.49038381674214326	0.058641927482575684
130	2	0.5027148334956427	0.05863934938890392
130	11	-8.76263441775373e-11	-1.2455600029454994e-10
130	12	8.762637943006515e-11	1.2455599078656437e-10
130	23	0.11654742967942872	-0.6973813563182831
130	24	1.1836772263491945e-7	-3.257626488188963e-9
131	1	0.4903838148532603	0.058641943278055005
131	2	0.5027148353844417	0.05863933319623697
131	11	-3.483062429402774e-10	-4.3649506435419375e-11
131	12	3.483062110865736e-10	4.36494565490476e-11
131	23	-0.4298151456065522	-0.5614116138025899
131	24	-5.872664675610025e-8	-1.0282368818953145e-7
132	1	0.4903838129643771	0.0586419590735343
132	2	0.5027148372732401	0.05863931700356997
132	11	-6.272903893769192e-10	5.162472163828469e-10
132	12	6.27290367479484e-10	-5.162471175768801e-10
132	23	-0.7022695940041718	-0.08210649695624453
132	24	-6.473976292175136e-8	9.914783401037665e-8
133	1	0.49038381107549345	0.05864197486901355
133	2	0.5027148391620383	0.05863930081090295
133	11	-1.7470326899798982e-10	1.8489926100851168e-9
133	12	1.7470352021619864e-10	-1.8489927646628508e-9
133	23	-0.5556877032843277	0.4371901599119072
133	24	1.1751734373739317e-7	1.4532852886516979e-8
134	1	0.4903838091866091	0.058641990664492695
134	2	0.5027148410508355	0.0586392846182358
134	11	2.594780743182597e-9	3.2618362528728616e-9
134	12	-2.594781420039164e-9	-3.261836823329153e-9
134	23	-0.09809294424693597	0.7002155623764562
134	24	-3.661553416861286e-8	-1.1260920277517698e-7
135	1	0.49038380729772446	0.0586420064599718
135	2	0.5027148429396324	0.05863926842556863
135	11	9.070677509570477e-9	1.385531870459085e-9
135	12	-9.070678611383682e-9	-1.3855301607961921e-9
135	23	0.4037811183750256	0.580417839103023
135	24	-8.793835850092629e-8	7.929927487862892e-8
136	1	0.4903838054088392	0.05864202225545085
136	2	0.502714844828429	0.05863925223290142
136	11	1.6609863641409274e-8	-1.082930938570141e-8
136	12	-1.6609860510874114e-8	1.0829310752618417e-8
136	23	0.6877867989782319	0.1639310179816068
136	24	1.0735502087621977e-7	4.9964281089396284e-8
137	1	0.4903838035199536	0.05864203805092986
137	2	0.5027148467172246	0.05863923604023411
137	11	1.168577982604128e-8	-4.042428722473599e-8
137	12	-1.1685780619586362e-8	4.0424282697006944e-8
137	23	0.6281227429949751	-0.3246319134614989
137	24	6.176247357907906e-9	-1.1825135881116852e-7
138	1	0.4903838016310674	0.05864205384640879
138	2	0.5027148486060198	0.058639219847566745
138	11	-3.516011102121837e-8	-8.036634845706749e-8
138	12	3.516010476000913e-8	8.036635897811161e-8
138	23	0.27584504819912303	-0.6510250140272776
138	24	-1.1265092589644845e-7	3.6486967355297784e-8
139	1	0.4903837997421807	0.05864206964188765
139	2	0.5027148504948148	0.05863920365489935
139	11	-1.5914010576355527e-7	-8.334946250341629e-8
139	12	1.5914014057636268e-7	8.334947414875423e-8
139	23	-0.19146963782376064	-0.6806345842644071
139	24	7.266104676073583e-8	9.349813995875639e-8
140	1	0.4903837978532933	0.058642085437366445
140	2	0.5027148523836091	0.058639187462231894
140	11	-3.5587297301665056e-7	6.311373023678808e-8
140	12	3.5587299877909857e-7	-6.311380518353235e-8
140	23	-0.5673045951164025	-0.42200658272681285
140	24	6.496594777877728e-8	-9.899977535992885e-8
141	1	0.4903837959644054	0.05864210123284518
141	2	0.502714854272403	0.058639171269564354
141	11	-4.896567521043456e-7	5.201389407612629e-7
141	12	4.896566371773904e-7	-5.201389795569567e-7
141	23	-0.707052965101704	-0.00040502478623810276
141	24	-1.1414388892192462e-7	-3.15071819414163e-8
142	1	0.49038379407551697	0.05864211702832387
142	2	0.5027148561611963	0.05863915507689676
142	11	-1.8408348325935858e-7	1.3748641950094529e-6
142	12	1.840834972891591e-7	-1.3748640655332495e-6
142	23	-0.5752797288856666	0.4110684773059047
142	24	2.8522592345726266e-9	1.1837818426285723e-7
143	1	0.4903837921866282	0.058642132823802505
143	2	0.5027148580499889	0.05863913888422908
143	11	1.201066435914501e-6	2.3580407711324932e-6
143	12	-1.2010662862315683e-6	-2.3580410510376287e-6
143	23	-0.24069874741961028	0.6648219103503088
143	24	1.1314118105067158e-7	-3.4937129855054033e-8
144	1	0.490383790297739	0.058642148619281076
144	2	0.5027148599387813	0.05863912269156137
144	11	4.320690214772309e-6	2.4361829977269738e-6
144	12	-4.32069110997537e-6	-2.436183357445748e-6
144	23	0.16644079349015264	0.6871837612446702
144	24	-6.258952736924895e-8	-1.0051905767215459e-7
145	1	0.49038378840884905	0.05864216441475959
145	2	0.502714861827573	0.058639106498893596
145	11	9.12121690604257e-6	-5.020165370645904e-7
145	12	-9.121217911736974e-6	5.020182461146155e-7
145	23	0.5094845785123413	0.4902545497967508
145	24	-8.2809921281487e-8	8.464069250562572e-8
146	1	0.4903837865199588	0.058642180210238044
146	2	0.502714863716364	0.05863909030622576
146	11	0.000013592135213180314	-9.408757575890946e-6
146	12	-0.00001359213306555498	9.408759377336788e-6
146	23	0.6904458904714768	0.15234346487367983
146	24	1.0076024783448558e-7	6.220050117713776e-8
147	1	0.49038378463106796	0.05864219600571644
147	2	0.5027148656051545	0.05863907411355785
147	11	0.000012325721039075494	-0.000026686464395061975
147	12	-0.000012325719919564707	0.000026686462337270812
147	23	0.6725183591503979	-0.21827302715334618
147	24	4.0563129516119974e-8	-1.1124820186264541e-7
148	1	0.49038378274217675	0.05864221180119476
148	2	0.502714867493945	0.05863905792088991
148	11	-4.211689480720434e-6	-0.00005119373695807037
148	12	4.211685742030966e-6	0.00005119374027991544
148	23	0.4788222017556209	-0.5202435519389307
148	24	-1.1681935637436994e-7	-1.935892183533514e-8
149	1	0.49038378085328505	0.05864222759667305
149	2	0.5027148693827346	0.05863904172822188
149	11	-0.000048268951471875476	-0.00007383392253816916
149	12	0.000048268961992739915	0.00007383393490287072
149	23	0.17421639331122507	-0.6852537429625286
149	24	3.7766887982227567e-10	1.1841193823405356e-7
150	1	0.4903837789643928	0.05864224339215126
150	2	0.5027148712715237	0.058639025535553814
150	11	-0.00012974005452614409	-0.00007303065303746797
150	12	0.00012974008414206892	0.00007303064058399341
150	23	-0.15984134190115729	-0.688748691898957
150	24	1.1703643350529025e-7	-1.8000074872375302e-8
151	1	0.4903837770754999	0.05864225918762941
151	2	0.5027148731603124	0.058639009342885684
151	11	-0.0002466520487309928	-0.000012689649501731632
151	12	0.00024665204680679014	0.000012689606918315831
151	23	-0.448448497281127	-0.5466423719352433
151	24	-3.31808403785352e-8	-1.1366864713443895e-7
152	1	0.4903837751866067	0.05864227498310749
152	2	0.5027148750491007	0.058638993150217505
152	11	-0.0003721573533983937	0.00015389475923221577
152	12	0.0003721573247236112	-0.00015389476273232496
152	23	-0.6388742538970117	-0.30292478083408814
152	24	-1.0918328969103998e-7	4.5831646992812316e-8
153	1	0.4903837732977127	0.058642290778585494
153	2	0.5027148769378881	0.05863897695754922
153	11	-0.0004414009496457709	0.00047103408445006625
153	12	0.00044140099642637484	-0.00047103408660982066
153	23	-0.7069144957185083	-0.013968601662229447
153	24	5.602497280886309e-8	1.0432033319205151e-7
154	1	0.4903837714088184	0.058642306574063434
154	2	0.502714878826675	0.0586389607648809
154	11	-0.00034393372816800147	0.0009573456864378934
154	12	0.00034393376097726356	-0.0009573458600814501
154	23	-0.6552295940056108	0.2656993960131453
154	24	9.967505139439314e-8	-6.39249432589359e-8
155	1	0.4903837695199235	0.05864232236954134
155	2	0.5027148807154613	0.05863894457221252
155	11	0.00007161054055670621	0.0015744684030526818
155	12	-0.00007161080685782125	-0.001574468615914049
155	23	-0.506491513397375	0.49334109721701985
155	24	-6.97308480695038e-8	-9.570314298829528e-8
156	1	0.4903837676310284	0.05864233816501921
156	2	0.5027148826042472	0.058638928379544084
156	11	0.0009750587015881383	0.0021942761807890337
156	12	-0.0009750591104906534	-0.002194276035002104
156	23	-0.29445343141063046	0.6428138961322301
156	24	-9.273374073852768e-8	7.363385387648199e-8
157	1	0.4903837657421325	0.058642353960497
157	2	0.502714884493033	0.05863891218687562
157	11	0.0025127317593901313	0.0025744276882922607
157	12	-0.002512731837559768	-0.002574427414287075
157	23	-0.05546752667826639	0.7048556802585819
157	24	7.578556125507149e-8	9.098439333298695e-8
158	1	0.49038376385323623	0.05864236975597475
158	2	0.5027148863818178	0.058638895994207046
158	11	0.004749946572194344	0.0023530467322194115
158	12	-0.004749946776767519	-0.0023530469205250313
158	23	0.17799519762629779	0.684240872413822
158	24	9.057280108798591e-8	-7.62770947437154e-8
159	1	0.49038376196433925	0.058642385551452396
159	2	0.5027148882706023	0.058638879801538424
159	11	0.007607985229377294	0.001070879464916268
159	12	-0.00760798649479141	-0.001070879324116403
159	23	0.38123444853710015	0.59537072340745
159	24	-7.512992249500504e-8	-9.152248145058639e-8
160	1	0.4903837600754419	0.05864240134693
160	2	0.502714890159386	0.058638863608869704
160	11	0.010809803713851398	-0.001776466040366312
160	12	-0.01080980506098898	0.0017764680423492127
160	23	0.5387623595320044	0.45762338668891034
160	24	-9.376653049215874e-8	7.229926196175244e-8
161	1	0.49038375818654406	0.05864241714240755
161	2	0.5027148920481694	0.058638847416200957
161	11	0.013849537076508414	-0.006661262240082231
161	12	-0.013849536435584469	0.006661265197653578
161	23	0.6438634364712906	0.2913615803005075
161	24	6.767916618690738e-8	9.715551282714639e-8
162	1	0.4903837562976457	0.05864243293788504
162	2	0.5027148939369522	0.05863883122353213
162	11	0.015997462340718673	-0.013933832200638641
162	12	-0.015997460681043938	0.013933833794792032
162	23	0.6969846336106856	0.1150492897074355
162	24	1.0145120842970727e-7	-6.109262528817497e-8
163	1	0.4903837544087468	0.05864244873336246
163	2	0.5027148958257345	0.05863881503086323
163	11	0.016345195508881354	-0.02373736889150746
163	12	-0.016345195620977512	0.023737370732061797
163	23	0.7036178507484039	-0.056433352958424214
163	24	-5.2299176827130095e-8	-1.0626698475063449e-7
164	1	0.49038375251984734	0.05864246452883982
164	2	0.5027148977145162	0.0586387988381943
164	11	0.013887437237380656	-0.0359452227643369
164	12	-0.01388743684910272	0.03594522913747008
164	23	0.6721824024629605	-0.21242654488492552
164	24	-1.1100457837249773e-7	4.1111447991428384e-8
165	1	0.4903837506309475	0.05864248032431713
165	2	0.5027148996032975	0.058638782645525314
165	11	0.007629006887642948	-0.050134674738056294
165	12	-0.00762899960929224	0.050134683923594735
165	23	0.6122287815291382	-0.34634751774513184
165	24	2.756182916730074e-8	1.1497481019134777e-7
166	1	0.4903837487420469	0.05864249611979435
166	2	0.5027149014920784	0.05863876645285627
166	11	-0.003298715414940034	-0.06560421839854565
166	12	0.00329872949326606	0.06560422288811242
166	23	0.533115060432581	-0.4550635133397067
166	24	1.1764822857460383e-7	-1.1770367864771736e-8
167	1	0.49038374685314584	0.05864251191527149
167	2	0.5027149033808586	0.05863875026018712
167	11	-0.019528602363248944	-0.08143327753791829
167	12	0.01952861571317102	0.08143327659677443
167	23	0.4431769046439991	-0.5380453515509471
167	24	6.462657878845198e-9	-1.184111514184545e-7
168	1	0.49038374496424425	0.0586425277107486
168	2	0.5027149052696382	0.058638734067517934
168	11	-0.04136998506148064	-0.09657615877875682
168	12	0.041369997240679274	0.09657616117006426
168	23	0.3493270699496758	-0.5965046487824673
168	24	-1.1575245990012861e-7	-2.725017062850778e-8
169	1	0.49038374307534227	0.058642543506225664
169	2	0.5027149071584174	0.0586387178748487
169	11	-0.06875207728064756	-0.10997719341718962
169	12	0.06875210020575706	0.1099772011426814
169	23	0.2569759570161578	-0.6326482037946771
169	24	-4.908053721774941e-8	1.0771046821285695e-7
170	1	0.4903837411864397	0.058642559301702646
170	2	0.5027149090471958	0.05863870168217939
170	11	-0.10120408728055978	-0.12069169551738884
170	12	0.10120412785162965	0.12069169517106942
170	23	0.17015270369270422	-0.6491183278144612
170	24	9.438218663147986e-8	6.908800358510717e-8
171	1	0.4903837392975368	0.05864257509717959
171	2	0.5027149109359742	0.05863868548951004
171	11	-0.13787415450546422	-0.12799695856065355
171	12	0.13787420193251884	0.1279969388030063
171	23	0.09171728339947585	-0.6486347074033154
171	24	8.676849583429645e-8	-7.795214937997633e-8
172	1	0.49038373740863334	0.05864259089265647
172	2	0.5027149128247518	0.058638669296840605
172	11	-0.1775868143664111	-0.13147830803702096
172	12	0.17758685640591712	0.13147827660524525
172	23	0.023579925210406014	-0.6338144805256268
172	24	-5.72939845822594e-8	-1.0432519048967324e-7
173	1	0.4903837355197293	0.058642606688133266
173	2	0.5027149147135287	0.05863865310417111
173	11	-0.21893603037190648	-0.13107715733161185
173	12	0.21893607450493385	0.13107712753679762
173	23	-0.03312242299839455	-0.6071231670327286
173	24	-1.1874944583537515e-7	2.712298660103793e-8
174	1	0.4903837336308245	0.05864262248360998
174	2	0.502714916602305	0.05863863691150155
174	11	-0.2604067983539862	-0.12709186041433254
174	12	0.26040686248811834	0.12709182645046604
174	23	-0.07790878339383593	-0.5708994420923263
174	24	-1.0634562754930146e-8	1.1988294675328512e-7
175	1	0.49038373174191946	0.058642638279086674
175	2	0.5027149184910812	0.05863862071883195
175	11	-0.3005129099926751	-0.1201287821919009
175	12	0.30051299540786985	0.12012872284688776
175	23	-0.11088402766574822	-0.5274001214152509
175	24	1.0585121525672793e-7	4.30384577880874e-8
176	1	0.4903837298530138	0.058642654074563295
176	2	0.5027149203798569	0.05863860452616229
176	11	-0.33793322335135917	-0.11101013775744474
176	12	0.337933311730636	0.1110100440127969
176	23	-0.1326872930517657	-0.47882551580850446
176	24	6.594768672102923e-8	-8.915125555581521e-8
177	1	0.4903837279641077	0.05864266987003986
177	2	0.502714922268632	0.058638588333492586
177	11	-0.3716262352047102	-0.10065469283015402
177	12	0.3716263143873554	0.10065457779596562
177	23	-0.14442788311074703	-0.42730522887952654
177	24	-7.192568209318621e-8	-9.227528552022135e-8
178	1	0.4903837260752012	0.058642685665516385
178	2	0.5027149241574065	0.05863857214082279
178	11	-0.4009049730011674	-0.08995404026141054
178	12	0.40090505309881885	0.08995391765979896
178	23	-0.14758810200214012	-0.37484492261958363
178	24	-1.2129948267461561e-7	3.5659765714075864e-8
179	1	0.49038372418629406	0.058642701460992826
179	2	0.5027149260461808	0.058638555948152975
179	11	-0.425461556837073	-0.07966794244757233
179	12	0.4254616548875327	0.07966780595379713
179	23	-0.1438901889338648	-0.32325002173023487
179	24	-2.118255703893561e-8	1.2581481120040733e-7
180	1	0.4903837222973865	0.05864271725646919
180	2	0.5027149279349544	0.05863853975548308
180	11	-0.4453413051674354	-0.07035635931619828
180	12	0.44534142224224693	0.07035619046202675
180	23	-0.13514157772750543	-0.2740491601683688
180	24	9.659980448948995e-8	6.693572659598884e-8
181	1	0.4903837204084786	0.05864273305194553
181	2	0.5027149298237276	0.058638523562813134
181	11	-0.4608765533313131	-0.06235527941626988
181	12	0.4608766747175236	0.06235506995278361
181	23	-0.12308245065600205	-0.22843801679360107
181	24	8.66004803009527e-8	-6.200964722431757e-8
182	1	0.49038371851956986	0.05864274884742177
182	2	0.5027149317124998	0.058638507370143124
182	11	-0.47259713353638316	-0.05579224338189154
182	12	0.47259724789198065	0.05579200190844438
182	23	-0.10925936193060955	-0.18725576118055853
182	24	-3.430926079524277e-8	-1.0327322001388306e-7
183	1	0.4903837166306607	0.058642764642897964
183	2	0.5027149336012716	0.05863849117747304
183	11	-0.48113607671070235	-0.05062931957913755
183	12	0.48113618758499394	0.050629057653299815
183	23	-0.09494053565716754	-0.1509959251040935
183	24	-1.211008477018877e-7	-1.1467610812332385e-8
184	1	0.490383714741751	0.05864278043837408
184	2	0.5027149354900428	0.05863847498480289
184	11	-0.4871460088513006	-0.04671825723067493
184	12	0.4871461271208485	0.04671797554328867
184	23	-0.08107704390289977	-0.1198450021946886
184	24	-7.654128304388982e-8	1.0525046005875269e-7
185	1	0.4903837128528407	0.058642796233850124
185	2	0.5027149373788136	0.05863845879213268
185	11	-0.4912358753735781	-0.043854264940646745
185	12	0.4912360058285904	0.043853954748509616
185	23	-0.0683042183228475	-0.09373755217344652
185	24	4.6415519990938934e-8	1.1826768501338458e-7
186	1	0.49038371096392996	0.058642812029326113
186	2	0.5027149392675839	0.05863844259946242
186	11	-0.4939313224604052	-0.04181943203575418
186	12	0.49393146042274083	0.041819085991099014
186	23	-0.05697211741608209	-0.07241614178196781
186	24	1.1521890630231363e-7	1.7431121429947738e-8
187	1	0.49038370907501866	0.05864282782480204
187	2	0.5027149411563536	0.058638426406792094
187	11	-0.4956570016536791	-0.040411997583635235
187	12	0.495657139990736	0.04041161598899324
187	23	-0.04719295656703633	-0.055486866806649056
187	24	6.215063491952317e-8	-8.986737367157674e-8
188	1	0.4903837071861068	0.05864284362027791
188	2	0.5027149430451229	0.05863841021412171
188	11	-0.4967360150257284	-0.03946186624104119
188	12	0.49673615121470477	0.039461454080600505
188	23	-0.03889570415431386	-0.04246487855781104
188	24	-5.4371845857121215e-8	-9.753834448976428e-8
189	1	0.4903837052971946	0.058642859415753736
189	2	0.5027149449338916	0.058638394021451254
189	11	-0.49740064060268846	-0.03883528254861587
189	12	0.4974007771381714	0.038834843367623315
189	23	-0.031881626053247326	-0.03280802989769182
189	24	-1.1896523685897499e-7	-3.320551239353875e-9
190	1	0.4903837034082819	0.058642875211229496
190	2	0.5027149468226598	0.05863837782878075
190	11	-0.4978088544361362	-0.03843246521959023
190	12	0.4978089947231176	0.03843199861473468
190	23	-0.025877847015747454	-0.025939792913556504
190	24	-7.322005529239917e-8	9.96909466019491e-8
191	1	0.4903837015193687	0.058642891006705195
191	2	0.5027149487114274	0.05863836163611017
191	11	-0.49806234689454953	-0.03818172821667846
191	12	0.4980624920441762	0.03818123169171197
191	23	-0.02058809982128966	-0.02126479373248716
191	24	3.720128996993505e-8	1.1736661642189859e-7
192	1	0.4903836996304549	0.05864290680218081
192	2	0.5027149506001942	0.05863834544343951
192	11	-0.4982231621854688	-0.03803272558230173
192	12	0.4982233110530397	0.03803219734584826
192	23	-0.01574047179527499	-0.0181816882592288
192	24	1.1355077042579838e-7	3.724920784277039e-8
193	1	0.4903836977415406	0.05864292259765637
193	2	0.5027149524889607	0.0586383292507688
193	11	-0.4983274087181849	-0.0379504091877308
193	12	0.498327559717849	0.03794984917328246
193	23	-0.011131244957383104	-0.016098671590806586
193	24	9.339150694730484e-8	-6.96046495522718e-8
194	1	0.4903836958526259	0.0586429383931319
194	2	0.5027149543777267	0.058638313058098045
194	11	-0.4983955170041267	-0.037910377698175214
194	12	0.4983956694365637	0.03790978680990571
194	23	-0.006662197199800019	-0.014456530619662615
194	24	-2.244064201724626e-9	-1.1590624163725603e-7
195	1	0.4903836939637109	0.05864295418860739
195	2	0.5027149562664928	0.05863829686542727
195	11	-0.49843921816844167	-0.03789565870049373
195	12	0.4984393722702195	0.03789503771125001
195	23	-0.002366503983032483	-0.01276253482375739
195	24	-9.477816579399494e-8	-6.891095944864872e-8
196	1	0.4903836920747952	0.0586429699840828
196	2	0.5027149581552574	0.05863828067275638
196	11	-0.4984658111355009	-0.037894623688459694
196	12	0.4984659674450384	0.037893972781213606
196	23	0.0015836104420345629	-0.010635338906308127
196	24	-1.1452398282272171e-7	3.084814909447959e-8
197	1	0.49038369018587913	0.058642985779558156
197	2	0.5027149600440222	0.05863826448008546
197	11	-0.4984804424526229	-0.03789963517498758
197	12	0.49848060129875055	0.03789895412695714
197	23	0.0048950890465401286	-0.007856408797506952
197	24	-5.082289168414145e-8	1.0786858953565489e-7
198	1	0.4903836882969624	0.05864300157503344
198	2	0.5027149619327863	0.05863824828741448
198	11	-0.4984871082396246	-0.037906082212769567
198	12	0.4984872696437336	0.03790537075228146
198	23	0.007204130545765914	-0.00441777429607381
198	24	4.746110823951204e-8	1.092402165455027e-7
199	1	0.49038368640804514	0.058643017370508664
199	2	0.5027149638215497	0.0586382320947434
199	11	-0.4984889672325169	-0.037911588282678585
199	12	0.49848913106381915	0.0379108462822054
199	23	0.00815913589910884	-0.0005504301387137515
199	24	1.1245838382423855e-7	3.7887212539925775e-8
200	1	0.4903836845191275	0.05864303316598383
200	2	0.5027149657103125	0.05863821590207226
200	11	-0.49848838345009105	-0.037915304527358744
200	12	0.498488549589111	0.03791453199754484
200	23	0.007528674700786089	0.003285422700798377
200	24	1.0407091306654993e-7	-5.632187550778825e-8
201	1	0.49038368263020915	0.058643048961458916
201	2	0.5027149675990749	0.058638199709401075
201	11	-0.4984869425893007	-0.03791729007514153
201	12	0.4984871109900186	0.037916487078299324
201	23	0.005314910345482419	0.006465183603257103
201	24	3.1624826393713935e-8	-1.1391619912236818e-7
202	1	0.4903836807412901	0.05864306475693392
202	2	0.5027149694878367	0.058638183516729836
202	11	-0.4984855412365925	-0.03791801700822151
202	12	0.4984857119083393	0.03791718359264027
202	23	0.001841093299506397	0.00832713975716337
202	24	-5.821571966137718e-8	-1.0294970143582141e-7
203	1	0.4903836788523706	0.058643080552408876
203	2	0.5027149713765979	0.058638167324058514
203	11	-0.4984845508238133	-0.037918030081360535
203	12	0.4984847237923443	0.037917166263593274
203	23	-0.0022253913010504794	0.008351728665711015
203	24	-1.1342929413475925e-7	-3.379198397229285e-8
204	1	0.4903836769634506	0.058643096347883776
204	2	0.5027149732653591	0.058638151131387165
204	11	-0.49848401189023606	-0.03791776179162207
204	12	0.4984841871737844	0.037916867567548605
204	23	-0.005949312207524757	0.006358043059927256
204	24	-1.0618343417054117e-7	5.2415352747473875e-8
205	1	0.4903836750745304	0.05864311214335864
205	2	0.5027149751541194	0.05863813493871573
205	11	-0.4984838087032565	-0.037917473307928974
205	12	0.4984839863078841	0.03791654866809039
205	23	-0.008318537340152959	0.0026589193423452086
205	24	-4.418538174860073e-8	1.098860026615063e-7
206	1	0.49038367318560944	0.058643127938833424
206	2	0.5027149770428793	0.05863811874604425
206	11	-0.49848379255798003	-0.03791727497060799
206	12	0.4984839724824286	0.03791631990846694
206	23	-0.00852832295712749	-0.0018968108235967898
206	24	3.83438768594905e-8	1.1205488113693968e-7
207	1	0.49038367129668803	0.058643143734308144
207	2	0.5027149789316383	0.05863810255337269
207	11	-0.4984838467323228	-0.037917180194243526
207	12	0.49848402897348654	0.03791619470747845
207	23	-0.006290423456107932	-0.006055337173157924
207	24	1.0114630813316875e-7	6.159185468102959e-8
208	1	0.49038366940776634	0.058643159529782836
208	2	0.5027149808203971	0.05863808636070108
208	11	-0.4984839048323246	-0.03791715912590207
208	12	0.49848408938799854	0.037916143214684166
208	23	-0.0020567357107873414	-0.008479016517626458
208	24	1.1742792267853923e-7	-1.5261497195745472e-8
209	1	0.4903836675188442	0.058643175325257466
209	2	0.5027149827091555	0.05863807016802941
209	11	-0.4984839421618212	-0.03791717528621085
209	12	0.4984841290311278	0.03791612895141092
209	23	0.002965670956356902	-0.00820071920816059
209	24	8.355585796503175e-8	-8.39032444974122e-8
210	1	0.4903836656299213	0.058643191120732005
210	2	0.5027149845979131	0.05863805397535768
210	11	-0.4984839580904839	-0.037917202616688385
210	12	0.4984841472733561	0.037916125858983116
210	23	0.00709244247494291	-0.005070340631601677
210	24	1.6886005430864393e-8	-1.1720071746247684e-7
211	1	0.49038366374099784	0.05864320691620648
211	2	0.50271498648667	0.058638037782685865
211	11	-0.4984839607030635	-0.03791722836623332
211	12	0.4984841521997007	0.03791612118593289
211	23	0.008717910430319954	4.207995284769191e-6
211	24	-5.458834214302268e-8	-1.0507788263025602e-7
212	1	0.4903836618520739	0.05864322271168091
212	2	0.5027149883754268	0.058638021590014015
212	11	-0.49848395789681416	-0.037917249212664095
212	12	0.4984841517074013	0.03791611160983582
212	23	0.006995010991631339	0.005203290790638706
212	24	-1.0462031783453511e-7	-5.54615400707321e-8
213	1	0.4903836599631496	0.05864323850715529
213	2	0.5027149902641831	0.05863800539734212
213	11	-0.4984839543139993	-0.037917266229866624
213	12	0.4984841504386351	0.03791609820448204
213	23	0.0023608182321598415	0.008392586850136309
213	24	-1.1783541244115066e-7	1.1674974153751176e-8
214	1	0.49038365807422457	0.05864325430262959
214	2	0.5027149921529386	0.05863798920467012
214	11	-0.4984839516281912	-0.037917281404356816
214	12	0.49848415006690816	0.037916082956374844
214	23	-0.0034014744957222834	0.008027577581567158
214	24	-9.303703226342566e-8	7.325055299889946e-8
215	1	0.4903836561852989	0.05864327009810379
215	2	0.5027149940416935	0.05863797301199809
215	11	-0.4984839498934891	-0.037917296123142
215	12	0.4984841506462896	0.037916067252536226
215	23	-0.007745307597560173	0.0040029323343092876
215	24	-4.1005998622242555e-8	1.1108579149684363e-7
216	1	0.490383654296373	0.05864328589357798
216	2	0.5027149959304481	0.05863795681932599
216	11	-0.4984839486757153	-0.037917310969525005
216	12	0.49848415174259264	0.03791605167628392
216	23	-0.008480994649731797	-0.00202142603572868
216	24	2.1034837310613553e-8	1.1652930980543805e-7
217	1	0.49038365240744686	0.058643301689052144
217	2	0.5027149978192024	0.05863794062665385
217	11	-0.49848394761162496	-0.03791732603022179
217	12	0.4984841529925735	0.03791603631434228
217	23	-0.004978961502110725	-0.007157039423219333
217	24	7.562923228465472e-8	9.111399611275688e-8
218	1	0.4903836505185201	0.058643317484526225
218	2	0.5027149997079562	0.05863792443398164
218	11	-0.49848394653442385	-0.03791734121840132
218	12	0.4984841542294408	0.037916021079883504
218	23	0.0012095629630023653	-0.008634238395502935
218	24	1.0988684237362973e-7	4.4118253479614125e-8
219	1	0.4903836486295927	0.05864333328000022
219	2	0.5027150015967096	0.058637908241309405
219	11	-0.49848394541152	-0.03791735644713841
219	12	0.4984841554206038	0.03791600588598303
219	23	0.006852084784998228	-0.005390916303911787
219	24	1.1786255011930664e-7	-1.1399836421836338e-8
220	1	0.49038364674066476	0.05864334907547416
220	2	0.5027150034854619	0.05863789204863706
220	11	-0.4984839442600468	-0.037917371674887526
220	12	0.49848415658319706	0.03791599069109515
220	23	0.008659560994502082	0.0010124397556950167
220	24	1.0053695611343082e-7	-6.25608252169333e-8
221	1	0.4903836448517363	0.058643364870948046
221	2	0.5027150053742139	0.05863787585596466
221	11	-0.49848394309955196	-0.03791738689310657
221	12	0.498484157736769	0.037915975486677536
221	23	0.005299973956780802	0.00692266659215226
221	24	6.409396374456653e-8	-9.956656075945028e-8
222	1	0.49038364296280745	0.05864338066642188
222	2	0.5027150072629654	0.05863785966329219
222	11	-0.49848394193928225	-0.037917402105419176
222	12	0.49848415889056646	0.03791596027635362
222	23	-0.001437125812062838	0.008599285571892103
222	24	1.7431248985492962e-8	-1.1712253300430572e-7
223	1	0.49038364107387794	0.05864339646189565
223	2	0.5027150091517164	0.05863784347061967
223	11	-0.49848394078097863	-0.037917417316012
223	12	0.4984841600463297	0.03791594506430993
223	23	-0.007348585196772253	0.004691624574715661
223	24	-3.0265918804103314e-8	-1.1447930095839063e-7
224	1	0.490383639184948	0.05864341225736934
224	2	0.5027150110404669	0.05863782727794711
224	11	-0.49848393962380055	-0.03791743252673301
224	12	0.4984841612032184	0.03791592985239443
224	23	-0.00836244111727082	-0.002466297718838894
224	24	-7.13478819972135e-8	-9.450405249114767e-8
225	1	0.4903836372960174	0.05864342805284298
225	2	0.5027150129292167	0.058637811085274466
225	11	-0.4984839384668971	-0.03791744773784991
225	12	0.49848416236038195	0.03791591464087481
225	23	-0.003483299617316099	-0.007992475797792123
225	24	-1.0070678989550241e-7	-6.228706671845562e-8
226	1	0.49038363540708646	0.05864344384831655
226	2	0.5027150148179662	0.05863779489260176
226	11	-0.4984839373099414	-0.037917462949161415
226	12	0.4984841635174931	0.03791589942954978
226	23	0.0040260317811699154	-0.007733311935878704
226	24	-1.1601201943047516e-7	-2.3722300971602088e-8
227	1	0.490383633518155	0.05864345964379008
227	2	0.5027150167067151	0.05863777869992901
227	11	-0.49848393615291003	-0.037917478160506925
227	12	0.4984841646745286	0.03791588421825878
227	23	0.008574866575809127	-0.0015762958322490305
227	24	-1.1737450393014082e-7	1.564487279170202e-8
228	1	0.49038363162922316	0.05864347543926354
228	2	0.5027150185954635	0.0586377625072562
228	11	-0.4984839349958489	-0.03791749337183711
228	12	0.4984841658315342	0.03791586900695245
228	23	0.006407702284505163	0.005912224351378132
228	24	-1.0669013416632317e-7	5.136877932893182e-8
229	1	0.4903836297402904	0.05864349123473691
229	2	0.5027150204842111	0.058637746314583294
229	11	-0.498483933838785	-0.037917508583154326
229	12	0.4984841669885369	0.03791585379563315
229	23	-0.0010385737250451184	0.008656466367757498
229	24	-8.68886044734634e-8	8.04481611414332e-8
230	1	0.4903836278513571	0.05864350703021019
230	2	0.5027150223729584	0.05863773012191035
230	11	-0.49848393268172414	-0.037917523794467875
230	12	0.4984841681455431	0.037915838584310205
230	23	-0.007699254035374298	0.004090786313332796
230	24	-6.125117853658417e-8	1.0134016650036212e-7
231	1	0.49038362596242346	0.058643522825683456
231	2	0.5027150242617052	0.05863771392923735
231	11	-0.4984839315246646	-0.03791753900578167
231	12	0.4984841693025503	0.03791582337298749
231	23	-0.0076819259751529	-0.004123234006833631
231	24	-3.288862036958034e-8	1.1375357079511393e-7
232	1	0.49038362407348945	0.05864353862115667
232	2	0.5027150261504516	0.058637697736564284
232	11	-0.49848393036760497	-0.03791755421709606
232	12	0.4984841704595577	0.03791580816166539
232	23	-0.0006896721062994002	-0.008691225330652691
232	24	-4.40830849718426e-9	1.1833048227167691e-7
233	1	0.49038362218455517	0.058643554416629856
233	2	0.5027150280391972	0.058637681543891165
233	11	-0.4984839292105448	-0.037917569428410666
233	12	0.4984841716165643	0.03791579295034349
233	23	0.007029471148238497	-0.005157478137448487
233	24	2.2243839040402025e-8	1.1630454781820709e-7
234	1	0.49038362029561994	0.058643570212102925
234	2	0.5027150299279423	0.05863766535121797
234	11	-0.4984839280534843	-0.03791758463972526
234	12	0.49848417277357016	0.03791577773902155
234	23	0.008023448618798555	0.003411351289981001
234	24	4.5804615436659743e-8	1.0919465840027091e-7
235	1	0.4903836184066845	0.05864358600757596
235	2	0.5027150318166872	0.05863764915854474
235	11	-0.4984839268964231	-0.03791759985103976
235	12	0.49848417393057587	0.03791576252769954
235	23	0.0010071744412019656	0.008660175806943124
235	24	6.562341240749702e-8	9.856522694362002e-8
236	1	0.49038361651774837	0.0586436018030489
236	2	0.5027150337054314	0.05863763296587143
236	11	-0.49848392573936146	-0.037917615062354214
236	12	0.4984841750875811	0.03791574731637749
236	23	-0.007118179629628363	0.005034338499001227
236	24	8.154288934474083e-8	8.586206039784348e-8
237	1	0.49038361462881175	0.0586436175985218
237	2	0.5027150355941747	0.058637616773198016
237	11	-0.49848392458229895	-0.03791763027366861
237	12	0.49848417624458574	0.037915732105055416
237	23	-0.0077596129104301826	-0.003975104129764173
237	24	9.376360870943242e-8	7.23181989559748e-8
238	1	0.4903836127398748	0.05864363339399466
238	2	0.5027150374829181	0.05863760058052461
238	11	-0.4984839234252362	-0.037917645484982984
238	12	0.49848417740159023	0.03791571689373332
238	23	0.00008394028944657363	-0.00871814196890541
238	24	1.0271517948488638e-7	5.8916280617831324e-8
239	1	0.4903836108509373	0.05864364918946746
239	2	0.5027150393716608	0.058637584387851126
239	11	-0.49848392226817306	-0.037917660696297345
239	12	0.4984841785585938	0.03791570168241114
239	23	0.00790229006092127	-0.0036833214841019424
239	24	1.0894665076124676e-7	4.639141630041474e-8
240	1	0.49038360896199923	0.05864366498494019
240	2	0.5027150412604032	0.05863756819517762
240	11	-0.49848392111110945	-0.037917675907611664
240	12	0.4984841797155971	0.03791568647108896
240	23	0.006629785838704164	0.005662065444261463
240	24	1.130411930727768e-7	3.52593943103771e-8
241	1	0.4903836070730605	0.05864368078041284
241	2	0.5027150431491446	0.05863755200250398
241	11	-0.49848391995404545	-0.03791769111892595
241	12	0.49848418087259977	0.03791567125976671
241	23	-0.0025518016661714086	0.008336747184526278
241	24	1.1555482630437346e-7	2.5857655273004438e-8
242	1	0.49038360518412133	0.058643696575885446
242	2	0.5027150450378854	0.058637535809830305
242	11	-0.498483918796981	-0.0379177063302402
242	12	0.4984841820296021	0.037915656048444456
242	23	-0.008679430569460873	0.00082494263563605
242	24	1.1697587626583748e-7	1.838968706343151e-8
243	1	0.4903836032951816	0.05864371237135798
243	2	0.5027150469266258	0.05863751961715656
243	11	-0.4984839176399162	-0.037917721541554435
243	12	0.4984841831866039	0.03791564083712214
243	23	-0.003937292036136068	-0.007778867320141258
243	24	1.1770049092880937e-7	1.2966520488115498e-8
244	1	0.49038360140624143	0.058643728166830465
244	2	0.5027150488153657	0.058637503424482734
244	11	-0.4984839164828506	-0.037917736752868594
244	12	0.49848418434360525	0.037915625625799795
244	23	0.005920167949283372	-0.006400363803289623
244	24	1.1801939812913332e-7	9.641466884690566e-9
245	1	0.4903835995173007	0.05864374396230289
245	2	0.5027150507041052	0.05863748723180886
245	11	-0.4984839153257847	-0.03791775196418275
245	12	0.49848418550060597	0.03791561041447739
245	23	0.008000657311554055	0.0034644664733922198
245	24	1.181116847266142e-7	8.43600317048017e-9
246	1	0.4903835976283595	0.05864375975777524
246	2	0.502715052592844	0.058637471039134914
246	11	-0.4984839141687183	-0.037917767175496844
246	12	0.49848418665760663	0.037915595203154996
246	23	-0.0007736237738972622	0.00868415520466113
246	24	1.1804238551611451e-7	9.355823860914771e-9
247	1	0.4903835957394179	0.058643775553247554
247	2	0.5027150544815826	0.058637454846460955
247	11	-0.4984839130116513	-0.0379177823868109
247	12	0.4984841878146066	0.037915579991832565
247	23	-0.008521615671270893	0.0018425828918483826
247	24	1.1776187175029664e-7	1.2396684246933211e-8
248	1	0.4903835938504757	0.058643791348719804
248	2	0.5027150563703208	0.05863743865378694
248	11	-0.4984839118545841	-0.037917797598124955
248	12	0.49848418897160623	0.03791556478051009
248	23	-0.00415494896153934	-0.007664818620762353
248	24	1.1710630509854486e-7	1.753994083849805e-8
249	1	0.4903835919615329	0.058643807144191984
249	2	0.5027150582590583	0.05863742246111284
249	11	-0.49848391069751646	-0.03791781280943897
249	12	0.4984841901286053	0.03791554956918757
249	23	0.006304245515346833	-0.006022419268401321
249	24	1.1579971747102783e-7	2.473785868020133e-8
250	1	0.49038359007258964	0.0586438229396641
250	2	0.5027150601477952	0.05863740626843866
250	11	-0.49848390954044836	-0.037917828020752956
250	12	0.4984841912856039	0.03791553435786502
250	23	0.007384696986258602	0.004634576116898421
250	24	1.134595579196448e-7	3.3889009060907326e-8
251	1	0.4903835881836458	0.058643838735136136
251	2	0.5027150620365315	0.05863739007576441
251	11	-0.4984839083833797	-0.03791784323206689
251	12	0.49848419244260195	0.03791551914654242
251	23	-0.002830665684766839	0.008246234118873031
251	24	1.0960876453380938e-7	4.4804630964035684e-8
0	0	0	0
0	0	0	0
0	0	0	0
0	0	0	0
0	0	0	0
0	0	0	0
0	0	0	0
0	0	0	0
0	0	0	0
0	0	0	0
0	0	0	0
0	0	0	0
0	0	0	0
0	0	0	0
0	0	0	0
0	0	0	0
0	0	0	0
0	0	0	0
0	0	0	0
0	0	0	0
0	0	0	0
0	0	0	0
0	0	0	0
0	0	0	0
0	0	0	0
0	0	0	0
0	0	0	0
0	0	0	0
0	0	0	0
0	0	0	0
0	0	0	0
0	0	0	0
0	0	0	0
0	0	0	0
0	0	0	0
0	0	0	0
0	0	0	0
0	0	0	0
0	0	0	0
0	0	0	0
0	0	0	0
0	0	0	0
0	0	0	0
0	0	0	0
0	0	0	0
0	0	0	0
0	0	0	0
0	0	0	0
0	0	0	0
0	0	0	0
0	0	0	0
0	0	0	0
0	0	0	0
0	0	0	0
0	0	0	0
0	0	0	0
0	0	0	0
0	0	0	0
0	0	0	0
0	0	0	0
0	0	0	0
0	0	0	0
0	0	0	0
0	0	0	0
0	0	0	0
0	0	0	0
0	0	0	0
0	0	0	0
0	0	0	0
0	0	0	0
0	0	0	0
0	0	0	0
0	0	0	0
0	0	0	0
0	0	0	0
0	0	0	0
0	0	0	0
0	0	0	0
0	0	0	0
0	0	0	0
0	0	0	0
0	0	0	0
0	0	0	0
0	0	0	0
0	0	0	0
0	0	0	0
0	0	0	0
0	0	0	0
0	0	0	0
0	0	0	0
0	0	0	0
0	0	0	0
0	0	0	0
0	0	0	0
0	0	0	0
0	0	0	0
0	0	0	0
0	0	0	0
0	0	0	0
0	0	0	0
0	0	0	0
0	0	0	0
0	0	0	0
0	0	0	0
0	0	0	0
0	0	0	0
0	0	0	0
0	0	0	0
0	0	0	0
0	0	0	0
0	0	0	0
0	0	0	0
0	0	0	0
0	0	0	0
0	0	0	0
0	0	0	0
0	0	0	0
0	0	0	0
0	0	0	0
0	0	0	0
0	0	0	0
0	0	0	0
0	0	0	0
0	0	0	0
0	0	0	0
0	0	0	0
0	0	0	0
0	0	0	0
0	0	0	0
0	0	0	0
0	0	0	0
0	0	0	0
0	0	0	0
0	0	0	0
0	0	0	0
0	0	0	0
0	0	0	0
0	0	0	0
0	0	0	0
0	0	0	0
0	0	0	0
0	0	0	0
0	0	0	0
0	0	0	0
0	0	0	0
0	0	0	0
0	0	0	0
0	0	0	0
0	0	0	0
0	0	0	0
0	0	0	0
0	0	0	0
0	0	0	0
0	0	0	0
0	0	0	0
0	0	0	0
0	0	0	0
0	0	0	0
0	0	0	0
0	0	0	0
0	0	0	0
0	0	0	0
0	0	0	0
0	0	0	0
0	0	0	0
0	0	0	0
0	0	0	0
0	0	0	0
0	0	0	0
0	0	0	0
0	0	0	0
0	0	0	0
0	0	0	0
0	0	0	0
0	0	0	0
0	0	0	0
0	0	0	0
0	0	0	0
0	0	0	0
0	0	0	0
0	0	0	0
0	0	0	0
0	0	0	0
0	0	0	0
0	0	0	0
0	0	0	0
0	0	0	0
0	0	0	0
0	0	0	0
0	0	0	0
0	0	0	0
0	0	0	0
0	0	0	0
0	0	0	0
0	0	0	0
0	0	0	0
0	0	0	0
0	0	0	0
0	0	0	0
0	0	0	0
0	0	0	0
0	0	0	0
0	0	0	0
0	0	0	0
0	0	0	0
0	0	0	0
0	0	0	0
0	0	0	0
0	0	0	0
0	0	0	0
0	0	0	0
0	0	0	0
0	0	0	0
0	0	0	0
0	0	0	0
0	0	0	0
0	0	0	0
0	0	0	0
0	0	0	0
0	0	0	0
0	0	0	0
0	0	0	0
0	0	0	0
0	0	0	0
0	0	0	0
0	0	0	0
0	0	0	0
0	0	0	0
0	0	0	0
0	0	0	0
0	0	0	0
0	0	0	0
0	0	0	0
0	0	0	0
0	0	0	0
0	0	0	0
0	0	0	0
0	0	0	0
0	0	0	0
0	0	0	0
0	0	0	0
0	0	0	0
0	0	0	0
0	0	0	0
0	0	0	0
0	0	0	0
0	0	0	0
0	0	0	0
0	0	0	0
0	0	0	0
0	0	0	0
0	0	0	0
0	0	0	0
0	0	0	0
0	0	0	0
0	0	0	0
0	0	0	0
0	0	0	0
0	0	0	0
0	0	0	0
0	0	0	0
0	0	0	0
0	0	0	0
0	0	0	0
0	0	0	0
0	0	0	0
0	0	0	0
0	0	0	0
0	0	0	0
0	0	0	0
0	0	0	0
0	0	0	0
0	0	0	0
0	0	0	0
0	0	0	0
0	0	0	0
0	0	0	0
0	0	0	0
0	0	0	0
0	0	0	0
0	0	0	0
0	0	0	0
0	0	0	0
0	0	0	0
0	0	0	0
0	0	0	0
0	0	0	0
0	0	0	0
0	0	0	0
0	0	0	0
0	0	0	0
0	0	0	0
0	0	0	0
0	0	0	0
0	0	0	0
0	0	0	0
0	0	0	0
0	0	0	0
0	0	0	0
0	0	0	0
0	0	0	0
0	0	0	0
0	0	0	0
0	0	0	0
0	0	0	0
0	0	0	0
0	0	0	0
0	0	0	0
0	0	0	0
0	0	0	0
0	0	0	0
0	0	0	0
0	0	0	0
0	0	0	0
0	0	0	0
0	0	0	0
0	0	0	0
0	0	0	0
0	0	0	0
0	0	0	0
0	0	0	0
0	0	0	0
0	0	0	0
0	0	0	0
0	0	0	0
0	0	0	0
0	0	0	0
0	0	0	0
0	0	0	0
0	0	0	0
0	0	0	0
0	0	0	0
0	0	0	0
0	0	0	0
0	0	0	0
0	0	0	0
0	0	0	0
0	0	0	0
0	0	0	0
0	0	0	0
0	0	0	0
0	0	0	0
0	0	0	0
0	0	0	0
0	0	0	0
0	0	0	0
0	0	0	0
0	0	0	0
0	0	0	0
0	0	0	0
0	0	0	0
0	0	0	0
0	0	0	0
0	0	0	0
0	0	0	0
0	0	0	0
0	0	0	0
0	0	0	0
0	0	0	0
0	0	0	0
0	0	0	0
0	0	0	0
0	0	0	0
0	0	0	0
0	0	0	0
0	0	0	0
0	0	0	0
0	0	0	0
0	0	0	0
0	0	0	0
0	0	0	0
0	0	0	0
0	0	0	0
0	0	0	0
0	0	0	0
0	0	0	0
0	0	0	0
0	0	0	0
0	0	0	0
0	0	0	0
0	0	0	0
0	0	0	0
0	0	0	0
0	0	0	0
0	0	0	0
0	0	0	0
0	0	0	0
0	0	0	0
0	0	0	0
0	0	0	0
0	0	0	0
0	0	0	0
0	0	0	0
0	0	0	0
0	0	0	0
0	0	0	0
0	0	0	0
0	0	0	0
0	0	0	0
0	0	0	0
0	0	0	0
0	0	0	0
0	0	0	0
0	0	0	0
0	0	0	0
0	0	0	0
0	0	0	0
0	0	0	0
0	0	0	0
0	0	0	0
0	0	0	0
0	0	0	0
0	0	0	0
0	0	0	0
0	0	0	0
0	0	0	0
0	0	0	0
0	0	0	0
0	0	0	0
0	0	0	0
0	0	0	0
0	0	0	0
0	0	0	0
0	0	0	0
0	0	0	0
0	0	0	0
0	0	0	0
0	0	0	0
0	0	0	0
0	0	0	0
0	0	0	0
0	0	0	0
0	0	0	0
0	0	0	0
0	0	0	0
0	0	0	0
0	0	0	0
0	0	0	0
0	0	0	0
0	0	0	0
0	0	0	0
0	0	0	0
0	0	0	0
0	0	0	0
0	0	0	0
0	0	0	0
0	0	0	0
0	0	0	0
0	0	0	0
0	0	0	0
0	0	0	0
0	0	0	0
0	0	0	0
0	0	0	0
0	0	0	0
0	0	0	0
0	0	0	0
0	0	0	0
0	0	0	0
0	0	0	0
0	0	0	0
0	0	0	0
0	0	0	0
0	0	0	0
0	0	0	0
0	0	0	0
0	0	0	0
0	0	0	0
0	0	0	0
0	0	0	0
0	0	0	0
0	0	0	0
0	0	0	0
0	0	0	0
0	0	0	0
0	0	0	0
0	0	0	0
0	0	0	0
0	0	0	0
0	0	0	0
0	0	0	0
0	0	0	0
0	0	0	0
0	0	0	0
0	0	0	0
0	0	0	0
0	0	0	0
0	0	0	0
0	0	0	0
0	0	0	0
0	0	0	0
0	0	0	0
0	0	0	0
0	0	0	0
0	0	0	0
0	0	0	0
0	0	0	0
0	0	0	0
0	0	0	0
0	0	0	0
0	0	0	0
0	0	0	0
0	0	0	0
0	0	0	0
0	0	0	0
0	0	0	0
0	0	0	0
0	0	0	0
0	0	0	0
0	0	0	0
0	0	0	0
0	0	0	0
0	0	0	0
0	0	0	0
0	0	0	0
0	0	0	0
0	0	0	0
0	0	0	0
0	0	0	0
0	0	0	0
0	0	0	0
0	0	0	0
0	0	0	0
0	0	0	0
0	0	0	0
0	0	0	0
0	0	0	0
0	0	0	0
0	0	0	0
0	0	0	0
0	0	0	0
0	0	0	0
0	0	0	0
0	0	0	0
0	0	0	0
0	0	0	0
0	0	0	0
0	0	0	0
0	0	0	0
0	0	0	0
0	0	0	0
0	0	0	0
0	0	0	0
0	0	0	0
0	0	0	0
0	0	0	0
0	0	0	0
0	0	0	0
0	0	0	0
0	0	0	0
0	0	0	0
0	0	0	0
0	0	0	0
0	0	0	0
0	0	0	0
0	0	0	0
0	0	0	0
0	0	0	0
0	0	0	0
0	0	0	0
0	0	0	0
0	0	0	0
0	0	0	0
0	0	0	0
0	0	0	0
0	0	0	0
0	0	0	0
0	0	0	0
0	0	0	0
0	0	0	0
0	0	0	0
0	0	0	0
0	0	0	0
0	0	0	0
0	0	0	0
0	0	0	0
0	0	0	0
0	0	0	0
0	0	0	0
0	0	0	0
0	0	0	0
0	0	0	0
0	0	0	0
0	0	0	0
0	0	0	0
0	0	0	0
0	0	0	0
0	0	0	0
0	0	0	0
0	0	0	0
0	0	0	0
0	0	0	0
0	0	0	0
0	0	0	0
0	0	0	0
0	0	0	0
0	0	0	0
0	0	0	0
0	0	0	0
0	0	0	0
0	0	0	0
0	0	0	0
0	0	0	0
0	0	0	0
0	0	0	0
0	0	0	0
0	0	0	0
0	0	0	0
0	0	0	0
0	0	0	0
0	0	0	0
0	0	0	0
0	0	0	0
0	0	0	0
0	0	0	0
0	0	0	0
0	0	0	0
0	0	0	0
0	0	0	0
0	0	0	0
0	0	0	0
0	0	0	0
0	0	0	0
0	0	0	0
0	0	0	0
0	0	0	0
0	0	0	0
0	0	0	0
0	0	0	0
0	0	0	0
0	0	0	0
0	0	0	0
0	0	0	0
0	0	0	0
0	0	0	0
0	0	0	0
0	0	0	0
0	0	0	0
0	0	0	0
0	0	0	0
0	0	0	0
0	0	0	0
0	0	0	0
0	0	0	0
0	0	0	0
0	0	0	0
0	0	0	0
0	0	0	0
0	0	0	0
0	0	0	0
0	0	0	0
0	0	0	0
0	0	0	0
0	0	0	0
0	0	0	0
0	0	0	0
0	0	0	0
0	0	0	0
0	0	0	0
0	0	0	0
0	0	0	0
0	0	0	0
0	0	0	0
0	0	0	0
0	0	0	0
0	0	0	0
0	0	0	0
0	0	0	0
0	0	0	0
0	0	0	0
0	0	0	0
0	0	0	0
0	0	0	0
0	0	0	0
0	0	0	0
0	0	0	0
0	0	0	0
0	0	0	0
0	0	0	0
0	0	0	0
0	0	0	0
0	0	0	0
0	0	0	0
0	0	0	0
0	0	0	0
0	0	0	0
0	0	0	0
0	0	0	0
0	0	0	0
0	0	0	0
0	0	0	0
0	0	0	0
0	0	0	0
0	0	0	0
0	0	0	0
0	0	0	0
0	0	0	0
0	0	0	0
0	0	0	0
0	0	0	0
0	0	0	0
0	0	0	0
0	0	0	0
0	0	0	0
0	0	0	0
0	0	0	0
0	0	0	0
0	0	0	0
0	0	0	0
0	0	0	0
0	0	0	0
0	0	0	0
0	0	0	0
0	0	0	0
0	0	0	0
0	0	0	0
0	0	0	0
0	0	0	0
0	0	0	0
0	0	0	0
0	0	0	0
0	0	0	0
0	0	0	0
0	0	0	0
0	0	0	0
0	0	0	0
0	0	0	0
0	0	0	0
0	0	0	0
0	0	0	0
0	0	0	0
0	0	0	0
0	0	0	0
0	0	0	0
0	0	0	0
0	0	0	0
0	0	0	0
0	0	0	0
0	0	0	0
0	0	0	0
0	0	0	0
0	0	0	0
0	0	0	0
0	0	0	0
0	0	0	0
0	0	0	0
0	0	0	0
0	0	0	0
0	0	0	0
0	0	0	0
0	0	0	0
0	0	0	0
0	0	0	0
0	0	0	0
0	0	0	0
0	0	0	0
0	0	0	0
0	0	0	0
0	0	0	0
0	0	0	0
0	0	0	0
0	0	0	0
0	0	0	0
0	0	0	0
0	0	0	0
0	0	0	0
0	0	0	0
0	0	0	0
0	0	0	0
0	0	0	0
0	0	0	0
0	0	0	0
0	0	0	0
0	0	0	0
0	0	0	0
0	0	0	0
0	0	0	0
0	0	0	0
0	0	0	0
0	0	0	0
0	0	0	0
0	0	0	0
0	0	0	0
0	0	0	0
0	0	0	0
0	0	0	0
0	0	0	0
0	0	0	0
0	0	0	0
0	0	0	0
0	0	0	0
0	0	0	0
0	0	0	0
0	0	0	0
0	0	0	0
0	0	0	0
0	0	0	0
0	0	0	0
0	0	0	0
0	0	0	0
0	0	0	0
0	0	0	0
0	0	0	0
0	0	0	0
0	0	0	0
0	0	0	0
0	0	0	0
0	0	0	0
0	0	0	0
0	0	0	0
0	0	0	0
0	0	0	0
0	0	0	0
0	0	0	0
0	0	0	0
0	0	0	0
0	0	0	0
0	0	0	0
0	0	0	0
0	0	0	0
0	0	0	0
0	0	0	0
0	0	0	0
0	0	0	0
0	0	0	0
0	0	0	0
0	0	0	0
0	0	0	0
0	0	0	0
0	0	0	0
0	0	0	0
0	0	0	0
0	0	0	0
0	0	0	0
0	0	0	0
0	0	0	0
0	0	0	0
0	0	0	0
0	0	0	0
0	0	0	0
0	0	0	0
0	0	0	0
0	0	0	0
0	0	0	0
0	0	0	0
0	0	0	0
0	0	0	0
0	0	0	0
0	0	0	0
0	0	0	0
0	0	0	0
0	0	0	0
0	0	0	0
0	0	0	0
0	0	0	0
0	0	0	0
0	0	0	0
0	0	0	0
0	0	0	0
0	0	0	0
0	0	0	0
0	0	0	0
0	0	0	0
0	0	0	0
0	0	0	0
0	0	0	0
0	0	0	0
0	0	0	0
0	0	0	0
0	0	0	0
0	0	0	0
0	0	0	0
0	0	0	0
0	0	0	0
0	0	0	0
0	0	0	0
0	0	0	0
0	0	0	0
0	0	0	0
0	0	0	0
0	0	0	0
0	0	0	0
0	0	0	0
0	0	0	0
0	0	0	0
0	0	0	0
0	0	0	0
0	0	0	0
0	0	0	0
0	0	0	0
0	0	0	0
0	0	0	0
0	0	0	0
0	0	0	0
0	0	0	0
0	0	0	0
0	0	0	0
0	0	0	0
0	0	0	0
0	0	0	0
0	0	0	0
0	0	0	0
0	0	0	0
0	0	0	0
0	0	0	0
0	0	0	0
0	0	0	0
0	0	0	0
0	0	0	0
0	0	0	0
0	0	0	0
0	0	0	0
0	0	0	0
0	0	0	0
0	0	0	0
0	0	0	0
0	0	0	0
0	0	0	0
0	0	0	0
0	0	0	0
0	0	0	0
0	0	0	0
0	0	0	0
0	0	0	0
0	0	0	0
0	0	0	0
0	0	0	0
0	0	0	0
0	0	0	0
0	0	0	0
0	0	0	0
0	0	0	0
0	0	0	0
0	0	0	0
0	0	0	0
0	0	0	0
0	0	0	0
0	0	0	0
0	0	0	0
0	0	0	0
0	0	0	0
0	0	0	0
0	0	0	0
0	0	0	0
0	0	0	0
0	0	0	0
0	0	0	0
0	0	0	0
0	0	0	0
0	0	0	0
0	0	0	0
0	0	0	0
0	0	0	0
0	0	0	0
0	0	0	0
0	0	0	0
0	0	0	0
0	0	0	0
0	0	0	0
0	0	0	0
0	0	0	0
0	0	0	0
0	0	0	0
0	0	0	0
0	0	0	0
0	0	0	0
0	0	0	0
0	0	0	0
0	0	0	0
0	0	0	0
0	0	0	0
0	0	0	0
0	0	0	0
0	0	0	0
0	0	0	0
0	0	0	0
0	0	0	0
0	0	0	0
0	0	0	0
0	0	0	0
0	0	0	0
0	0	0	0
0	0	0	0
0	0	0	0
0	0	0	0
0	0	0	0
0	0	0	0
0	0	0	0
0	0	0	0
0	0	0	0
0	0	0	0
0	0	0	0
0	0	0	0
0	0	0	0
0	0	0	0
0	0	0	0
0	0	0	0
0	0	0	0
0	0	0	0
0	0	0	0
0	0	0	0
0	0	0	0
0	0	0	0
0	0	0	0
0	0	0	0
0	0	0	0
0	0	0	0
0	0	0	0
0	0	0	0
0	0	0	0
0	0	0	0
0	0	0	0
0	0	0	0
0	0	0	0
0	0	0	0
0	0	0	0
0	0	0	0
0	0	0	0
0	0	0	0
0	0	0	0
0	0	0	0
0	0	0	0
0	0	0	0
0	0	0	0
0	0	0	0
0	0	0	0
0	0	0	0
0	0	0	0
0	0	0	0
0	0	0	0
0	0	0	0
0	0	0	0
0	0	0	0
0	0	0	0
0	0	0	0
0	0	0	0
0	0	0	0
0	0	0	0
0	0	0	0
0	0	0	0
0	0	0	0
0	0	0	0
0	0	0	0
0	0	0	0
0	0	0	0
0	0	0	0
0	0	0	0
0	0	0	0
0	0	0	0
0	0	0	0
0	0	0	0
0	0	0	0
0	0	0	0
0	0	0	0
0	0	0	0
0	0	0	0
0	0	0	0
0	0	0	0
0	0	0	0
0	0	0	0
0	0	0	0
0	0	0	0
0	0	0	0
0	0	0	0
0	0	0	0
0	0	0	0
0	0	0	0
0	0	0	0
0	0	0	0
0	0	0	0
0	0	0	0
0	0	0	0
0	0	0	0
0	0	0	0
0	0	0	0
0	0	0	0
0	0	0	0
0	0	0	0
0	0	0	0
0	0	0	0
0	0	0	0
0	0	0	0
0	0	0	0
0	0	0	0
0	0	0	0
0	0	0	0
0	0	0	0
0	0	0	0
0	0	0	0
0	0	0	0
0	0	0	0
0	0	0	0
0	0	0	0
0	0	0	0
0	0	0	0
0	0	0	0
0	0	0	0
0	0	0	0
0	0	0	0
0	0	0	0
0	0	0	0
0	0	0	0
0	0	0	0
0	0	0	0
0	0	0	0
0	0	0	0
0	0	0	0
0	0	0	0
0	0	0	0
0	0	0	0
0	0	0	0
0	0	0	0
0	0	0	0
0	0	0	0
0	0	0	0
0	0	0	0
0	0	0	0
0	0	0	0
0	0	0	0
0	0	0	0
0	0	0	0
0	0	0	0
0	0	0	0
0	0	0	0
0	0	0	0
0	0	0	0
0	0	0	0
0	0	0	0
0	0	0	0
0	0	0	0
0	0	0	0
0	0	0	0
0	0	0	0
0	0	0	0
0	0	0	0
0	0	0	0
0	0	0	0
0	0	0	0
0	0	0	0
0	0	0	0
0	0	0	0
0	0	0	0
0	0	0	0
0	0	0	0
0	0	0	0
0	0	0	0
0	0	0	0
0	0	0	0
0	0	0	0
0	0	0	0
0	0	0	0
0	0	0	0
0	0	0	0
0	0	0	0
0	0	0	0
0	0	0	0
0	0	0	0
0	0	0	0
0	0	0	0
0	0	0	0
0	0	0	0
0	0	0	0
0	0	0	0
0	0	0	0
0	0	0	0
0	0	0	0
0	0	0	0
0	0	0	0
0	0	0	0
0	0	0	0
0	0	0	0
0	0	0	0
0	0	0	0
0	0	0	0
0	0	0	0
0	0	0	0
0	0	0	0
0	0	0	0
0	0	0	0
0	0	0	0
0	0	0	0
0	0	0	0
0	0	0	0
0	0	0	0
0	0	0	0
0	0	0	0
0	0	0	0
0	0	0	0
0	0	0	0
0	0	0	0
0	0	0	0
0	0	0	0
0	0	0	0
0	0	0	0
0	0	0	0
0	0	0	0
0	0	0	0
0	0	0	0
0	0	0	0
0	0	0	0
0	0	0	0
0	0	0	0
0	0	0	0
0	0	0	0
0	0	0	0
0	0	0	0
0	0	0	0
0	0	0	0
0	0	0	0
0	0	0	0
0	0	0	0
0	0	0	0
0	0	0	0
0	0	0	0
0	0	0	0
0	0	0	0
0	0	0	0
0	0	0	0
0	0	0	0
0	0	0	0
0	0	0	0
0	0	0	0
0	0	0	0
0	0	0	0
0	0	0	0
0	0	0	0
0	0	0	0
0	0	0	0
0	0	0	0
0	0	0	0
0	0	0	0
0	0	0	0
0	0	0	0
0	0	0	0
0	0	0	0
0	0	0	0
0	0	0	0
0	0	0	0
0	0	0	0
0	0	0	0
0	0	0	0
0	0	0	0
0	0	0	0
0	0	0	0
0	0	0	0
0	0	0	0
0	0	0	0
0	0	0	0
0	0	0	0
0	0	0	0
0	0	0	0
0	0	0	0
0	0	0	0
0	0	0	0
0	0	0	0
0	0	0	0
0	0	0	0
0	0	0	0
0	0	0	0
0	0	0	0
0	0	0	0
0	0	0	0
0	0	0	0
0	0	0	0
0	0	0	0
0	0	0	0
0	0	0	0
0	0	0	0
0	0	0	0
0	0	0	0
0	0	0	0
0	0	0	0
0	0	0	0
0	0	0	0
0	0	0	0
0	0	0	0
0	0	0	0
0	0	0	0
0	0	0	0
0	0	0	0
0	0	0	0
0	0	0	0
0	0	0	0
0	0	0	0
0	0	0	0
0	0	0	0
0	0	0	0
0	0	0	0
0	0	0	0
0	0	0	0
0	0	0	0
0	0	0	0
0	0	0	0
0	0	0	0
0	0	0	0
0	0	0	0
0	0	0	0
0	0	0	0
0	0	0	0
0	0	0	0
0	0	0	0
0	0	0	0
0	0	0	0
0	0	0	0
0	0	0	0
0	0	0	0
0	0	0	0
0	0	0	0
0	0	0	0
0	0	0	0
0	0	0	0
0	0	0	0
0	0	0	0
0	0	0	0
0	0	0	0
0	0	0	0
0	0	0	0
0	0	0	0
0	0	0	0
0	0	0	0
0	0	0	0
0	0	0	0
0	0	0	0
0	0	0	0
0	0	0	0
0	0	0	0
0	0	0	0
0	0	0	0
0	0	0	0
0	0	0	0
0	0	0	0
0	0	0	0
0	0	0	0
0	0	0	0
0	0	0	0
0	0	0	0
0	0	0	0
0	0	0	0
0	0	0	0
0	0	0	0
0	0	0	0
0	0	0	0
0	0	0	0
0	0	0	0
0	0	0	0
0	0	0	0
0	0	0	0
0	0	0	0
0	0	0	0
0	0	0	0
0	0	0	0
0	0	0	0
0	0	0	0
0	0	0	0
0	0	0	0
0	0	0	0
0	0	0	0
0	0	0	0
0	0	0	0
0	0	0	0
0	0	0	0
0	0	0	0
0	0	0	0
0	0	0	0
0	0	0	0
0	0	0	0
0	0	0	0
0	0	0	0
0	0	0	0
0	0	0	0
0	0	0	0
0	0	0	0
0	0	0	0
0	0	0	0
0	0	0	0
0	0	0	0
0	0	0	0
0	0	0	0
0	0	0	0
0	0	0	0
0	0	0	0
0	0	0	0
0	0	0	0
0	0	0	0
0	0	0	0
0	0	0	0
0	0	0	0
0	0	0	0
0	0	0	0
0	0	0	0
0	0	0	0
0	0	0	0
0	0	0	0
0	0	0	0
0	0	0	0
0	0	0	0
0	0	0	0
0	0	0	0
0	0	0	0
0	0	0	0
0	0	0	0
0	0	0	0
0	0	0	0
0	0	0	0
0	0	0	0
0	0	0	0
0	0	0	0
0	0	0	0
0	0	0	0
0	0	0	0
0	0	0	0
0	0	0	0
0	0	0	0
0	0	0	0
0	0	0	0
0	0	0	0
0	0	0	0
0	0	0	0
0	0	0	0
0	0	0	0
0	0	0	0
0	0	0	0
0	0	0	0
0	0	0	0
0	0	0	0
0	0	0	0
0	0	0	0
0	0	0	0
0	0	0	0
0	0	0	0
0	0	0	0
0	0	0	0
0	0	0	0
0	0	0	0
0	0	0	0
0	0	0	0
0	0	0	0
0	0	0	0
0	0	0	0
0	0	0	0
0	0	0	0
0	0	0	0
0	0	0	0
0	0	0	0
0	0	0	0
0	0	0	0
0	0	0	0
0	0	0	0
0	0	0	0
0	0	0	0
0	0	0	0
0	0	0	0
0	0	0	0
0	0	0	0
0	0	0	0
0	0	0	0
0	0	0	0
0	0	0	0
0	0	0	0
0	0	0	0
0	0	0	0
0	0	0	0
0	0	0	0
0	0	0	0
0	0	0	0
0	0	0	0
0	0	0	0
0	0	0	0
0	0	0	0
0	0	0	0
0	0	0	0
0	0	0	0
0	0	0	0
0	0	0	0
0	0	0	0
0	0	0	0
0	0	0	0
0	0	0	0
0	0	0	0
0	0	0	0
0	0	0	0
0	0	0	0
0	0	0	0
0	0	0	0
0	0	0	0
0	0	0	0
0	0	0	0
0	0	0	0
0	0	0	0
0	0	0	0
0	0	0	0
0	0	0	0
0	0	0	0
0	0	0	0
0	0	0	0
0	0	0	0