1	1	1	0
1	2	0	0
1	11	0	0
1	12	0	0
1	23	0	0
1	24	0	0
2	1	0.9999999999997934	3.221058069587919e-8
2	2	4.156531355501753e-14	3.136128473668832e-14
2	11	4.701286955063554e-61	3.316190053575107e-61
2	12	-2.0873055764418079e-60	1.51478173142542e-60
2	23	2.7166027084775696e-7	4.163660827781759e-7
2	24	-3.6946492553637837e-7	-1.659067764552463e-7
3	1	0.9999999999993916	6.442184255746494e-8
3	2	4.549345494992552e-13	-9.506285140481754e-14
3	11	1.030083155903879e-59	-3.3637597011309344e-60
3	12	-1.0854020880308214e-59	2.0799731747981454e-59
3	23	8.888643219482042e-7	5.194687809000143e-7
3	24	-3.731052399303552e-7	1.041681020254075e-7
4	1	0.9999999999988147	9.663413220525892e-8
4	2	8.905907675537307e-13	-1.0894329582006575e-12
4	11	3.1736587784577915e-59	-6.04665199314426e-59
4	12	-4.353874050038824e-59	1.2652452747674751e-58
4	23	1.4038004641257234e-6	3.144802864471471e-7
4	24	-4.837515373667936e-7	-2.3314513780502242e-7
5	1	0.9999999999979653	1.2884881548111004e-7
5	2	9.442257501528037e-13	-2.448157441959968e-12
5	11	4.10191243991737e-59	-2.4164258673821776e-58
5	12	-1.5552813972308817e-58	7.218193374291099e-58
5	23	1.7041587555773124e-6	2.553445267635762e-7
5	24	-1.034553673806924e-6	-1.029826516421186e-7
6	1	0.9999999999966795	1.6106719498023117e-7
6	2	1.977761510637565e-12	-4.653896505836929e-12
6	11	4.136525373028833e-58	-1.0109103344620058e-57
6	12	-6.169315813795347e-58	3.4315398276097564e-57
6	23	2.1974506374218988e-6	6.746924364771532e-7
6	24	-1.1455162314448337e-6	-1.2755195220729568e-7
7	1	0.9999999999911744	1.9329409536866994e-7
7	2	4.752960882009957e-12	-9.488616421669756e-12
7	11	2.81045426355215e-57	-5.099353212556028e-57
7	12	-5.432023990744365e-57	1.7543353346730862e-56
7	23	3.3881113605526428e-6	1.4419408279684016e-6
7	24	-1.9582133750815863e-6	-4.6687537814147396e-7
8	1	0.9999999999785414	2.2554326672918436e-7
8	2	1.3099113804057592e-11	-2.0309255415508973e-11
8	11	2.0633089397406524e-56	-2.813224479401673e-56
8	12	-3.165867428671189e-56	9.898939152923274e-56
8	23	5.4432856831070725e-6	2.213985115245791e-6
8	24	-2.871648450912425e-6	-2.94112958243568e-7
9	1	0.9999999999538417	2.578366013868714e-7
9	2	3.042782795582859e-11	-4.901972625352515e-11
9	11	1.0842368672606425e-55	-1.7751610451683933e-55
9	12	-1.5893068346507535e-55	5.26437686822968e-55
9	23	8.251228267819007e-6	2.9102083999685015e-6
9	24	-3.901740780171548e-6	-6.876492544318669e-7
10	1	0.9999999999036685	2.902222157547624e-7
10	2	5.91334797101124e-11	-1.0863301837411294e-10
10	11	4.700749348435341e-55	-9.29340521235092e-55
10	12	-7.920244512559087e-55	2.750773917994249e-54
10	23	0.000011850900276611906	3.870142646377882e-6
10	24	-6.012764581021232e-6	-1.0007946045485404e-6
11	1	0.9999999998082482	3.2279017319882874e-7
11	2	1.2016295240002847e-10	-2.256791440920946e-10
11	11	2.3849305104342312e-54	-4.582759039016305e-54
11	12	-3.761966869412715e-54	1.388927460687103e-53
11	23	0.000016750771658671424	5.592257106960468e-6
11	24	-8.38174618815678e-6	-1.1323535059641087e-6
12	1	0.9999999996073761	3.557127767117915e-7
12	2	2.477986565792949e-10	-4.6547024483727626e-10
12	11	1.218906808443042e-53	-2.2994814402611994e-53
12	12	-1.9266723938621464e-53	6.855509283251482e-53
12	23	0.00002387009715733069	8.401027006507986e-6
12	24	-0.000011870969829559749	-1.960052491696438e-6
13	1	0.9999999991864426	3.893586753962698e-7
13	2	5.145475001244104e-10	-9.437987524056021e-10
13	11	6.284242899013709e-53	-1.134020110244918e-52
13	12	-9.884053827213976e-53	3.39934488311786e-52
13	23	0.00003426966349125729	0.000012394307664184758
13	24	-0.000017099413729979482	-2.5581860429881396e-6
14	1	0.9999999983563884	4.2441877048096037e-7
14	2	1.0720420158486082e-9	-1.9189997352260336e-9
14	11	3.2235968992100235e-52	-5.680709469954618e-52
14	12	-4.846132537817368e-52	1.6644566737642205e-51
14	23	0.000049016265704313064	0.000017690918174995153
14	24	-0.000023660130094307235	-3.417365800071228e-6
15	1	0.9999999967301212	4.6219256261332323e-7
15	2	2.15051280727736e-9	-3.88206905730597e-9
15	11	1.553893219962593e-51	-2.815416609736217e-51
15	12	-2.344807284311942e-51	8.027795729731036e-51
15	23	0.0000693461225793918	0.000024726463790491004
15	24	-0.00003307123126598337	-5.055064206023578e-6
16	1	0.999999993624402	5.051291969712091e-7
16	2	4.216748109314073e-9	-7.691393575848376e-9
16	11	7.37159485328847e-51	-1.3538145605005898e-50
16	12	-1.1073359941762388e-50	3.820467072796176e-50
16	23	0.0000970121227150712	0.000034363680683400754
16	24	-0.00004598585347103819	-6.635206523562679e-6
17	1	0.9999999877861694	5.576269660644119e-7
17	2	8.185402869741647e-9	-1.5006049323586817e-8
17	11	3.485749069888794e-50	-6.421673240393245e-50
17	12	-5.148150671613683e-50	1.7858018391825956e-49
17	23	0.00013458947109915302	0.00004779900534628959
17	24	-0.00006282984553269147	-8.982734146130545e-6
18	1	0.9999999768005033	6.276786950201499e-7
18	2	1.5668082656815064e-8	-2.884772798365585e-8
18	11	1.6236789816359523e-49	-3.00057297947466e-49
18	12	-2.386514244146208e-49	8.22898754122489e-49
18	23	0.00018562058082303453	0.00006642564365759622
18	24	-0.00008589135124896032	-0.000012405966249887001
19	1	0.9999999564384714	7.296576893944634e-7
19	2	2.9720255776334898e-8	-5.4640111276285396e-8
19	11	7.51964355775873e-49	-1.3815238431795104e-48
19	12	-1.0917931443912844e-48	3.745569043685885e-48
19	23	0.00025465726594804216	0.00009182133298349742
19	24	-0.00011651536960982814	-0.00001628523653719971
20	1	0.999999919286852	8.886581508512369e-7
20	2	5.579141113874925e-8	-1.0231228759686295e-7
20	11	3.441840410630949e-48	-6.300739417321695e-48
20	12	-4.9219789120379073e-48	1.681202844678535e-47
20	23	0.0003473487024149821	0.0001259084944361403
20	24	-0.0001563765397295534	-0.000021628588655844694
21	1	0.999999852308834	1.1482035620561814e-6
21	2	1.0316748702852473e-7	-1.8924238258309304e-7
21	11	1.5464345510730833e-47	-2.83652685541912e-47
21	12	-2.190968302686843e-47	7.445430037069661e-47
21	23	0.00047068452393970897	0.0001712128111679187
21	24	-0.0002090341123682144	-0.00002877394342780871
22	1	0.999999733531202	1.5825691031921492e-6
22	2	1.8814070898422456e-7	-3.453202894743107e-7
22	11	6.85254611640172e-47	-1.258275056343799e-46
22	12	-9.600838330359688e-47	3.2531068978853966e-46
22	23	0.0006333996475489972	0.00023111137756641595
22	24	-0.00027737050501221	-0.000037321418525978106
23	1	0.9999995259396477	2.315851541929521e-6
23	2	3.3856377533214874e-7	-6.219101427216252e-7
23	11	2.995923266925473e-46	-5.507625956234094e-46
23	12	-4.146520923997378e-46	1.4011373189083028e-45
23	23	0.000846470505583159	0.00031001166423998545
23	24	-0.00036490002677941395	-0.00004840492859003133
24	1	0.999999167408286	3.5532325181803136e-6
24	2	6.009146299519372e-7	-1.1051318477791435e-6
24	11	1.2910721156234102e-45	-2.3770507484667296e-45
24	12	-1.7687042183847297e-45	5.951080223005353e-45
24	23	0.0011236236486784242	0.0004134785160010119
24	24	-0.0004772348839450554	-0.00006261633572007488
25	1	0.9999985564800913	5.629112934853282e-6
25	2	1.0530150788710673e-6	-1.9372995851132167e-6
25	11	5.495275808706924e-45	-1.0114749063225213e-44
25	12	-7.444954849249204e-45	2.493288605493684e-44
25	23	0.001481820428290581	0.0005483718449923486
25	24	-0.0006197878239621287	-0.00007975447045046059
26	1	0.9999975293515015	9.078852120200529e-6
26	2	1.8225680295065482e-6	-3.351839617646893e-6
26	11	2.310155235701263e-44	-4.2475175403026417e-44
26	12	-3.0924983885095534e-44	1.030244401366524e-43
26	23	0.0019417318433208356	0.0007230545496882047
26	24	-0.0007986612862230373	-0.00010101299926757015
27	1	0.9999958241068491	0.000014748037316768623
27	2	3.114477642245625e-6	-5.72448217071831e-6
27	11	9.581809333608357e-44	-1.7601274704888492e-43
27	12	-1.2683411447432763e-43	4.1991872359814485e-43
27	23	0.0025282419584041656	0.000947696113890581
27	24	-0.0010223233986276555	-0.00012739086436190032
28	1	0.999993030514622	0.000023952722493214236
28	2	5.255045851481897e-6	-9.650017915264206e-6
28	11	3.922555588128114e-43	-7.195726484626402e-43
28	12	-5.133870829648237e-43	1.6885286706056295e-42
28	23	0.0032710095050289016	0.0012346618600515987
28	24	-0.001299649997600292	-0.00015888518618706224
29	1	0.9999885151968377	0.00003870658593933672
29	2	8.756348436511578e-6	-0.00001605887147410956
29	11	1.585200683187167e-42	-2.902881575994907e-42
29	12	-2.050558168506603e-42	6.697704405845512e-42
29	23	0.004205088963468007	0.001598960879090523
29	24	-0.0016399852709786565	-0.00019657285854591134
30	1	0.9999813105305564	0.00006204453078637791
30	2	0.000014407262293197817	-0.000026383022718583486
30	11	6.32206209096325e-42	-1.1555851182682627e-41
30	12	-8.085137082241721e-42	2.6207133875311594e-41
30	23	0.005371583343481326	0.002058730194447676
30	24	-0.0020550113190701135	-0.0002418414368587096
31	1	0.9999699617861868	0.00009847313306540939
31	2	0.000023409343994339794	-0.00004278978684374418
31	11	2.4887932985555716e-41	-4.538634449087129e-41
31	12	-3.147206646392269e-41	1.011643165748223e-40
31	23	0.0068182827957229495	0.002635749816037314
31	24	-0.0025574043259499434	-0.00029491549268304354
32	1	0.9999523147423687	0.00015457581826059733
32	2	0.00003757008228803778	-0.00006851461068800437
32	11	9.6743694147428e-41	-1.7588893299874967e-40
32	12	-1.2094571686064953e-40	3.852570895711638e-40
32	23	0.00860023740482762	0.003356001581260492
32	24	-0.0031598027355482284	-0.0003564527605187084
33	1	0.9999252170546411	0.00023981830491875237
33	2	0.00005956468413594797	-0.00010831556503621692
33	11	3.713377761099195e-40	-6.726418715504432e-40
33	12	-4.5898248865734834e-40	1.4474184281486764e-39
33	23	0.010780213210024866	0.004250296934085932
33	24	-0.0038763891235968815	-0.00042789213072506687
34	1	0.9998841192787415	0.0003676031381121826
34	2	0.0000932987190800651	-0.00016907539910368316
34	11	1.4075540530680356e-39	-2.5383404132723256e-39
34	12	-1.7204027317429142e-39	5.365224657425445e-39
34	23	0.013428980087179451	0.0053550039811178715
34	24	-0.004722523209326133	-0.0005096976376608871
35	1	0.9998225524837095	0.0005566018297008212
35	2	0.00014440427783874024	-0.00026059865355666816
35	11	5.270016123915753e-39	-9.452455037291306e-39
35	12	-6.369834766391398e-39	1.9622353292767948e-38
35	23	0.01662537311044848	0.006712905297738933
35	24	-0.005712846185691304	-0.0006018595906907417
36	1	0.9997314353482717	0.0008323972545385659
36	2	0.0002208879919231807	-0.000396640174280933
36	11	1.9492641771056935e-38	-3.473713397488167e-38
36	12	-2.330047415553418e-38	7.080911338168019e-38
36	23	0.020456053121773277	0.008374218999421807
36	24	-0.00686172085522382	-0.0007052021651870637
37	1	0.9995981770768442	0.001229472568593514
37	2	0.0003339724278017659	-0.0005961783885265343
37	11	7.12333453964745e-38	-1.2597820649367444e-37
37	12	-8.422526022697745e-38	2.521241526835687e-37
37	23	0.025014867610846786	0.01039781904129825
37	24	-0.008183807084742216	-0.0008202894562783602
38	1	0.9994055536112721	0.0017935332924605661
38	2	0.0004991926641012744	-0.0008849599033323643
38	11	2.5723595589079946e-37	-4.508487440894546e-37
38	12	-3.0091594587296114e-37	8.85806913117955e-37
38	23	0.030401680791471437	0.012852696546543836
38	24	-0.009692276093278059	-0.000946616391928373
39	1	0.9991302999029645	0.0025841006350320332
39	2	0.0007377830233092587	-0.0012973318575176663
39	11	9.181435879688499e-37	-1.5921633280671117e-36
39	12	-1.062824427121432e-36	3.0708771496660406e-36
39	23	0.03672050317002832	0.015819709652360524
39	24	-0.011397606598373376	-0.0010839018697459272
40	1	0.9987413526859337	0.0036772979452542307
40	2	0.0010783861835900646	-0.0018783084135533482
40	11	3.2396696124666774e-36	-5.5480760034923704e-36
40	12	-3.711982956697064e-36	1.050452687611366e-35
40	23	0.04407670718355894	0.019393670238912312
40	24	-0.01330816975421285	-0.0012324820261107542
41	1	0.9981977172777722	0.005168682416094051
41	2	0.0015591576006694968	-0.002685769203191541
41	11	1.1302870038756174e-35	-1.9074288554379539e-35
41	12	-1.282328967019185e-35	3.5454316489299223e-35
41	23	0.052573068654960434	0.02368580551411395
41	24	-0.015429667090315052	-0.001392141413656121
42	1	0.9974459255846427	0.0071758454316201
42	2	0.0022303265491018876	-0.0037926630921088157
42	11	3.9001104923277576e-35	-6.469074831627478e-35
42	12	-4.3828436422744575e-35	1.1806370905473007e-34
42	23	0.06230432785025381	0.028826602648098065
42	24	-0.017763201567222334	-0.0015622125546526314
43	1	0.9964170139742271	0.009840420298637234
43	2	0.0031572193259311546	-0.00528898798729671
43	11	1.331266133595151e-34	-2.163939838721723e-34
43	12	-1.4824902207485072e-34	3.878618409002435e-34
43	23	0.07334992604197083	0.034968985844983584
43	24	-0.020304672531548915	-0.001742875561108837
44	1	0.9950229888691186	0.01332907417442192
44	2	0.004423751722044788	-0.007283164398188769
44	11	4.496145488857266e-34	-7.137595312458138e-34
44	12	-4.963926141924092e-34	1.2568758690804189e-33
44	23	0.08576455516360385	0.04229167677355858
44	24	-0.023045250267191574	-0.0019351832102953315
45	1	0.9931528306627704	0.0178329234638846
45	2	0.0061364098810647175	-0.00990233039208964
45	11	1.5027389133910305e-33	-2.3207210188278795e-33
45	12	-1.645741904732173e-33	4.0168348183168656e-33
45	23	0.09956617562665859	0.05100244090012942
45	24	-0.025970700397397167	-0.002140216814091522
46	1	0.9906681142061193	0.023564667408843956
46	2	0.008428644936447936	-0.013291016477223461
46	11	4.971224322928574e-33	-7.43504834343812e-33
46	12	-5.40360168660248e-33	1.2657456975995775e-32
46	23	0.1147212313188282	0.061340716691744596
46	24	-0.029060099356522835	-0.0023594398828997182
47	1	0.9873983727469032	0.030752711796080637
47	2	0.011465462141937683	-0.017607523036491886
47	11	1.627886964829356e-32	-2.3459572810836694e-32
47	12	-1.7573003566230062e-32	3.931347775292861e-32
47	23	0.1311269447066435	0.07357886152477411
47	24	-0.032285916179530916	-0.002595698250993504
48	1	0.9831365198206713	0.03963160834032909
48	2	0.015447886113796609	-0.02301722220295951
48	11	5.276871812660799e-32	-7.28562398875236e-32
48	12	-5.660719961370284e-32	1.203076321203885e-31
48	23	0.1485908320258759	0.0880209390612557
48	24	-0.03561500297159199	-0.002853033454877661
49	1	0.9776348982035633	0.05042819280755968
49	2	0.020616843786175832	-0.029682083522103806
49	11	1.6931374612593524e-31	-2.2253433947090304e-31
49	12	-1.8060764343342248e-31	3.625617108051919e-31
49	23	0.16680795673212642	0.10499764671308118
49	24	-0.039008844838337456	-0.0031357032222961764
50	1	0.9706027380914279	0.06334298465105936
50	2	0.02725572066075823	-0.03774593750849397
50	11	5.3764874859731105e-31	-6.679000072611479e-31
50	12	-5.706370808327143e-31	1.0753117306552345e-30
50	23	0.18533694495180117	0.12485568855183699
50	24	-0.04242341985104988	-0.003447944040039421
51	1	0.9617060419086649	0.07852685113794781
51	2	0.03569051291009778	-0.047315275978677726
51	11	1.6891578642394692e-30	-1.9675272032488894e-30
51	12	-1.784862657201357e-30	3.136257206034879e-30
51	23	0.2035764069759815	0.14793970974915188
51	24	-0.0458101206240598	-0.0037942330576295584
52	1	0.950571236247214	0.0960535766787893
52	2	0.04628626399012932	-0.05843584994173628
52	11	5.248353393209146e-30	-5.680923223233346e-30
52	12	-5.5242150431332026e-30	8.986596438696425e-30
52	23	0.2207441063665096	0.1745649095304944
52	24	-0.04911760091353538	-0.004178705497502327
53	1	0.9367941983195591	0.11588969471591057
53	2	0.0594383286167574	-0.07106607518673118
53	11	1.6118095068843265e-29	-1.604882493506218e-29
53	12	-1.6908063353842544e-29	2.526775626437177e-29
53	23	0.2358619286229558	0.20497872827025782
53	24	-0.052293247512346125	-0.004603753886125052
54	1	0.9199562712884618	0.13786375501034295
54	2	0.07555692574572076	-0.08504918610778694
54	11	4.88922430785503e-29	-4.4260238022674225e-29
54	12	-5.113855584562501e-29	6.961090989412246e-29
54	23	0.24775033846095326	0.23931062949252718
54	24	-0.05528406811709795	-0.005069033688029004
55	1	0.8996485844120042	0.16163813281956946
55	2	0.09504358289983976	-0.10008698798318895
55	11	1.463664478181795e-28	-1.1880496134136348e-28
55	12	-1.5270349578343454e-28	1.8754350786213936e-28
55	23	0.25503648505226734	0.2775099971312944
55	24	-0.05803795833407497	-0.005571260797622371
56	1	0.8755054147470027	0.18668735467562064
56	2	0.11825864194271642	-0.11571885215480984
56	11	4.32017139168067e-28	-3.0911740616042194e-28
56	12	-4.497332660321938e-28	4.929097921677923e-28
56	23	0.25618034002465134	0.31927351471332677
56	24	-0.06050568856256816	-0.006104019475133143
57	1	0.8472463920075123	0.21228743313503173
57	2	0.14548001488269968	-0.13131021446252653
57	11	1.2558689979963036e-27	-7.749976414300573e-28
57	12	-1.3048875725273024e-27	1.259602871635833e-27
57	23	0.24952319672453496	0.363965005648126
57	24	-0.06264280412909534	-0.0066571661758929295
58	1	0.8147259731355991	0.23752070499206776
58	2	0.17685472240417444	-0.14605507664053868
58	11	3.5911971018413504e-27	-1.8551231404992315e-27
58	12	-3.725246439585483e-27	3.115215891580635e-27
58	23	0.2333625423858316	0.41053248834072975
58	24	-0.0644107716657534	-0.007216472171059167
59	1	0.7779869085930063	0.261300111044883
59	2	0.21234631038340848	-0.15899661234894485
59	11	1.0087587539793791e-26	-4.174215165021319e-27
59	12	-1.0449388468948363e-26	7.405629357215215e-27
59	23	0.2060568087071331	0.4574290634449968
59	24	-0.06577769085479557	-0.007764189655769294
60	1	0.7373126815119796	0.28241568324570127
60	2	0.2516829244583866	-0.16906883278200036
60	11	2.7791254303148276e-26	-8.566736338751526e-27
60	12	-2.875374127768037e-26	1.673970734384499e-26
60	23	0.1661628835487793	0.5025462278857349
60	24	-0.06671917169366796	-0.00828033534113278
61	1	0.6932724151343975	0.29960415192792883
61	2	0.2943124122395423	-0.17516045430451674
61	11	7.495685370998873e-26	-1.4913054522029515e-26
61	12	-7.747756472565203e-26	3.530157486190751e-26
61	23	0.1126085033189379	0.5431704705147952
61	24	-0.06721931991770552	-0.008744014046288107
62	1	0.6467507179674111	0.3116401171340116
62	2	0.3393719792804505	-0.17619977697553252
62	11	1.974927988017065e-25	-1.6644103205753139e-26
62	12	-2.0398526075862688e-25	6.681266011103978e-26
62	23	0.044900483910048146	0.5759768462666917
62	24	-0.06727126988372534	-0.009134540597249375
63	1	0.5989545552025266	0.31744437553346083
63	2	0.38568034706961823	-0.17125665329232415
63	11	5.069376615229421e-25	1.943056294017902e-26
63	12	-5.233690382914207e-25	1.0233925644487373e-25
63	23	-0.03663245147889713	0.5970769570737223
63	24	-0.0668770041172916	-0.00943265509835582
64	1	0.5513897124038398	0.31620203168755606
64	2	0.4317598835088007	-0.15965465554015554
64	11	1.2632893742265797e-24	2.1835133219996037e-25
64	12	-1.3041208026638227e-24	7.321040099831151e-26
64	23	-0.13056784272289124	0.6021434484195932
64	24	-0.0660467765282435	-0.009622029461867118
65	1	0.5058009405092455	0.3074801550244715
65	2	0.4758947085746492	-0.1410835700888865
65	11	3.0418327129966915e-24	9.906269770276748e-25
65	12	-3.1413975588111644e-24	-3.019400579680049e-25
65	23	-0.23410231750043026	0.586638181097879
65	24	-0.06479856267081273	-0.009690776160987201
66	1	0.464072550767943	0.2913321435014631
66	2	0.5162282017534556	-0.11569963725455741
66	11	7.029032022510206e-24	3.56863604790573e-24
66	12	-7.267153696847727e-24	-1.9638110370498004e-24
66	23	-0.34277621031681904	0.5461749643696193
66	24	-0.06315758794194097	-0.009632469162599197
67	1	0.4280901320540314	0.26837388254255196
67	2	0.5508994944450306	-0.08419881909922151
67	11	1.5425499690724273e-23	1.1401535455189636e-23
67	12	-1.5983856812935544e-23	-7.712107501571109e-24
67	23	-0.45025728040548035	0.4770468871684073
67	24	-0.061155678733355624	-0.009446466691452363
68	1	0.3995692538921806	0.23981569381391463
68	2	0.5782133062910095	-0.04784721919915561
68	11	3.158629941944485e-23	3.355567508163358e-23
68	12	-3.286957017592205e-23	-2.5187628243045654e-23
68	23	-0.5482574420234518	0.3769378458610781
68	24	-0.05883026766171224	-0.009137703096402376
69	1	0.3798634695202583	0.2074346315628275
69	2	0.5968309436935383	-0.008453233640273443
69	11	5.831815280202197e-23	9.242037132348022e-23
69	12	-6.120823272779575e-23	-7.369509964127909e-23
69	23	-0.6266862959611094	0.24581142146014046
69	24	-0.056223170177062305	-0.008716209775582238
70	1	0.36977129348849885	0.1734747885007299
70	2	0.6059628359753129	0.031731014933450825
70	11	8.924809556935642e-23	2.3963410609310934e-22
70	12	-9.562467187522606e-23	-1.9829388029300444e-22
70	23	-0.674170615684887	0.08692130391273395
70	24	-0.053379381873682685	-0.00819645279768621
71	1	0.3693691367264076	0.14046986799940012
71	2	0.6055356227913226	0.07018491709277418
71	11	7.932344787637606e-23	5.848530657243026e-22
71	12	-9.310360091216179e-23	-4.948087175764091e-22
71	23	-0.6790760731748715	-0.09218786899490287
71	24	-0.05034602341580639	-0.007596416221304364
72	1	0.3779026778817492	0.11099303503969501
72	2	0.59630126857421	0.10436654082587377
72	11	-1.3903394833222732e-22	1.3360457819213078e-21
72	12	1.0987265659669014e-22	-1.1425486580658254e-21
72	23	-0.6311366633140673	-0.2789189768198163
72	24	-0.04717136337925939	-0.006936392637079097
73	1	0.39377033036557507	0.08735379935091732
73	2	0.5798544529217362	0.13201223913036428
73	11	-1.063757274522974e-21	2.8200798873962443e-21
73	12	1.0033447876179918e-21	-2.409855609963505e-21
73	23	-0.5237054516819087	-0.45543602519263543
73	24	-0.0439037811119874	-0.006237599603323949
74	1	0.4146265323903628	0.07127874049409376
74	2	0.5585303761496605	0.15145215795951167
74	11	-3.9728367133279204e-21	5.3558637409260994e-21
74	12	3.8503579295043285e-21	-4.497855358895809e-21
74	23	-0.3564681140726052	-0.5994686379530565
74	24	-0.04059062139016136	-0.005520849067393013
75	1	0.43761736794819456	0.06362866056114787
75	2	0.5351703208653735	0.16188931390934905
75	11	-1.1741052894604946e-20	8.60446377652579e-21
75	12	1.1498169049783686e-20	-6.834026376088731e-21
75	23	-0.1382052192466809	-0.6865228757236058
75	24	-0.03727702377750332	-0.004805466840175516
76	1	0.45973627137310763	0.06421389137994744
76	2	0.5127670803304466	0.1635807452903027
76	11	-2.991570676211703e-20	9.501687734000622e-21
76	12	2.9444899729924565e-20	-5.897683634259094e-21
76	23	0.11111920157419039	-0.6937648809947624
76	24	-0.034004865775244204	-0.004108537561208504
77	1	0.478256277949337	0.07176596602703761
77	2	0.4940336919901573	0.15786271303967822
77	11	-6.69311574811477e-20	-2.9394643781316325e-21
77	12	6.603996047792967e-20	1.0177215352011746e-20
77	23	0.3599451105044001	-0.605482396649081
77	24	-0.030811918752660736	-0.0034444400721469403
78	1	0.49116440894128166	0.08410307895775572
78	2	0.4809698319553145	0.14698265298448338
78	11	-1.2943323036636557e-19	-5.823954846830843e-20
78	12	1.2778811341681054e-19	7.257908070951906e-20
78	23	0.5674930219818087	-0.41943174187938576
78	24	-0.027731237128747106	-0.0028245996152292422
79	1	0.49750354108965794	0.09848819554978411
79	2	0.47452050148428115	0.13373907954892517
79	11	-2.0228986021563675e-19	-2.207071186056205e-19
79	12	1.9933413353100606e-19	2.487343582298791e-19
79	23	0.6898005153554527	-0.15261070108445976
79	24	-0.024790749513599414	-0.002257405926928358
80	1	0.49752842332285446	0.1121282572792519
80	2	0.4744203505509379	0.12098099767858879
80	11	-1.9269510896572778e-19	-6.0036128151106e-19
80	12	1.8754114825459765e-19	6.544046954213291e-19
80	23	0.6895221380420515	0.155734526697162
80	24	-0.022013017577245875	-0.0017482822070088067
81	1	0.4926126992275072	0.12271364664146012
81	2	0.4792868056929771	0.11106761709247165
81	11	1.8876211366009936e-19	-1.3142722914781817e-18
81	12	-1.9744706890051412e-19	1.4170804943641778e-18
81	23	0.5482447154517982	0.4463981696366916
81	24	-0.019415153568291866	-0.001299902252536688
82	1	0.4849018506556556	0.12886660934940383
82	2	0.4869671235822275	0.10541959879560994
82	11	1.6099194631215773e-18	-2.283557961214267e-18
82	12	-1.6239672836884629e-18	2.476507094943289e-18
82	23	0.278322109844386	0.6498153495186073
82	24	-0.017008907745588994	-0.0009125373452975719
83	1	0.4767804239352191	0.13037236407209277
83	2	0.49507105079543906	0.10428801280028317
83	11	5.2249397248981695e-18	-2.6539804871256184e-18
83	12	-5.246503017117183e-18	3.011250773941988e-18
83	23	-0.07036555682889609	0.7032363885692425
83	24	-0.014800934607459695	-0.0005844894010585905
84	1	0.4702878134834779	0.12811507626353866
84	2	0.5015548564564206	0.10681873222744726
84	11	1.2200936242059861e-17	3.777792042792551e-19
84	12	-1.2231687629653832e-17	2.7489927849927933e-19
84	23	-0.4138719557465445	0.5727081491242345
84	24	-0.012793225438770565	-0.00031255288360502206
85	1	0.4666483755447755	0.1237251087408139
85	2	0.5051910013562313	0.11140575462221064
85	11	2.148636542200019e-17	1.3085646965652855e-17
85	12	-2.1525258124393932e-17	-1.1909236882156749e-17
85	23	-0.6514747779348817	0.2734267090458183
85	24	-0.010983669774508995	-0.00009245315039518713
86	1	0.4660588605594878	0.11903906984953944
86	2	0.5057804833308815	0.116231842405903
86	11	2.4078151334606292e-17	4.5145632838307265e-17
86	12	-2.4116125470232753e-17	-4.305353249035056e-17
86	23	-0.6961430618169336	-0.12079816160596693
86	24	-0.009366693573347485	0.00008077199135570964
87	1	0.46779768465598043	0.11554421722091893
87	2	0.504043357807347	0.11982485166943332
87	11	-6.669650015716827e-18	1.0237445993050516e-16
87	12	6.661075915129328e-18	-9.870353114534377e-17
87	23	-0.5109801280200966	-0.48809166657905106
87	24	-0.007933921849373731	0.000212458775462898
88	1	0.4706093613690916	0.1139907658043472
88	2	0.5012341237375576	0.12144614480524864
88	11	-1.219975961754587e-16	1.6224645981667328e-16
88	12	1.2208944054556053e-16	-1.5589106944221214e-16
88	23	-0.13774998459944188	-0.6932015687889912
88	24	-0.0066748244825665945	0.0003080674487312155
89	1	0.4732158695076249	0.11429636531344074
89	2	0.49863020393674573	0.12118678305800253
89	11	-3.773173838466842e-16	1.247695657116614e-16
89	12	3.776679291149492e-16	-1.1391325885872748e-16
89	23	0.2994576270471501	-0.6402957512416995
89	24	-0.00557731870342263	0.00037298461241903956
90	1	0.4747600834182181	0.11575406205858793
90	2	0.4970883940264678	0.11976016051701519
90	11	-7.344991560448628e-16	-2.3921634210930144e-16
90	12	7.354373526289125e-16	2.575139228659059e-16
90	23	0.6276312236052841	-0.325302856737692
90	24	-0.004628314357016637	0.00041236758370085237
91	1	0.4750203758161523	0.11743420825183264
91	2	0.4968301674401792	0.11810060545526216
91	11	-8.392623787381308e-16	-1.2375493659893105e-15
91	12	8.414385998009768e-16	1.2679772374969744e-15
91	23	0.6930502657059285	0.1394398663815763
91	24	-0.0038141959335041887	0.00043102437634175367
92	1	0.4743395720572553	0.11859719451457222
92	2	0.4975126537238316	0.11695107166024796
92	11	2.5021887364035455e-16	-2.875141587076448e-15
92	12	-2.4556765322686136e-16	2.9250651712629846e-15
92	23	0.4411427616238614	0.5523797751712674
92	24	-0.0031212389795107326	0.00043332648331691025
93	1	0.47333888683851577	0.11894428535261625
93	2	0.4985146546573373	0.11661264480150324
93	11	3.938259016976555e-15	-3.907788532418049e-15
93	12	-3.928853997518229e-15	3.988601212600112e-15
93	23	-0.032566970535500686	0.7061302766714722
93	24	-0.0025359598002287456	0.000423153161627063
94	1	0.4725762956265907	0.11862428623384988
94	2	0.49927824144125266	0.11693814391183194
94	11	1.0576250258407092e-14	-6.423651826847227e-16
94	12	-1.0558006532348881e-14	7.71417807748051e-16
94	23	-0.5009742078137877	0.4986653466940377
94	24	-0.002045398183516958	0.00040386541270560797
95	1	0.47231460461256136	0.1180378025520307
95	2	0.49954066510893036	0.11752806830831558
95	11	1.5601020352039204e-14	1.2597286241961888e-14
95	12	-1.5566789855042228e-14	-1.2393990055746974e-14
95	23	-0.7067053752135207	0.014034142862080545
95	24	-0.0016373342350756543	0.0003783062919000624
96	1	0.4724871152342482	0.11757279556666653
96	2	0.49936868069980106	0.11799519589284756
96	11	4.883620270355288e-15	3.7236930841614594e-14
96	12	-4.821163675804118e-15	-3.692105840638986e-14
96	23	-0.5099250517414566	-0.489505104101429
96	24	-0.0013004424208745262	0.0003488226355635126
97	1	0.47283454438479866	0.11741749889050705
97	2	0.49902162133995476	0.1181517797137147
97	11	-4.23752357592302e-14	5.5275142697381884e-14
97	12	4.2486462050357905e-14	-5.479115064946401e-14
97	23	0.0004112904344344831	-0.7068641197321481
97	24	-0.0010243881443452406	0.0003173024408787877
98	1	0.473101990385516	0.1175290684183647
98	2	0.49875443008289994	0.11804097917906531
98	11	-1.2738145110561788e-13	1.3794652073353043e-14
98	12	1.2757529694472774e-13	-1.3063504195123615e-14
98	23	0.5209449746887033	-0.47779428907578253
98	24	-0.0007998740995055911	0.00028522215241314126
99	1	0.47317474839314516	0.11773548181670453
99	2	0.4986818443595001	0.11783501764542215
99	11	-1.7533186486451404e-13	-1.5530149477199137e-13
99	12	1.7566314270942535e-13	1.5639010599220916e-13
99	23	0.7028062474296417	0.0757513829344913
99	24	-0.0006186448583865657	0.0002536988235314049
100	1	0.47309331166255664	0.11787780123998264
100	2	0.49876339561863936	0.11769295907255896
100	11	3.933938572012539e-15	-4.2577712898049695e-13
100	12	-3.3779244974380423e-15	4.2737393011703496e-13
100	23	0.39458824671017184	0.5864902611589692
100	24	-0.00047345854959997155	0.00022354320514110366
101	1	0.47297313546843384	0.11789845057023696
101	2	0.49888364672843166	0.11767245742481346
101	11	5.955691475705646e-13	-4.869344307558571e-13
101	12	-5.946515069073208e-13	4.892405293370719e-13
101	23	-0.209275780164403	0.675180086917992
101	24	-0.00035803415720708456	0.00019531096297313073
102	1	0.4729061988812439	0.11783820821129341
102	2	0.49895063158155856	0.11773278156664256
102	11	1.3488333319373398e-12	2.896759679542604e-13
102	12	-1.3473425946919126e-12	-2.8639961964280955e-13
102	23	-0.6625877282596677	0.24624895032247351
102	24	-0.0002669821246520552	0.00016935023499752526
103	1	0.4729119155571095	0.11777239722861449
103	2	0.4989449455600777	0.11779863665362819
103	11	1.0469591229289388e-12	2.2190646743071533e-12
103	12	-1.0445731328255907e-12	-2.2144908838143723e-12
103	23	-0.5912001427801776	-0.3874838534385519
103	24	-0.00019572481993564028	0.00014584452449638858
104	1	0.4729532376518418	0.1177477308041356
104	2	0.49890364267229725	0.11782332605972597
104	11	-2.075340280973657e-12	3.79842803753495e-12
104	12	2.0791060070799953e-12	-3.7921646162008005e-12
104	23	-0.023336352837235397	-0.7064834784923673
104	24	-0.00014041220074846898	0.00012485047884240263
105	1	0.47298489292252177	0.11776221269320757
105	2	0.49887199928241177	0.11780885556421802
105	11	-7.536146183874596e-12	8.093439313179423e-13
105	12	7.542011670619792e-12	-8.009502782691637e-13
105	23	0.5734039208971047	-0.413367967836034
105	24	-0.00009783684623499072	0.00010633047109394273
106	1	0.47298871088287253	0.11778691589698162
106	2	0.49886818858307197	0.11778415755030225
106	11	-8.40752113083627e-12	-1.0155081513693257e-11
106	12	8.416544931327424e-12	1.0166049805521346e-11
106	23	0.6574415365862222	0.2596843430758124
106	24	-0.00006535147072836959	0.00009018013480806337
107	1	0.47297525572371135	0.11779858718701307
107	2	0.49888164813131475	0.11777248822379707
107	11	7.090786472601599e-12	-2.164762282149407e-11
107	12	-7.077063180055427e-12	2.1661520496895324e-11
107	23	0.12113269613022686	0.6964133147458158
107	24	-0.000040791135111650874	0.00007625114803394689
108	1	0.47296329228024586	0.11779466476215113
108	2	0.4988936142026605	0.11777641099470405
108	11	3.809633065075022e-11	-8.705583196696276e-12
108	12	-3.8075682043423196e-11	8.722498842500391e-12
108	23	-0.541093416020561	0.4548427534037751
108	24	-0.000022401626758376194	0.00006436965164157778
109	1	0.4729615391231286	0.11778601048126568
109	2	0.49889536892103636	0.11778506485061681
109	11	4.506386737439068e-11	4.895084912460767e-11
109	12	-4.503309563060584e-11	-4.8931407436460116e-11
109	23	-0.6599013694954117	-0.25336556024752444
109	24	-8.774878478266301e-6	0.00005435073749915497
110	1	0.472966273077714	0.11778207679325438
110	2	0.4988906358887241	0.11778899777339338
110	11	-3.638027837246633e-11	1.0639056805750103e-10
110	12	3.642576268178059e-11	-1.0637020977237995e-10
110	23	-0.08251989980391977	-0.7020360648580283
110	24	1.2081759207193305e-6	0.000046009461515254906
111	1	0.47297019905023346	0.11778376160995914
111	2	0.49888671045915534	0.11778731206078588
111	11	-1.8667068523495214e-10	2.7347992106986118e-11
111	12	1.867374941254589e-10	-2.7330331445889365e-11
111	23	0.5916557200427957	-0.38679178234749145
111	24	8.427274863365054e-6	0.00003916882823373513
112	1	0.47297034434543933	0.11778670735940557
112	2	0.4988865654834784	0.11778436538036353
112	11	-1.771010383036325e-10	-2.5975249255589554e-10
112	12	1.7719877974491413e-10	2.597604047906338e-10
112	23	0.6021069024879842	0.3703129212574035
112	24	0.000013565267671104889	0.00003366515908268227
113	1	0.4729685663481558	0.1177876502376464
113	2	0.49888834366957563	0.11778342157536041
113	11	2.6798413231245587e-10	-4.458553186567213e-10
113	12	-2.6784131129344213e-10	4.4584071277715814e-10
113	23	-0.09345664534080932	0.7006640743872413
113	24	0.000017143752858494603	0.000029351197784429582
114	1	0.47296750767229045	0.11778681300063021
114	2	0.4988894024581124	0.11778425790283946
114	11	8.470715215840043e-10	1.1229730497535197e-10
114	12	-8.468623910449136e-10	-1.1235652693246303e-10
114	23	-0.6822690195458383	0.1848600010258375
114	24	0.000019552492823224753	0.000026097227918741444
115	1	0.4729677663013673	0.11778595461927927
115	2	0.4988891438973256	0.1177851153935502
115	11	3.5222854993938786e-10	1.3481026221107213e-9
115	12	-3.5192041395615664e-10	-1.3482434962020227e-9
115	23	-0.42224814944888434	-0.5668957125471706
115	24	0.00002107328872130187	0.000023790385885024022
116	1	0.4729683698557527	0.11778592451393764
116	2	0.49888854038516267	0.11778514462454287
116	11	-1.8350221103443909e-9	1.312329899740733e-9
116	12	1.835481165871436e-9	-1.3126128168144557e-9
116	23	0.3853733506106869	-0.5925805099236012
116	24	0.00002189909078000732	0.000022332257706914225
117	1	0.4729685303840512	0.1177863084778531
117	2	0.49888837988355705	0.11778475979887076
117	11	-2.9801634261193073e-9	-2.06797737897585e-9
117	12	2.9808582171509525e-9	2.067456638332064e-9
117	23	0.6858953476759145	0.17091477600159197
117	24	0.00002214921451294751	0.00002163476520452037
118	1	0.47296833082821954	0.11778650329030267
118	2	0.4988885794566597	0.11778456413380145
118	11	1.6283990671729056e-9	-5.557661189296333e-9
118	12	-1.627327031288719e-9	5.556755109568267e-9
118	23	0.04703209332352247	0.7053029566557599
118	24	0.000021881648628960465	0.000021614297373752474
119	1	0.47296817701493576	0.11778643123430085
119	2	0.49888873328136857	0.11778463534355314
119	11	9.178135252655005e-9	-1.357773161238777e-10
119	12	-9.176446781479756e-9	1.342658683359654e-10
119	23	-0.6626013961760451	0.24621872487325377
119	24	0.00002110358534066788	0.000022184055678998026
120	1	0.47296820074472945	0.11778633729880666
120	2	0.49888870955926373	0.11778472843711202
120	11	4.166292440481794e-9	1.3829607086033938e-8
120	12	-4.163580385128323e-9	-1.3832039239496152e-8
120	23	-0.41265674965895743	-0.5739152194188536
120	24	0.00001978147485266565	0.00002324469521445111
121	1	0.4729682694460138	0.11778635169975703
121	2	0.4988886408632	0.11778471319707239
121	11	-1.925842163561111e-8	1.1764819217225224e-8
121	12	1.926285047748722e-8	-1.1768597816428054e-8
121	23	0.4561462876527447	-0.5399952223292233
121	24	0.000017852078480689406	0.000024673601579867625
122	1	0.4729682770448687	0.11778641185980304
122	2	0.49888863326788724	0.11778465219975802
122	11	-2.4685163670627108e-8	-2.4837149288918644e-8
122	12	2.4692477964591816e-8	2.4831504605842014e-8
122	23	0.6279574919354222	0.32455148249593263
122	24	0.000015236113515223613	0.000026313589579101716
123	1	0.472968246939714	0.11778644024794646
123	2	0.4988886633754225	0.11778462297547124
123	11	2.9395456609228556e-8	-4.5241647835598074e-8
123	12	-2.938332751371578e-8	4.523361702956793e-8
123	23	-0.19142413746138454	0.6804565193318319
123	24	0.000011856051379553028	0.000027962473109989933
124	1	0.47296823182118786	0.11778644080770453
124	2	0.49888867849551893	0.11778462158023685
124	11	7.64608726486478e-8	3.104471085337699e-8
124	12	-7.644083698514497e-8	-3.1055399161425085e-8
124	23	-0.7038124995655588	-0.06566764783540109
124	24	7.659307079930005e-6	0.00002936582465899587
125	1	0.47296823585863496	0.11778644748945814
125	2	0.4988886744590767	0.11778461406338141
125	11	-2.699976256392903e-8	1.223685269518652e-7
125	12	2.703247796184057e-8	-1.223813536909862e-7
125	23	-0.0470165428674035	-0.7053039909285396
125	24	2.6472620947077333e-6	0.000030216230821721125
126	1	0.47296823804625127	0.1177864667357289
126	2	0.4988886722720732	0.11778459398220081
126	11	-1.8848854355036553e-7	-1.3337217696150737e-8
126	12	1.885409533791807e-7	1.3324621906518745e-8
126	23	0.6921315566240308	-0.14359033239790697
126	24	-3.090894824284403e-6	0.000030163251245168895
127	1	0.4729682374520304	0.11778648519960537
127	2	0.4988886728663948	0.11778457468314216
127	11	-4.398858232249497e-7	-2.236781238425543e-7
127	12	4.3994567188752105e-7	2.2364385423762465e-7
127	23	0.08254119374765824	-0.70203363646844
127	24	0.0000206921878176487	-0.000022161135433992597
128	1	0.47296823617804085	0.1177864992213434
128	2	0.4988886741401395	0.11778455982656744
128	11	-8.655186784466514e-7	3.157649859587561e-8
128	12	8.655494171367305e-7	-3.1591823797878715e-8
128	23	-0.6333187779523012	-0.31396114571874423
128	24	-0.000029987157788852723	4.495903949542444e-6
129	1	0.47296823222252243	0.11778651275545797
129	2	0.49888867809570975	0.11778454545758017
129	11	-7.284750592786024e-7	7.648876174720941e-7
129	12	7.285578626926162e-7	-7.648974275248112e-7
129	23	-0.5192435791387676	0.47963567532251145
129	24	0.00002595023450980842	0.00001568146433324822
130	1	0.47296822743337036	0.11778652770313176
130	2	0.49888868288475857	0.1177845296749354
130	11	3.642418506024292e-7	9.776640388708189e-7
130	12	-3.6421302347002283e-7	-9.77730747112048e-7
130	23	0.248595196191842	0.6617134605686392
130	24	-9.34422091077229e-6	-0.00002884546527886805
131	1	0.47296822324858817	0.11778654342341076
131	2	0.49888868706946876	0.11778451311979035
131	11	1.2832156778695145e-6	-3.919349926851288e-7
131	12	-1.2831832305714347e-6	3.9198470567412627e-7
131	23	0.7060338183965479	0.034358735804581396
131	24	-0.000012428322683867282	0.00002765698563983903
132	1	0.4729682196249593	0.11778655898930128
132	2	0.49888869069305264	0.11778449671897392
132	11	-4.666193515224224e-9	-2.447954049427739e-6
132	12	4.811613358298938e-9	2.447874467448226e-6
132	23	0.3253024922576578	-0.6275687723087396
132	24	0.000028029137811741452	-0.00001156386820675948
133	1	0.4729682160519252	0.11778657421615397
133	2	0.4988886942660043	0.11778448065720964
133	11	-3.522926494935959e-6	-2.0313401827268807e-6
133	12	3.5228215927089322e-6	2.0312813041062923e-6
133	23	-0.4229198197735859	-0.5663948282595669
133	24	-0.000028073117751992158	-0.000011457366581680388
134	1	0.47296821231189734	0.11778658933214936
134	2	0.49888869800597	0.11778446470631135
134	11	-5.262075739163059e-6	2.8013734987397827e-6
134	12	5.262248088017835e-6	-2.801194794056509e-6
134	23	-0.6968486256710278	0.11860129974710022
134	24	0.000011328825252032093	0.000028125105806183733
135	1	0.4729682084712177	0.1177866045065312
135	2	0.4988887018465814	0.11778444869701366
135	11	-2.752939537760019e-7	8.258070564317017e-6
135	12	2.754405657026231e-7	-8.258418591878285e-6
135	23	-0.22625549319672647	0.6696810637398315
135	24	0.00001288915039626743	-0.00002744511253420271
136	1	0.472968204633583	0.1177866197479047
136	2	0.49888870568414323	0.11778443262073118
136	11	9.999819954106645e-6	5.809844566912038e-6
136	12	-0.000010000208616610793	-5.8096591450609855e-6
136	23	0.47085479222063414	0.5272191573179492
136	24	-0.00002907094428484752	8.616653499081387e-6
137	1	0.4729682008303947	0.11778663500617122
137	2	0.49888870948726216	0.1177844165275542
137	11	0.000014344649872101091	-8.531588803825888e-6
137	12	-0.000014343967357683435	8.531853132971513e-6
137	23	0.69396264493157	-0.13446234547148878
137	24	0.000025411628936033998	0.000016541275769887275
138	1	0.47296819704528464	0.11778665025227411
138	2	0.49888871327230017	0.11778440044653918
138	11	3.167287568711754e-7	-0.000024300639555575818
138	12	-3.1692604019583174e-7	0.00002429967008405917
138	23	0.254169453528308	-0.6595924220149877
138	24	-3.237654539251976e-6	-0.000030147685490699314
139	1	0.4729681932595794	0.11778666548610503
139	2	0.4988887170579318	0.11778438437779734
139	11	-0.00002883563337605895	-0.000019719604281493197
139	12	0.000028834850196090628	0.000019720676854993993
139	23	-0.41197619951835823	-0.5744039380590978
139	24	-0.00002178053273801952	0.000021094403786434497
140	1	0.4729681894678937	0.11778668071653843
140	2	0.49888872084954416	0.1177843683124523
140	11	-0.00004616901714822343	0.000017395482807677063
140	12	0.000046170992734584316	-0.000017395480947308094
140	23	-0.706730845026813	0.01399225812227304
140	24	0.000029930916981610513	4.848234510434804e-6
141	1	0.4729681856727956	0.1177866959486966
141	2	0.4988887246445674	0.1177843522453821
141	11	-0.000018143399418658876	0.00006640080044894309
141	12	0.000018141939106178324	-0.0000664030181277728
141	23	-0.4015754181246379	0.5817228288020349
141	24	-0.000013423670952644232	-0.000027187688234910315
142	1	0.47296818187740414	0.1177867111829438
142	2	0.498888728439883	0.11778433617622287
142	11	0.00005857665952026892	0.00007537505367135857
142	12	-0.00005857794014687034	-0.00007537166738087957
142	23	0.2230281231444043	0.6707627848426614
142	24	-0.000014922421908523947	0.000026394822301113698
143	1	0.47296817808284397	0.11778672641799327
143	2	0.4988887322343661	0.11778432010626097
143	11	0.0001319136918748782	3.329168180513955e-7
143	12	-0.00013190875186953744	-3.339454202915813e-7
143	23	0.6649308350656716	0.23985667646650702
143	24	0.00003026379067001136	-1.8623218661773016e-6
144	1	0.4729681742889043	0.11778674165294632
144	2	0.4988887360282276	0.11778430403639524
144	11	0.0001152749048649921	-0.00014018329358304752
144	12	-0.00011527950628723375	0.00014017835004989993
144	23	0.6078077155163193	-0.3608794681717063
144	24	-0.00001751558341544183	-0.000024750143968907832
145	1	0.4729681704951321	0.11778675688760419
145	2	0.49888873982192095	0.11778428796682458
145	11	-0.0000428914374329806	-0.0002444382686660948
145	12	0.000042888941340187826	0.00024444702050424556
145	23	0.12278814964848402	-0.6961229938670443
145	24	-0.000012422109031690336	0.000027659654254635237
146	1	0.4729681667012948	0.11778677212209171
146	2	0.49888874361567837	0.117784271897424
146	11	-0.00028584434709245666	-0.00017830540430799292
146	12	0.0002858563117876909	0.0001783026593766638
146	23	-0.43573918867404127	-0.5565926768439217
146	24	0.000030200748783106065	-2.69814720820738e-6
147	1	0.47296816290736593	0.11778678735654569
147	2	0.4988887474095257	0.11778425582805656
147	11	-0.00043870630107489686	0.00011672529923766643
147	12	0.00043869578530582944	-0.00011673758745459317
147	23	-0.7040469059515388	-0.06310164434044775
147	24	-0.0000165841191465704	-0.000025383698849059284
148	1	0.47296815911339146	0.11778680259102363
148	2	0.498888751203418	0.117784239758665
148	11	-0.000298699847838318	0.000528929393680892
148	12	0.00029869175966830663	-0.0005289097339008839
148	23	-0.5378035663264594	0.4587274371175529
148	24	-0.00001517274340119407	0.00002625172256171979
149	1	0.4729681553194092	0.11778681782552729
149	2	0.498888754997317	0.11778422368924743
149	11	0.00020878543278893914	0.0007800219117952531
149	12	-0.00020875752691123842	-0.0007800234559110034
149	23	-0.06394209815773193	0.7039704393718695
149	24	0.000030229665917767846	2.3520654289963744e-6
150	1	0.4729681515254333	0.11778683306004284
150	2	0.4988887587912084	0.11778420761981767
150	11	0.0009066118034305241	0.0005619917051637066
150	12	-0.0009066284475715843	-0.0005620240062196426
150	23	0.4344084282912969	0.5576300899985523
150	24	-0.000010316215603430247	-0.0000285121086277359
151	1	0.4729681477314641	0.11778684829456033
151	2	0.4988887625850924	0.11778419155038584
151	11	0.001378211009135003	-0.0002479364746417017
151	12	-0.0013782410043989997	0.00024797250298774033
151	23	0.6956764727477031	0.12527808570008572
151	24	-0.00002217769088781513	0.00002067641727700643
152	1	0.4729681439374979	0.11778686352907601
152	2	0.49888876637897267	0.1177841754809556
152	11	0.0011507681117226866	-0.0014189191172179583
152	12	-0.0011507110531887366	0.0014189378002868128
152	23	0.6095172573853731	-0.3579752970504671
152	24	0.00002744846905281653	0.000012881966166844528
153	1	0.47296814014353156	0.11778687876358973
153	2	0.4988887701728516	0.11778415941152703
153	11	-0.000019984734993049208	-0.002368269600221235
153	12	0.00001998156684409233	0.0023681935076247957
153	23	0.24380710952665727	-0.6634841000146807
153	24	2.3862404575129727e-6	-0.000030226946069046012
154	1	0.4729681363495646	0.11778689399810247
154	2	0.4988887739667304	0.11778414334209926
154	11	-0.001910728995060011	-0.0023782710780665232
154	12	0.0019106397232540899	0.0023783068827885065
154	23	-0.21823697384473326	-0.6723230508979863
154	24	-0.00002930467220950679	7.784398795667591e-6
155	1	0.47296813255559667	0.11778690923261487
155	2	0.49888877776060897	0.11778412727267153
155	11	-0.003786408450565899	-0.0009548513839285989
155	12	0.0037864861761842668	0.0009549442653387151
155	23	-0.5783547327182278	-0.40637369573371146
155	24	0.00001652686389841078	0.000025420871722354573
156	1	0.47296812876162814	0.11778692446712719
156	2	0.49888878155448746	0.11778411120324367
156	11	-0.004615489029073839	0.0018358174927911965
156	12	0.004615572432635304	-0.0018359434765664465
156	23	-0.7067965456022731	0.00731925068591928
156	24	0.00001951229068557827	-0.000023208282639807333
157	1	0.47296812496765916	0.11778693970163945
157	2	0.4988887853483654	0.1177840951338156
157	11	-0.0034827988636530064	0.005225127350171695
157	12	0.0034826218032448994	-0.0052251852544211485
157	23	-0.5786770419792016	0.4058550153625965
157	24	-0.00002761768243280998	-0.000012514455725382755
158	1	0.4729681211736894	0.11778695493615164
158	2	0.49888878914224283	0.11778407906438731
158	11	-0.00003828669404973025	0.007889881556372814
158	12	0.000038272002031401145	-0.007889654022026233
158	23	-0.2617975753087317	0.656507277361332
158	24	-5.231265243558178e-6	0.000029865921321464862
159	1	0.4729681173797193	0.11778697017066371
159	2	0.49888879293611976	0.11778406299495892
159	11	0.0052088901783557875	0.008364108973935566
159	12	-0.005208615848322975	-0.008364155286726228
159	23	0.12564126327912997	0.6954742042672766
159	24	0.00003027102391801905	-1.7296598950780215e-6
160	1	0.47296811358574886	0.11778698540517571
160	2	0.49888879672999625	0.11778404692553043
160	11	0.010888046133043262	0.005574078800513785
160	12	-0.010888169786172927	-0.0055743935392810594
160	23	0.46350550673805213	0.5334113559757975
160	24	-7.969854106415558e-6	-0.000029253877972022703
161	1	0.47296810979177795	0.11778700063968758
161	2	0.49888880052387236	0.11778403085610185
161	11	0.015078453244810509	-0.0006994518127249513
161	12	-0.015078799458155009	0.0006996667192016578
161	23	0.6660488713370238	0.23576994665801207
161	24	-0.000027257211719997843	0.000013278798605032236
162	1	0.4729681059978063	0.1177870158741993
162	2	0.4988888043177478	0.11778401478667312
162	11	0.015837009846907744	-0.009597365228078619
162	12	-0.01583669179777042	0.009597731619349712
162	23	0.6980737083524212	-0.10803488147696935
162	24	0.00001759496510235654	0.000024691395377973814
163	1	0.47296810220383423	0.11778703110871092
163	2	0.4988888081116226	0.11778399871724426
163	11	0.011774950510178598	-0.019272829470906434
163	12	-0.011774576047548713	0.019272396583211972
163	23	0.5722671471878116	-0.4137081463921983
163	24	0.00002190461881255631	-0.000020961626606958694
164	1	0.4729680984098616	0.11778704634322239
164	2	0.498888811905497	0.11778398264781528
164	11	0.002509230136099184	-0.027270012989800505
164	12	-0.002509790498665229	0.027269639503291414
164	23	0.33447792435911616	-0.6215214489085564
164	24	-0.000023485546639467723	-0.000019172059138493628
165	1	0.4729680946158885	0.11778706157773372
165	2	0.4988888156993707	0.11778396657838615
165	11	-0.011140090695098212	-0.03107700108760896
165	12	0.011139720262549524	0.031077700286618395
165	23	0.04490988219644992	-0.7038945798268108
165	24	-0.000016697952008573434	0.000025302758797129672
166	1	0.472968090821915	0.11778707681224494
166	2	0.4988888194932439	0.11778395050895688
166	11	-0.027248271582795407	-0.028692782726493102
166	12	0.027249115579604594	0.02869315448590419
166	23	-0.23849544913581527	-0.6630630744589424
166	24	0.000026552699578686877	0.000014625074686995917
167	1	0.47296808702794096	0.11778709204675603
167	2	0.4988888232871167	0.11778393443952752
167	11	-0.043129773385738875	-0.01906428632712915
167	12	0.043130152189264824	0.019063296766201613
167	23	-0.47110160066036233	-0.5227621960767116
167	24	0.000013047227749429422	-0.000027360090353087705
168	1	0.4729680832339665	0.11778710728126703
168	2	0.498888827080989	0.11778391837009801
168	11	-0.055823377361222955	-0.0023085146856385926
168	12	0.055822238989380116	0.0023081236100526317
168	23	-0.6263624089269269	-0.3179487060071152
168	24	-0.00002782317473261487	-0.000012021445348236234
169	1	0.47296807943999153	0.11778712251577789
169	2	0.49888883087486063	0.1177839023006684
169	11	-0.06260218300798089	0.020303892960919535
169	12	0.06260176563333195	-0.020302593341485965
169	23	-0.6954732837691203	-0.08554957211387615
169	24	-0.000011577872804029098	0.00002800693309095982
170	1	0.47296807564601606	0.11778713775028866
170	2	0.4988888346687319	0.11778388623123867
170	11	-0.06140132104608652	0.046575172579237864
170	12	0.061402795593635595	-0.0465746923700249
170	23	-0.6837948905760669	0.1421616997938584
170	24	0.00002794007197859372	0.000011726509384407853
171	1	0.47296807185204026	0.11778715298479932
171	2	0.4988888384626027	0.11778387016180886
171	11	-0.051087299940183295	0.07374291600706738
171	12	0.05108790033678776	-0.07374455982540555
171	23	-0.6059427808743578	0.34117657925888517
171	24	0.000012460775845259836	-0.00002761442255362162
172	1	0.47296806805806363	0.11778716821930978
172	2	0.4988888422564728	0.11778385409237883
172	11	-0.031546576047757645	0.09888494526287023
172	12	0.031544796027393414	-0.09888572101917963
172	23	-0.4809768870376612	0.49676818614686713
172	24	-0.00002698541476218693	-0.000013757499296169172
173	1	0.4729680642640869	0.1177871834538202
173	2	0.4988888460503424	0.11778383802294874
173	11	-0.0036173439979284004	0.1192915607504034
173	12	0.0036163555499810715	-0.11928968354062318
173	23	-0.32853001180169944	0.6026986299514339
173	24	-0.00001557217981238996	0.000025973726885292032
174	1	0.4729680604701097	0.11778719868833051
174	2	0.49888884984421156	0.11778382195351851
174	11	0.031095295933593312	0.13276028339976437
174	12	-0.031093345065146095	-0.1327590396384917
174	23	-0.1661884964583004	0.6594404371321285
174	24	0.000024470514136751146	0.000017829535270550643
175	1	0.47296805667613173	0.11778721392284063
175	2	0.49888885363808017	0.11778380588408816
175	11	0.07047778160048881	0.13778543119589728
175	12	-0.07047619924569785	-0.13778741931079205
175	23	-0.008073127019690606	0.6720825021988185
175	24	0.0000204124941977316	-0.00002234852788665382
176	1	0.4729680528821534	0.11778722915735065
176	2	0.49888885743194844	0.11778378981465773
176	11	0.11218955035615699	0.13363085761806015
176	12	-0.11219146503834772	-0.13363287852238406
176	23	0.1356265178001	0.6483682215954977
176	24	-0.00001947769209703805	-0.000023153549080794436
177	1	0.47296804908817425	0.1177872443918605
177	2	0.4988888612258161	0.11778377374522715
177	11	0.15391845527103143	0.12030077054801744
177	12	-0.15392094575527437	-0.12029911431436544
177	23	0.25847120080434965	0.5971015098899211
177	24	-0.00002582769633227111	0.000015742263516489458
178	1	0.47296804529419484	0.11778725962637027
178	2	0.49888886501968316	0.11778375767579645
178	11	0.19358325146238736	0.09844214841591795
178	12	-0.1935820213133065	-0.09843925899096342
178	23	0.35722669095315446	0.5269950172683875
178	24	0.000011063321123828225	0.000028143708707635984
179	1	0.472968041500215	0.11778727486087993
179	2	0.4988888688135497	0.11778374160636561
179	11	0.22947911040107413	0.06920712522566767
179	12	-0.22947590835569828	-0.06920783179954411
179	23	0.4311710324128131	0.44593341598376496
179	24	0.00002974015688493039	-5.435688048876369e-6
180	1	0.4729680377062344	0.11778729009538941
180	2	0.49888887260741577	0.11778372553693467
180	11	0.26036605184869227	0.034091535494509
180	12	-0.260366112995471	-0.034095008270102985
180	23	0.48139832477555544	0.360574863578214
180	24	1.0234981413301128e-6	-0.000030203912632679845
181	1	0.4729680339122535	0.11778730532989881
181	2	0.49888887640128143	0.11778370946750359
181	11	0.28549700845298587	-0.0052332093637000015
181	12	-0.2855006271460643	0.005232393506756641
181	23	0.5101996261718976	0.2762004753265418
181	24	-0.000029118007074675997	-8.03592245726464e-6
182	1	0.47296803011827204	0.11778732056440809
182	2	0.4988888801951466	0.11778369339807243
182	11	0.30459068101306547	-0.047071947038677474
182	12	-0.3045925615822612	0.04707535019809549
182	23	0.5205552770291343	0.19672953694667117
182	24	-0.000015146426503933903	0.000026122094484414167
183	1	0.47296802632429014	0.11778733579891726
183	2	0.4988888839890111	0.1177836773286411
183	11	0.31776790487531414	-0.08982538665798259
183	12	-0.3177651844870621	0.08982823359760109
183	23	0.5157437099341979	0.12483523404323522
183	24	0.00002097657219893214	0.0000217172706094863
184	1	0.47296802253030773	0.11778735103342626
184	2	0.49888888778287493	0.11778366125920964
184	11	0.3254711828258163	-0.1320771038457714
184	12	-0.32546768884599014	0.1320753450691402
184	23	0.49905626466630787	0.062114045953804674
184	24	0.00002693171516729388	-0.000013655701460552408
185	1	0.4729680187363248	0.11778736626793515
185	2	0.4988888915767383	0.11778364518977807
185	11	0.32837654310227943	-0.17265373800824646
185	12	-0.32837722979428724	0.17264984623569918
185	23	0.4736012673838681	0.009277566903214938
185	24	-4.479207151202383e-6	-0.00002985838141826222
186	1	0.47296801494234153	0.11778738150244394
186	2	0.4988888953706013	0.1177836291203464
186	11	0.3273012260601257	-0.21065882089331206
186	12	-0.3273052920663686	0.21065820002028895
186	23	0.44217970130031387	-0.033652999621029314
186	24	-0.000029620940085679174	-5.783691967652105e-6
187	1	0.47296801114835774	0.11778739673695261
187	2	0.49888889916446355	0.11778361305091457
187	11	0.32311525644118055	-0.24547738800204508
187	12	-0.32311744973474804	0.24548104919061003
187	23	0.40721629893358163	-0.06716183856865234
187	24	-0.00001591855262463417	0.000025627856708886412
188	1	0.47296800735437344	0.11778741197146114
188	2	0.49888890295832544	0.11778359698148265
188	11	0.3166688460314824	-0.2767546532651618
188	12	-0.31666645562813917	0.2767581655196186
188	23	0.37073207484264364	-0.09207052572486503
188	24	0.00001778503633631306	0.000024373019849411454
189	1	0.47296800356038854	0.11778742720596955
189	2	0.49888890675218667	0.1177835809120506
189	11	0.30874233563764963	-0.30435949579280797
189	12	-0.3087383576829596	0.3043588490181913
189	23	0.33434638139896705	-0.10939176270091629
189	24	0.000029437352295068765	-6.692693228334962e-6
190	1	0.4729679997664031	0.1177874424404778
190	2	0.49888891054604745	0.1177835648426184
190	11	0.30001624957454104	-0.32834305953917897
190	12	-0.3000153348021962	0.328339393202249
190	23	0.29929832081558716	-0.12020781019074245
190	24	6.174643473201222e-6	-0.000029567079281026063
191	1	0.47296799597241745	0.11778745767498602
191	2	0.498888914339908	0.11778354877318616
191	11	0.2910553594386318	-0.34889644939126013
191	12	-0.2910583350454009	0.3488942346813456
191	23	0.2664789213953265	-0.12557533148611222
191	24	-0.000023906423775126723	-0.000018466091890537682
192	1	0.47296799217843105	0.11778747290949404
192	2	0.49888891813376773	0.11778353270375372
192	11	0.28230339750663996	-0.3663075771544802
192	12	-0.28230679628746774	0.36630933311451636
192	23	0.2364671242748708	-0.12645738622613334
192	24	-0.000027331500670725595	0.000012844547313041379
193	1	0.47296798838444426	0.11778748814400195
193	2	0.49888892192762696	0.11778351663432117
193	11	0.2740879340761651	-0.38091869543738766
193	12	-0.27408819178855226	0.3809225892998216
193	23	0.20956453928343782	-0.12368255856827698
193	24	-1.697456905967211e-6	0.00003014668417324626
194	1	0.47296798459045686	0.1177875033785097
194	2	0.49888892572148585	0.11778350056488852
194	11	0.2666338516479151	-0.39308890927318696
194	12	-0.2666309143674085	0.3930912229148192
194	23	0.18582623589603386	-0.11793061545026019
194	24	0.000025365256100524317	0.00001640192557230422
195	1	0.47296798079646946	0.11778751861301745
195	2	0.49888892951534436	0.1177834844954558
195	11	0.26008093287298706	-0.40316559791981327
195	12	-0.26007776186694653	0.4031646133460385
195	23	0.16508754248116891	-0.10974351975708631
195	24	0.00002713918052269903	-0.000013321196776104691
196	1	0.47296797700248105	0.11778753384752498
196	2	0.4988889333092023	0.11778346842602296
196	11	0.25450035307466934	-0.41146559904627317
196	12	-0.2544996754981193	0.41146284924687754
196	23	0.1469897919750067	-0.09955976333051235
196	24	3.235732231037826e-6	-0.000030083879400688747
197	1	0.4729679732084924	0.11778754908203243
197	2	0.4988889371030594	0.11778345235658991
197	11	0.24990722547014657	-0.4182644739594956
197	12	-0.2499091629939827	0.4182627941076853
197	23	0.13101082898831604	-0.08776839953614755
197	24	-0.00002328202675350253	-0.000019342263485077824
198	1	0.4729679694145031	0.11778756431653975
198	2	0.4988889408969161	0.11778343628715676
198	11	0.2462694840598067	-0.4237919968377491
198	12	-0.24627195743123087	0.423792871322287
198	23	0.11650825834803986	-0.07477640700637887
198	24	-0.000029173331891130857	8.054240020512323e-6
199	1	0.4729679656205133	0.11778757955104692
199	2	0.4988889446907724	0.1177834202177235
199	11	0.24351500809145907	-0.42823317533476807
199	12	-0.2435158748183199	0.42823581804950117
199	23	0.10278392016989435	-0.061078903512591
199	24	-0.000010675973050130842	0.000028311356944672435
200	1	0.4729679618265229	0.11778759478555395
200	2	0.4988889484846279	0.11778340414829008
200	11	0.2415387440965008	-0.43173467997697684
200	12	-0.24153746612252483	0.43173714108350286
200	23	0.08917571527619655	-0.04731661389465674
200	24	0.000016031182383220623	0.00002566280359080921
201	1	0.47296795803253205	0.11778761002006087
201	2	0.4988889522784829	0.11778338807885652
201	11	0.2402108154612082	-0.4344157917011907
201	12	-0.2402084822252791	0.4344166649112316
201	23	0.07517649452926133	-0.034300153233679895
201	24	0.000030070027314633724	3.4914593690813997e-6
202	1	0.4729679542385407	0.11778762525456767
202	2	0.4988889560723375	0.11778337200942288
202	11	0.23938612740030538	-0.43638158189129805
202	12	-0.23938429154787602	0.436380859861351
202	23	0.06056869038149916	-0.022978518586256495
202	24	0.0000219806649697416	-0.00002084378350709101
203	1	0.4729679504445492	0.1177876404890744
203	2	0.4988889598661917	0.11778335593998913
203	11	0.23891572688284493	-0.4377351167681389
203	12	-0.23891524461532812	0.4377338368597105
203	23	0.0455486104409181	-0.01433305655474329
203	24	-1.2168699914476538e-6	-0.00003028461819343795
204	1	0.47296794665055714	0.117787655723581
204	2	0.4988889636600452	0.11778333987055521
204	11	0.23865965337884334	-0.438585586825801
204	12	-0.23866032446230165	0.43858488803915385
204	23	0.03079916586151709	-0.009191585259255144
204	24	-0.000023174947716416133	-0.00001954500546678408
205	1	0.4729679428565644	0.11778767095808744
205	2	0.4988889674538983	0.1177833238011212
205	11	0.23850002120991343	-0.4390503071808111
205	12	-0.2385010065823231	0.43905070875460445
205	23	0.01746059651377084	-0.007982210625160278
205	24	-0.000030139092388730554	3.255331851540898e-6
206	1	0.47296793906257106	0.11778768619259374
206	2	0.49888897124775083	0.11778330773168706
206	11	0.23835199488018274	-0.4392501362507612
206	12	-0.23835248877275203	0.43925141760471326
206	23	0.006954203861989792	-0.010480557519392836
206	24	-0.000018976318030857918	0.000023632103004785792
207	1	0.47296793526857756	0.11778770142709998
207	2	0.4988889750416031	0.11778329166225288
207	11	0.23816983560070315	-0.43929963829881646
207	12	-0.23816949947256663	0.4393011846357974
207	23	0.000642789163547256	-0.015638995820636867
207	24	2.6792175941979827e-6	0.00003018457650064447
208	1	0.47296793147458344	0.11778771666160609
208	2	0.4988889788354547	0.11778327559281851
208	11	0.23794581455807742	-0.4392949015510578
208	12	-0.2379448078038449	0.43929614991466437
208	23	-0.0006330118549914885	-0.021605894566548538
208	24	0.000022402210493249384	0.000020406702454884402
209	1	0.4729679276805886	0.11778773189611201
209	2	0.4988889826293059	0.11778325952338406
209	11	0.23770152265305142	-0.4393028800065419
209	12	-0.23770026127912539	0.4393035830100201
209	23	0.002971200266153162	-0.026026158506550028
209	24	0.000030303670222800406	5.187507169360141e-7
210	1	0.47296792388659337	0.11778774713061785
210	2	0.4988889864231565	0.11778324345394946
210	11	0.23747344023735525	-0.4393560043601664
210	12	-0.23747231356069134	0.43935624137826046
210	23	0.010002050445283527	-0.02664384589229802
210	24	0.000023519046194787853	-0.00001912733977902243
211	1	0.4729679200925976	0.11778776236512355
211	2	0.49888899021700644	0.1177832273845147
211	11	0.237296690786576	-0.43945438113344387
211	12	-0.23729589541092017	0.43945440931429175
211	23	0.0177862653927606	-0.02210275618923022
211	24	6.317914612660009e-6	-0.00002965566109550241
212	1	0.4729679162986013	0.11778777759962909
212	2	0.49888899401085596	0.11778321131507985
212	11	0.23719178563341706	-0.4395754283240627
212	12	-0.2371913101786839	0.4395755091388418
212	23	0.02302938578279586	-0.012691597263888073
212	24	-0.000013094290329095462	-0.000027351994707731144
213	1	0.4729679125046047	0.11778779283413457
213	2	0.4988889978047051	0.11778319524564491
213	11	0.2371583239612771	-0.43968809023463606
213	12	-0.23715803009578124	0.43968838169684205
213	23	0.022898257923251487	-0.0006735692100105991
213	24	-0.00002676353305488844	-0.000014260032311851317
214	1	0.4729679087106077	0.11778780806863993
214	2	0.4988890015985537	0.11778317917620985
214	11	0.23717716521420165	-0.4397669469946408
214	12	-0.23717688893101216	0.4397674817919538
214	23	0.016287235969628545	0.01013466130139304
214	24	-0.00003009274679854093	3.738932381283709e-6
215	1	0.47296790491661006	0.11778782330314516
215	2	0.4988890053924016	0.11778316310677463
215	11	0.23721941028993013	-0.4398015017024492
215	12	-0.237219031902035	0.4398022238099731
215	23	0.004722564026085242	0.01564283140202331
215	24	-0.000022891502421639918	0.000019884637103986295
216	1	0.4729679011226117	0.1177878385376502
216	2	0.4988890091862489	0.11778314703733926
216	11	0.23725795080811948	-0.43979788675221415
216	12	-0.23725741893190136	0.43979870617100136
216	23	-0.0077067708535919445	0.013318406430804166
216	24	-8.540148459934988e-6	0.000029092337841327923
217	1	0.47296789732861333	0.11778785377215525
217	2	0.49888901298009575	0.11778313096790377
217	11	0.23727658168255963	-0.43977342114741347
217	12	-0.23727590238136065	0.43977425744403387
217	23	-0.015738599446276022	0.0038055790210504547
217	24	7.880234857902236e-6	0.000029276702090766014
218	1	0.472967893534614	0.11778786900666005
218	2	0.4988890167739421	0.11778311489846817
218	11	0.23727315100969287	-0.43974741401938056
218	12	-0.23727236195087523	0.43974821755256094
218	23	-0.015374501804143176	-0.008654204140792668
218	24	0.000021532434480159746	0.00002134374966758726
219	1	0.47296788974061427	0.11778788424116478
219	2	0.49888902056778806	0.11778309882903247
219	11	0.23725626138207317	-0.4397328935827884
219	12	-0.23725540715195215	0.43973364716648805
219	23	-0.006329091604554546	-0.017687796098179435
219	24	0.000029173308009804538	8.254589516660239e-6
220	1	0.4729678859466143	0.11778789947566942
220	2	0.4988890243616332	0.11778308275959658
220	11	0.23723810485420346	-0.4397329071537774
220	12	-0.23723722132535335	0.4397336167958254
220	23	0.006994704237407142	-0.017923410098853135
220	24	0.000029666455392772723	-6.2579728187893554e-6
221	1	0.47296788215261387	0.11778791471017394
221	2	0.498889028155478	0.11778306669016061
221	11	0.2372275247063064	-0.4397422891194775
221	12	-0.23722663325141755	0.4397429721019881
221	23	0.017133142300228756	-0.00837821865567981
221	24	0.00002376704143754304	-0.000018826417014072785
222	1	0.4729678783586128	0.1177879299446783
222	2	0.4988890319493223	0.11778305062072454
222	11	0.237226630480004	-0.43975288812628655
222	12	-0.23722573906444344	0.43975356347246514
222	23	0.017585767123346512	0.006057357267715735
222	24	0.000013473483291746054	-0.000027162666430878813
223	1	0.47296787456461115	0.11778794517918251
223	2	0.49888903574316606	0.11778303455128833
223	11	0.23723184664783348	-0.43975879420122127
223	12	-0.2372309540734811	0.43975947723134096
223	23	0.007236544427280576	0.01668047859533345
223	24	1.2628835564612504e-6	-0.000030294848096805666
224	1	0.4729678707706092	0.11778796041368665
224	2	0.49888903953700947	0.11778301848185202
224	11	0.23723770728836016	-0.439758791428538
224	12	-0.23723680777705794	0.43975949193698805
224	23	-0.007881239349542303	0.016214913607974505
224	24	-0.000010554750080674704	-0.000028425088934792385
225	1	0.4729678669766066	0.11778797564819064
225	2	0.49888904333085227	0.1177830024124156
225	11	0.2372405419724737	-0.43975542236995474
225	12	-0.23723962863673692	0.4397561450926307
225	23	-0.01760616435959941	0.004275937673744206
225	24	-0.00002024624729547875	-0.00002257175611968578
226	1	0.4729678631826037	0.11778799088269455
226	2	0.4988890471246946	0.11778298634297904
226	11	0.23723994195217735	-0.4397521681695641
226	12	-0.23723900879374882	0.4397529142371307
226	23	-0.014516551108675075	-0.011127123220265314
226	24	-0.00002681544610601806	-0.000014153674736387285
227	1	0.47296785938860014	0.11778800611719831
227	2	0.4988890509185363	0.11778297027354236
227	11	0.23723777782770092	-0.4397510046923927
227	12	-0.23723682051460582	0.43975177317986813
227	23	-0.00018520121771483975	-0.018401108370008027
227	24	-0.000029966108003842703	-4.628557712024416e-6
228	1	0.47296785559459603	0.11778802135170192
228	2	0.4988890547123776	0.11778295420410555
228	11	0.23723614023767545	-0.43975174747972395
228	12	-0.2372351561105831	0.4397525366156526
228	23	0.01461238827526621	-0.011196212569019853
228	24	-0.000029945805617684825	4.757637815148724e-6
229	1	0.4729678518005916	0.11778803658620544
229	2	0.49888905850621823	0.11778293813466861
229	11	0.23723588514470542	-0.4397530311444337
229	12	-0.23723487286219705	0.43975383907088644
229	23	0.017546441333280025	0.005383343195472531
229	24	-0.000027345237520516073	0.000013100367123610646
230	1	0.47296784800658653	0.11778805182070881
230	2	0.49888906230005864	0.11778292206523162
230	11	0.23723655417354705	-0.43975371477889535
230	12	-0.23723551327310283	0.4397545399283948
230	23	0.005352554430029326	0.01750340497081385
230	24	-0.000022907770162184396	0.000019864834088168255
231	1	0.4729678442125811	0.11778806705521207
231	2	0.49888906609389844	0.11778290599579448
231	11	0.23723724162127063	-0.43975358866550746
231	12	-0.23723617213999237	0.43975442987920765
231	23	-0.011816938621691772	0.013962374561368153
231	24	-0.000017380228775789196	0.00002484556412364401
232	1	0.47296784041857504	0.11778808228971518
232	2	0.49888906988773757	0.11778288992635717
232	11	0.23723744056125587	-0.43975312964004476
232	12	-0.23723634276537958	0.4397539861439184
232	23	-0.01809895020760132	-0.0027630741977591605
232	24	-0.000011415495485500421	0.000028090186622841733
233	1	0.4729678366245686	0.11778809752421819
233	2	0.49888907368157626	0.11778287385691975
233	11	0.23723724790649392	-0.4397528448593985
233	12	-0.23723612212582787	0.4397537161822131
233	23	-0.006781812104939249	-0.0170263795063217
233	24	-5.5235164864094985e-6	0.000029813777348314882
234	1	0.47296783283056165	0.11778811275872111
234	2	0.4988890774754142	0.11778285778748221
234	11	0.23723702005218886	-0.43975286645195744
234	12	-0.23723586659423612	0.4397537523342068
234	23	0.01155956928068449	-0.014228334386909671
234	24	-6.002886535213473e-8	0.00003032104754723616
235	1	0.4729678290365545	0.11778812799322395
235	2	0.4988890812692518	0.11778284171804454
235	11	0.23723697057392754	-0.43975301696974706
235	12	-0.23723578968956255	0.43975391728646746
235	23	0.017980024175515603	0.0035454730580792054
235	24	4.759763272718023e-6	0.00002994517548725265
236	1	0.4729678252425467	0.11778814322772667
236	2	0.4988890850630889	0.11778282564860677
236	11	0.23723706109707798	-0.4397530989101309
236	12	-0.23723585297497773	0.4397540136143466
236	23	0.004901152403762272	0.017652211970521376
236	24	8.834139637808271e-6	0.00002900562814634842
237	1	0.4729678214485382	0.11778815846222918
237	2	0.4988890888569254	0.11778280957916884
237	11	0.2372371530000199	-0.4397530712172542
237	12	-0.23723591777439912	0.4397540003026534
237	23	-0.01383741891232926	0.012004558838477885
237	24	0.000012143279367465173	0.000027783250701632978
238	1	0.4729678176545294	0.11778817369673164
238	2	0.49888909265076153	0.11778279350973087
238	11	0.23723717632691624	-0.43975300956805385
238	12	-0.23723591408950145	0.4397539530464859
238	23	-0.016623431607827997	-0.007702699528735318
238	24	0.000014718931793415567	0.00002650888839291988
239	1	0.47296781386051995	0.11778818893123394
239	2	0.4988890964445969	0.11778277744029268
239	11	0.2372371586449095	-0.43975298143656905
239	12	-0.2372358694566062	0.4397539393256802
239	23	0.0006057121262078644	-0.018313097699309295
239	24	0.000016618490251642758	0.000025361266130773384
240	1	0.4729678100665103	0.11778820416573618
240	2	0.4988891002384321	0.11778276137085447
240	11	0.23723715106970944	-0.43975298823835224
240	12	-0.23723583497016895	0.43975396055553373
240	23	0.017235812487634783	-0.006217596437467777
240	24	0.000017904678890995165	0.00002447019545528044
241	1	0.4729678062724999	0.11778821940023823
241	2	0.49888910403226655	0.11778274530141605
241	11	0.23723716816520704	-0.43975299751140373
241	12	-0.23723582517994782	0.43975398427133844
241	23	0.011856836700609285	0.013968345674695942
241	24	0.00001863085912769632	0.000023921936628876438
242	1	0.4729678024784892	0.11778823463474021
242	2	0.4988891078261005	0.11778272923197752
242	11	0.23723719271622098	-0.4397529917415929
242	12	-0.23723582286160427	0.4397539929556665
242	23	-0.009278197015410293	0.0157987722745995
242	24	0.00001883138284805885	0.000023764405444959966
243	1	0.47296779868447775	0.117788249869242
243	2	0.49888911161993393	0.11778271316253887
243	11	0.23723720940546575	-0.43975297788154305
243	12	-0.23723581269201574	0.4397539935581041
243	23	-0.01789373766062196	-0.003938129566690689
243	24	0.00001851630261336753	0.00002401071576432457
244	1	0.4729677948904662	0.11778826510374375
244	2	0.498889115413767	0.11778269709310012
244	11	0.23723721933625128	-0.43975296731074576
244	12	-0.23723579577080062	0.43975399745566546
244	23	-0.001394256843856103	-0.018269098107998878
244	24	0.000017669935034686088	0.000024640237844307103
245	1	0.47296779109645387	0.11778828033824532
245	2	0.4988891192075993	0.11778268102366118
245	11	0.2372372300445846	-0.43975296164743516
245	12	-0.23723577963162903	0.43975400626470124
245	23	0.01722782029411496	-0.006237460684082563
245	24	0.00001625312309243555	0.000025596951149829515
246	1	0.472967787302441	0.11778829557274675
246	2	0.4988891230014312	0.11778266495422214
246	11	0.23723724399280852	-0.4397529563635448
246	12	-0.23723576673535185	0.43975401545577997
246	23	0.01029962855647086	0.015153132477995199
246	24	0.000014209436772058504	0.000026785440444332737
247	1	0.4729677835084276	0.11778831080724807
247	2	0.4988891267952626	0.117782648884783
247	11	0.23723725870869333	-0.43975294909598545
247	12	-0.23723575460877117	0.4397540226648567
247	23	-0.012433027022991167	0.013458024898502733
247	24	0.000011475875610627964	0.00002806549817906554
248	1	0.4729677797144137	0.11778832604174924
248	2	0.49888913058909357	0.11778263281534378
248	11	0.23723727228971916	-0.43975294105001145
248	12	-0.237235741348725	0.4397540290965368
248	23	-0.015720354434746765	-0.00941118053166092
248	24	7.998768467658404e-6	0.000029247010255664197
249	1	0.4729677759203994	0.11778834127625033
249	2	0.4988891343829238	0.11778261674590436
249	11	0.23723728523028412	-0.4397529336117548
249	12	-0.2372357274491754	0.43975403613652314
249	23	0.006362376321727172	-0.01718199159965643
249	24	3.7553609056706443e-6	0.000030087624830799204
250	1	0.47296777212638474	0.11778835651075129
250	2	0.4988891381767536	0.11778260067646483
250	11	0.23723729847470326	-0.4397529266463366
250	12	-0.23723571385413597	0.43975404364966414
250	23	0.01798740277628935	0.0034862148139757194
250	24	-1.2191238426608058e-6	0.000030296561500931477
251	1	0.4729677683323694	0.1177883717452521
251	2	0.49888914197058304	0.11778258460702523
251	11	0.23723731204574416	-0.4397529195408174
251	12	-0.23723570058616242	0.4397540510228527
251	23	-0.0009128801532300375	0.018299361270770857
251	24	-6.8005239109080575e-6	0.000029548617142017152
0	0	0	0
0	0	0	0
0	0	0	0
0	0	0	0
0	0	0	0
0	0	0	0
0	0	0	0
0	0	0	0
0	0	0	0
0	0	0	0
0	0	0	0
0	0	0	0
0	0	0	0
0	0	0	0
0	0	0	0
0	0	0	0
0	0	0	0
0	0	0	0
0	0	0	0
0	0	0	0
0	0	0	0
0	0	0	0
0	0	0	0
0	0	0	0
0	0	0	0
0	0	0	0
0	0	0	0
0	0	0	0
0	0	0	0
0	0	0	0
0	0	0	0
0	0	0	0
0	0	0	0
0	0	0	0
0	0	0	0
0	0	0	0
0	0	0	0
0	0	0	0
0	0	0	0
0	0	0	0
0	0	0	0
0	0	0	0
0	0	0	0
0	0	0	0
0	0	0	0
0	0	0	0
0	0	0	0
0	0	0	0
0	0	0	0
0	0	0	0
0	0	0	0
0	0	0	0
0	0	0	0
0	0	0	0
0	0	0	0
0	0	0	0
0	0	0	0
0	0	0	0
0	0	0	0
0	0	0	0
0	0	0	0
0	0	0	0
0	0	0	0
0	0	0	0
0	0	0	0
0	0	0	0
0	0	0	0
0	0	0	0
0	0	0	0
0	0	0	0
0	0	0	0
0	0	0	0
0	0	0	0
0	0	0	0
0	0	0	0
0	0	0	0
0	0	0	0
0	0	0	0
0	0	0	0
0	0	0	0
0	0	0	0
0	0	0	0
0	0	0	0
0	0	0	0
0	0	0	0
0	0	0	0
0	0	0	0
0	0	0	0
0	0	0	0
0	0	0	0
0	0	0	0
0	0	0	0
0	0	0	0
0	0	0	0
0	0	0	0
0	0	0	0
0	0	0	0
0	0	0	0
0	0	0	0
0	0	0	0
0	0	0	0
0	0	0	0
0	0	0	0
0	0	0	0
0	0	0	0
0	0	0	0
0	0	0	0
0	0	0	0
0	0	0	0
0	0	0	0
0	0	0	0
0	0	0	0
0	0	0	0
0	0	0	0
0	0	0	0
0	0	0	0
0	0	0	0
0	0	0	0
0	0	0	0
0	0	0	0
0	0	0	0
0	0	0	0
0	0	0	0
0	0	0	0
0	0	0	0
0	0	0	0
0	0	0	0
0	0	0	0
0	0	0	0
0	0	0	0
0	0	0	0
0	0	0	0
0	0	0	0
0	0	0	0
0	0	0	0
0	0	0	0
0	0	0	0
0	0	0	0
0	0	0	0
0	0	0	0
0	0	0	0
0	0	0	0
0	0	0	0
0	0	0	0
0	0	0	0
0	0	0	0
0	0	0	0
0	0	0	0
0	0	0	0
0	0	0	0
0	0	0	0
0	0	0	0
0	0	0	0
0	0	0	0
0	0	0	0
0	0	0	0
0	0	0	0
0	0	0	0
0	0	0	0
0	0	0	0
0	0	0	0
0	0	0	0
0	0	0	0
0	0	0	0
0	0	0	0
0	0	0	0
0	0	0	0
0	0	0	0
0	0	0	0
0	0	0	0
0	0	0	0
0	0	0	0
0	0	0	0
0	0	0	0
0	0	0	0
0	0	0	0
0	0	0	0
0	0	0	0
0	0	0	0
0	0	0	0
0	0	0	0
0	0	0	0
0	0	0	0
0	0	0	0
0	0	0	0
0	0	0	0
0	0	0	0
0	0	0	0
0	0	0	0
0	0	0	0
0	0	0	0
0	0	0	0
0	0	0	0
0	0	0	0
0	0	0	0
0	0	0	0
0	0	0	0
0	0	0	0
0	0	0	0
0	0	0	0
0	0	0	0
0	0	0	0
0	0	0	0
0	0	0	0
0	0	0	0
0	0	0	0
0	0	0	0
0	0	0	0
0	0	0	0
0	0	0	0
0	0	0	0
0	0	0	0
0	0	0	0
0	0	0	0
0	0	0	0
0	0	0	0
0	0	0	0
0	0	0	0
0	0	0	0
0	0	0	0
0	0	0	0
0	0	0	0
0	0	0	0
0	0	0	0
0	0	0	0
0	0	0	0
0	0	0	0
0	0	0	0
0	0	0	0
0	0	0	0
0	0	0	0
0	0	0	0
0	0	0	0
0	0	0	0
0	0	0	0
0	0	0	0
0	0	0	0
0	0	0	0
0	0	0	0
0	0	0	0
0	0	0	0
0	0	0	0
0	0	0	0
0	0	0	0
0	0	0	0
0	0	0	0
0	0	0	0
0	0	0	0
0	0	0	0
0	0	0	0
0	0	0	0
0	0	0	0
0	0	0	0
0	0	0	0
0	0	0	0
0	0	0	0
0	0	0	0
0	0	0	0
0	0	0	0
0	0	0	0
0	0	0	0
0	0	0	0
0	0	0	0
0	0	0	0
0	0	0	0
0	0	0	0
0	0	0	0
0	0	0	0
0	0	0	0
0	0	0	0
0	0	0	0
0	0	0	0
0	0	0	0
0	0	0	0
0	0	0	0
0	0	0	0
0	0	0	0
0	0	0	0
0	0	0	0
0	0	0	0
0	0	0	0
0	0	0	0
0	0	0	0
0	0	0	0
0	0	0	0
0	0	0	0
0	0	0	0
0	0	0	0
0	0	0	0
0	0	0	0
0	0	0	0
0	0	0	0
0	0	0	0
0	0	0	0
0	0	0	0
0	0	0	0
0	0	0	0
0	0	0	0
0	0	0	0
0	0	0	0
0	0	0	0
0	0	0	0
0	0	0	0
0	0	0	0
0	0	0	0
0	0	0	0
0	0	0	0
0	0	0	0
0	0	0	0
0	0	0	0
0	0	0	0
0	0	0	0
0	0	0	0
0	0	0	0
0	0	0	0
0	0	0	0
0	0	0	0
0	0	0	0
0	0	0	0
0	0	0	0
0	0	0	0
0	0	0	0
0	0	0	0
0	0	0	0
0	0	0	0
0	0	0	0
0	0	0	0
0	0	0	0
0	0	0	0
0	0	0	0
0	0	0	0
0	0	0	0
0	0	0	0
0	0	0	0
0	0	0	0
0	0	0	0
0	0	0	0
0	0	0	0
0	0	0	0
0	0	0	0
0	0	0	0
0	0	0	0
0	0	0	0
0	0	0	0
0	0	0	0
0	0	0	0
0	0	0	0
0	0	0	0
0	0	0	0
0	0	0	0
0	0	0	0
0	0	0	0
0	0	0	0
0	0	0	0
0	0	0	0
0	0	0	0
0	0	0	0
0	0	0	0
0	0	0	0
0	0	0	0
0	0	0	0
0	0	0	0
0	0	0	0
0	0	0	0
0	0	0	0
0	0	0	0
0	0	0	0
0	0	0	0
0	0	0	0
0	0	0	0
0	0	0	0
0	0	0	0
0	0	0	0
0	0	0	0
0	0	0	0
0	0	0	0
0	0	0	0
0	0	0	0
0	0	0	0
0	0	0	0
0	0	0	0
0	0	0	0
0	0	0	0
0	0	0	0
0	0	0	0
0	0	0	0
0	0	0	0
0	0	0	0
0	0	0	0
0	0	0	0
0	0	0	0
0	0	0	0
0	0	0	0
0	0	0	0
0	0	0	0
0	0	0	0
0	0	0	0
0	0	0	0
0	0	0	0
0	0	0	0
0	0	0	0
0	0	0	0
0	0	0	0
0	0	0	0
0	0	0	0
0	0	0	0
0	0	0	0
0	0	0	0
0	0	0	0
0	0	0	0
0	0	0	0
0	0	0	0
0	0	0	0
0	0	0	0
0	0	0	0
0	0	0	0
0	0	0	0
0	0	0	0
0	0	0	0
0	0	0	0
0	0	0	0
0	0	0	0
0	0	0	0
0	0	0	0
0	0	0	0
0	0	0	0
0	0	0	0
0	0	0	0
0	0	0	0
0	0	0	0
0	0	0	0
0	0	0	0
0	0	0	0
0	0	0	0
0	0	0	0
0	0	0	0
0	0	0	0
0	0	0	0
0	0	0	0
0	0	0	0
0	0	0	0
0	0	0	0
0	0	0	0
0	0	0	0
0	0	0	0
0	0	0	0
0	0	0	0
0	0	0	0
0	0	0	0
0	0	0	0
0	0	0	0
0	0	0	0
0	0	0	0
0	0	0	0
0	0	0	0
0	0	0	0
0	0	0	0
0	0	0	0
0	0	0	0
0	0	0	0
0	0	0	0
0	0	0	0
0	0	0	0
0	0	0	0
0	0	0	0
0	0	0	0
0	0	0	0
0	0	0	0
0	0	0	0
0	0	0	0
0	0	0	0
0	0	0	0
0	0	0	0
0	0	0	0
0	0	0	0
0	0	0	0
0	0	0	0
0	0	0	0
0	0	0	0
0	0	0	0
0	0	0	0
0	0	0	0
0	0	0	0
0	0	0	0
0	0	0	0
0	0	0	0
0	0	0	0
0	0	0	0
0	0	0	0
0	0	0	0
0	0	0	0
0	0	0	0
0	0	0	0
0	0	0	0
0	0	0	0
0	0	0	0
0	0	0	0
0	0	0	0
0	0	0	0
0	0	0	0
0	0	0	0
0	0	0	0
0	0	0	0
0	0	0	0
0	0	0	0
0	0	0	0
0	0	0	0
0	0	0	0
0	0	0	0
0	0	0	0
0	0	0	0
0	0	0	0
0	0	0	0
0	0	0	0
0	0	0	0
0	0	0	0
0	0	0	0
0	0	0	0
0	0	0	0
0	0	0	0
0	0	0	0
0	0	0	0
0	0	0	0
0	0	0	0
0	0	0	0
0	0	0	0
0	0	0	0
0	0	0	0
0	0	0	0
0	0	0	0
0	0	0	0
0	0	0	0
0	0	0	0
0	0	0	0
0	0	0	0
0	0	0	0
0	0	0	0
0	0	0	0
0	0	0	0
0	0	0	0
0	0	0	0
0	0	0	0
0	0	0	0
0	0	0	0
0	0	0	0
0	0	0	0
0	0	0	0
0	0	0	0
0	0	0	0
0	0	0	0
0	0	0	0
0	0	0	0
0	0	0	0
0	0	0	0
0	0	0	0
0	0	0	0
0	0	0	0
0	0	0	0
0	0	0	0
0	0	0	0
0	0	0	0
0	0	0	0
0	0	0	0
0	0	0	0
0	0	0	0
0	0	0	0
0	0	0	0
0	0	0	0
0	0	0	0
0	0	0	0
0	0	0	0
0	0	0	0
0	0	0	0
0	0	0	0
0	0	0	0
0	0	0	0
0	0	0	0
0	0	0	0
0	0	0	0
0	0	0	0
0	0	0	0
0	0	0	0
0	0	0	0
0	0	0	0
0	0	0	0
0	0	0	0
0	0	0	0
0	0	0	0
0	0	0	0
0	0	0	0
0	0	0	0
0	0	0	0
0	0	0	0
0	0	0	0
0	0	0	0
0	0	0	0
0	0	0	0
0	0	0	0
0	0	0	0
0	0	0	0
0	0	0	0
0	0	0	0
0	0	0	0
0	0	0	0
0	0	0	0
0	0	0	0
0	0	0	0
0	0	0	0
0	0	0	0
0	0	0	0
0	0	0	0
0	0	0	0
0	0	0	0
0	0	0	0
0	0	0	0
0	0	0	0
0	0	0	0
0	0	0	0
0	0	0	0
0	0	0	0
0	0	0	0
0	0	0	0
0	0	0	0
0	0	0	0
0	0	0	0
0	0	0	0
0	0	0	0
0	0	0	0
0	0	0	0
0	0	0	0
0	0	0	0
0	0	0	0
0	0	0	0
0	0	0	0
0	0	0	0
0	0	0	0
0	0	0	0
0	0	0	0
0	0	0	0
0	0	0	0
0	0	0	0
0	0	0	0
0	0	0	0
0	0	0	0
0	0	0	0
0	0	0	0
0	0	0	0
0	0	0	0
0	0	0	0
0	0	0	0
0	0	0	0
0	0	0	0
0	0	0	0
0	0	0	0
0	0	0	0
0	0	0	0
0	0	0	0
0	0	0	0
0	0	0	0
0	0	0	0
0	0	0	0
0	0	0	0
0	0	0	0
0	0	0	0
0	0	0	0
0	0	0	0
0	0	0	0
0	0	0	0
0	0	0	0
0	0	0	0
0	0	0	0
0	0	0	0
0	0	0	0
0	0	0	0
0	0	0	0
0	0	0	0
0	0	0	0
0	0	0	0
0	0	0	0
0	0	0	0
0	0	0	0
0	0	0	0
0	0	0	0
0	0	0	0
0	0	0	0
0	0	0	0
0	0	0	0
0	0	0	0
0	0	0	0
0	0	0	0
0	0	0	0
0	0	0	0
0	0	0	0
0	0	0	0
0	0	0	0
0	0	0	0
0	0	0	0
0	0	0	0
0	0	0	0
0	0	0	0
0	0	0	0
0	0	0	0
0	0	0	0
0	0	0	0
0	0	0	0
0	0	0	0
0	0	0	0
0	0	0	0
0	0	0	0
0	0	0	0
0	0	0	0
0	0	0	0
0	0	0	0
0	0	0	0
0	0	0	0
0	0	0	0
0	0	0	0
0	0	0	0
0	0	0	0
0	0	0	0
0	0	0	0
0	0	0	0
0	0	0	0
0	0	0	0
0	0	0	0
0	0	0	0
0	0	0	0
0	0	0	0
0	0	0	0
0	0	0	0
0	0	0	0
0	0	0	0
0	0	0	0
0	0	0	0
0	0	0	0
0	0	0	0
0	0	0	0
0	0	0	0
0	0	0	0
0	0	0	0
0	0	0	0
0	0	0	0
0	0	0	0
0	0	0	0
0	0	0	0
0	0	0	0
0	0	0	0
0	0	0	0
0	0	0	0
0	0	0	0
0	0	0	0
0	0	0	0
0	0	0	0
0	0	0	0
0	0	0	0
0	0	0	0
0	0	0	0
0	0	0	0
0	0	0	0
0	0	0	0
0	0	0	0
0	0	0	0
0	0	0	0
0	0	0	0
0	0	0	0
0	0	0	0
0	0	0	0
0	0	0	0
0	0	0	0
0	0	0	0
0	0	0	0
0	0	0	0
0	0	0	0
0	0	0	0
0	0	0	0
0	0	0	0
0	0	0	0
0	0	0	0
0	0	0	0
0	0	0	0
0	0	0	0
0	0	0	0
0	0	0	0
0	0	0	0
0	0	0	0
0	0	0	0
0	0	0	0
0	0	0	0
0	0	0	0
0	0	0	0
0	0	0	0
0	0	0	0
0	0	0	0
0	0	0	0
0	0	0	0
0	0	0	0
0	0	0	0
0	0	0	0
0	0	0	0
0	0	0	0
0	0	0	0
0	0	0	0
0	0	0	0
0	0	0	0
0	0	0	0
0	0	0	0
0	0	0	0
0	0	0	0
0	0	0	0
0	0	0	0
0	0	0	0
0	0	0	0
0	0	0	0
0	0	0	0
0	0	0	0
0	0	0	0
0	0	0	0
0	0	0	0
0	0	0	0
0	0	0	0
0	0	0	0
0	0	0	0
0	0	0	0
0	0	0	0
0	0	0	0
0	0	0	0
0	0	0	0
0	0	0	0
0	0	0	0
0	0	0	0
0	0	0	0
0	0	0	0
0	0	0	0
0	0	0	0
0	0	0	0
0	0	0	0
0	0	0	0
0	0	0	0
0	0	0	0
0	0	0	0
0	0	0	0
0	0	0	0
0	0	0	0
0	0	0	0
0	0	0	0
0	0	0	0
0	0	0	0
0	0	0	0
0	0	0	0
0	0	0	0
0	0	0	0
0	0	0	0
0	0	0	0
0	0	0	0
0	0	0	0
0	0	0	0
0	0	0	0
0	0	0	0
0	0	0	0
0	0	0	0
0	0	0	0
0	0	0	0
0	0	0	0
0	0	0	0
0	0	0	0
0	0	0	0
0	0	0	0
0	0	0	0
0	0	0	0
0	0	0	0
0	0	0	0
0	0	0	0
0	0	0	0
0	0	0	0
0	0	0	0
0	0	0	0
0	0	0	0
0	0	0	0
0	0	0	0
0	0	0	0
0	0	0	0
0	0	0	0
0	0	0	0
0	0	0	0
0	0	0	0
0	0	0	0
0	0	0	0
0	0	0	0
0	0	0	0
0	0	0	0
0	0	0	0
0	0	0	0
0	0	0	0
0	0	0	0
0	0	0	0
0	0	0	0
0	0	0	0
0	0	0	0
0	0	0	0
0	0	0	0
0	0	0	0
0	0	0	0
0	0	0	0
0	0	0	0
0	0	0	0
0	0	0	0
0	0	0	0
0	0	0	0
0	0	0	0
0	0	0	0
0	0	0	0
0	0	0	0
0	0	0	0
0	0	0	0
0	0	0	0
0	0	0	0
0	0	0	0
0	0	0	0
0	0	0	0
0	0	0	0
0	0	0	0
0	0	0	0
0	0	0	0
0	0	0	0
0	0	0	0
0	0	0	0
0	0	0	0
0	0	0	0
0	0	0	0
0	0	0	0
0	0	0	0
0	0	0	0
0	0	0	0
0	0	0	0
0	0	0	0
0	0	0	0
0	0	0	0
0	0	0	0
0	0	0	0
0	0	0	0
0	0	0	0
0	0	0	0
0	0	0	0
0	0	0	0
0	0	0	0
0	0	0	0
0	0	0	0
0	0	0	0
0	0	0	0
0	0	0	0
0	0	0	0
0	0	0	0
0	0	0	0
0	0	0	0
0	0	0	0
0	0	0	0
0	0	0	0
0	0	0	0
0	0	0	0
0	0	0	0
0	0	0	0
0	0	0	0
0	0	0	0
0	0	0	0
0	0	0	0
0	0	0	0
0	0	0	0
0	0	0	0
0	0	0	0
0	0	0	0
0	0	0	0
0	0	0	0
0	0	0	0
0	0	0	0
0	0	0	0
0	0	0	0
0	0	0	0
0	0	0	0
0	0	0	0
0	0	0	0
0	0	0	0
0	0	0	0
0	0	0	0
0	0	0	0
0	0	0	0
0	0	0	0
0	0	0	0
0	0	0	0
0	0	0	0
0	0	0	0
0	0	0	0
0	0	0	0
0	0	0	0
0	0	0	0
0	0	0	0
0	0	0	0
0	0	0	0
0	0	0	0
0	0	0	0
0	0	0	0
0	0	0	0
0	0	0	0
0	0	0	0
0	0	0	0
0	0	0	0
0	0	0	0
0	0	0	0
0	0	0	0
0	0	0	0
0	0	0	0
0	0	0	0
0	0	0	0
0	0	0	0
0	0	0	0
0	0	0	0
0	0	0	0
0	0	0	0
0	0	0	0
0	0	0	0
0	0	0	0
0	0	0	0
0	0	0	0
0	0	0	0
0	0	0	0
0	0	0	0
0	0	0	0
0	0	0	0
0	0	0	0
0	0	0	0
0	0	0	0
0	0	0	0
0	0	0	0
0	0	0	0
0	0	0	0
0	0	0	0
0	0	0	0
0	0	0	0
0	0	0	0
0	0	0	0
0	0	0	0
0	0	0	0
0	0	0	0
0	0	0	0
0	0	0	0
0	0	0	0
0	0	0	0
0	0	0	0
0	0	0	0
0	0	0	0
0	0	0	0
0	0	0	0
0	0	0	0
0	0	0	0
0	0	0	0
0	0	0	0
0	0	0	0
0	0	0	0
0	0	0	0
0	0	0	0
0	0	0	0
0	0	0	0
0	0	0	0
0	0	0	0
0	0	0	0
0	0	0	0
0	0	0	0
0	0	0	0
0	0	0	0
0	0	0	0
0	0	0	0
0	0	0	0
0	0	0	0
0	0	0	0
0	0	0	0
0	0	0	0
0	0	0	0
0	0	0	0
0	0	0	0
0	0	0	0
0	0	0	0
0	0	0	0
0	0	0	0
0	0	0	0
0	0	0	0
0	0	0	0
0	0	0	0
0	0	0	0
0	0	0	0
0	0	0	0
0	0	0	0
0	0	0	0
0	0	0	0
0	0	0	0
0	0	0	0
0	0	0	0
0	0	0	0
0	0	0	0
0	0	0	0
0	0	0	0
0	0	0	0
0	0	0	0
0	0	0	0
0	0	0	0
0	0	0	0
0	0	0	0
0	0	0	0
0	0	0	0
0	0	0	0
0	0	0	0
0	0	0	0
0	0	0	0
0	0	0	0
0	0	0	0
0	0	0	0
0	0	0	0
0	0	0	0
0	0	0	0
0	0	0	0
0	0	0	0
0	0	0	0
0	0	0	0
0	0	0	0
0	0	0	0
0	0	0	0
0	0	0	0
0	0	0	0
0	0	0	0
0	0	0	0
0	0	0	0
0	0	0	0
0	0	0	0
0	0	0	0
0	0	0	0
0	0	0	0
0	0	0	0
0	0	0	0
0	0	0	0
0	0	0	0
0	0	0	0
0	0	0	0
0	0	0	0
0	0	0	0
0	0	0	0
0	0	0	0
0	0	0	0
0	0	0	0
0	0	0	0
0	0	0	0
0	0	0	0
0	0	0	0
0	0	0	0
0	0	0	0
0	0	0	0
0	0	0	0
0	0	0	0
0	0	0	0
0	0	0	0
0	0	0	0
0	0	0	0
0	0	0	0
0	0	0	0
0	0	0	0
0	0	0	0
0	0	0	0
0	0	0	0
0	0	0	0
0	0	0	0
0	0	0	0
0	0	0	0
0	0	0	0
0	0	0	0
0	0	0	0
0	0	0	0
0	0	0	0
0	0	0	0
0	0	0	0
0	0	0	0
0	0	0	0
0	0	0	0
0	0	0	0
0	0	0	0
0	0	0	0
0	0	0	0
0	0	0	0
0	0	0	0
0	0	0	0
0	0	0	0
0	0	0	0
0	0	0	0
0	0	0	0
0	0	0	0
0	0	0	0
0	0	0	0
0	0	0	0
0	0	0	0
0	0	0	0
0	0	0	0
0	0	0	0
0	0	0	0
0	0	0	0
0	0	0	0
0	0	0	0
0	0	0	0
0	0	0	0
0	0	0	0
0	0	0	0
0	0	0	0
0	0	0	0
0	0	0	0
0	0	0	0
0	0	0	0
0	0	0	0
0	0	0	0
0	0	0	0
0	0	0	0
0	0	0	0
0	0	0	0
0	0	0	0
0	0	0	0
0	0	0	0
0	0	0	0
0	0	0	0
0	0	0	0
0	0	0	0
0	0	0	0
0	0	0	0
0	0	0	0
0	0	0	0
0	0	0	0
0	0	0	0
0	0	0	0
0	0	0	0
0	0	0	0
0	0	0	0
0	0	0	0
0	0	0	0
0	0	0	0
0	0	0	0
0	0	0	0
0	0	0	0
0	0	0	0
0	0	0	0
0	0	0	0
0	0	0	0
0	0	0	0
0	0	0	0
0	0	0	0
0	0	0	0
0	0	0	0
0	0	0	0
0	0	0	0
0	0	0	0
0	0	0	0
0	0	0	0
0	0	0	0
0	0	0	0
0	0	0	0
0	0	0	0
0	0	0	0
0	0	0	0
0	0	0	0
0	0	0	0
0	0	0	0
0	0	0	0
0	0	0	0
0	0	0	0
0	0	0	0
0	0	0	0
0	0	0	0
0	0	0	0
0	0	0	0
0	0	0	0
0	0	0	0
0	0	0	0
0	0	0	0
0	0	0	0
0	0	0	0
0	0	0	0
0	0	0	0
0	0	0	0
0	0	0	0
0	0	0	0
0	0	0	0
0	0	0	0
0	0	0	0
0	0	0	0
0	0	0	0
0	0	0	0
0	0	0	0
0	0	0	0
0	0	0	0
0	0	0	0
0	0	0	0
0	0	0	0
0	0	0	0
0	0	0	0
0	0	0	0
0	0	0	0
0	0	0	0
0	0	0	0
0	0	0	0
0	0	0	0
0	0	0	0
0	0	0	0
0	0	0	0
0	0	0	0
0	0	0	0
0	0	0	0
0	0	0	0
0	0	0	0
0	0	0	0
0	0	0	0
0	0	0	0
0	0	0	0
0	0	0	0
0	0	0	0
0	0	0	0
0	0	0	0
0	0	0	0
0	0	0	0
0	0	0	0
0	0	0	0
0	0	0	0
0	0	0	0
0	0	0	0
0	0	0	0
0	0	0	0
0	0	0	0
0	0	0	0
0	0	0	0
0	0	0	0
0	0	0	0
0	0	0	0
0	0	0	0
0	0	0	0
0	0	0	0
0	0	0	0
0	0	0	0
0	0	0	0
0	0	0	0
0	0	0	0
0	0	0	0
0	0	0	0
0	0	0	0
0	0	0	0
0	0	0	0
0	0	0	0
0	0	0	0
0	0	0	0
0	0	0	0
0	0	0	0
0	0	0	0
0	0	0	0
0	0	0	0
0	0	0	0
0	0	0	0
0	0	0	0
0	0	0	0
0	0	0	0
0	0	0	0
0	0	0	0
0	0	0	0
0	0	0	0
0	0	0	0
0	0	0	0
0	0	0	0
0	0	0	0
0	0	0	0
0	0	0	0
0	0	0	0
0	0	0	0
0	0	0	0
0	0	0	0
0	0	0	0
0	0	0	0
0	0	0	0
0	0	0	0
0	0	0	0
0	0	0	0
0	0	0	0
0	0	0	0
0	0	0	0
0	0	0	0
0	0	0	0
0	0	0	0
0	0	0	0
0	0	0	0
0	0	0	0
0	0	0	0
0	0	0	0
0	0	0	0
0	0	0	0
0	0	0	0
0	0	0	0
0	0	0	0
0	0	0	0
0	0	0	0
0	0	0	0
0	0	0	0
0	0	0	0
0	0	0	0
0	0	0	0
0	0	0	0
0	0	0	0
0	0	0	0
0	0	0	0
0	0	0	0
0	0	0	0
0	0	0	0
0	0	0	0
0	0	0	0
0	0	0	0
0	0	0	0
0	0	0	0
0	0	0	0
0	0	0	0
0	0	0	0
0	0	0	0
0	0	0	0
0	0	0	0
0	0	0	0
0	0	0	0
0	0	0	0
0	0	0	0
0	0	0	0
0	0	0	0
0	0	0	0
0	0	0	0
0	0	0	0
0	0	0	0
0	0	0	0
0	0	0	0
0	0	0	0
0	0	0	0
0	0	0	0
0	0	0	0
0	0	0	0
0	0	0	0
0	0	0	0
0	0	0	0
0	0	0	0
0	0	0	0
0	0	0	0
0	0	0	0
0	0	0	0
0	0	0	0
0	0	0	0
0	0	0	0
0	0	0	0
0	0	0	0
0	0	0	0
0	0	0	0
0	0	0	0
0	0	0	0
0	0	0	0
0	0	0	0
0	0	0	0
0	0	0	0
0	0	0	0
0	0	0	0
0	0	0	0
0	0	0	0
0	0	0	0
0	0	0	0
0	0	0	0
0	0	0	0
0	0	0	0
0	0	0	0
0	0	0	0
0	0	0	0
0	0	0	0
0	0	0	0
0	0	0	0
0	0	0	0
0	0	0	0
0	0	0	0
0	0	0	0
0	0	0	0
0	0	0	0
0	0	0	0
0	0	0	0
0	0	0	0
0	0	0	0
0	0	0	0
0	0	0	0
0	0	0	0
0	0	0	0
0	0	0	0
0	0	0	0
0	0	0	0
0	0	0	0
0	0	0	0
0	0	0	0
0	0	0	0
0	0	0	0
0	0	0	0