  0.0000       2.951   0.000
  0.0000       8.853   0.000
  0.0000      14.754   0.000
  0.0000      20.656   0.000
  0.0000      26.557   0.000
  0.0000      32.459   0.000
  0.0000      38.361   0.000
  0.0000      44.262   0.000
  0.0000      50.164   0.000
  0.0000      56.065   0.000
  0.0000      61.967   0.000
  0.0000      67.869   0.000
  0.0000      73.770   0.000
  0.0000      79.672   0.000
  0.0000      85.573   0.000
  0.0000      91.475   0.000
  0.0000      97.377   0.000
  0.0000     103.278   0.000
  0.0000     109.180   0.000
  0.0000     115.081   0.000
  0.0000     120.983   0.000
  0.0000     126.885   0.000
  0.0000     132.786   0.000
  0.0000     138.688   0.000
  0.0000     144.589   0.000
  0.0000     150.491   0.000
  0.0000     156.393   0.000
  0.0000     162.294   0.000
  0.0000     168.196   0.000
  0.0000     174.097   0.000
  0.0000     179.999   0.000
  0.0000     185.901   0.000
  0.0000     191.802   0.000
  0.0000     197.704   0.000
  0.0000     203.605   0.000
  0.0000     209.507   0.000
  0.0000     215.409   0.000
  0.0000     221.310   0.000
  0.0000     227.212   0.000
  0.0000     233.113   0.000
  0.0000     239.015   0.000
  0.0000     244.917   0.000
  0.0000     250.818   0.000
  0.0000     256.720   0.000
  0.0000     262.621   0.000
  0.0000     268.523   0.000
  0.0000     274.425   0.000
  0.0000     280.326   0.000
  0.0000     286.228   0.000
  0.0000     292.129   0.000
  0.0000     298.031   0.000
  0.0000     303.933   0.000
  0.0000     309.834   0.000
  0.0000     315.736   0.000
  0.0000     321.637   0.000
  0.0000     327.539   0.000
  0.0000     333.441   0.000
  0.0000     339.342   0.000
  0.0000     345.244   0.000
  0.0000     351.145   0.000
  0.0000     357.047   0.000
 0.10000E-12   2.951   0.000
 0.10000E-12   8.853   0.000
 0.10000E-12  14.754   0.000
 0.10000E-12  20.656   0.000
 0.10000E-12  26.557   0.000
 0.10000E-12  32.459   0.000
 0.10000E-12  38.361   0.000
 0.10000E-12  44.262   0.000
 0.10000E-12  50.164   0.000
 0.10000E-12  56.065   0.000
 0.10000E-12  61.967   0.000
 0.10000E-12  67.869   0.000
 0.10000E-12  73.770   0.000
 0.10000E-12  79.672   0.000
 0.10000E-12  85.573   0.000
 0.10000E-12  91.475   0.000
 0.10000E-12  97.377   0.000
 0.10000E-12 103.278   0.000
 0.10000E-12 109.180   0.000
 0.10000E-12 115.081   0.000
 0.10000E-12 120.983   0.000
 0.10000E-12 126.885   0.000
 0.10000E-12 132.786   0.000
 0.10000E-12 138.688   0.000
 0.10000E-12 144.589   0.000
 0.10000E-12 150.491   0.000
 0.10000E-12 156.393   0.000
 0.10000E-12 162.294   0.000
 0.10000E-12 168.196   0.000
 0.10000E-12 174.097   0.000
 0.10000E-12 179.999   0.000
 0.10000E-12 185.901   0.000
 0.10000E-12 191.802   0.000
 0.10000E-12 197.704   0.000
 0.10000E-12 203.605   0.000
 0.10000E-12 209.507   0.000
 0.10000E-12 215.409   0.000
 0.10000E-12 221.310   0.000
 0.10000E-12 227.212   0.000
 0.10000E-12 233.113   0.000
 0.10000E-12 239.015   0.000
 0.10000E-12 244.917   0.000
 0.10000E-12 250.818   0.000
 0.10000E-12 256.720   0.000
 0.10000E-12 262.621   0.000
 0.10000E-12 268.523   0.000
 0.10000E-12 274.425   0.000
 0.10000E-12 280.326   0.000
 0.10000E-12 286.228   0.000
 0.10000E-12 292.129   0.000
 0.10000E-12 298.031   0.000
 0.10000E-12 303.933   0.000
 0.10000E-12 309.834   0.000
 0.10000E-12 315.736   0.000
 0.10000E-12 321.637   0.000
 0.10000E-12 327.539   0.000
 0.10000E-12 333.441   0.000
 0.10000E-12 339.342   0.000
 0.10000E-12 345.244   0.000
 0.10000E-12 351.145   0.000
 0.10000E-12 357.047   0.000
 0.20000E-12   2.951   0.000
 0.20000E-12   8.853   0.000
 0.20000E-12  14.754   0.000
 0.20000E-12  20.656   0.000
 0.20000E-12  26.557   0.000
 0.20000E-12  32.459   0.000
 0.20000E-12  38.361   0.000
 0.20000E-12  44.262   0.000
 0.20000E-12  50.164   0.000
 0.20000E-12  56.065   0.000
 0.20000E-12  61.967   0.000
 0.20000E-12  67.869   0.000
 0.20000E-12  73.770   0.000
 0.20000E-12  79.672   0.000
 0.20000E-12  85.573   0.000
 0.20000E-12  91.475   0.000
 0.20000E-12  97.377   0.000
 0.20000E-12 103.278   0.000
 0.20000E-12 109.180   0.000
 0.20000E-12 115.081   0.000
 0.20000E-12 120.983   0.000
 0.20000E-12 126.885   0.000
 0.20000E-12 132.786   0.000
 0.20000E-12 138.688   0.000
 0.20000E-12 144.589   0.000
 0.20000E-12 150.491   0.000
 0.20000E-12 156.393   0.000
 0.20000E-12 162.294   0.000
 0.20000E-12 168.196   0.000
 0.20000E-12 174.097   0.000
 0.20000E-12 179.999   0.000
 0.20000E-12 185.901   0.000
 0.20000E-12 191.802   0.000
 0.20000E-12 197.704   0.000
 0.20000E-12 203.605   0.000
 0.20000E-12 209.507   0.000
 0.20000E-12 215.409   0.000
 0.20000E-12 221.310   0.000
 0.20000E-12 227.212   0.000
 0.20000E-12 233.113   0.000
 0.20000E-12 239.015   0.000
 0.20000E-12 244.917   0.000
 0.20000E-12 250.818   0.000
 0.20000E-12 256.720   0.000
 0.20000E-12 262.621   0.000
 0.20000E-12 268.523   0.000
 0.20000E-12 274.425   0.000
 0.20000E-12 280.326   0.000
 0.20000E-12 286.228   0.000
 0.20000E-12 292.129   0.000
 0.20000E-12 298.031   0.000
 0.20000E-12 303.933   0.000
 0.20000E-12 309.834   0.000
 0.20000E-12 315.736   0.000
 0.20000E-12 321.637   0.000
 0.20000E-12 327.539   0.000
 0.20000E-12 333.441   0.000
 0.20000E-12 339.342   0.000
 0.20000E-12 345.244   0.000
 0.20000E-12 351.145   0.000
 0.20000E-12 357.047   0.000
 0.30000E-12   2.951   0.000
 0.30000E-12   8.853   0.000
 0.30000E-12  14.754   0.000
 0.30000E-12  20.656   0.000
 0.30000E-12  26.557   0.000
 0.30000E-12  32.459   0.000
 0.30000E-12  38.361   0.000
 0.30000E-12  44.262   0.000
 0.30000E-12  50.164   0.000
 0.30000E-12  56.065   0.000
 0.30000E-12  61.967   0.000
 0.30000E-12  67.869   0.000
 0.30000E-12  73.770   0.000
 0.30000E-12  79.672   0.000
 0.30000E-12  85.573   0.000
 0.30000E-12  91.475   0.000
 0.30000E-12  97.377   0.000
 0.30000E-12 103.278   0.000
 0.30000E-12 109.180   0.000
 0.30000E-12 115.081   0.000
 0.30000E-12 120.983   0.000
 0.30000E-12 126.885   0.000
 0.30000E-12 132.786   0.000
 0.30000E-12 138.688   0.000
 0.30000E-12 144.589   0.000
 0.30000E-12 150.491   0.000
 0.30000E-12 156.393   0.000
 0.30000E-12 162.294   0.000
 0.30000E-12 168.196   0.000
 0.30000E-12 174.097   0.000
 0.30000E-12 179.999   0.000
 0.30000E-12 185.901   0.000
 0.30000E-12 191.802   0.000
 0.30000E-12 197.704   0.000
 0.30000E-12 203.605   0.000
 0.30000E-12 209.507   0.000
 0.30000E-12 215.409   0.000
 0.30000E-12 221.310   0.000
 0.30000E-12 227.212   0.000
 0.30000E-12 233.113   0.000
 0.30000E-12 239.015   0.000
 0.30000E-12 244.917   0.000
 0.30000E-12 250.818   0.000
 0.30000E-12 256.720   0.000
 0.30000E-12 262.621   0.000
 0.30000E-12 268.523   0.000
 0.30000E-12 274.425   0.000
 0.30000E-12 280.326   0.000
 0.30000E-12 286.228   0.000
 0.30000E-12 292.129   0.000
 0.30000E-12 298.031   0.000
 0.30000E-12 303.933   0.000
 0.30000E-12 309.834   0.000
 0.30000E-12 315.736   0.000
 0.30000E-12 321.637   0.000
 0.30000E-12 327.539   0.000
 0.30000E-12 333.441   0.000
 0.30000E-12 339.342   0.000
 0.30000E-12 345.244   0.000
 0.30000E-12 351.145   0.000
 0.30000E-12 357.047   0.000
 0.40000E-12   2.951   0.000
 0.40000E-12   8.853   0.000
 0.40000E-12  14.754   0.000
 0.40000E-12  20.656   0.000
 0.40000E-12  26.557   0.000
 0.40000E-12  32.459   0.000
 0.40000E-12  38.361   0.000
 0.40000E-12  44.262   0.000
 0.40000E-12  50.164   0.000
 0.40000E-12  56.065   0.000
 0.40000E-12  61.967   0.000
 0.40000E-12  67.869   0.000
 0.40000E-12  73.770   0.000
 0.40000E-12  79.672   0.000
 0.40000E-12  85.573   0.000
 0.40000E-12  91.475   0.000
 0.40000E-12  97.377   0.000
 0.40000E-12 103.278   0.000
 0.40000E-12 109.180   0.000
 0.40000E-12 115.081   0.000
 0.40000E-12 120.983   0.000
 0.40000E-12 126.885   0.000
 0.40000E-12 132.786   0.000
 0.40000E-12 138.688   0.000
 0.40000E-12 144.589   0.000
 0.40000E-12 150.491   0.000
 0.40000E-12 156.393   0.000
 0.40000E-12 162.294   0.000
 0.40000E-12 168.196   0.000
 0.40000E-12 174.097   0.000
 0.40000E-12 179.999   0.000
 0.40000E-12 185.901   0.000
 0.40000E-12 191.802   0.000
 0.40000E-12 197.704   0.000
 0.40000E-12 203.605   0.000
 0.40000E-12 209.507   0.000
 0.40000E-12 215.409   0.000
 0.40000E-12 221.310   0.000
 0.40000E-12 227.212   0.000
 0.40000E-12 233.113   0.000
 0.40000E-12 239.015   0.000
 0.40000E-12 244.917   0.000
 0.40000E-12 250.818   0.000
 0.40000E-12 256.720   0.000
 0.40000E-12 262.621   0.000
 0.40000E-12 268.523   0.000
 0.40000E-12 274.425   0.000
 0.40000E-12 280.326   0.000
 0.40000E-12 286.228   0.000
 0.40000E-12 292.129   0.000
 0.40000E-12 298.031   0.000
 0.40000E-12 303.933   0.000
 0.40000E-12 309.834   0.000
 0.40000E-12 315.736   0.000
 0.40000E-12 321.637   0.000
 0.40000E-12 327.539   0.000
 0.40000E-12 333.441   0.000
 0.40000E-12 339.342   0.000
 0.40000E-12 345.244   0.000
 0.40000E-12 351.145   0.000
 0.40000E-12 357.047   0.000
 0.50000E-12   2.951   0.000
 0.50000E-12   8.853   0.000
 0.50000E-12  14.754   0.000
 0.50000E-12  20.656   0.000
 0.50000E-12  26.557   0.000
 0.50000E-12  32.459   0.000
 0.50000E-12  38.361   0.000
 0.50000E-12  44.262   0.000
 0.50000E-12  50.164   0.000
 0.50000E-12  56.065   0.000
 0.50000E-12  61.967   0.000
 0.50000E-12  67.869   0.000
 0.50000E-12  73.770   0.000
 0.50000E-12  79.672   0.000
 0.50000E-12  85.573   0.000
 0.50000E-12  91.475   0.000
 0.50000E-12  97.377   0.000
 0.50000E-12 103.278   0.000
 0.50000E-12 109.180   0.000
 0.50000E-12 115.081   0.000
 0.50000E-12 120.983   0.000
 0.50000E-12 126.885   0.000
 0.50000E-12 132.786   0.000
 0.50000E-12 138.688   0.000
 0.50000E-12 144.589   0.000
 0.50000E-12 150.491   0.000
 0.50000E-12 156.393   0.000
 0.50000E-12 162.294   0.000
 0.50000E-12 168.196   0.000
 0.50000E-12 174.097   0.000
 0.50000E-12 179.999   0.000
 0.50000E-12 185.901   0.000
 0.50000E-12 191.802   0.000
 0.50000E-12 197.704   0.000
 0.50000E-12 203.605   0.000
 0.50000E-12 209.507   0.000
 0.50000E-12 215.409   0.000
 0.50000E-12 221.310   0.000
 0.50000E-12 227.212   0.000
 0.50000E-12 233.113   0.000
 0.50000E-12 239.015   0.000
 0.50000E-12 244.917   0.000
 0.50000E-12 250.818   0.000
 0.50000E-12 256.720   0.000
 0.50000E-12 262.621   0.000
 0.50000E-12 268.523   0.000
 0.50000E-12 274.425   0.000
 0.50000E-12 280.326   0.000
 0.50000E-12 286.228   0.000
 0.50000E-12 292.129   0.000
 0.50000E-12 298.031   0.000
 0.50000E-12 303.933   0.000
 0.50000E-12 309.834   0.000
 0.50000E-12 315.736   0.000
 0.50000E-12 321.637   0.000
 0.50000E-12 327.539   0.000
 0.50000E-12 333.441   0.000
 0.50000E-12 339.342   0.000
 0.50000E-12 345.244   0.000
 0.50000E-12 351.145   0.000
 0.50000E-12 357.047   0.000
 0.60000E-12   2.951   0.000
 0.60000E-12   8.853   0.000
 0.60000E-12  14.754   0.000
 0.60000E-12  20.656   0.000
 0.60000E-12  26.557   0.000
 0.60000E-12  32.459   0.000
 0.60000E-12  38.361   0.000
 0.60000E-12  44.262   0.000
 0.60000E-12  50.164   0.000
 0.60000E-12  56.065   0.000
 0.60000E-12  61.967   0.000
 0.60000E-12  67.869   0.000
 0.60000E-12  73.770   0.000
 0.60000E-12  79.672   0.000
 0.60000E-12  85.573   0.000
 0.60000E-12  91.475   0.000
 0.60000E-12  97.377   0.000
 0.60000E-12 103.278   0.000
 0.60000E-12 109.180   0.000
 0.60000E-12 115.081   0.000
 0.60000E-12 120.983   0.000
 0.60000E-12 126.885   0.000
 0.60000E-12 132.786   0.000
 0.60000E-12 138.688   0.000
 0.60000E-12 144.589   0.000
 0.60000E-12 150.491   0.000
 0.60000E-12 156.393   0.000
 0.60000E-12 162.294   0.000
 0.60000E-12 168.196   0.000
 0.60000E-12 174.097   0.000
 0.60000E-12 179.999   0.000
 0.60000E-12 185.901   0.000
 0.60000E-12 191.802   0.000
 0.60000E-12 197.704   0.000
 0.60000E-12 203.605   0.000
 0.60000E-12 209.507   0.000
 0.60000E-12 215.409   0.000
 0.60000E-12 221.310   0.000
 0.60000E-12 227.212   0.000
 0.60000E-12 233.113   0.000
 0.60000E-12 239.015   0.000
 0.60000E-12 244.917   0.000
 0.60000E-12 250.818   0.000
 0.60000E-12 256.720   0.000
 0.60000E-12 262.621   0.000
 0.60000E-12 268.523   0.000
 0.60000E-12 274.425   0.000
 0.60000E-12 280.326   0.000
 0.60000E-12 286.228   0.000
 0.60000E-12 292.129   0.000
 0.60000E-12 298.031   0.000
 0.60000E-12 303.933   0.000
 0.60000E-12 309.834   0.000
 0.60000E-12 315.736   0.000
 0.60000E-12 321.637   0.000
 0.60000E-12 327.539   0.000
 0.60000E-12 333.441   0.000
 0.60000E-12 339.342   0.000
 0.60000E-12 345.244   0.000
 0.60000E-12 351.145   0.000
 0.60000E-12 357.047   0.000
 0.70000E-12   2.951   0.000
 0.70000E-12   8.853   0.000
 0.70000E-12  14.754   0.000
 0.70000E-12  20.656   0.000
 0.70000E-12  26.557   0.000
 0.70000E-12  32.459   0.000
 0.70000E-12  38.361   0.000
 0.70000E-12  44.262   0.000
 0.70000E-12  50.164   0.000
 0.70000E-12  56.065   0.000
 0.70000E-12  61.967   0.000
 0.70000E-12  67.869   0.000
 0.70000E-12  73.770   0.000
 0.70000E-12  79.672   0.000
 0.70000E-12  85.573   0.000
 0.70000E-12  91.475   0.000
 0.70000E-12  97.377   0.000
 0.70000E-12 103.278   0.000
 0.70000E-12 109.180   0.000
 0.70000E-12 115.081   0.000
 0.70000E-12 120.983   0.000
 0.70000E-12 126.885   0.000
 0.70000E-12 132.786   0.000
 0.70000E-12 138.688   0.000
 0.70000E-12 144.589   0.000
 0.70000E-12 150.491   0.000
 0.70000E-12 156.393   0.000
 0.70000E-12 162.294   0.000
 0.70000E-12 168.196   0.000
 0.70000E-12 174.097   0.000
 0.70000E-12 179.999   0.000
 0.70000E-12 185.901   0.000
 0.70000E-12 191.802   0.000
 0.70000E-12 197.704   0.000
 0.70000E-12 203.605   0.000
 0.70000E-12 209.507   0.000
 0.70000E-12 215.409   0.000
 0.70000E-12 221.310   0.000
 0.70000E-12 227.212   0.000
 0.70000E-12 233.113   0.000
 0.70000E-12 239.015   0.000
 0.70000E-12 244.917   0.000
 0.70000E-12 250.818   0.000
 0.70000E-12 256.720   0.000
 0.70000E-12 262.621   0.000
 0.70000E-12 268.523   0.000
 0.70000E-12 274.425   0.000
 0.70000E-12 280.326   0.000
 0.70000E-12 286.228   0.000
 0.70000E-12 292.129   0.000
 0.70000E-12 298.031   0.000
 0.70000E-12 303.933   0.000
 0.70000E-12 309.834   0.000
 0.70000E-12 315.736   0.000
 0.70000E-12 321.637   0.000
 0.70000E-12 327.539   0.000
 0.70000E-12 333.441   0.000
 0.70000E-12 339.342   0.000
 0.70000E-12 345.244   0.000
 0.70000E-12 351.145   0.000
 0.70000E-12 357.047   0.000
 0.80000E-12   2.951   0.000
 0.80000E-12   8.853   0.000
 0.80000E-12  14.754   0.000
 0.80000E-12  20.656   0.000
 0.80000E-12  26.557   0.000
 0.80000E-12  32.459   0.000
 0.80000E-12  38.361   0.000
 0.80000E-12  44.262   0.000
 0.80000E-12  50.164   0.000
 0.80000E-12  56.065   0.000
 0.80000E-12  61.967   0.000
 0.80000E-12  67.869   0.000
 0.80000E-12  73.770   0.000
 0.80000E-12  79.672   0.000
 0.80000E-12  85.573   0.000
 0.80000E-12  91.475   0.000
 0.80000E-12  97.377   0.000
 0.80000E-12 103.278   0.000
 0.80000E-12 109.180   0.000
 0.80000E-12 115.081   0.000
 0.80000E-12 120.983   0.000
 0.80000E-12 126.885   0.000
 0.80000E-12 132.786   0.000
 0.80000E-12 138.688   0.000
 0.80000E-12 144.589   0.000
 0.80000E-12 150.491   0.000
 0.80000E-12 156.393   0.000
 0.80000E-12 162.294   0.000
 0.80000E-12 168.196   0.000
 0.80000E-12 174.097   0.000
 0.80000E-12 179.999   0.000
 0.80000E-12 185.901   0.000
 0.80000E-12 191.802   0.000
 0.80000E-12 197.704   0.000
 0.80000E-12 203.605   0.000
 0.80000E-12 209.507   0.000
 0.80000E-12 215.409   0.000
 0.80000E-12 221.310   0.000
 0.80000E-12 227.212   0.000
 0.80000E-12 233.113   0.000
 0.80000E-12 239.015   0.000
 0.80000E-12 244.917   0.000
 0.80000E-12 250.818   0.000
 0.80000E-12 256.720   0.000
 0.80000E-12 262.621   0.000
 0.80000E-12 268.523   0.000
 0.80000E-12 274.425   0.000
 0.80000E-12 280.326   0.000
 0.80000E-12 286.228   0.000
 0.80000E-12 292.129   0.000
 0.80000E-12 298.031   0.000
 0.80000E-12 303.933   0.000
 0.80000E-12 309.834   0.000
 0.80000E-12 315.736   0.000
 0.80000E-12 321.637   0.000
 0.80000E-12 327.539   0.000
 0.80000E-12 333.441   0.000
 0.80000E-12 339.342   0.000
 0.80000E-12 345.244   0.000
 0.80000E-12 351.145   0.000
 0.80000E-12 357.047   0.000
 0.90000E-12   2.951   0.000
 0.90000E-12   8.853   0.000
 0.90000E-12  14.754   0.000
 0.90000E-12  20.656   0.000
 0.90000E-12  26.557   0.000
 0.90000E-12  32.459   0.000
 0.90000E-12  38.361   0.000
 0.90000E-12  44.262   0.000
 0.90000E-12  50.164   0.000
 0.90000E-12  56.065   0.000
 0.90000E-12  61.967   0.000
 0.90000E-12  67.869   0.000
 0.90000E-12  73.770   0.000
 0.90000E-12  79.672   0.000
 0.90000E-12  85.573   0.000
 0.90000E-12  91.475   0.000
 0.90000E-12  97.377   0.000
 0.90000E-12 103.278   0.000
 0.90000E-12 109.180   0.000
 0.90000E-12 115.081   0.000
 0.90000E-12 120.983   0.000
 0.90000E-12 126.885   0.000
 0.90000E-12 132.786   0.000
 0.90000E-12 138.688   0.000
 0.90000E-12 144.589   0.000
 0.90000E-12 150.491   0.000
 0.90000E-12 156.393   0.000
 0.90000E-12 162.294   0.000
 0.90000E-12 168.196   0.000
 0.90000E-12 174.097   0.000
 0.90000E-12 179.999   0.000
 0.90000E-12 185.901   0.000
 0.90000E-12 191.802   0.000
 0.90000E-12 197.704   0.000
 0.90000E-12 203.605   0.000
 0.90000E-12 209.507   0.000
 0.90000E-12 215.409   0.000
 0.90000E-12 221.310   0.000
 0.90000E-12 227.212   0.000
 0.90000E-12 233.113   0.000
 0.90000E-12 239.015   0.000
 0.90000E-12 244.917   0.000
 0.90000E-12 250.818   0.000
 0.90000E-12 256.720   0.000
 0.90000E-12 262.621   0.000
 0.90000E-12 268.523   0.000
 0.90000E-12 274.425   0.000
 0.90000E-12 280.326   0.000
 0.90000E-12 286.228   0.000
 0.90000E-12 292.129   0.000
 0.90000E-12 298.031   0.000
 0.90000E-12 303.933   0.000
 0.90000E-12 309.834   0.000
 0.90000E-12 315.736   0.000
 0.90000E-12 321.637   0.000
 0.90000E-12 327.539   0.000
 0.90000E-12 333.441   0.000
 0.90000E-12 339.342   0.000
 0.90000E-12 345.244   0.000
 0.90000E-12 351.145   0.000
 0.90000E-12 357.047   0.000
 0.10000E-11   2.951   0.000
 0.10000E-11   8.853   0.000
 0.10000E-11  14.754   0.000
 0.10000E-11  20.656   0.000
 0.10000E-11  26.557   0.000
 0.10000E-11  32.459   0.000
 0.10000E-11  38.361   0.000
 0.10000E-11  44.262   0.000
 0.10000E-11  50.164   0.000
 0.10000E-11  56.065   0.000
 0.10000E-11  61.967   0.000
 0.10000E-11  67.869   0.000
 0.10000E-11  73.770   0.000
 0.10000E-11  79.672   0.000
 0.10000E-11  85.573   0.000
 0.10000E-11  91.475   0.000
 0.10000E-11  97.377   0.000
 0.10000E-11 103.278   0.000
 0.10000E-11 109.180   0.000
 0.10000E-11 115.081   0.000
 0.10000E-11 120.983   0.000
 0.10000E-11 126.885   0.000
 0.10000E-11 132.786   0.000
 0.10000E-11 138.688   0.000
 0.10000E-11 144.589   0.000
 0.10000E-11 150.491   0.000
 0.10000E-11 156.393   0.000
 0.10000E-11 162.294   0.000
 0.10000E-11 168.196   0.000
 0.10000E-11 174.097   0.000
 0.10000E-11 179.999   0.000
 0.10000E-11 185.901   0.000
 0.10000E-11 191.802   0.000
 0.10000E-11 197.704   0.000
 0.10000E-11 203.605   0.000
 0.10000E-11 209.507   0.000
 0.10000E-11 215.409   0.000
 0.10000E-11 221.310   0.000
 0.10000E-11 227.212   0.000
 0.10000E-11 233.113   0.000
 0.10000E-11 239.015   0.000
 0.10000E-11 244.917   0.000
 0.10000E-11 250.818   0.000
 0.10000E-11 256.720   0.000
 0.10000E-11 262.621   0.000
 0.10000E-11 268.523   0.000
 0.10000E-11 274.425   0.000
 0.10000E-11 280.326   0.000
 0.10000E-11 286.228   0.000
 0.10000E-11 292.129   0.000
 0.10000E-11 298.031   0.000
 0.10000E-11 303.933   0.000
 0.10000E-11 309.834   0.000
 0.10000E-11 315.736   0.000
 0.10000E-11 321.637   0.000
 0.10000E-11 327.539   0.000
 0.10000E-11 333.441   0.000
 0.10000E-11 339.342   0.000
 0.10000E-11 345.244   0.000
 0.10000E-11 351.145   0.000
 0.10000E-11 357.047   0.000
 0.11000E-11   2.951   0.000
 0.11000E-11   8.853   0.000
 0.11000E-11  14.754   0.000
 0.11000E-11  20.656   0.000
 0.11000E-11  26.557   0.000
 0.11000E-11  32.459   0.000
 0.11000E-11  38.361   0.000
 0.11000E-11  44.262   0.000
 0.11000E-11  50.164   0.000
 0.11000E-11  56.065   0.000
 0.11000E-11  61.967   0.000
 0.11000E-11  67.869   0.000
 0.11000E-11  73.770   0.000
 0.11000E-11  79.672   0.000
 0.11000E-11  85.573   0.000
 0.11000E-11  91.475   0.000
 0.11000E-11  97.377   0.000
 0.11000E-11 103.278   0.000
 0.11000E-11 109.180   0.000
 0.11000E-11 115.081   0.000
 0.11000E-11 120.983   0.000
 0.11000E-11 126.885   0.000
 0.11000E-11 132.786   0.000
 0.11000E-11 138.688   0.000
 0.11000E-11 144.589   0.000
 0.11000E-11 150.491   0.000
 0.11000E-11 156.393   0.000
 0.11000E-11 162.294   0.000
 0.11000E-11 168.196   0.000
 0.11000E-11 174.097   0.000
 0.11000E-11 179.999   0.000
 0.11000E-11 185.901   0.000
 0.11000E-11 191.802   0.000
 0.11000E-11 197.704   0.000
 0.11000E-11 203.605   0.000
 0.11000E-11 209.507   0.000
 0.11000E-11 215.409   0.000
 0.11000E-11 221.310   0.000
 0.11000E-11 227.212   0.000
 0.11000E-11 233.113   0.000
 0.11000E-11 239.015   0.000
 0.11000E-11 244.917   0.000
 0.11000E-11 250.818   0.000
 0.11000E-11 256.720   0.000
 0.11000E-11 262.621   0.000
 0.11000E-11 268.523   0.000
 0.11000E-11 274.425   0.000
 0.11000E-11 280.326   0.000
 0.11000E-11 286.228   0.000
 0.11000E-11 292.129   0.000
 0.11000E-11 298.031   0.000
 0.11000E-11 303.933   0.000
 0.11000E-11 309.834   0.000
 0.11000E-11 315.736   0.000
 0.11000E-11 321.637   0.000
 0.11000E-11 327.539   0.000
 0.11000E-11 333.441   0.000
 0.11000E-11 339.342   0.000
 0.11000E-11 345.244   0.000
 0.11000E-11 351.145   0.000
 0.11000E-11 357.047   0.000
 0.12000E-11   2.951   0.000
 0.12000E-11   8.853   0.000
 0.12000E-11  14.754   0.000
 0.12000E-11  20.656   0.000
 0.12000E-11  26.557   0.000
 0.12000E-11  32.459   0.000
 0.12000E-11  38.361   0.000
 0.12000E-11  44.262   0.000
 0.12000E-11  50.164   0.000
 0.12000E-11  56.065   0.000
 0.12000E-11  61.967   0.000
 0.12000E-11  67.869   0.000
 0.12000E-11  73.770   0.000
 0.12000E-11  79.672   0.000
 0.12000E-11  85.573   0.000
 0.12000E-11  91.475   0.000
 0.12000E-11  97.377   0.000
 0.12000E-11 103.278   0.000
 0.12000E-11 109.180   0.000
 0.12000E-11 115.081   0.000
 0.12000E-11 120.983   0.000
 0.12000E-11 126.885   0.000
 0.12000E-11 132.786   0.000
 0.12000E-11 138.688   0.000
 0.12000E-11 144.589   0.000
 0.12000E-11 150.491   0.000
 0.12000E-11 156.393   0.000
 0.12000E-11 162.294   0.000
 0.12000E-11 168.196   0.000
 0.12000E-11 174.097   0.000
 0.12000E-11 179.999   0.000
 0.12000E-11 185.901   0.000
 0.12000E-11 191.802   0.000
 0.12000E-11 197.704   0.000
 0.12000E-11 203.605   0.000
 0.12000E-11 209.507   0.000
 0.12000E-11 215.409   0.000
 0.12000E-11 221.310   0.000
 0.12000E-11 227.212   0.000
 0.12000E-11 233.113   0.000
 0.12000E-11 239.015   0.000
 0.12000E-11 244.917   0.000
 0.12000E-11 250.818   0.000
 0.12000E-11 256.720   0.000
 0.12000E-11 262.621   0.000
 0.12000E-11 268.523   0.000
 0.12000E-11 274.425   0.000
 0.12000E-11 280.326   0.000
 0.12000E-11 286.228   0.000
 0.12000E-11 292.129   0.000
 0.12000E-11 298.031   0.000
 0.12000E-11 303.933   0.000
 0.12000E-11 309.834   0.000
 0.12000E-11 315.736   0.000
 0.12000E-11 321.637   0.000
 0.12000E-11 327.539   0.000
 0.12000E-11 333.441   0.000
 0.12000E-11 339.342   0.000
 0.12000E-11 345.244   0.000
 0.12000E-11 351.145   0.000
 0.12000E-11 357.047   0.000
 0.13000E-11   2.951   0.000
 0.13000E-11   8.853   0.000
 0.13000E-11  14.754   0.000
 0.13000E-11  20.656   0.000
 0.13000E-11  26.557   0.000
 0.13000E-11  32.459   0.000
 0.13000E-11  38.361   0.000
 0.13000E-11  44.262   0.000
 0.13000E-11  50.164   0.000
 0.13000E-11  56.065   0.000
 0.13000E-11  61.967   0.000
 0.13000E-11  67.869   0.000
 0.13000E-11  73.770   0.000
 0.13000E-11  79.672   0.000
 0.13000E-11  85.573   0.000
 0.13000E-11  91.475   0.000
 0.13000E-11  97.377   0.000
 0.13000E-11 103.278   0.000
 0.13000E-11 109.180   0.000
 0.13000E-11 115.081   0.000
 0.13000E-11 120.983   0.000
 0.13000E-11 126.885   0.000
 0.13000E-11 132.786   0.000
 0.13000E-11 138.688   0.000
 0.13000E-11 144.589   0.000
 0.13000E-11 150.491   0.000
 0.13000E-11 156.393   0.000
 0.13000E-11 162.294   0.000
 0.13000E-11 168.196   0.000
 0.13000E-11 174.097   0.000
 0.13000E-11 179.999   0.000
 0.13000E-11 185.901   0.000
 0.13000E-11 191.802   0.000
 0.13000E-11 197.704   0.000
 0.13000E-11 203.605   0.000
 0.13000E-11 209.507   0.000
 0.13000E-11 215.409   0.000
 0.13000E-11 221.310   0.000
 0.13000E-11 227.212   0.000
 0.13000E-11 233.113   0.000
 0.13000E-11 239.015   0.000
 0.13000E-11 244.917   0.000
 0.13000E-11 250.818   0.000
 0.13000E-11 256.720   0.000
 0.13000E-11 262.621   0.000
 0.13000E-11 268.523   0.000
 0.13000E-11 274.425   0.000
 0.13000E-11 280.326   0.000
 0.13000E-11 286.228   0.000
 0.13000E-11 292.129   0.000
 0.13000E-11 298.031   0.000
 0.13000E-11 303.933   0.000
 0.13000E-11 309.834   0.000
 0.13000E-11 315.736   0.000
 0.13000E-11 321.637   0.000
 0.13000E-11 327.539   0.000
 0.13000E-11 333.441   0.000
 0.13000E-11 339.342   0.000
 0.13000E-11 345.244   0.000
 0.13000E-11 351.145   0.000
 0.13000E-11 357.047   0.000
 0.14000E-11   2.951   0.000
 0.14000E-11   8.853   0.000
 0.14000E-11  14.754   0.000
 0.14000E-11  20.656   0.000
 0.14000E-11  26.557   0.000
 0.14000E-11  32.459   0.000
 0.14000E-11  38.361   0.000
 0.14000E-11  44.262   0.000
 0.14000E-11  50.164   0.000
 0.14000E-11  56.065   0.000
 0.14000E-11  61.967   0.000
 0.14000E-11  67.869   0.000
 0.14000E-11  73.770   0.000
 0.14000E-11  79.672   0.000
 0.14000E-11  85.573   0.000
 0.14000E-11  91.475   0.000
 0.14000E-11  97.377   0.000
 0.14000E-11 103.278   0.000
 0.14000E-11 109.180   0.000
 0.14000E-11 115.081   0.000
 0.14000E-11 120.983   0.000
 0.14000E-11 126.885   0.000
 0.14000E-11 132.786   0.000
 0.14000E-11 138.688   0.000
 0.14000E-11 144.589   0.000
 0.14000E-11 150.491   0.000
 0.14000E-11 156.393   0.000
 0.14000E-11 162.294   0.000
 0.14000E-11 168.196   0.000
 0.14000E-11 174.097   0.000
 0.14000E-11 179.999   0.000
 0.14000E-11 185.901   0.000
 0.14000E-11 191.802   0.000
 0.14000E-11 197.704   0.000
 0.14000E-11 203.605   0.000
 0.14000E-11 209.507   0.000
 0.14000E-11 215.409   0.000
 0.14000E-11 221.310   0.000
 0.14000E-11 227.212   0.000
 0.14000E-11 233.113   0.000
 0.14000E-11 239.015   0.000
 0.14000E-11 244.917   0.000
 0.14000E-11 250.818   0.000
 0.14000E-11 256.720   0.000
 0.14000E-11 262.621   0.000
 0.14000E-11 268.523   0.000
 0.14000E-11 274.425   0.000
 0.14000E-11 280.326   0.000
 0.14000E-11 286.228   0.000
 0.14000E-11 292.129   0.000
 0.14000E-11 298.031   0.000
 0.14000E-11 303.933   0.000
 0.14000E-11 309.834   0.000
 0.14000E-11 315.736   0.000
 0.14000E-11 321.637   0.000
 0.14000E-11 327.539   0.000
 0.14000E-11 333.441   0.000
 0.14000E-11 339.342   0.000
 0.14000E-11 345.244   0.000
 0.14000E-11 351.145   0.000
 0.14000E-11 357.047   0.000
 0.15000E-11   2.951   0.000
 0.15000E-11   8.853   0.000
 0.15000E-11  14.754   0.000
 0.15000E-11  20.656   0.000
 0.15000E-11  26.557   0.000
 0.15000E-11  32.459   0.000
 0.15000E-11  38.361   0.000
 0.15000E-11  44.262   0.000
 0.15000E-11  50.164   0.000
 0.15000E-11  56.065   0.000
 0.15000E-11  61.967   0.000
 0.15000E-11  67.869   0.000
 0.15000E-11  73.770   0.000
 0.15000E-11  79.672   0.000
 0.15000E-11  85.573   0.000
 0.15000E-11  91.475   0.000
 0.15000E-11  97.377   0.000
 0.15000E-11 103.278   0.000
 0.15000E-11 109.180   0.000
 0.15000E-11 115.081   0.000
 0.15000E-11 120.983   0.000
 0.15000E-11 126.885   0.000
 0.15000E-11 132.786   0.000
 0.15000E-11 138.688   0.000
 0.15000E-11 144.589   0.000
 0.15000E-11 150.491   0.000
 0.15000E-11 156.393   0.000
 0.15000E-11 162.294   0.000
 0.15000E-11 168.196   0.000
 0.15000E-11 174.097   0.000
 0.15000E-11 179.999   0.000
 0.15000E-11 185.901   0.000
 0.15000E-11 191.802   0.000
 0.15000E-11 197.704   0.000
 0.15000E-11 203.605   0.000
 0.15000E-11 209.507   0.000
 0.15000E-11 215.409   0.000
 0.15000E-11 221.310   0.000
 0.15000E-11 227.212   0.000
 0.15000E-11 233.113   0.000
 0.15000E-11 239.015   0.000
 0.15000E-11 244.917   0.000
 0.15000E-11 250.818   0.000
 0.15000E-11 256.720   0.000
 0.15000E-11 262.621   0.000
 0.15000E-11 268.523   0.000
 0.15000E-11 274.425   0.000
 0.15000E-11 280.326   0.000
 0.15000E-11 286.228   0.000
 0.15000E-11 292.129   0.000
 0.15000E-11 298.031   0.000
 0.15000E-11 303.933   0.000
 0.15000E-11 309.834   0.000
 0.15000E-11 315.736   0.000
 0.15000E-11 321.637   0.000
 0.15000E-11 327.539   0.000
 0.15000E-11 333.441   0.000
 0.15000E-11 339.342   0.000
 0.15000E-11 345.244   0.000
 0.15000E-11 351.145   0.000
 0.15000E-11 357.047   0.000
 0.16000E-11   2.951   0.000
 0.16000E-11   8.853   0.000
 0.16000E-11  14.754   0.000
 0.16000E-11  20.656   0.000
 0.16000E-11  26.557   0.000
 0.16000E-11  32.459   0.000
 0.16000E-11  38.361   0.000
 0.16000E-11  44.262   0.000
 0.16000E-11  50.164   0.000
 0.16000E-11  56.065   0.000
 0.16000E-11  61.967   0.000
 0.16000E-11  67.869   0.000
 0.16000E-11  73.770   0.000
 0.16000E-11  79.672   0.000
 0.16000E-11  85.573   0.000
 0.16000E-11  91.475   0.000
 0.16000E-11  97.377   0.000
 0.16000E-11 103.278   0.000
 0.16000E-11 109.180   0.000
 0.16000E-11 115.081   0.000
 0.16000E-11 120.983   0.000
 0.16000E-11 126.885   0.000
 0.16000E-11 132.786   0.000
 0.16000E-11 138.688   0.000
 0.16000E-11 144.589   0.000
 0.16000E-11 150.491   0.000
 0.16000E-11 156.393   0.000
 0.16000E-11 162.294   0.000
 0.16000E-11 168.196   0.000
 0.16000E-11 174.097   0.000
 0.16000E-11 179.999   0.000
 0.16000E-11 185.901   0.000
 0.16000E-11 191.802   0.000
 0.16000E-11 197.704   0.000
 0.16000E-11 203.605   0.000
 0.16000E-11 209.507   0.000
 0.16000E-11 215.409   0.000
 0.16000E-11 221.310   0.000
 0.16000E-11 227.212   0.000
 0.16000E-11 233.113   0.000
 0.16000E-11 239.015   0.000
 0.16000E-11 244.917   0.000
 0.16000E-11 250.818   0.000
 0.16000E-11 256.720   0.000
 0.16000E-11 262.621   0.000
 0.16000E-11 268.523   0.000
 0.16000E-11 274.425   0.000
 0.16000E-11 280.326   0.000
 0.16000E-11 286.228   0.000
 0.16000E-11 292.129   0.000
 0.16000E-11 298.031   0.000
 0.16000E-11 303.933   0.000
 0.16000E-11 309.834   0.000
 0.16000E-11 315.736   0.000
 0.16000E-11 321.637   0.000
 0.16000E-11 327.539   0.000
 0.16000E-11 333.441   0.000
 0.16000E-11 339.342   0.000
 0.16000E-11 345.244   0.000
 0.16000E-11 351.145   0.000
 0.16000E-11 357.047   0.000
 0.17000E-11   2.951   0.000
 0.17000E-11   8.853   0.000
 0.17000E-11  14.754   0.000
 0.17000E-11  20.656   0.000
 0.17000E-11  26.557   0.000
 0.17000E-11  32.459   0.000
 0.17000E-11  38.361   0.000
 0.17000E-11  44.262   0.000
 0.17000E-11  50.164   0.000
 0.17000E-11  56.065   0.000
 0.17000E-11  61.967   0.000
 0.17000E-11  67.869   0.000
 0.17000E-11  73.770   0.000
 0.17000E-11  79.672   0.000
 0.17000E-11  85.573   0.000
 0.17000E-11  91.475   0.000
 0.17000E-11  97.377   0.000
 0.17000E-11 103.278   0.000
 0.17000E-11 109.180   0.000
 0.17000E-11 115.081   0.000
 0.17000E-11 120.983   0.000
 0.17000E-11 126.885   0.000
 0.17000E-11 132.786   0.000
 0.17000E-11 138.688   0.000
 0.17000E-11 144.589   0.000
 0.17000E-11 150.491   0.000
 0.17000E-11 156.393   0.000
 0.17000E-11 162.294   0.000
 0.17000E-11 168.196   0.000
 0.17000E-11 174.097   0.000
 0.17000E-11 179.999   0.000
 0.17000E-11 185.901   0.000
 0.17000E-11 191.802   0.000
 0.17000E-11 197.704   0.000
 0.17000E-11 203.605   0.000
 0.17000E-11 209.507   0.000
 0.17000E-11 215.409   0.000
 0.17000E-11 221.310   0.000
 0.17000E-11 227.212   0.000
 0.17000E-11 233.113   0.000
 0.17000E-11 239.015   0.000
 0.17000E-11 244.917   0.000
 0.17000E-11 250.818   0.000
 0.17000E-11 256.720   0.000
 0.17000E-11 262.621   0.000
 0.17000E-11 268.523   0.000
 0.17000E-11 274.425   0.000
 0.17000E-11 280.326   0.000
 0.17000E-11 286.228   0.000
 0.17000E-11 292.129   0.000
 0.17000E-11 298.031   0.000
 0.17000E-11 303.933   0.000
 0.17000E-11 309.834   0.000
 0.17000E-11 315.736   0.000
 0.17000E-11 321.637   0.000
 0.17000E-11 327.539   0.000
 0.17000E-11 333.441   0.000
 0.17000E-11 339.342   0.000
 0.17000E-11 345.244   0.000
 0.17000E-11 351.145   0.000
 0.17000E-11 357.047   0.000
 0.18000E-11   2.951   0.000
 0.18000E-11   8.853   0.000
 0.18000E-11  14.754   0.000
 0.18000E-11  20.656   0.000
 0.18000E-11  26.557   0.000
 0.18000E-11  32.459   0.000
 0.18000E-11  38.361   0.000
 0.18000E-11  44.262   0.000
 0.18000E-11  50.164   0.000
 0.18000E-11  56.065   0.000
 0.18000E-11  61.967   0.000
 0.18000E-11  67.869   0.000
 0.18000E-11  73.770   0.000
 0.18000E-11  79.672   0.000
 0.18000E-11  85.573   0.000
 0.18000E-11  91.475   0.000
 0.18000E-11  97.377   0.000
 0.18000E-11 103.278   0.000
 0.18000E-11 109.180   0.000
 0.18000E-11 115.081   0.000
 0.18000E-11 120.983   0.000
 0.18000E-11 126.885   0.000
 0.18000E-11 132.786   0.000
 0.18000E-11 138.688   0.000
 0.18000E-11 144.589   0.000
 0.18000E-11 150.491   0.000
 0.18000E-11 156.393   0.000
 0.18000E-11 162.294   0.000
 0.18000E-11 168.196   0.000
 0.18000E-11 174.097   0.000
 0.18000E-11 179.999   0.000
 0.18000E-11 185.901   0.000
 0.18000E-11 191.802   0.000
 0.18000E-11 197.704   0.000
 0.18000E-11 203.605   0.000
 0.18000E-11 209.507   0.000
 0.18000E-11 215.409   0.000
 0.18000E-11 221.310   0.000
 0.18000E-11 227.212   0.000
 0.18000E-11 233.113   0.000
 0.18000E-11 239.015   0.000
 0.18000E-11 244.917   0.000
 0.18000E-11 250.818   0.000
 0.18000E-11 256.720   0.000
 0.18000E-11 262.621   0.000
 0.18000E-11 268.523   0.000
 0.18000E-11 274.425   0.000
 0.18000E-11 280.326   0.000
 0.18000E-11 286.228   0.000
 0.18000E-11 292.129   0.000
 0.18000E-11 298.031   0.000
 0.18000E-11 303.933   0.000
 0.18000E-11 309.834   0.000
 0.18000E-11 315.736   0.000
 0.18000E-11 321.637   0.000
 0.18000E-11 327.539   0.000
 0.18000E-11 333.441   0.000
 0.18000E-11 339.342   0.000
 0.18000E-11 345.244   0.000
 0.18000E-11 351.145   0.000
 0.18000E-11 357.047   0.000
 0.19000E-11   2.951   0.000
 0.19000E-11   8.853   0.000
 0.19000E-11  14.754   0.000
 0.19000E-11  20.656   0.000
 0.19000E-11  26.557   0.000
 0.19000E-11  32.459   0.000
 0.19000E-11  38.361   0.000
 0.19000E-11  44.262   0.000
 0.19000E-11  50.164   0.000
 0.19000E-11  56.065   0.000
 0.19000E-11  61.967   0.000
 0.19000E-11  67.869   0.000
 0.19000E-11  73.770   0.000
 0.19000E-11  79.672   0.000
 0.19000E-11  85.573   0.000
 0.19000E-11  91.475   0.000
 0.19000E-11  97.377   0.000
 0.19000E-11 103.278   0.000
 0.19000E-11 109.180   0.000
 0.19000E-11 115.081   0.000
 0.19000E-11 120.983   0.000
 0.19000E-11 126.885   0.000
 0.19000E-11 132.786   0.000
 0.19000E-11 138.688   0.000
 0.19000E-11 144.589   0.000
 0.19000E-11 150.491   0.000
 0.19000E-11 156.393   0.000
 0.19000E-11 162.294   0.000
 0.19000E-11 168.196   0.000
 0.19000E-11 174.097   0.000
 0.19000E-11 179.999   0.000
 0.19000E-11 185.901   0.000
 0.19000E-11 191.802   0.000
 0.19000E-11 197.704   0.000
 0.19000E-11 203.605   0.000
 0.19000E-11 209.507   0.000
 0.19000E-11 215.409   0.000
 0.19000E-11 221.310   0.000
 0.19000E-11 227.212   0.000
 0.19000E-11 233.113   0.000
 0.19000E-11 239.015   0.000
 0.19000E-11 244.917   0.000
 0.19000E-11 250.818   0.000
 0.19000E-11 256.720   0.000
 0.19000E-11 262.621   0.000
 0.19000E-11 268.523   0.000
 0.19000E-11 274.425   0.000
 0.19000E-11 280.326   0.000
 0.19000E-11 286.228   0.000
 0.19000E-11 292.129   0.000
 0.19000E-11 298.031   0.000
 0.19000E-11 303.933   0.000
 0.19000E-11 309.834   0.000
 0.19000E-11 315.736   0.000
 0.19000E-11 321.637   0.000
 0.19000E-11 327.539   0.000
 0.19000E-11 333.441   0.000
 0.19000E-11 339.342   0.000
 0.19000E-11 345.244   0.000
 0.19000E-11 351.145   0.000
 0.19000E-11 357.047   0.000
 0.20000E-11   2.951   0.000
 0.20000E-11   8.853   0.000
 0.20000E-11  14.754   0.000
 0.20000E-11  20.656   0.000
 0.20000E-11  26.557   0.000
 0.20000E-11  32.459   0.000
 0.20000E-11  38.361   0.000
 0.20000E-11  44.262   0.000
 0.20000E-11  50.164   0.000
 0.20000E-11  56.065   0.000
 0.20000E-11  61.967   0.000
 0.20000E-11  67.869   0.000
 0.20000E-11  73.770   0.000
 0.20000E-11  79.672   0.000
 0.20000E-11  85.573   0.000
 0.20000E-11  91.475   0.000
 0.20000E-11  97.377   0.000
 0.20000E-11 103.278   0.000
 0.20000E-11 109.180   0.000
 0.20000E-11 115.081   0.000
 0.20000E-11 120.983   0.000
 0.20000E-11 126.885   0.000
 0.20000E-11 132.786   0.000
 0.20000E-11 138.688   0.000
 0.20000E-11 144.589   0.000
 0.20000E-11 150.491   0.000
 0.20000E-11 156.393   0.000
 0.20000E-11 162.294   0.000
 0.20000E-11 168.196   0.000
 0.20000E-11 174.097   0.000
 0.20000E-11 179.999   0.000
 0.20000E-11 185.901   0.000
 0.20000E-11 191.802   0.000
 0.20000E-11 197.704   0.000
 0.20000E-11 203.605   0.000
 0.20000E-11 209.507   0.000
 0.20000E-11 215.409   0.000
 0.20000E-11 221.310   0.000
 0.20000E-11 227.212   0.000
 0.20000E-11 233.113   0.000
 0.20000E-11 239.015   0.000
 0.20000E-11 244.917   0.000
 0.20000E-11 250.818   0.000
 0.20000E-11 256.720   0.000
 0.20000E-11 262.621   0.000
 0.20000E-11 268.523   0.000
 0.20000E-11 274.425   0.000
 0.20000E-11 280.326   0.000
 0.20000E-11 286.228   0.000
 0.20000E-11 292.129   0.000
 0.20000E-11 298.031   0.000
 0.20000E-11 303.933   0.000
 0.20000E-11 309.834   0.000
 0.20000E-11 315.736   0.000
 0.20000E-11 321.637   0.000
 0.20000E-11 327.539   0.000
 0.20000E-11 333.441   0.000
 0.20000E-11 339.342   0.000
 0.20000E-11 345.244   0.000
 0.20000E-11 351.145   0.000
 0.20000E-11 357.047   0.000
 0.21000E-11   2.951   0.000
 0.21000E-11   8.853   0.000
 0.21000E-11  14.754   0.000
 0.21000E-11  20.656   0.000
 0.21000E-11  26.557   0.000
 0.21000E-11  32.459   0.000
 0.21000E-11  38.361   0.000
 0.21000E-11  44.262   0.000
 0.21000E-11  50.164   0.000
 0.21000E-11  56.065   0.000
 0.21000E-11  61.967   0.000
 0.21000E-11  67.869   0.000
 0.21000E-11  73.770   0.000
 0.21000E-11  79.672   0.000
 0.21000E-11  85.573   0.000
 0.21000E-11  91.475   0.000
 0.21000E-11  97.377   0.000
 0.21000E-11 103.278   0.000
 0.21000E-11 109.180   0.000
 0.21000E-11 115.081   0.000
 0.21000E-11 120.983   0.000
 0.21000E-11 126.885   0.000
 0.21000E-11 132.786   0.000
 0.21000E-11 138.688   0.000
 0.21000E-11 144.589   0.000
 0.21000E-11 150.491   0.000
 0.21000E-11 156.393   0.000
 0.21000E-11 162.294   0.000
 0.21000E-11 168.196   0.000
 0.21000E-11 174.097   0.000
 0.21000E-11 179.999   0.000
 0.21000E-11 185.901   0.000
 0.21000E-11 191.802   0.000
 0.21000E-11 197.704   0.000
 0.21000E-11 203.605   0.000
 0.21000E-11 209.507   0.000
 0.21000E-11 215.409   0.000
 0.21000E-11 221.310   0.000
 0.21000E-11 227.212   0.000
 0.21000E-11 233.113   0.000
 0.21000E-11 239.015   0.000
 0.21000E-11 244.917   0.000
 0.21000E-11 250.818   0.000
 0.21000E-11 256.720   0.000
 0.21000E-11 262.621   0.000
 0.21000E-11 268.523   0.000
 0.21000E-11 274.425   0.000
 0.21000E-11 280.326   0.000
 0.21000E-11 286.228   0.000
 0.21000E-11 292.129   0.000
 0.21000E-11 298.031   0.000
 0.21000E-11 303.933   0.000
 0.21000E-11 309.834   0.000
 0.21000E-11 315.736   0.000
 0.21000E-11 321.637   0.000
 0.21000E-11 327.539   0.000
 0.21000E-11 333.441   0.000
 0.21000E-11 339.342   0.000
 0.21000E-11 345.244   0.000
 0.21000E-11 351.145   0.000
 0.21000E-11 357.047   0.000
 0.22000E-11   2.951   0.000
 0.22000E-11   8.853   0.000
 0.22000E-11  14.754   0.000
 0.22000E-11  20.656   0.000
 0.22000E-11  26.557   0.000
 0.22000E-11  32.459   0.000
 0.22000E-11  38.361   0.000
 0.22000E-11  44.262   0.000
 0.22000E-11  50.164   0.000
 0.22000E-11  56.065   0.000
 0.22000E-11  61.967   0.000
 0.22000E-11  67.869   0.000
 0.22000E-11  73.770   0.000
 0.22000E-11  79.672   0.000
 0.22000E-11  85.573   0.000
 0.22000E-11  91.475   0.000
 0.22000E-11  97.377   0.000
 0.22000E-11 103.278   0.000
 0.22000E-11 109.180   0.000
 0.22000E-11 115.081   0.000
 0.22000E-11 120.983   0.000
 0.22000E-11 126.885   0.000
 0.22000E-11 132.786   0.000
 0.22000E-11 138.688   0.000
 0.22000E-11 144.589   0.000
 0.22000E-11 150.491   0.000
 0.22000E-11 156.393   0.000
 0.22000E-11 162.294   0.000
 0.22000E-11 168.196   0.000
 0.22000E-11 174.097   0.000
 0.22000E-11 179.999   0.000
 0.22000E-11 185.901   0.000
 0.22000E-11 191.802   0.000
 0.22000E-11 197.704   0.000
 0.22000E-11 203.605   0.000
 0.22000E-11 209.507   0.000
 0.22000E-11 215.409   0.000
 0.22000E-11 221.310   0.000
 0.22000E-11 227.212   0.000
 0.22000E-11 233.113   0.000
 0.22000E-11 239.015   0.000
 0.22000E-11 244.917   0.000
 0.22000E-11 250.818   0.000
 0.22000E-11 256.720   0.000
 0.22000E-11 262.621   0.000
 0.22000E-11 268.523   0.000
 0.22000E-11 274.425   0.000
 0.22000E-11 280.326   0.000
 0.22000E-11 286.228   0.000
 0.22000E-11 292.129   0.000
 0.22000E-11 298.031   0.000
 0.22000E-11 303.933   0.000
 0.22000E-11 309.834   0.000
 0.22000E-11 315.736   0.000
 0.22000E-11 321.637   0.000
 0.22000E-11 327.539   0.000
 0.22000E-11 333.441   0.000
 0.22000E-11 339.342   0.000
 0.22000E-11 345.244   0.000
 0.22000E-11 351.145   0.000
 0.22000E-11 357.047   0.000
 0.23000E-11   2.951   0.000
 0.23000E-11   8.853   0.000
 0.23000E-11  14.754   0.000
 0.23000E-11  20.656   0.000
 0.23000E-11  26.557   0.000
 0.23000E-11  32.459   0.000
 0.23000E-11  38.361   0.000
 0.23000E-11  44.262   0.000
 0.23000E-11  50.164   0.000
 0.23000E-11  56.065   0.000
 0.23000E-11  61.967   0.000
 0.23000E-11  67.869   0.000
 0.23000E-11  73.770   0.000
 0.23000E-11  79.672   0.000
 0.23000E-11  85.573   0.000
 0.23000E-11  91.475   0.000
 0.23000E-11  97.377   0.000
 0.23000E-11 103.278   0.000
 0.23000E-11 109.180   0.000
 0.23000E-11 115.081   0.000
 0.23000E-11 120.983   0.000
 0.23000E-11 126.885   0.000
 0.23000E-11 132.786   0.000
 0.23000E-11 138.688   0.000
 0.23000E-11 144.589   0.000
 0.23000E-11 150.491   0.000
 0.23000E-11 156.393   0.000
 0.23000E-11 162.294   0.000
 0.23000E-11 168.196   0.000
 0.23000E-11 174.097   0.000
 0.23000E-11 179.999   0.000
 0.23000E-11 185.901   0.000
 0.23000E-11 191.802   0.000
 0.23000E-11 197.704   0.000
 0.23000E-11 203.605   0.000
 0.23000E-11 209.507   0.000
 0.23000E-11 215.409   0.000
 0.23000E-11 221.310   0.000
 0.23000E-11 227.212   0.000
 0.23000E-11 233.113   0.000
 0.23000E-11 239.015   0.000
 0.23000E-11 244.917   0.000
 0.23000E-11 250.818   0.000
 0.23000E-11 256.720   0.000
 0.23000E-11 262.621   0.000
 0.23000E-11 268.523   0.000
 0.23000E-11 274.425   0.000
 0.23000E-11 280.326   0.000
 0.23000E-11 286.228   0.000
 0.23000E-11 292.129   0.000
 0.23000E-11 298.031   0.000
 0.23000E-11 303.933   0.000
 0.23000E-11 309.834   0.000
 0.23000E-11 315.736   0.000
 0.23000E-11 321.637   0.000
 0.23000E-11 327.539   0.000
 0.23000E-11 333.441   0.000
 0.23000E-11 339.342   0.000
 0.23000E-11 345.244   0.000
 0.23000E-11 351.145   0.000
 0.23000E-11 357.047   0.000
 0.24000E-11   2.951   0.000
 0.24000E-11   8.853   0.000
 0.24000E-11  14.754   0.000
 0.24000E-11  20.656   0.000
 0.24000E-11  26.557   0.000
 0.24000E-11  32.459   0.000
 0.24000E-11  38.361   0.000
 0.24000E-11  44.262   0.000
 0.24000E-11  50.164   0.000
 0.24000E-11  56.065   0.000
 0.24000E-11  61.967   0.000
 0.24000E-11  67.869   0.000
 0.24000E-11  73.770   0.000
 0.24000E-11  79.672   0.000
 0.24000E-11  85.573   0.000
 0.24000E-11  91.475   0.000
 0.24000E-11  97.377   0.000
 0.24000E-11 103.278   0.000
 0.24000E-11 109.180   0.000
 0.24000E-11 115.081   0.000
 0.24000E-11 120.983   0.000
 0.24000E-11 126.885   0.000
 0.24000E-11 132.786   0.000
 0.24000E-11 138.688   0.000
 0.24000E-11 144.589   0.000
 0.24000E-11 150.491   0.000
 0.24000E-11 156.393   0.000
 0.24000E-11 162.294   0.000
 0.24000E-11 168.196   0.000
 0.24000E-11 174.097   0.000
 0.24000E-11 179.999   0.000
 0.24000E-11 185.901   0.000
 0.24000E-11 191.802   0.000
 0.24000E-11 197.704   0.000
 0.24000E-11 203.605   0.000
 0.24000E-11 209.507   0.000
 0.24000E-11 215.409   0.000
 0.24000E-11 221.310   0.000
 0.24000E-11 227.212   0.000
 0.24000E-11 233.113   0.000
 0.24000E-11 239.015   0.000
 0.24000E-11 244.917   0.000
 0.24000E-11 250.818   0.000
 0.24000E-11 256.720   0.000
 0.24000E-11 262.621   0.000
 0.24000E-11 268.523   0.000
 0.24000E-11 274.425   0.000
 0.24000E-11 280.326   0.000
 0.24000E-11 286.228   0.000
 0.24000E-11 292.129   0.000
 0.24000E-11 298.031   0.000
 0.24000E-11 303.933   0.000
 0.24000E-11 309.834   0.000
 0.24000E-11 315.736   0.000
 0.24000E-11 321.637   0.000
 0.24000E-11 327.539   0.000
 0.24000E-11 333.441   0.000
 0.24000E-11 339.342   0.000
 0.24000E-11 345.244   0.000
 0.24000E-11 351.145   0.000
 0.24000E-11 357.047   0.000
 0.25000E-11   2.951   0.000
 0.25000E-11   8.853   0.000
 0.25000E-11  14.754   0.000
 0.25000E-11  20.656   0.000
 0.25000E-11  26.557   0.000
 0.25000E-11  32.459   0.000
 0.25000E-11  38.361   0.000
 0.25000E-11  44.262   0.000
 0.25000E-11  50.164   0.000
 0.25000E-11  56.065   0.000
 0.25000E-11  61.967   0.000
 0.25000E-11  67.869   0.000
 0.25000E-11  73.770   0.000
 0.25000E-11  79.672   0.000
 0.25000E-11  85.573   0.000
 0.25000E-11  91.475   0.000
 0.25000E-11  97.377   0.000
 0.25000E-11 103.278   0.000
 0.25000E-11 109.180   0.000
 0.25000E-11 115.081   0.000
 0.25000E-11 120.983   0.000
 0.25000E-11 126.885   0.000
 0.25000E-11 132.786   0.000
 0.25000E-11 138.688   0.000
 0.25000E-11 144.589   0.000
 0.25000E-11 150.491   0.000
 0.25000E-11 156.393   0.000
 0.25000E-11 162.294   0.000
 0.25000E-11 168.196   0.000
 0.25000E-11 174.097   0.000
 0.25000E-11 179.999   0.000
 0.25000E-11 185.901   0.000
 0.25000E-11 191.802   0.000
 0.25000E-11 197.704   0.000
 0.25000E-11 203.605   0.000
 0.25000E-11 209.507   0.000
 0.25000E-11 215.409   0.000
 0.25000E-11 221.310   0.000
 0.25000E-11 227.212   0.000
 0.25000E-11 233.113   0.000
 0.25000E-11 239.015   0.000
 0.25000E-11 244.917   0.000
 0.25000E-11 250.818   0.000
 0.25000E-11 256.720   0.000
 0.25000E-11 262.621   0.000
 0.25000E-11 268.523   0.000
 0.25000E-11 274.425   0.000
 0.25000E-11 280.326   0.000
 0.25000E-11 286.228   0.000
 0.25000E-11 292.129   0.000
 0.25000E-11 298.031   0.000
 0.25000E-11 303.933   0.000
 0.25000E-11 309.834   0.000
 0.25000E-11 315.736   0.000
 0.25000E-11 321.637   0.000
 0.25000E-11 327.539   0.000
 0.25000E-11 333.441   0.000
 0.25000E-11 339.342   0.000
 0.25000E-11 345.244   0.000
 0.25000E-11 351.145   0.000
 0.25000E-11 357.047   0.000
 0.26000E-11   2.951   0.000
 0.26000E-11   8.853   0.000
 0.26000E-11  14.754   0.000
 0.26000E-11  20.656   0.000
 0.26000E-11  26.557   0.000
 0.26000E-11  32.459   0.000
 0.26000E-11  38.361   0.000
 0.26000E-11  44.262   0.000
 0.26000E-11  50.164   0.000
 0.26000E-11  56.065   0.000
 0.26000E-11  61.967   0.000
 0.26000E-11  67.869   0.000
 0.26000E-11  73.770   0.000
 0.26000E-11  79.672   0.000
 0.26000E-11  85.573   0.000
 0.26000E-11  91.475   0.000
 0.26000E-11  97.377   0.000
 0.26000E-11 103.278   0.000
 0.26000E-11 109.180   0.000
 0.26000E-11 115.081   0.000
 0.26000E-11 120.983   0.000
 0.26000E-11 126.885   0.000
 0.26000E-11 132.786   0.000
 0.26000E-11 138.688   0.000
 0.26000E-11 144.589   0.000
 0.26000E-11 150.491   0.000
 0.26000E-11 156.393   0.000
 0.26000E-11 162.294   0.000
 0.26000E-11 168.196   0.000
 0.26000E-11 174.097   0.000
 0.26000E-11 179.999   0.000
 0.26000E-11 185.901   0.000
 0.26000E-11 191.802   0.000
 0.26000E-11 197.704   0.000
 0.26000E-11 203.605   0.000
 0.26000E-11 209.507   0.000
 0.26000E-11 215.409   0.000
 0.26000E-11 221.310   0.000
 0.26000E-11 227.212   0.000
 0.26000E-11 233.113   0.000
 0.26000E-11 239.015   0.000
 0.26000E-11 244.917   0.000
 0.26000E-11 250.818   0.000
 0.26000E-11 256.720   0.000
 0.26000E-11 262.621   0.000
 0.26000E-11 268.523   0.000
 0.26000E-11 274.425   0.000
 0.26000E-11 280.326   0.000
 0.26000E-11 286.228   0.000
 0.26000E-11 292.129   0.000
 0.26000E-11 298.031   0.000
 0.26000E-11 303.933   0.000
 0.26000E-11 309.834   0.000
 0.26000E-11 315.736   0.000
 0.26000E-11 321.637   0.000
 0.26000E-11 327.539   0.000
 0.26000E-11 333.441   0.000
 0.26000E-11 339.342   0.000
 0.26000E-11 345.244   0.000
 0.26000E-11 351.145   0.000
 0.26000E-11 357.047   0.000
 0.27000E-11   2.951   0.000
 0.27000E-11   8.853   0.000
 0.27000E-11  14.754   0.000
 0.27000E-11  20.656   0.000
 0.27000E-11  26.557   0.000
 0.27000E-11  32.459   0.000
 0.27000E-11  38.361   0.000
 0.27000E-11  44.262   0.000
 0.27000E-11  50.164   0.000
 0.27000E-11  56.065   0.000
 0.27000E-11  61.967   0.000
 0.27000E-11  67.869   0.000
 0.27000E-11  73.770   0.000
 0.27000E-11  79.672   0.000
 0.27000E-11  85.573   0.000
 0.27000E-11  91.475   0.000
 0.27000E-11  97.377   0.000
 0.27000E-11 103.278   0.000
 0.27000E-11 109.180   0.000
 0.27000E-11 115.081   0.000
 0.27000E-11 120.983   0.000
 0.27000E-11 126.885   0.000
 0.27000E-11 132.786   0.000
 0.27000E-11 138.688   0.000
 0.27000E-11 144.589   0.000
 0.27000E-11 150.491   0.000
 0.27000E-11 156.393   0.000
 0.27000E-11 162.294   0.000
 0.27000E-11 168.196   0.000
 0.27000E-11 174.097   0.000
 0.27000E-11 179.999   0.000
 0.27000E-11 185.901   0.000
 0.27000E-11 191.802   0.000
 0.27000E-11 197.704   0.000
 0.27000E-11 203.605   0.000
 0.27000E-11 209.507   0.000
 0.27000E-11 215.409   0.000
 0.27000E-11 221.310   0.000
 0.27000E-11 227.212   0.000
 0.27000E-11 233.113   0.000
 0.27000E-11 239.015   0.000
 0.27000E-11 244.917   0.000
 0.27000E-11 250.818   0.000
 0.27000E-11 256.720   0.000
 0.27000E-11 262.621   0.000
 0.27000E-11 268.523   0.000
 0.27000E-11 274.425   0.000
 0.27000E-11 280.326   0.000
 0.27000E-11 286.228   0.000
 0.27000E-11 292.129   0.000
 0.27000E-11 298.031   0.000
 0.27000E-11 303.933   0.000
 0.27000E-11 309.834   0.000
 0.27000E-11 315.736   0.000
 0.27000E-11 321.637   0.000
 0.27000E-11 327.539   0.000
 0.27000E-11 333.441   0.000
 0.27000E-11 339.342   0.000
 0.27000E-11 345.244   0.000
 0.27000E-11 351.145   0.000
 0.27000E-11 357.047   0.000
 0.28000E-11   2.951   0.000
 0.28000E-11   8.853   0.000
 0.28000E-11  14.754   0.000
 0.28000E-11  20.656   0.000
 0.28000E-11  26.557   0.000
 0.28000E-11  32.459   0.000
 0.28000E-11  38.361   0.000
 0.28000E-11  44.262   0.000
 0.28000E-11  50.164   0.000
 0.28000E-11  56.065   0.000
 0.28000E-11  61.967   0.000
 0.28000E-11  67.869   0.000
 0.28000E-11  73.770   0.000
 0.28000E-11  79.672   0.000
 0.28000E-11  85.573   0.000
 0.28000E-11  91.475   0.000
 0.28000E-11  97.377   0.000
 0.28000E-11 103.278   0.000
 0.28000E-11 109.180   0.000
 0.28000E-11 115.081   0.000
 0.28000E-11 120.983   0.000
 0.28000E-11 126.885   0.000
 0.28000E-11 132.786   0.000
 0.28000E-11 138.688   0.000
 0.28000E-11 144.589   0.000
 0.28000E-11 150.491   0.000
 0.28000E-11 156.393   0.000
 0.28000E-11 162.294   0.000
 0.28000E-11 168.196   0.000
 0.28000E-11 174.097   0.000
 0.28000E-11 179.999   0.000
 0.28000E-11 185.901   0.000
 0.28000E-11 191.802   0.000
 0.28000E-11 197.704   0.000
 0.28000E-11 203.605   0.000
 0.28000E-11 209.507   0.000
 0.28000E-11 215.409   0.000
 0.28000E-11 221.310   0.000
 0.28000E-11 227.212   0.000
 0.28000E-11 233.113   0.000
 0.28000E-11 239.015   0.000
 0.28000E-11 244.917   0.000
 0.28000E-11 250.818   0.000
 0.28000E-11 256.720   0.000
 0.28000E-11 262.621   0.000
 0.28000E-11 268.523   0.000
 0.28000E-11 274.425   0.000
 0.28000E-11 280.326   0.000
 0.28000E-11 286.228   0.000
 0.28000E-11 292.129   0.000
 0.28000E-11 298.031   0.000
 0.28000E-11 303.933   0.000
 0.28000E-11 309.834   0.000
 0.28000E-11 315.736   0.000
 0.28000E-11 321.637   0.000
 0.28000E-11 327.539   0.000
 0.28000E-11 333.441   0.000
 0.28000E-11 339.342   0.000
 0.28000E-11 345.244   0.000
 0.28000E-11 351.145   0.000
 0.28000E-11 357.047   0.000
 0.29000E-11   2.951   0.000
 0.29000E-11   8.853   0.000
 0.29000E-11  14.754   0.000
 0.29000E-11  20.656   0.000
 0.29000E-11  26.557   0.000
 0.29000E-11  32.459   0.000
 0.29000E-11  38.361   0.000
 0.29000E-11  44.262   0.000
 0.29000E-11  50.164   0.000
 0.29000E-11  56.065   0.000
 0.29000E-11  61.967   0.000
 0.29000E-11  67.869   0.000
 0.29000E-11  73.770   0.000
 0.29000E-11  79.672   0.000
 0.29000E-11  85.573   0.000
 0.29000E-11  91.475   0.000
 0.29000E-11  97.377   0.000
 0.29000E-11 103.278   0.000
 0.29000E-11 109.180   0.000
 0.29000E-11 115.081   0.000
 0.29000E-11 120.983   0.000
 0.29000E-11 126.885   0.000
 0.29000E-11 132.786   0.000
 0.29000E-11 138.688   0.000
 0.29000E-11 144.589   0.000
 0.29000E-11 150.491   0.000
 0.29000E-11 156.393   0.000
 0.29000E-11 162.294   0.000
 0.29000E-11 168.196   0.000
 0.29000E-11 174.097   0.000
 0.29000E-11 179.999   0.000
 0.29000E-11 185.901   0.000
 0.29000E-11 191.802   0.000
 0.29000E-11 197.704   0.000
 0.29000E-11 203.605   0.000
 0.29000E-11 209.507   0.000
 0.29000E-11 215.409   0.000
 0.29000E-11 221.310   0.000
 0.29000E-11 227.212   0.000
 0.29000E-11 233.113   0.000
 0.29000E-11 239.015   0.000
 0.29000E-11 244.917   0.000
 0.29000E-11 250.818   0.000
 0.29000E-11 256.720   0.000
 0.29000E-11 262.621   0.000
 0.29000E-11 268.523   0.000
 0.29000E-11 274.425   0.000
 0.29000E-11 280.326   0.000
 0.29000E-11 286.228   0.000
 0.29000E-11 292.129   0.000
 0.29000E-11 298.031   0.000
 0.29000E-11 303.933   0.000
 0.29000E-11 309.834   0.000
 0.29000E-11 315.736   0.000
 0.29000E-11 321.637   0.000
 0.29000E-11 327.539   0.000
 0.29000E-11 333.441   0.000
 0.29000E-11 339.342   0.000
 0.29000E-11 345.244   0.000
 0.29000E-11 351.145   0.000
 0.29000E-11 357.047   0.000
 0.30000E-11   2.951   0.000
 0.30000E-11   8.853   0.000
 0.30000E-11  14.754   0.000
 0.30000E-11  20.656   0.000
 0.30000E-11  26.557   0.000
 0.30000E-11  32.459   0.000
 0.30000E-11  38.361   0.000
 0.30000E-11  44.262   0.000
 0.30000E-11  50.164   0.000
 0.30000E-11  56.065   0.000
 0.30000E-11  61.967   0.000
 0.30000E-11  67.869   0.000
 0.30000E-11  73.770   0.000
 0.30000E-11  79.672   0.000
 0.30000E-11  85.573   0.000
 0.30000E-11  91.475   0.000
 0.30000E-11  97.377   0.000
 0.30000E-11 103.278   0.000
 0.30000E-11 109.180   0.000
 0.30000E-11 115.081   0.000
 0.30000E-11 120.983   0.000
 0.30000E-11 126.885   0.000
 0.30000E-11 132.786   0.000
 0.30000E-11 138.688   0.000
 0.30000E-11 144.589   0.000
 0.30000E-11 150.491   0.000
 0.30000E-11 156.393   0.000
 0.30000E-11 162.294   0.000
 0.30000E-11 168.196   0.000
 0.30000E-11 174.097   0.000
 0.30000E-11 179.999   0.000
 0.30000E-11 185.901   0.000
 0.30000E-11 191.802   0.000
 0.30000E-11 197.704   0.000
 0.30000E-11 203.605   0.000
 0.30000E-11 209.507   0.000
 0.30000E-11 215.409   0.000
 0.30000E-11 221.310   0.000
 0.30000E-11 227.212   0.000
 0.30000E-11 233.113   0.000
 0.30000E-11 239.015   0.000
 0.30000E-11 244.917   0.000
 0.30000E-11 250.818   0.000
 0.30000E-11 256.720   0.000
 0.30000E-11 262.621   0.000
 0.30000E-11 268.523   0.000
 0.30000E-11 274.425   0.000
 0.30000E-11 280.326   0.000
 0.30000E-11 286.228   0.000
 0.30000E-11 292.129   0.000
 0.30000E-11 298.031   0.000
 0.30000E-11 303.933   0.000
 0.30000E-11 309.834   0.000
 0.30000E-11 315.736   0.000
 0.30000E-11 321.637   0.000
 0.30000E-11 327.539   0.000
 0.30000E-11 333.441   0.000
 0.30000E-11 339.342   0.000
 0.30000E-11 345.244   0.000
 0.30000E-11 351.145   0.000
 0.30000E-11 357.047   0.000
 0.31000E-11   2.951   0.000
 0.31000E-11   8.853   0.000
 0.31000E-11  14.754   0.000
 0.31000E-11  20.656   0.000
 0.31000E-11  26.557   0.000
 0.31000E-11  32.459   0.000
 0.31000E-11  38.361   0.000
 0.31000E-11  44.262   0.000
 0.31000E-11  50.164   0.000
 0.31000E-11  56.065   0.000
 0.31000E-11  61.967   0.000
 0.31000E-11  67.869   0.000
 0.31000E-11  73.770   0.000
 0.31000E-11  79.672   0.000
 0.31000E-11  85.573   0.000
 0.31000E-11  91.475   0.000
 0.31000E-11  97.377   0.000
 0.31000E-11 103.278   0.000
 0.31000E-11 109.180   0.000
 0.31000E-11 115.081   0.000
 0.31000E-11 120.983   0.000
 0.31000E-11 126.885   0.000
 0.31000E-11 132.786   0.000
 0.31000E-11 138.688   0.000
 0.31000E-11 144.589   0.000
 0.31000E-11 150.491   0.000
 0.31000E-11 156.393   0.000
 0.31000E-11 162.294   0.000
 0.31000E-11 168.196   0.000
 0.31000E-11 174.097   0.000
 0.31000E-11 179.999   0.000
 0.31000E-11 185.901   0.000
 0.31000E-11 191.802   0.000
 0.31000E-11 197.704   0.000
 0.31000E-11 203.605   0.000
 0.31000E-11 209.507   0.000
 0.31000E-11 215.409   0.000
 0.31000E-11 221.310   0.000
 0.31000E-11 227.212   0.000
 0.31000E-11 233.113   0.000
 0.31000E-11 239.015   0.000
 0.31000E-11 244.917   0.000
 0.31000E-11 250.818   0.000
 0.31000E-11 256.720   0.000
 0.31000E-11 262.621   0.000
 0.31000E-11 268.523   0.000
 0.31000E-11 274.425   0.000
 0.31000E-11 280.326   0.000
 0.31000E-11 286.228   0.000
 0.31000E-11 292.129   0.000
 0.31000E-11 298.031   0.000
 0.31000E-11 303.933   0.000
 0.31000E-11 309.834   0.000
 0.31000E-11 315.736   0.000
 0.31000E-11 321.637   0.000
 0.31000E-11 327.539   0.000
 0.31000E-11 333.441   0.000
 0.31000E-11 339.342   0.000
 0.31000E-11 345.244   0.000
 0.31000E-11 351.145   0.000
 0.31000E-11 357.047   0.000
 0.32000E-11   2.951   0.000
 0.32000E-11   8.853   0.000
 0.32000E-11  14.754   0.000
 0.32000E-11  20.656   0.000
 0.32000E-11  26.557   0.000
 0.32000E-11  32.459   0.000
 0.32000E-11  38.361   0.000
 0.32000E-11  44.262   0.000
 0.32000E-11  50.164   0.000
 0.32000E-11  56.065   0.000
 0.32000E-11  61.967   0.000
 0.32000E-11  67.869   0.000
 0.32000E-11  73.770   0.000
 0.32000E-11  79.672   0.000
 0.32000E-11  85.573   0.000
 0.32000E-11  91.475   0.000
 0.32000E-11  97.377   0.000
 0.32000E-11 103.278   0.000
 0.32000E-11 109.180   0.000
 0.32000E-11 115.081   0.000
 0.32000E-11 120.983   0.000
 0.32000E-11 126.885   0.000
 0.32000E-11 132.786   0.000
 0.32000E-11 138.688   0.000
 0.32000E-11 144.589   0.000
 0.32000E-11 150.491   0.000
 0.32000E-11 156.393   0.000
 0.32000E-11 162.294   0.000
 0.32000E-11 168.196   0.000
 0.32000E-11 174.097   0.000
 0.32000E-11 179.999   0.000
 0.32000E-11 185.901   0.000
 0.32000E-11 191.802   0.000
 0.32000E-11 197.704   0.000
 0.32000E-11 203.605   0.000
 0.32000E-11 209.507   0.000
 0.32000E-11 215.409   0.000
 0.32000E-11 221.310   0.000
 0.32000E-11 227.212   0.000
 0.32000E-11 233.113   0.000
 0.32000E-11 239.015   0.000
 0.32000E-11 244.917   0.000
 0.32000E-11 250.818   0.000
 0.32000E-11 256.720   0.000
 0.32000E-11 262.621   0.000
 0.32000E-11 268.523   0.000
 0.32000E-11 274.425   0.000
 0.32000E-11 280.326   0.000
 0.32000E-11 286.228   0.000
 0.32000E-11 292.129   0.000
 0.32000E-11 298.031   0.000
 0.32000E-11 303.933   0.000
 0.32000E-11 309.834   0.000
 0.32000E-11 315.736   0.000
 0.32000E-11 321.637   0.000
 0.32000E-11 327.539   0.000
 0.32000E-11 333.441   0.000
 0.32000E-11 339.342   0.000
 0.32000E-11 345.244   0.000
 0.32000E-11 351.145   0.000
 0.32000E-11 357.047   0.000
 0.33000E-11   2.951   0.000
 0.33000E-11   8.853   0.000
 0.33000E-11  14.754   0.000
 0.33000E-11  20.656   0.000
 0.33000E-11  26.557   0.000
 0.33000E-11  32.459   0.000
 0.33000E-11  38.361   0.000
 0.33000E-11  44.262   0.000
 0.33000E-11  50.164   0.000
 0.33000E-11  56.065   0.000
 0.33000E-11  61.967   0.000
 0.33000E-11  67.869   0.000
 0.33000E-11  73.770   0.000
 0.33000E-11  79.672   0.000
 0.33000E-11  85.573   0.000
 0.33000E-11  91.475   0.000
 0.33000E-11  97.377   0.000
 0.33000E-11 103.278   0.000
 0.33000E-11 109.180   0.000
 0.33000E-11 115.081   0.000
 0.33000E-11 120.983   0.000
 0.33000E-11 126.885   0.000
 0.33000E-11 132.786   0.000
 0.33000E-11 138.688   0.000
 0.33000E-11 144.589   0.000
 0.33000E-11 150.491   0.000
 0.33000E-11 156.393   0.000
 0.33000E-11 162.294   0.000
 0.33000E-11 168.196   0.000
 0.33000E-11 174.097   0.000
 0.33000E-11 179.999   0.000
 0.33000E-11 185.901   0.000
 0.33000E-11 191.802   0.000
 0.33000E-11 197.704   0.000
 0.33000E-11 203.605   0.000
 0.33000E-11 209.507   0.000
 0.33000E-11 215.409   0.000
 0.33000E-11 221.310   0.000
 0.33000E-11 227.212   0.000
 0.33000E-11 233.113   0.000
 0.33000E-11 239.015   0.000
 0.33000E-11 244.917   0.000
 0.33000E-11 250.818   0.000
 0.33000E-11 256.720   0.000
 0.33000E-11 262.621   0.000
 0.33000E-11 268.523   0.000
 0.33000E-11 274.425   0.000
 0.33000E-11 280.326   0.000
 0.33000E-11 286.228   0.000
 0.33000E-11 292.129   0.000
 0.33000E-11 298.031   0.000
 0.33000E-11 303.933   0.000
 0.33000E-11 309.834   0.000
 0.33000E-11 315.736   0.000
 0.33000E-11 321.637   0.000
 0.33000E-11 327.539   0.000
 0.33000E-11 333.441   0.000
 0.33000E-11 339.342   0.000
 0.33000E-11 345.244   0.000
 0.33000E-11 351.145   0.000
 0.33000E-11 357.047   0.000
 0.34000E-11   2.951   0.000
 0.34000E-11   8.853   0.000
 0.34000E-11  14.754   0.000
 0.34000E-11  20.656   0.000
 0.34000E-11  26.557   0.000
 0.34000E-11  32.459   0.000
 0.34000E-11  38.361   0.000
 0.34000E-11  44.262   0.000
 0.34000E-11  50.164   0.000
 0.34000E-11  56.065   0.000
 0.34000E-11  61.967   0.000
 0.34000E-11  67.869   0.000
 0.34000E-11  73.770   0.000
 0.34000E-11  79.672   0.000
 0.34000E-11  85.573   0.000
 0.34000E-11  91.475   0.000
 0.34000E-11  97.377   0.000
 0.34000E-11 103.278   0.000
 0.34000E-11 109.180   0.000
 0.34000E-11 115.081   0.000
 0.34000E-11 120.983   0.000
 0.34000E-11 126.885   0.000
 0.34000E-11 132.786   0.000
 0.34000E-11 138.688   0.000
 0.34000E-11 144.589   0.000
 0.34000E-11 150.491   0.000
 0.34000E-11 156.393   0.000
 0.34000E-11 162.294   0.000
 0.34000E-11 168.196   0.000
 0.34000E-11 174.097   0.000
 0.34000E-11 179.999   0.000
 0.34000E-11 185.901   0.000
 0.34000E-11 191.802   0.000
 0.34000E-11 197.704   0.000
 0.34000E-11 203.605   0.000
 0.34000E-11 209.507   0.000
 0.34000E-11 215.409   0.000
 0.34000E-11 221.310   0.000
 0.34000E-11 227.212   0.000
 0.34000E-11 233.113   0.000
 0.34000E-11 239.015   0.000
 0.34000E-11 244.917   0.000
 0.34000E-11 250.818   0.000
 0.34000E-11 256.720   0.000
 0.34000E-11 262.621   0.000
 0.34000E-11 268.523   0.000
 0.34000E-11 274.425   0.000
 0.34000E-11 280.326   0.000
 0.34000E-11 286.228   0.000
 0.34000E-11 292.129   0.000
 0.34000E-11 298.031   0.000
 0.34000E-11 303.933   0.000
 0.34000E-11 309.834   0.000
 0.34000E-11 315.736   0.000
 0.34000E-11 321.637   0.000
 0.34000E-11 327.539   0.000
 0.34000E-11 333.441   0.000
 0.34000E-11 339.342   0.000
 0.34000E-11 345.244   0.000
 0.34000E-11 351.145   0.000
 0.34000E-11 357.047   0.000
 0.35000E-11   2.951   0.000
 0.35000E-11   8.853   0.000
 0.35000E-11  14.754   0.000
 0.35000E-11  20.656   0.000
 0.35000E-11  26.557   0.000
 0.35000E-11  32.459   0.000
 0.35000E-11  38.361   0.000
 0.35000E-11  44.262   0.000
 0.35000E-11  50.164   0.000
 0.35000E-11  56.065   0.000
 0.35000E-11  61.967   0.000
 0.35000E-11  67.869   0.000
 0.35000E-11  73.770   0.000
 0.35000E-11  79.672   0.000
 0.35000E-11  85.573   0.000
 0.35000E-11  91.475   0.000
 0.35000E-11  97.377   0.000
 0.35000E-11 103.278   0.000
 0.35000E-11 109.180   0.000
 0.35000E-11 115.081   0.000
 0.35000E-11 120.983   0.000
 0.35000E-11 126.885   0.000
 0.35000E-11 132.786   0.000
 0.35000E-11 138.688   0.000
 0.35000E-11 144.589   0.000
 0.35000E-11 150.491   0.000
 0.35000E-11 156.393   0.000
 0.35000E-11 162.294   0.000
 0.35000E-11 168.196   0.000
 0.35000E-11 174.097   0.000
 0.35000E-11 179.999   0.000
 0.35000E-11 185.901   0.000
 0.35000E-11 191.802   0.000
 0.35000E-11 197.704   0.000
 0.35000E-11 203.605   0.000
 0.35000E-11 209.507   0.000
 0.35000E-11 215.409   0.000
 0.35000E-11 221.310   0.000
 0.35000E-11 227.212   0.000
 0.35000E-11 233.113   0.000
 0.35000E-11 239.015   0.000
 0.35000E-11 244.917   0.000
 0.35000E-11 250.818   0.000
 0.35000E-11 256.720   0.000
 0.35000E-11 262.621   0.000
 0.35000E-11 268.523   0.000
 0.35000E-11 274.425   0.000
 0.35000E-11 280.326   0.000
 0.35000E-11 286.228   0.000
 0.35000E-11 292.129   0.000
 0.35000E-11 298.031   0.000
 0.35000E-11 303.933   0.000
 0.35000E-11 309.834   0.000
 0.35000E-11 315.736   0.000
 0.35000E-11 321.637   0.000
 0.35000E-11 327.539   0.000
 0.35000E-11 333.441   0.000
 0.35000E-11 339.342   0.000
 0.35000E-11 345.244   0.000
 0.35000E-11 351.145   0.000
 0.35000E-11 357.047   0.000
 0.36000E-11   2.951   0.000
 0.36000E-11   8.853   0.000
 0.36000E-11  14.754   0.000
 0.36000E-11  20.656   0.000
 0.36000E-11  26.557   0.000
 0.36000E-11  32.459   0.000
 0.36000E-11  38.361   0.000
 0.36000E-11  44.262   0.000
 0.36000E-11  50.164   0.000
 0.36000E-11  56.065   0.000
 0.36000E-11  61.967   0.000
 0.36000E-11  67.869   0.000
 0.36000E-11  73.770   0.000
 0.36000E-11  79.672   0.000
 0.36000E-11  85.573   0.000
 0.36000E-11  91.475   0.000
 0.36000E-11  97.377   0.000
 0.36000E-11 103.278   0.000
 0.36000E-11 109.180   0.000
 0.36000E-11 115.081   0.000
 0.36000E-11 120.983   0.000
 0.36000E-11 126.885   0.000
 0.36000E-11 132.786   0.000
 0.36000E-11 138.688   0.000
 0.36000E-11 144.589   0.000
 0.36000E-11 150.491   0.000
 0.36000E-11 156.393   0.000
 0.36000E-11 162.294   0.000
 0.36000E-11 168.196   0.000
 0.36000E-11 174.097   0.000
 0.36000E-11 179.999   0.000
 0.36000E-11 185.901   0.000
 0.36000E-11 191.802   0.000
 0.36000E-11 197.704   0.000
 0.36000E-11 203.605   0.000
 0.36000E-11 209.507   0.000
 0.36000E-11 215.409   0.000
 0.36000E-11 221.310   0.000
 0.36000E-11 227.212   0.000
 0.36000E-11 233.113   0.000
 0.36000E-11 239.015   0.000
 0.36000E-11 244.917   0.000
 0.36000E-11 250.818   0.000
 0.36000E-11 256.720   0.000
 0.36000E-11 262.621   0.000
 0.36000E-11 268.523   0.000
 0.36000E-11 274.425   0.000
 0.36000E-11 280.326   0.000
 0.36000E-11 286.228   0.000
 0.36000E-11 292.129   0.000
 0.36000E-11 298.031   0.000
 0.36000E-11 303.933   0.000
 0.36000E-11 309.834   0.000
 0.36000E-11 315.736   0.000
 0.36000E-11 321.637   0.000
 0.36000E-11 327.539   0.000
 0.36000E-11 333.441   0.000
 0.36000E-11 339.342   0.000
 0.36000E-11 345.244   0.000
 0.36000E-11 351.145   0.000
 0.36000E-11 357.047   0.000
 0.37000E-11   2.951   0.000
 0.37000E-11   8.853   0.000
 0.37000E-11  14.754   0.000
 0.37000E-11  20.656   0.000
 0.37000E-11  26.557   0.000
 0.37000E-11  32.459   0.000
 0.37000E-11  38.361   0.000
 0.37000E-11  44.262   0.000
 0.37000E-11  50.164   0.000
 0.37000E-11  56.065   0.000
 0.37000E-11  61.967   0.000
 0.37000E-11  67.869   0.000
 0.37000E-11  73.770   0.000
 0.37000E-11  79.672   0.000
 0.37000E-11  85.573   0.000
 0.37000E-11  91.475   0.000
 0.37000E-11  97.377   0.000
 0.37000E-11 103.278   0.000
 0.37000E-11 109.180   0.000
 0.37000E-11 115.081   0.000
 0.37000E-11 120.983   0.000
 0.37000E-11 126.885   0.000
 0.37000E-11 132.786   0.000
 0.37000E-11 138.688   0.000
 0.37000E-11 144.589   0.000
 0.37000E-11 150.491   0.000
 0.37000E-11 156.393   0.000
 0.37000E-11 162.294   0.000
 0.37000E-11 168.196   0.000
 0.37000E-11 174.097   0.000
 0.37000E-11 179.999   0.000
 0.37000E-11 185.901   0.000
 0.37000E-11 191.802   0.000
 0.37000E-11 197.704   0.000
 0.37000E-11 203.605   0.000
 0.37000E-11 209.507   0.000
 0.37000E-11 215.409   0.000
 0.37000E-11 221.310   0.000
 0.37000E-11 227.212   0.000
 0.37000E-11 233.113   0.000
 0.37000E-11 239.015   0.000
 0.37000E-11 244.917   0.000
 0.37000E-11 250.818   0.000
 0.37000E-11 256.720   0.000
 0.37000E-11 262.621   0.000
 0.37000E-11 268.523   0.000
 0.37000E-11 274.425   0.000
 0.37000E-11 280.326   0.000
 0.37000E-11 286.228   0.000
 0.37000E-11 292.129   0.000
 0.37000E-11 298.031   0.000
 0.37000E-11 303.933   0.000
 0.37000E-11 309.834   0.000
 0.37000E-11 315.736   0.000
 0.37000E-11 321.637   0.000
 0.37000E-11 327.539   0.000
 0.37000E-11 333.441   0.000
 0.37000E-11 339.342   0.000
 0.37000E-11 345.244   0.000
 0.37000E-11 351.145   0.000
 0.37000E-11 357.047   0.000
 0.38000E-11   2.951   0.000
 0.38000E-11   8.853   0.000
 0.38000E-11  14.754   0.000
 0.38000E-11  20.656   0.000
 0.38000E-11  26.557   0.000
 0.38000E-11  32.459   0.000
 0.38000E-11  38.361   0.000
 0.38000E-11  44.262   0.000
 0.38000E-11  50.164   0.000
 0.38000E-11  56.065   0.000
 0.38000E-11  61.967   0.000
 0.38000E-11  67.869   0.000
 0.38000E-11  73.770   0.000
 0.38000E-11  79.672   0.000
 0.38000E-11  85.573   0.000
 0.38000E-11  91.475   0.000
 0.38000E-11  97.377   0.000
 0.38000E-11 103.278   0.000
 0.38000E-11 109.180   0.000
 0.38000E-11 115.081   0.000
 0.38000E-11 120.983   0.000
 0.38000E-11 126.885   0.000
 0.38000E-11 132.786   0.000
 0.38000E-11 138.688   0.000
 0.38000E-11 144.589   0.000
 0.38000E-11 150.491   0.000
 0.38000E-11 156.393   0.000
 0.38000E-11 162.294   0.000
 0.38000E-11 168.196   0.000
 0.38000E-11 174.097   0.000
 0.38000E-11 179.999   0.000
 0.38000E-11 185.901   0.000
 0.38000E-11 191.802   0.000
 0.38000E-11 197.704   0.000
 0.38000E-11 203.605   0.000
 0.38000E-11 209.507   0.000
 0.38000E-11 215.409   0.000
 0.38000E-11 221.310   0.000
 0.38000E-11 227.212   0.000
 0.38000E-11 233.113   0.000
 0.38000E-11 239.015   0.000
 0.38000E-11 244.917   0.000
 0.38000E-11 250.818   0.000
 0.38000E-11 256.720   0.000
 0.38000E-11 262.621   0.000
 0.38000E-11 268.523   0.000
 0.38000E-11 274.425   0.000
 0.38000E-11 280.326   0.000
 0.38000E-11 286.228   0.000
 0.38000E-11 292.129   0.000
 0.38000E-11 298.031   0.000
 0.38000E-11 303.933   0.000
 0.38000E-11 309.834   0.000
 0.38000E-11 315.736   0.000
 0.38000E-11 321.637   0.000
 0.38000E-11 327.539   0.000
 0.38000E-11 333.441   0.000
 0.38000E-11 339.342   0.000
 0.38000E-11 345.244   0.000
 0.38000E-11 351.145   0.000
 0.38000E-11 357.047   0.000
 0.39000E-11   2.951   0.000
 0.39000E-11   8.853   0.000
 0.39000E-11  14.754   0.000
 0.39000E-11  20.656   0.000
 0.39000E-11  26.557   0.000
 0.39000E-11  32.459   0.000
 0.39000E-11  38.361   0.000
 0.39000E-11  44.262   0.000
 0.39000E-11  50.164   0.000
 0.39000E-11  56.065   0.000
 0.39000E-11  61.967   0.000
 0.39000E-11  67.869   0.000
 0.39000E-11  73.770   0.000
 0.39000E-11  79.672   0.000
 0.39000E-11  85.573   0.000
 0.39000E-11  91.475   0.000
 0.39000E-11  97.377   0.000
 0.39000E-11 103.278   0.000
 0.39000E-11 109.180   0.000
 0.39000E-11 115.081   0.000
 0.39000E-11 120.983   0.000
 0.39000E-11 126.885   0.000
 0.39000E-11 132.786   0.000
 0.39000E-11 138.688   0.000
 0.39000E-11 144.589   0.000
 0.39000E-11 150.491   0.000
 0.39000E-11 156.393   0.000
 0.39000E-11 162.294   0.000
 0.39000E-11 168.196   0.000
 0.39000E-11 174.097   0.000
 0.39000E-11 179.999   0.000
 0.39000E-11 185.901   0.000
 0.39000E-11 191.802   0.000
 0.39000E-11 197.704   0.000
 0.39000E-11 203.605   0.000
 0.39000E-11 209.507   0.000
 0.39000E-11 215.409   0.000
 0.39000E-11 221.310   0.000
 0.39000E-11 227.212   0.000
 0.39000E-11 233.113   0.000
 0.39000E-11 239.015   0.000
 0.39000E-11 244.917   0.000
 0.39000E-11 250.818   0.000
 0.39000E-11 256.720   0.000
 0.39000E-11 262.621   0.000
 0.39000E-11 268.523   0.000
 0.39000E-11 274.425   0.000
 0.39000E-11 280.326   0.000
 0.39000E-11 286.228   0.000
 0.39000E-11 292.129   0.000
 0.39000E-11 298.031   0.000
 0.39000E-11 303.933   0.000
 0.39000E-11 309.834   0.000
 0.39000E-11 315.736   0.000
 0.39000E-11 321.637   0.000
 0.39000E-11 327.539   0.000
 0.39000E-11 333.441   0.000
 0.39000E-11 339.342   0.000
 0.39000E-11 345.244   0.000
 0.39000E-11 351.145   0.000
 0.39000E-11 357.047   0.000
 0.40000E-11   2.951   0.000
 0.40000E-11   8.853   0.000
 0.40000E-11  14.754   0.000
 0.40000E-11  20.656   0.000
 0.40000E-11  26.557   0.000
 0.40000E-11  32.459   0.000
 0.40000E-11  38.361   0.000
 0.40000E-11  44.262   0.000
 0.40000E-11  50.164   0.000
 0.40000E-11  56.065   0.000
 0.40000E-11  61.967   0.000
 0.40000E-11  67.869   0.000
 0.40000E-11  73.770   0.000
 0.40000E-11  79.672   0.000
 0.40000E-11  85.573   0.000
 0.40000E-11  91.475   0.000
 0.40000E-11  97.377   0.000
 0.40000E-11 103.278   0.000
 0.40000E-11 109.180   0.000
 0.40000E-11 115.081   0.000
 0.40000E-11 120.983   0.000
 0.40000E-11 126.885   0.000
 0.40000E-11 132.786   0.000
 0.40000E-11 138.688   0.000
 0.40000E-11 144.589   0.000
 0.40000E-11 150.491   0.000
 0.40000E-11 156.393   0.000
 0.40000E-11 162.294   0.000
 0.40000E-11 168.196   0.000
 0.40000E-11 174.097   0.000
 0.40000E-11 179.999   0.000
 0.40000E-11 185.901   0.000
 0.40000E-11 191.802   0.000
 0.40000E-11 197.704   0.000
 0.40000E-11 203.605   0.000
 0.40000E-11 209.507   0.000
 0.40000E-11 215.409   0.000
 0.40000E-11 221.310   0.000
 0.40000E-11 227.212   0.000
 0.40000E-11 233.113   0.000
 0.40000E-11 239.015   0.000
 0.40000E-11 244.917   0.000
 0.40000E-11 250.818   0.000
 0.40000E-11 256.720   0.000
 0.40000E-11 262.621   0.000
 0.40000E-11 268.523   0.000
 0.40000E-11 274.425   0.000
 0.40000E-11 280.326   0.000
 0.40000E-11 286.228   0.000
 0.40000E-11 292.129   0.000
 0.40000E-11 298.031   0.000
 0.40000E-11 303.933   0.000
 0.40000E-11 309.834   0.000
 0.40000E-11 315.736   0.000
 0.40000E-11 321.637   0.000
 0.40000E-11 327.539   0.000
 0.40000E-11 333.441   0.000
 0.40000E-11 339.342   0.000
 0.40000E-11 345.244   0.000
 0.40000E-11 351.145   0.000
 0.40000E-11 357.047   0.000
 0.41000E-11   2.951   0.000
 0.41000E-11   8.853   0.000
 0.41000E-11  14.754   0.000
 0.41000E-11  20.656   0.000
 0.41000E-11  26.557   0.000
 0.41000E-11  32.459   0.000
 0.41000E-11  38.361   0.000
 0.41000E-11  44.262   0.000
 0.41000E-11  50.164   0.000
 0.41000E-11  56.065   0.000
 0.41000E-11  61.967   0.000
 0.41000E-11  67.869   0.000
 0.41000E-11  73.770   0.000
 0.41000E-11  79.672   0.000
 0.41000E-11  85.573   0.000
 0.41000E-11  91.475   0.000
 0.41000E-11  97.377   0.000
 0.41000E-11 103.278   0.000
 0.41000E-11 109.180   0.000
 0.41000E-11 115.081   0.000
 0.41000E-11 120.983   0.000
 0.41000E-11 126.885   0.000
 0.41000E-11 132.786   0.000
 0.41000E-11 138.688   0.000
 0.41000E-11 144.589   0.000
 0.41000E-11 150.491   0.000
 0.41000E-11 156.393   0.000
 0.41000E-11 162.294   0.000
 0.41000E-11 168.196   0.000
 0.41000E-11 174.097   0.000
 0.41000E-11 179.999   0.000
 0.41000E-11 185.901   0.000
 0.41000E-11 191.802   0.000
 0.41000E-11 197.704   0.000
 0.41000E-11 203.605   0.000
 0.41000E-11 209.507   0.000
 0.41000E-11 215.409   0.000
 0.41000E-11 221.310   0.000
 0.41000E-11 227.212   0.000
 0.41000E-11 233.113   0.000
 0.41000E-11 239.015   0.000
 0.41000E-11 244.917   0.000
 0.41000E-11 250.818   0.000
 0.41000E-11 256.720   0.000
 0.41000E-11 262.621   0.000
 0.41000E-11 268.523   0.000
 0.41000E-11 274.425   0.000
 0.41000E-11 280.326   0.000
 0.41000E-11 286.228   0.000
 0.41000E-11 292.129   0.000
 0.41000E-11 298.031   0.000
 0.41000E-11 303.933   0.000
 0.41000E-11 309.834   0.000
 0.41000E-11 315.736   0.000
 0.41000E-11 321.637   0.000
 0.41000E-11 327.539   0.000
 0.41000E-11 333.441   0.000
 0.41000E-11 339.342   0.000
 0.41000E-11 345.244   0.000
 0.41000E-11 351.145   0.000
 0.41000E-11 357.047   0.000
 0.42000E-11   2.951   0.000
 0.42000E-11   8.853   0.000
 0.42000E-11  14.754   0.000
 0.42000E-11  20.656   0.000
 0.42000E-11  26.557   0.000
 0.42000E-11  32.459   0.000
 0.42000E-11  38.361   0.000
 0.42000E-11  44.262   0.000
 0.42000E-11  50.164   0.000
 0.42000E-11  56.065   0.000
 0.42000E-11  61.967   0.000
 0.42000E-11  67.869   0.000
 0.42000E-11  73.770   0.000
 0.42000E-11  79.672   0.000
 0.42000E-11  85.573   0.000
 0.42000E-11  91.475   0.000
 0.42000E-11  97.377   0.000
 0.42000E-11 103.278   0.000
 0.42000E-11 109.180   0.000
 0.42000E-11 115.081   0.000
 0.42000E-11 120.983   0.000
 0.42000E-11 126.885   0.000
 0.42000E-11 132.786   0.000
 0.42000E-11 138.688   0.000
 0.42000E-11 144.589   0.000
 0.42000E-11 150.491   0.000
 0.42000E-11 156.393   0.000
 0.42000E-11 162.294   0.000
 0.42000E-11 168.196   0.000
 0.42000E-11 174.097   0.000
 0.42000E-11 179.999   0.000
 0.42000E-11 185.901   0.000
 0.42000E-11 191.802   0.000
 0.42000E-11 197.704   0.000
 0.42000E-11 203.605   0.000
 0.42000E-11 209.507   0.000
 0.42000E-11 215.409   0.000
 0.42000E-11 221.310   0.000
 0.42000E-11 227.212   0.000
 0.42000E-11 233.113   0.000
 0.42000E-11 239.015   0.000
 0.42000E-11 244.917   0.000
 0.42000E-11 250.818   0.000
 0.42000E-11 256.720   0.000
 0.42000E-11 262.621   0.000
 0.42000E-11 268.523   0.000
 0.42000E-11 274.425   0.000
 0.42000E-11 280.326   0.000
 0.42000E-11 286.228   0.000
 0.42000E-11 292.129   0.000
 0.42000E-11 298.031   0.000
 0.42000E-11 303.933   0.000
 0.42000E-11 309.834   0.000
 0.42000E-11 315.736   0.000
 0.42000E-11 321.637   0.000
 0.42000E-11 327.539   0.000
 0.42000E-11 333.441   0.000
 0.42000E-11 339.342   0.000
 0.42000E-11 345.244   0.000
 0.42000E-11 351.145   0.000
 0.42000E-11 357.047   0.000
 0.43000E-11   2.951   0.000
 0.43000E-11   8.853   0.000
 0.43000E-11  14.754   0.000
 0.43000E-11  20.656   0.000
 0.43000E-11  26.557   0.000
 0.43000E-11  32.459   0.000
 0.43000E-11  38.361   0.000
 0.43000E-11  44.262   0.000
 0.43000E-11  50.164   0.000
 0.43000E-11  56.065   0.000
 0.43000E-11  61.967   0.000
 0.43000E-11  67.869   0.000
 0.43000E-11  73.770   0.000
 0.43000E-11  79.672   0.000
 0.43000E-11  85.573   0.000
 0.43000E-11  91.475   0.000
 0.43000E-11  97.377   0.000
 0.43000E-11 103.278   0.000
 0.43000E-11 109.180   0.000
 0.43000E-11 115.081   0.000
 0.43000E-11 120.983   0.000
 0.43000E-11 126.885   0.000
 0.43000E-11 132.786   0.000
 0.43000E-11 138.688   0.000
 0.43000E-11 144.589   0.000
 0.43000E-11 150.491   0.000
 0.43000E-11 156.393   0.000
 0.43000E-11 162.294   0.000
 0.43000E-11 168.196   0.000
 0.43000E-11 174.097   0.000
 0.43000E-11 179.999   0.000
 0.43000E-11 185.901   0.000
 0.43000E-11 191.802   0.000
 0.43000E-11 197.704   0.000
 0.43000E-11 203.605   0.000
 0.43000E-11 209.507   0.000
 0.43000E-11 215.409   0.000
 0.43000E-11 221.310   0.000
 0.43000E-11 227.212   0.000
 0.43000E-11 233.113   0.000
 0.43000E-11 239.015   0.000
 0.43000E-11 244.917   0.000
 0.43000E-11 250.818   0.000
 0.43000E-11 256.720   0.000
 0.43000E-11 262.621   0.000
 0.43000E-11 268.523   0.000
 0.43000E-11 274.425   0.000
 0.43000E-11 280.326   0.000
 0.43000E-11 286.228   0.000
 0.43000E-11 292.129   0.000
 0.43000E-11 298.031   0.000
 0.43000E-11 303.933   0.000
 0.43000E-11 309.834   0.000
 0.43000E-11 315.736   0.000
 0.43000E-11 321.637   0.000
 0.43000E-11 327.539   0.000
 0.43000E-11 333.441   0.000
 0.43000E-11 339.342   0.000
 0.43000E-11 345.244   0.000
 0.43000E-11 351.145   0.000
 0.43000E-11 357.047   0.000
 0.44000E-11   2.951   0.000
 0.44000E-11   8.853   0.000
 0.44000E-11  14.754   0.000
 0.44000E-11  20.656   0.000
 0.44000E-11  26.557   0.000
 0.44000E-11  32.459   0.000
 0.44000E-11  38.361   0.000
 0.44000E-11  44.262   0.000
 0.44000E-11  50.164   0.000
 0.44000E-11  56.065   0.000
 0.44000E-11  61.967   0.000
 0.44000E-11  67.869   0.000
 0.44000E-11  73.770   0.000
 0.44000E-11  79.672   0.000
 0.44000E-11  85.573   0.000
 0.44000E-11  91.475   0.000
 0.44000E-11  97.377   0.000
 0.44000E-11 103.278   0.000
 0.44000E-11 109.180   0.000
 0.44000E-11 115.081   0.000
 0.44000E-11 120.983   0.000
 0.44000E-11 126.885   0.000
 0.44000E-11 132.786   0.000
 0.44000E-11 138.688   0.000
 0.44000E-11 144.589   0.000
 0.44000E-11 150.491   0.000
 0.44000E-11 156.393   0.000
 0.44000E-11 162.294   0.000
 0.44000E-11 168.196   0.000
 0.44000E-11 174.097   0.000
 0.44000E-11 179.999   0.000
 0.44000E-11 185.901   0.000
 0.44000E-11 191.802   0.000
 0.44000E-11 197.704   0.000
 0.44000E-11 203.605   0.000
 0.44000E-11 209.507   0.000
 0.44000E-11 215.409   0.000
 0.44000E-11 221.310   0.000
 0.44000E-11 227.212   0.000
 0.44000E-11 233.113   0.000
 0.44000E-11 239.015   0.000
 0.44000E-11 244.917   0.000
 0.44000E-11 250.818   0.000
 0.44000E-11 256.720   0.000
 0.44000E-11 262.621   0.000
 0.44000E-11 268.523   0.000
 0.44000E-11 274.425   0.000
 0.44000E-11 280.326   0.000
 0.44000E-11 286.228   0.000
 0.44000E-11 292.129   0.000
 0.44000E-11 298.031   0.000
 0.44000E-11 303.933   0.000
 0.44000E-11 309.834   0.000
 0.44000E-11 315.736   0.000
 0.44000E-11 321.637   0.000
 0.44000E-11 327.539   0.000
 0.44000E-11 333.441   0.000
 0.44000E-11 339.342   0.000
 0.44000E-11 345.244   0.000
 0.44000E-11 351.145   0.000
 0.44000E-11 357.047   0.000
 0.45000E-11   2.951   0.000
 0.45000E-11   8.853   0.000
 0.45000E-11  14.754   0.000
 0.45000E-11  20.656   0.000
 0.45000E-11  26.557   0.000
 0.45000E-11  32.459   0.000
 0.45000E-11  38.361   0.000
 0.45000E-11  44.262   0.000
 0.45000E-11  50.164   0.000
 0.45000E-11  56.065   0.000
 0.45000E-11  61.967   0.000
 0.45000E-11  67.869   0.000
 0.45000E-11  73.770   0.000
 0.45000E-11  79.672   0.000
 0.45000E-11  85.573   0.000
 0.45000E-11  91.475   0.000
 0.45000E-11  97.377   0.000
 0.45000E-11 103.278   0.000
 0.45000E-11 109.180   0.000
 0.45000E-11 115.081   0.000
 0.45000E-11 120.983   0.000
 0.45000E-11 126.885   0.000
 0.45000E-11 132.786   0.000
 0.45000E-11 138.688   0.000
 0.45000E-11 144.589   0.000
 0.45000E-11 150.491   0.000
 0.45000E-11 156.393   0.000
 0.45000E-11 162.294   0.000
 0.45000E-11 168.196   0.000
 0.45000E-11 174.097   0.000
 0.45000E-11 179.999   0.000
 0.45000E-11 185.901   0.000
 0.45000E-11 191.802   0.000
 0.45000E-11 197.704   0.000
 0.45000E-11 203.605   0.000
 0.45000E-11 209.507   0.000
 0.45000E-11 215.409   0.000
 0.45000E-11 221.310   0.000
 0.45000E-11 227.212   0.000
 0.45000E-11 233.113   0.000
 0.45000E-11 239.015   0.000
 0.45000E-11 244.917   0.000
 0.45000E-11 250.818   0.000
 0.45000E-11 256.720   0.000
 0.45000E-11 262.621   0.000
 0.45000E-11 268.523   0.000
 0.45000E-11 274.425   0.000
 0.45000E-11 280.326   0.000
 0.45000E-11 286.228   0.000
 0.45000E-11 292.129   0.000
 0.45000E-11 298.031   0.000
 0.45000E-11 303.933   0.000
 0.45000E-11 309.834   0.000
 0.45000E-11 315.736   0.000
 0.45000E-11 321.637   0.000
 0.45000E-11 327.539   0.000
 0.45000E-11 333.441   0.000
 0.45000E-11 339.342   0.000
 0.45000E-11 345.244   0.000
 0.45000E-11 351.145   0.000
 0.45000E-11 357.047   0.000
 0.46000E-11   2.951   0.000
 0.46000E-11   8.853   0.000
 0.46000E-11  14.754   0.000
 0.46000E-11  20.656   0.000
 0.46000E-11  26.557   0.000
 0.46000E-11  32.459   0.000
 0.46000E-11  38.361   0.000
 0.46000E-11  44.262   0.000
 0.46000E-11  50.164   0.000
 0.46000E-11  56.065   0.000
 0.46000E-11  61.967   0.000
 0.46000E-11  67.869   0.000
 0.46000E-11  73.770   0.000
 0.46000E-11  79.672   0.000
 0.46000E-11  85.573   0.000
 0.46000E-11  91.475   0.000
 0.46000E-11  97.377   0.000
 0.46000E-11 103.278   0.000
 0.46000E-11 109.180   0.000
 0.46000E-11 115.081   0.000
 0.46000E-11 120.983   0.000
 0.46000E-11 126.885   0.000
 0.46000E-11 132.786   0.000
 0.46000E-11 138.688   0.000
 0.46000E-11 144.589   0.000
 0.46000E-11 150.491   0.000
 0.46000E-11 156.393   0.000
 0.46000E-11 162.294   0.000
 0.46000E-11 168.196   0.000
 0.46000E-11 174.097   0.000
 0.46000E-11 179.999   0.000
 0.46000E-11 185.901   0.000
 0.46000E-11 191.802   0.000
 0.46000E-11 197.704   0.000
 0.46000E-11 203.605   0.000
 0.46000E-11 209.507   0.000
 0.46000E-11 215.409   0.000
 0.46000E-11 221.310   0.000
 0.46000E-11 227.212   0.000
 0.46000E-11 233.113   0.000
 0.46000E-11 239.015   0.000
 0.46000E-11 244.917   0.000
 0.46000E-11 250.818   0.000
 0.46000E-11 256.720   0.000
 0.46000E-11 262.621   0.000
 0.46000E-11 268.523   0.000
 0.46000E-11 274.425   0.000
 0.46000E-11 280.326   0.000
 0.46000E-11 286.228   0.000
 0.46000E-11 292.129   0.000
 0.46000E-11 298.031   0.000
 0.46000E-11 303.933   0.000
 0.46000E-11 309.834   0.000
 0.46000E-11 315.736   0.000
 0.46000E-11 321.637   0.000
 0.46000E-11 327.539   0.000
 0.46000E-11 333.441   0.000
 0.46000E-11 339.342   0.000
 0.46000E-11 345.244   0.000
 0.46000E-11 351.145   0.000
 0.46000E-11 357.047   0.000
 0.47000E-11   2.951   0.000
 0.47000E-11   8.853   0.000
 0.47000E-11  14.754   0.000
 0.47000E-11  20.656   0.000
 0.47000E-11  26.557   0.000
 0.47000E-11  32.459   0.000
 0.47000E-11  38.361   0.000
 0.47000E-11  44.262   0.000
 0.47000E-11  50.164   0.000
 0.47000E-11  56.065   0.000
 0.47000E-11  61.967   0.000
 0.47000E-11  67.869   0.000
 0.47000E-11  73.770   0.000
 0.47000E-11  79.672   0.000
 0.47000E-11  85.573   0.000
 0.47000E-11  91.475   0.000
 0.47000E-11  97.377   0.000
 0.47000E-11 103.278   0.000
 0.47000E-11 109.180   0.000
 0.47000E-11 115.081   0.000
 0.47000E-11 120.983   0.000
 0.47000E-11 126.885   0.000
 0.47000E-11 132.786   0.000
 0.47000E-11 138.688   0.000
 0.47000E-11 144.589   0.000
 0.47000E-11 150.491   0.000
 0.47000E-11 156.393   0.000
 0.47000E-11 162.294   0.000
 0.47000E-11 168.196   0.000
 0.47000E-11 174.097   0.000
 0.47000E-11 179.999   0.000
 0.47000E-11 185.901   0.000
 0.47000E-11 191.802   0.000
 0.47000E-11 197.704   0.000
 0.47000E-11 203.605   0.000
 0.47000E-11 209.507   0.000
 0.47000E-11 215.409   0.000
 0.47000E-11 221.310   0.000
 0.47000E-11 227.212   0.000
 0.47000E-11 233.113   0.000
 0.47000E-11 239.015   0.000
 0.47000E-11 244.917   0.000
 0.47000E-11 250.818   0.000
 0.47000E-11 256.720   0.000
 0.47000E-11 262.621   0.000
 0.47000E-11 268.523   0.000
 0.47000E-11 274.425   0.000
 0.47000E-11 280.326   0.000
 0.47000E-11 286.228   0.000
 0.47000E-11 292.129   0.000
 0.47000E-11 298.031   0.000
 0.47000E-11 303.933   0.000
 0.47000E-11 309.834   0.000
 0.47000E-11 315.736   0.000
 0.47000E-11 321.637   0.000
 0.47000E-11 327.539   0.000
 0.47000E-11 333.441   0.000
 0.47000E-11 339.342   0.000
 0.47000E-11 345.244   0.000
 0.47000E-11 351.145   0.000
 0.47000E-11 357.047   0.000
 0.48000E-11   2.951   0.000
 0.48000E-11   8.853   0.000
 0.48000E-11  14.754   0.000
 0.48000E-11  20.656   0.000
 0.48000E-11  26.557   0.000
 0.48000E-11  32.459   0.000
 0.48000E-11  38.361   0.000
 0.48000E-11  44.262   0.000
 0.48000E-11  50.164   0.000
 0.48000E-11  56.065   0.000
 0.48000E-11  61.967   0.000
 0.48000E-11  67.869   0.000
 0.48000E-11  73.770   0.000
 0.48000E-11  79.672   0.000
 0.48000E-11  85.573   0.000
 0.48000E-11  91.475   0.000
 0.48000E-11  97.377   0.000
 0.48000E-11 103.278   0.000
 0.48000E-11 109.180   0.000
 0.48000E-11 115.081   0.000
 0.48000E-11 120.983   0.000
 0.48000E-11 126.885   0.000
 0.48000E-11 132.786   0.000
 0.48000E-11 138.688   0.000
 0.48000E-11 144.589   0.000
 0.48000E-11 150.491   0.000
 0.48000E-11 156.393   0.000
 0.48000E-11 162.294   0.000
 0.48000E-11 168.196   0.000
 0.48000E-11 174.097   0.000
 0.48000E-11 179.999   0.000
 0.48000E-11 185.901   0.000
 0.48000E-11 191.802   0.000
 0.48000E-11 197.704   0.000
 0.48000E-11 203.605   0.000
 0.48000E-11 209.507   0.000
 0.48000E-11 215.409   0.000
 0.48000E-11 221.310   0.000
 0.48000E-11 227.212   0.000
 0.48000E-11 233.113   0.000
 0.48000E-11 239.015   0.000
 0.48000E-11 244.917   0.000
 0.48000E-11 250.818   0.000
 0.48000E-11 256.720   0.000
 0.48000E-11 262.621   0.000
 0.48000E-11 268.523   0.000
 0.48000E-11 274.425   0.000
 0.48000E-11 280.326   0.000
 0.48000E-11 286.228   0.000
 0.48000E-11 292.129   0.000
 0.48000E-11 298.031   0.000
 0.48000E-11 303.933   0.000
 0.48000E-11 309.834   0.000
 0.48000E-11 315.736   0.000
 0.48000E-11 321.637   0.000
 0.48000E-11 327.539   0.000
 0.48000E-11 333.441   0.000
 0.48000E-11 339.342   0.000
 0.48000E-11 345.244   0.000
 0.48000E-11 351.145   0.000
 0.48000E-11 357.047   0.000
 0.49000E-11   2.951   0.000
 0.49000E-11   8.853   0.000
 0.49000E-11  14.754   0.000
 0.49000E-11  20.656   0.000
 0.49000E-11  26.557   0.000
 0.49000E-11  32.459   0.000
 0.49000E-11  38.361   0.000
 0.49000E-11  44.262   0.000
 0.49000E-11  50.164   0.000
 0.49000E-11  56.065   0.000
 0.49000E-11  61.967   0.000
 0.49000E-11  67.869   0.000
 0.49000E-11  73.770   0.000
 0.49000E-11  79.672   0.000
 0.49000E-11  85.573   0.000
 0.49000E-11  91.475   0.000
 0.49000E-11  97.377   0.000
 0.49000E-11 103.278   0.000
 0.49000E-11 109.180   0.000
 0.49000E-11 115.081   0.000
 0.49000E-11 120.983   0.000
 0.49000E-11 126.885   0.000
 0.49000E-11 132.786   0.000
 0.49000E-11 138.688   0.000
 0.49000E-11 144.589   0.000
 0.49000E-11 150.491   0.000
 0.49000E-11 156.393   0.000
 0.49000E-11 162.294   0.000
 0.49000E-11 168.196   0.000
 0.49000E-11 174.097   0.000
 0.49000E-11 179.999   0.000
 0.49000E-11 185.901   0.000
 0.49000E-11 191.802   0.000
 0.49000E-11 197.704   0.000
 0.49000E-11 203.605   0.000
 0.49000E-11 209.507   0.000
 0.49000E-11 215.409   0.000
 0.49000E-11 221.310   0.000
 0.49000E-11 227.212   0.000
 0.49000E-11 233.113   0.000
 0.49000E-11 239.015   0.000
 0.49000E-11 244.917   0.000
 0.49000E-11 250.818   0.000
 0.49000E-11 256.720   0.000
 0.49000E-11 262.621   0.000
 0.49000E-11 268.523   0.000
 0.49000E-11 274.425   0.000
 0.49000E-11 280.326   0.000
 0.49000E-11 286.228   0.000
 0.49000E-11 292.129   0.000
 0.49000E-11 298.031   0.000
 0.49000E-11 303.933   0.000
 0.49000E-11 309.834   0.000
 0.49000E-11 315.736   0.000
 0.49000E-11 321.637   0.000
 0.49000E-11 327.539   0.000
 0.49000E-11 333.441   0.000
 0.49000E-11 339.342   0.000
 0.49000E-11 345.244   0.000
 0.49000E-11 351.145   0.000
 0.49000E-11 357.047   0.000
 0.50000E-11   2.951   0.000
 0.50000E-11   8.853   0.000
 0.50000E-11  14.754   0.000
 0.50000E-11  20.656   0.000
 0.50000E-11  26.557   0.000
 0.50000E-11  32.459   0.000
 0.50000E-11  38.361   0.000
 0.50000E-11  44.262   0.000
 0.50000E-11  50.164   0.000
 0.50000E-11  56.065   0.000
 0.50000E-11  61.967   0.000
 0.50000E-11  67.869   0.000
 0.50000E-11  73.770   0.000
 0.50000E-11  79.672   0.000
 0.50000E-11  85.573   0.000
 0.50000E-11  91.475   0.000
 0.50000E-11  97.377   0.000
 0.50000E-11 103.278   0.000
 0.50000E-11 109.180   0.000
 0.50000E-11 115.081   0.000
 0.50000E-11 120.983   0.000
 0.50000E-11 126.885   0.000
 0.50000E-11 132.786   0.000
 0.50000E-11 138.688   0.000
 0.50000E-11 144.589   0.000
 0.50000E-11 150.491   0.000
 0.50000E-11 156.393   0.000
 0.50000E-11 162.294   0.000
 0.50000E-11 168.196   0.000
 0.50000E-11 174.097   0.000
 0.50000E-11 179.999   0.000
 0.50000E-11 185.901   0.000
 0.50000E-11 191.802   0.000
 0.50000E-11 197.704   0.000
 0.50000E-11 203.605   0.000
 0.50000E-11 209.507   0.000
 0.50000E-11 215.409   0.000
 0.50000E-11 221.310   0.000
 0.50000E-11 227.212   0.000
 0.50000E-11 233.113   0.000
 0.50000E-11 239.015   0.000
 0.50000E-11 244.917   0.000
 0.50000E-11 250.818   0.000
 0.50000E-11 256.720   0.000
 0.50000E-11 262.621   0.000
 0.50000E-11 268.523   0.000
 0.50000E-11 274.425   0.000
 0.50000E-11 280.326   0.000
 0.50000E-11 286.228   0.000
 0.50000E-11 292.129   0.000
 0.50000E-11 298.031   0.000
 0.50000E-11 303.933   0.000
 0.50000E-11 309.834   0.000
 0.50000E-11 315.736   0.000
 0.50000E-11 321.637   0.000
 0.50000E-11 327.539   0.000
 0.50000E-11 333.441   0.000
 0.50000E-11 339.342   0.000
 0.50000E-11 345.244   0.000
 0.50000E-11 351.145   0.000
 0.50000E-11 357.047   0.000
