  0.0000       2.951   0.000
  0.0000       8.853   0.000
  0.0000      14.754   0.000
  0.0000      20.656   0.000
  0.0000      26.557   0.000
  0.0000      32.459   0.000
  0.0000      38.361   0.000
  0.0000      44.262   0.000
  0.0000      50.164   0.000
  0.0000      56.065   0.000
  0.0000      61.967   0.001
  0.0000      67.869   0.002
  0.0000      73.770   0.004
  0.0000      79.672   0.008
  0.0000      85.573   0.016
  0.0000      91.475   0.028
  0.0000      97.377   0.043
  0.0000     103.278   0.060
  0.0000     109.180   0.074
  0.0000     115.081   0.083
  0.0000     120.983   0.086
  0.0000     126.885   0.082
  0.0000     132.786   0.072
  0.0000     138.688   0.059
  0.0000     144.589   0.046
  0.0000     150.491   0.035
  0.0000     156.393   0.025
  0.0000     162.294   0.017
  0.0000     168.196   0.012
  0.0000     174.097   0.008
  0.0000     179.999   0.006
  0.0000     185.901   0.005
  0.0000     191.802   0.004
  0.0000     197.704   0.005
  0.0000     203.605   0.006
  0.0000     209.507   0.008
  0.0000     215.409   0.011
  0.0000     221.310   0.015
  0.0000     227.212   0.019
  0.0000     233.113   0.023
  0.0000     239.015   0.026
  0.0000     244.917   0.026
  0.0000     250.818   0.025
  0.0000     256.720   0.021
  0.0000     262.621   0.016
  0.0000     268.523   0.011
  0.0000     274.425   0.007
  0.0000     280.326   0.004
  0.0000     286.228   0.002
  0.0000     292.129   0.001
  0.0000     298.031   0.000
  0.0000     303.933   0.000
  0.0000     309.834   0.000
  0.0000     315.736   0.000
  0.0000     321.637   0.000
  0.0000     327.539   0.000
  0.0000     333.441   0.000
  0.0000     339.342   0.000
  0.0000     345.244   0.000
  0.0000     351.145   0.000
  0.0000     357.047   0.000
 0.10000E-12   2.951   0.000
 0.10000E-12   8.853   0.000
 0.10000E-12  14.754   0.000
 0.10000E-12  20.656   0.000
 0.10000E-12  26.557   0.000
 0.10000E-12  32.459   0.000
 0.10000E-12  38.361   0.000
 0.10000E-12  44.262   0.000
 0.10000E-12  50.164   0.000
 0.10000E-12  56.065   0.000
 0.10000E-12  61.967   0.001
 0.10000E-12  67.869   0.002
 0.10000E-12  73.770   0.004
 0.10000E-12  79.672   0.009
 0.10000E-12  85.573   0.017
 0.10000E-12  91.475   0.029
 0.10000E-12  97.377   0.045
 0.10000E-12 103.278   0.062
 0.10000E-12 109.180   0.077
 0.10000E-12 115.081   0.087
 0.10000E-12 120.983   0.089
 0.10000E-12 126.885   0.085
 0.10000E-12 132.786   0.075
 0.10000E-12 138.688   0.062
 0.10000E-12 144.589   0.048
 0.10000E-12 150.491   0.036
 0.10000E-12 156.393   0.026
 0.10000E-12 162.294   0.018
 0.10000E-12 168.196   0.012
 0.10000E-12 174.097   0.009
 0.10000E-12 179.999   0.006
 0.10000E-12 185.901   0.004
 0.10000E-12 191.802   0.004
 0.10000E-12 197.704   0.004
 0.10000E-12 203.605   0.005
 0.10000E-12 209.507   0.006
 0.10000E-12 215.409   0.009
 0.10000E-12 221.310   0.012
 0.10000E-12 227.212   0.016
 0.10000E-12 233.113   0.020
 0.10000E-12 239.015   0.022
 0.10000E-12 244.917   0.023
 0.10000E-12 250.818   0.022
 0.10000E-12 256.720   0.019
 0.10000E-12 262.621   0.015
 0.10000E-12 268.523   0.010
 0.10000E-12 274.425   0.006
 0.10000E-12 280.326   0.003
 0.10000E-12 286.228   0.002
 0.10000E-12 292.129   0.001
 0.10000E-12 298.031   0.000
 0.10000E-12 303.933   0.000
 0.10000E-12 309.834   0.000
 0.10000E-12 315.736   0.000
 0.10000E-12 321.637   0.000
 0.10000E-12 327.539   0.000
 0.10000E-12 333.441   0.000
 0.10000E-12 339.342   0.000
 0.10000E-12 345.244   0.000
 0.10000E-12 351.145   0.000
 0.10000E-12 357.047   0.000
 0.20000E-12   2.951   0.000
 0.20000E-12   8.853   0.000
 0.20000E-12  14.754   0.000
 0.20000E-12  20.656   0.000
 0.20000E-12  26.557   0.000
 0.20000E-12  32.459   0.000
 0.20000E-12  38.361   0.000
 0.20000E-12  44.262   0.000
 0.20000E-12  50.164   0.000
 0.20000E-12  56.065   0.000
 0.20000E-12  61.967   0.001
 0.20000E-12  67.869   0.002
 0.20000E-12  73.770   0.004
 0.20000E-12  79.672   0.008
 0.20000E-12  85.573   0.016
 0.20000E-12  91.475   0.028
 0.20000E-12  97.377   0.043
 0.20000E-12 103.278   0.060
 0.20000E-12 109.180   0.074
 0.20000E-12 115.081   0.084
 0.20000E-12 120.983   0.086
 0.20000E-12 126.885   0.081
 0.20000E-12 132.786   0.072
 0.20000E-12 138.688   0.059
 0.20000E-12 144.589   0.046
 0.20000E-12 150.491   0.034
 0.20000E-12 156.393   0.025
 0.20000E-12 162.294   0.017
 0.20000E-12 168.196   0.012
 0.20000E-12 174.097   0.008
 0.20000E-12 179.999   0.006
 0.20000E-12 185.901   0.005
 0.20000E-12 191.802   0.004
 0.20000E-12 197.704   0.004
 0.20000E-12 203.605   0.006
 0.20000E-12 209.507   0.008
 0.20000E-12 215.409   0.011
 0.20000E-12 221.310   0.015
 0.20000E-12 227.212   0.019
 0.20000E-12 233.113   0.023
 0.20000E-12 239.015   0.026
 0.20000E-12 244.917   0.027
 0.20000E-12 250.818   0.025
 0.20000E-12 256.720   0.021
 0.20000E-12 262.621   0.016
 0.20000E-12 268.523   0.011
 0.20000E-12 274.425   0.007
 0.20000E-12 280.326   0.004
 0.20000E-12 286.228   0.002
 0.20000E-12 292.129   0.001
 0.20000E-12 298.031   0.000
 0.20000E-12 303.933   0.000
 0.20000E-12 309.834   0.000
 0.20000E-12 315.736   0.000
 0.20000E-12 321.637   0.000
 0.20000E-12 327.539   0.000
 0.20000E-12 333.441   0.000
 0.20000E-12 339.342   0.000
 0.20000E-12 345.244   0.000
 0.20000E-12 351.145   0.000
 0.20000E-12 357.047   0.000
 0.30000E-12   2.951   0.000
 0.30000E-12   8.853   0.000
 0.30000E-12  14.754   0.000
 0.30000E-12  20.656   0.000
 0.30000E-12  26.557   0.000
 0.30000E-12  32.459   0.000
 0.30000E-12  38.361   0.000
 0.30000E-12  44.262   0.000
 0.30000E-12  50.164   0.000
 0.30000E-12  56.065   0.000
 0.30000E-12  61.967   0.001
 0.30000E-12  67.869   0.001
 0.30000E-12  73.770   0.003
 0.30000E-12  79.672   0.007
 0.30000E-12  85.573   0.014
 0.30000E-12  91.475   0.025
 0.30000E-12  97.377   0.038
 0.30000E-12 103.278   0.053
 0.30000E-12 109.180   0.066
 0.30000E-12 115.081   0.074
 0.30000E-12 120.983   0.076
 0.30000E-12 126.885   0.072
 0.30000E-12 132.786   0.064
 0.30000E-12 138.688   0.052
 0.30000E-12 144.589   0.041
 0.30000E-12 150.491   0.031
 0.30000E-12 156.393   0.022
 0.30000E-12 162.294   0.016
 0.30000E-12 168.196   0.011
 0.30000E-12 174.097   0.008
 0.30000E-12 179.999   0.006
 0.30000E-12 185.901   0.005
 0.30000E-12 191.802   0.005
 0.30000E-12 197.704   0.006
 0.30000E-12 203.605   0.008
 0.30000E-12 209.507   0.012
 0.30000E-12 215.409   0.016
 0.30000E-12 221.310   0.021
 0.30000E-12 227.212   0.027
 0.30000E-12 233.113   0.032
 0.30000E-12 239.015   0.036
 0.30000E-12 244.917   0.036
 0.30000E-12 250.818   0.033
 0.30000E-12 256.720   0.028
 0.30000E-12 262.621   0.021
 0.30000E-12 268.523   0.014
 0.30000E-12 274.425   0.009
 0.30000E-12 280.326   0.005
 0.30000E-12 286.228   0.002
 0.30000E-12 292.129   0.001
 0.30000E-12 298.031   0.000
 0.30000E-12 303.933   0.000
 0.30000E-12 309.834   0.000
 0.30000E-12 315.736   0.000
 0.30000E-12 321.637   0.000
 0.30000E-12 327.539   0.000
 0.30000E-12 333.441   0.000
 0.30000E-12 339.342   0.000
 0.30000E-12 345.244   0.000
 0.30000E-12 351.145   0.000
 0.30000E-12 357.047   0.000
 0.40000E-12   2.951   0.000
 0.40000E-12   8.853   0.000
 0.40000E-12  14.754   0.000
 0.40000E-12  20.656   0.000
 0.40000E-12  26.557   0.000
 0.40000E-12  32.459   0.000
 0.40000E-12  38.361   0.000
 0.40000E-12  44.262   0.000
 0.40000E-12  50.164   0.000
 0.40000E-12  56.065   0.000
 0.40000E-12  61.967   0.000
 0.40000E-12  67.869   0.001
 0.40000E-12  73.770   0.003
 0.40000E-12  79.672   0.006
 0.40000E-12  85.573   0.012
 0.40000E-12  91.475   0.020
 0.40000E-12  97.377   0.031
 0.40000E-12 103.278   0.043
 0.40000E-12 109.180   0.053
 0.40000E-12 115.081   0.060
 0.40000E-12 120.983   0.062
 0.40000E-12 126.885   0.058
 0.40000E-12 132.786   0.051
 0.40000E-12 138.688   0.042
 0.40000E-12 144.589   0.033
 0.40000E-12 150.491   0.025
 0.40000E-12 156.393   0.018
 0.40000E-12 162.294   0.013
 0.40000E-12 168.196   0.009
 0.40000E-12 174.097   0.007
 0.40000E-12 179.999   0.006
 0.40000E-12 185.901   0.006
 0.40000E-12 191.802   0.007
 0.40000E-12 197.704   0.009
 0.40000E-12 203.605   0.013
 0.40000E-12 209.507   0.018
 0.40000E-12 215.409   0.024
 0.40000E-12 221.310   0.032
 0.40000E-12 227.212   0.039
 0.40000E-12 233.113   0.046
 0.40000E-12 239.015   0.050
 0.40000E-12 244.917   0.050
 0.40000E-12 250.818   0.045
 0.40000E-12 256.720   0.038
 0.40000E-12 262.621   0.028
 0.40000E-12 268.523   0.019
 0.40000E-12 274.425   0.011
 0.40000E-12 280.326   0.006
 0.40000E-12 286.228   0.003
 0.40000E-12 292.129   0.001
 0.40000E-12 298.031   0.000
 0.40000E-12 303.933   0.000
 0.40000E-12 309.834   0.000
 0.40000E-12 315.736   0.000
 0.40000E-12 321.637   0.000
 0.40000E-12 327.539   0.000
 0.40000E-12 333.441   0.000
 0.40000E-12 339.342   0.000
 0.40000E-12 345.244   0.000
 0.40000E-12 351.145   0.000
 0.40000E-12 357.047   0.000
 0.50000E-12   2.951   0.000
 0.50000E-12   8.853   0.000
 0.50000E-12  14.754   0.000
 0.50000E-12  20.656   0.000
 0.50000E-12  26.557   0.000
 0.50000E-12  32.459   0.000
 0.50000E-12  38.361   0.000
 0.50000E-12  44.262   0.000
 0.50000E-12  50.164   0.000
 0.50000E-12  56.065   0.000
 0.50000E-12  61.967   0.000
 0.50000E-12  67.869   0.001
 0.50000E-12  73.770   0.002
 0.50000E-12  79.672   0.005
 0.50000E-12  85.573   0.009
 0.50000E-12  91.475   0.015
 0.50000E-12  97.377   0.023
 0.50000E-12 103.278   0.032
 0.50000E-12 109.180   0.040
 0.50000E-12 115.081   0.044
 0.50000E-12 120.983   0.045
 0.50000E-12 126.885   0.043
 0.50000E-12 132.786   0.037
 0.50000E-12 138.688   0.031
 0.50000E-12 144.589   0.024
 0.50000E-12 150.491   0.018
 0.50000E-12 156.393   0.013
 0.50000E-12 162.294   0.009
 0.50000E-12 168.196   0.007
 0.50000E-12 174.097   0.006
 0.50000E-12 179.999   0.006
 0.50000E-12 185.901   0.007
 0.50000E-12 191.802   0.009
 0.50000E-12 197.704   0.012
 0.50000E-12 203.605   0.017
 0.50000E-12 209.507   0.024
 0.50000E-12 215.409   0.033
 0.50000E-12 221.310   0.043
 0.50000E-12 227.212   0.053
 0.50000E-12 233.113   0.062
 0.50000E-12 239.015   0.066
 0.50000E-12 244.917   0.066
 0.50000E-12 250.818   0.060
 0.50000E-12 256.720   0.049
 0.50000E-12 262.621   0.036
 0.50000E-12 268.523   0.024
 0.50000E-12 274.425   0.014
 0.50000E-12 280.326   0.008
 0.50000E-12 286.228   0.004
 0.50000E-12 292.129   0.001
 0.50000E-12 298.031   0.001
 0.50000E-12 303.933   0.000
 0.50000E-12 309.834   0.000
 0.50000E-12 315.736   0.000
 0.50000E-12 321.637   0.000
 0.50000E-12 327.539   0.000
 0.50000E-12 333.441   0.000
 0.50000E-12 339.342   0.000
 0.50000E-12 345.244   0.000
 0.50000E-12 351.145   0.000
 0.50000E-12 357.047   0.000
 0.60000E-12   2.951   0.000
 0.60000E-12   8.853   0.000
 0.60000E-12  14.754   0.000
 0.60000E-12  20.656   0.000
 0.60000E-12  26.557   0.000
 0.60000E-12  32.459   0.000
 0.60000E-12  38.361   0.000
 0.60000E-12  44.262   0.000
 0.60000E-12  50.164   0.000
 0.60000E-12  56.065   0.000
 0.60000E-12  61.967   0.000
 0.60000E-12  67.869   0.001
 0.60000E-12  73.770   0.001
 0.60000E-12  79.672   0.003
 0.60000E-12  85.573   0.006
 0.60000E-12  91.475   0.010
 0.60000E-12  97.377   0.016
 0.60000E-12 103.278   0.021
 0.60000E-12 109.180   0.026
 0.60000E-12 115.081   0.029
 0.60000E-12 120.983   0.029
 0.60000E-12 126.885   0.028
 0.60000E-12 132.786   0.024
 0.60000E-12 138.688   0.020
 0.60000E-12 144.589   0.015
 0.60000E-12 150.491   0.011
 0.60000E-12 156.393   0.009
 0.60000E-12 162.294   0.007
 0.60000E-12 168.196   0.005
 0.60000E-12 174.097   0.005
 0.60000E-12 179.999   0.006
 0.60000E-12 185.901   0.008
 0.60000E-12 191.802   0.011
 0.60000E-12 197.704   0.015
 0.60000E-12 203.605   0.022
 0.60000E-12 209.507   0.031
 0.60000E-12 215.409   0.042
 0.60000E-12 221.310   0.054
 0.60000E-12 227.212   0.067
 0.60000E-12 233.113   0.077
 0.60000E-12 239.015   0.082
 0.60000E-12 244.917   0.081
 0.60000E-12 250.818   0.073
 0.60000E-12 256.720   0.060
 0.60000E-12 262.621   0.044
 0.60000E-12 268.523   0.029
 0.60000E-12 274.425   0.017
 0.60000E-12 280.326   0.009
 0.60000E-12 286.228   0.004
 0.60000E-12 292.129   0.002
 0.60000E-12 298.031   0.001
 0.60000E-12 303.933   0.000
 0.60000E-12 309.834   0.000
 0.60000E-12 315.736   0.000
 0.60000E-12 321.637   0.000
 0.60000E-12 327.539   0.000
 0.60000E-12 333.441   0.000
 0.60000E-12 339.342   0.000
 0.60000E-12 345.244   0.000
 0.60000E-12 351.145   0.000
 0.60000E-12 357.047   0.000
 0.70000E-12   2.951   0.000
 0.70000E-12   8.853   0.000
 0.70000E-12  14.754   0.000
 0.70000E-12  20.656   0.000
 0.70000E-12  26.557   0.000
 0.70000E-12  32.459   0.000
 0.70000E-12  38.361   0.000
 0.70000E-12  44.262   0.000
 0.70000E-12  50.164   0.000
 0.70000E-12  56.065   0.000
 0.70000E-12  61.967   0.000
 0.70000E-12  67.869   0.000
 0.70000E-12  73.770   0.001
 0.70000E-12  79.672   0.002
 0.70000E-12  85.573   0.004
 0.70000E-12  91.475   0.007
 0.70000E-12  97.377   0.010
 0.70000E-12 103.278   0.013
 0.70000E-12 109.180   0.016
 0.70000E-12 115.081   0.017
 0.70000E-12 120.983   0.017
 0.70000E-12 126.885   0.016
 0.70000E-12 132.786   0.014
 0.70000E-12 138.688   0.011
 0.70000E-12 144.589   0.008
 0.70000E-12 150.491   0.006
 0.70000E-12 156.393   0.005
 0.70000E-12 162.294   0.004
 0.70000E-12 168.196   0.004
 0.70000E-12 174.097   0.005
 0.70000E-12 179.999   0.006
 0.70000E-12 185.901   0.008
 0.70000E-12 191.802   0.012
 0.70000E-12 197.704   0.018
 0.70000E-12 203.605   0.026
 0.70000E-12 209.507   0.036
 0.70000E-12 215.409   0.049
 0.70000E-12 221.310   0.063
 0.70000E-12 227.212   0.077
 0.70000E-12 233.113   0.088
 0.70000E-12 239.015   0.094
 0.70000E-12 244.917   0.093
 0.70000E-12 250.818   0.083
 0.70000E-12 256.720   0.068
 0.70000E-12 262.621   0.050
 0.70000E-12 268.523   0.033
 0.70000E-12 274.425   0.019
 0.70000E-12 280.326   0.010
 0.70000E-12 286.228   0.005
 0.70000E-12 292.129   0.002
 0.70000E-12 298.031   0.001
 0.70000E-12 303.933   0.000
 0.70000E-12 309.834   0.000
 0.70000E-12 315.736   0.000
 0.70000E-12 321.637   0.000
 0.70000E-12 327.539   0.000
 0.70000E-12 333.441   0.000
 0.70000E-12 339.342   0.000
 0.70000E-12 345.244   0.000
 0.70000E-12 351.145   0.000
 0.70000E-12 357.047   0.000
 0.80000E-12   2.951   0.000
 0.80000E-12   8.853   0.000
 0.80000E-12  14.754   0.000
 0.80000E-12  20.656   0.000
 0.80000E-12  26.557   0.000
 0.80000E-12  32.459   0.000
 0.80000E-12  38.361   0.000
 0.80000E-12  44.262   0.000
 0.80000E-12  50.164   0.000
 0.80000E-12  56.065   0.000
 0.80000E-12  61.967   0.000
 0.80000E-12  67.869   0.000
 0.80000E-12  73.770   0.001
 0.80000E-12  79.672   0.002
 0.80000E-12  85.573   0.003
 0.80000E-12  91.475   0.005
 0.80000E-12  97.377   0.007
 0.80000E-12 103.278   0.009
 0.80000E-12 109.180   0.011
 0.80000E-12 115.081   0.011
 0.80000E-12 120.983   0.011
 0.80000E-12 126.885   0.010
 0.80000E-12 132.786   0.008
 0.80000E-12 138.688   0.006
 0.80000E-12 144.589   0.005
 0.80000E-12 150.491   0.003
 0.80000E-12 156.393   0.003
 0.80000E-12 162.294   0.003
 0.80000E-12 168.196   0.003
 0.80000E-12 174.097   0.004
 0.80000E-12 179.999   0.006
 0.80000E-12 185.901   0.009
 0.80000E-12 191.802   0.013
 0.80000E-12 197.704   0.019
 0.80000E-12 203.605   0.028
 0.80000E-12 209.507   0.039
 0.80000E-12 215.409   0.052
 0.80000E-12 221.310   0.068
 0.80000E-12 227.212   0.083
 0.80000E-12 233.113   0.095
 0.80000E-12 239.015   0.101
 0.80000E-12 244.917   0.099
 0.80000E-12 250.818   0.088
 0.80000E-12 256.720   0.072
 0.80000E-12 262.621   0.053
 0.80000E-12 268.523   0.035
 0.80000E-12 274.425   0.020
 0.80000E-12 280.326   0.011
 0.80000E-12 286.228   0.005
 0.80000E-12 292.129   0.002
 0.80000E-12 298.031   0.001
 0.80000E-12 303.933   0.000
 0.80000E-12 309.834   0.000
 0.80000E-12 315.736   0.000
 0.80000E-12 321.637   0.000
 0.80000E-12 327.539   0.000
 0.80000E-12 333.441   0.000
 0.80000E-12 339.342   0.000
 0.80000E-12 345.244   0.000
 0.80000E-12 351.145   0.000
 0.80000E-12 357.047   0.000
 0.90000E-12   2.951   0.000
 0.90000E-12   8.853   0.000
 0.90000E-12  14.754   0.000
 0.90000E-12  20.656   0.000
 0.90000E-12  26.557   0.000
 0.90000E-12  32.459   0.000
 0.90000E-12  38.361   0.000
 0.90000E-12  44.262   0.000
 0.90000E-12  50.164   0.000
 0.90000E-12  56.065   0.000
 0.90000E-12  61.967   0.000
 0.90000E-12  67.869   0.000
 0.90000E-12  73.770   0.001
 0.90000E-12  79.672   0.002
 0.90000E-12  85.573   0.003
 0.90000E-12  91.475   0.005
 0.90000E-12  97.377   0.008
 0.90000E-12 103.278   0.010
 0.90000E-12 109.180   0.011
 0.90000E-12 115.081   0.012
 0.90000E-12 120.983   0.012
 0.90000E-12 126.885   0.010
 0.90000E-12 132.786   0.008
 0.90000E-12 138.688   0.006
 0.90000E-12 144.589   0.005
 0.90000E-12 150.491   0.003
 0.90000E-12 156.393   0.003
 0.90000E-12 162.294   0.003
 0.90000E-12 168.196   0.003
 0.90000E-12 174.097   0.004
 0.90000E-12 179.999   0.006
 0.90000E-12 185.901   0.009
 0.90000E-12 191.802   0.013
 0.90000E-12 197.704   0.019
 0.90000E-12 203.605   0.028
 0.90000E-12 209.507   0.039
 0.90000E-12 215.409   0.052
 0.90000E-12 221.310   0.067
 0.90000E-12 227.212   0.082
 0.90000E-12 233.113   0.094
 0.90000E-12 239.015   0.100
 0.90000E-12 244.917   0.098
 0.90000E-12 250.818   0.088
 0.90000E-12 256.720   0.071
 0.90000E-12 262.621   0.052
 0.90000E-12 268.523   0.034
 0.90000E-12 274.425   0.020
 0.90000E-12 280.326   0.010
 0.90000E-12 286.228   0.005
 0.90000E-12 292.129   0.002
 0.90000E-12 298.031   0.001
 0.90000E-12 303.933   0.000
 0.90000E-12 309.834   0.000
 0.90000E-12 315.736   0.000
 0.90000E-12 321.637   0.000
 0.90000E-12 327.539   0.000
 0.90000E-12 333.441   0.000
 0.90000E-12 339.342   0.000
 0.90000E-12 345.244   0.000
 0.90000E-12 351.145   0.000
 0.90000E-12 357.047   0.000
 0.10000E-11   2.951   0.000
 0.10000E-11   8.853   0.000
 0.10000E-11  14.754   0.000
 0.10000E-11  20.656   0.000
 0.10000E-11  26.557   0.000
 0.10000E-11  32.459   0.000
 0.10000E-11  38.361   0.000
 0.10000E-11  44.262   0.000
 0.10000E-11  50.164   0.000
 0.10000E-11  56.065   0.000
 0.10000E-11  61.967   0.000
 0.10000E-11  67.869   0.001
 0.10000E-11  73.770   0.001
 0.10000E-11  79.672   0.003
 0.10000E-11  85.573   0.005
 0.10000E-11  91.475   0.008
 0.10000E-11  97.377   0.012
 0.10000E-11 103.278   0.016
 0.10000E-11 109.180   0.019
 0.10000E-11 115.081   0.020
 0.10000E-11 120.983   0.020
 0.10000E-11 126.885   0.018
 0.10000E-11 132.786   0.015
 0.10000E-11 138.688   0.011
 0.10000E-11 144.589   0.009
 0.10000E-11 150.491   0.006
 0.10000E-11 156.393   0.005
 0.10000E-11 162.294   0.004
 0.10000E-11 168.196   0.004
 0.10000E-11 174.097   0.005
 0.10000E-11 179.999   0.006
 0.10000E-11 185.901   0.009
 0.10000E-11 191.802   0.012
 0.10000E-11 197.704   0.018
 0.10000E-11 203.605   0.026
 0.10000E-11 209.507   0.036
 0.10000E-11 215.409   0.049
 0.10000E-11 221.310   0.062
 0.10000E-11 227.212   0.076
 0.10000E-11 233.113   0.087
 0.10000E-11 239.015   0.092
 0.10000E-11 244.917   0.090
 0.10000E-11 250.818   0.080
 0.10000E-11 256.720   0.065
 0.10000E-11 262.621   0.047
 0.10000E-11 268.523   0.031
 0.10000E-11 274.425   0.018
 0.10000E-11 280.326   0.009
 0.10000E-11 286.228   0.004
 0.10000E-11 292.129   0.002
 0.10000E-11 298.031   0.001
 0.10000E-11 303.933   0.000
 0.10000E-11 309.834   0.000
 0.10000E-11 315.736   0.000
 0.10000E-11 321.637   0.000
 0.10000E-11 327.539   0.000
 0.10000E-11 333.441   0.000
 0.10000E-11 339.342   0.000
 0.10000E-11 345.244   0.000
 0.10000E-11 351.145   0.000
 0.10000E-11 357.047   0.000
 0.11000E-11   2.951   0.000
 0.11000E-11   8.853   0.000
 0.11000E-11  14.754   0.000
 0.11000E-11  20.656   0.000
 0.11000E-11  26.557   0.000
 0.11000E-11  32.459   0.000
 0.11000E-11  38.361   0.000
 0.11000E-11  44.262   0.000
 0.11000E-11  50.164   0.000
 0.11000E-11  56.065   0.000
 0.11000E-11  61.967   0.000
 0.11000E-11  67.869   0.001
 0.11000E-11  73.770   0.002
 0.11000E-11  79.672   0.004
 0.11000E-11  85.573   0.008
 0.11000E-11  91.475   0.013
 0.11000E-11  97.377   0.019
 0.11000E-11 103.278   0.026
 0.11000E-11 109.180   0.031
 0.11000E-11 115.081   0.034
 0.11000E-11 120.983   0.034
 0.11000E-11 126.885   0.031
 0.11000E-11 132.786   0.026
 0.11000E-11 138.688   0.021
 0.11000E-11 144.589   0.016
 0.11000E-11 150.491   0.012
 0.11000E-11 156.393   0.009
 0.11000E-11 162.294   0.007
 0.11000E-11 168.196   0.005
 0.11000E-11 174.097   0.005
 0.11000E-11 179.999   0.006
 0.11000E-11 185.901   0.008
 0.11000E-11 191.802   0.011
 0.11000E-11 197.704   0.015
 0.11000E-11 203.605   0.022
 0.11000E-11 209.507   0.030
 0.11000E-11 215.409   0.041
 0.11000E-11 221.310   0.053
 0.11000E-11 227.212   0.064
 0.11000E-11 233.113   0.073
 0.11000E-11 239.015   0.078
 0.11000E-11 244.917   0.076
 0.11000E-11 250.818   0.068
 0.11000E-11 256.720   0.055
 0.11000E-11 262.621   0.040
 0.11000E-11 268.523   0.026
 0.11000E-11 274.425   0.015
 0.11000E-11 280.326   0.008
 0.11000E-11 286.228   0.004
 0.11000E-11 292.129   0.002
 0.11000E-11 298.031   0.001
 0.11000E-11 303.933   0.000
 0.11000E-11 309.834   0.000
 0.11000E-11 315.736   0.000
 0.11000E-11 321.637   0.000
 0.11000E-11 327.539   0.000
 0.11000E-11 333.441   0.000
 0.11000E-11 339.342   0.000
 0.11000E-11 345.244   0.000
 0.11000E-11 351.145   0.000
 0.11000E-11 357.047   0.000
 0.12000E-11   2.951   0.000
 0.12000E-11   8.853   0.000
 0.12000E-11  14.754   0.000
 0.12000E-11  20.656   0.000
 0.12000E-11  26.557   0.000
 0.12000E-11  32.459   0.000
 0.12000E-11  38.361   0.000
 0.12000E-11  44.262   0.000
 0.12000E-11  50.164   0.000
 0.12000E-11  56.065   0.000
 0.12000E-11  61.967   0.000
 0.12000E-11  67.869   0.001
 0.12000E-11  73.770   0.003
 0.12000E-11  79.672   0.006
 0.12000E-11  85.573   0.011
 0.12000E-11  91.475   0.019
 0.12000E-11  97.377   0.029
 0.12000E-11 103.278   0.039
 0.12000E-11 109.180   0.047
 0.12000E-11 115.081   0.052
 0.12000E-11 120.983   0.052
 0.12000E-11 126.885   0.048
 0.12000E-11 132.786   0.042
 0.12000E-11 138.688   0.034
 0.12000E-11 144.589   0.026
 0.12000E-11 150.491   0.019
 0.12000E-11 156.393   0.013
 0.12000E-11 162.294   0.010
 0.12000E-11 168.196   0.007
 0.12000E-11 174.097   0.006
 0.12000E-11 179.999   0.006
 0.12000E-11 185.901   0.007
 0.12000E-11 191.802   0.009
 0.12000E-11 197.704   0.012
 0.12000E-11 203.605   0.017
 0.12000E-11 209.507   0.023
 0.12000E-11 215.409   0.031
 0.12000E-11 221.310   0.040
 0.12000E-11 227.212   0.049
 0.12000E-11 233.113   0.056
 0.12000E-11 239.015   0.059
 0.12000E-11 244.917   0.058
 0.12000E-11 250.818   0.052
 0.12000E-11 256.720   0.042
 0.12000E-11 262.621   0.031
 0.12000E-11 268.523   0.020
 0.12000E-11 274.425   0.012
 0.12000E-11 280.326   0.006
 0.12000E-11 286.228   0.003
 0.12000E-11 292.129   0.001
 0.12000E-11 298.031   0.000
 0.12000E-11 303.933   0.000
 0.12000E-11 309.834   0.000
 0.12000E-11 315.736   0.000
 0.12000E-11 321.637   0.000
 0.12000E-11 327.539   0.000
 0.12000E-11 333.441   0.000
 0.12000E-11 339.342   0.000
 0.12000E-11 345.244   0.000
 0.12000E-11 351.145   0.000
 0.12000E-11 357.047   0.000
 0.13000E-11   2.951   0.000
 0.13000E-11   8.853   0.000
 0.13000E-11  14.754   0.000
 0.13000E-11  20.656   0.000
 0.13000E-11  26.557   0.000
 0.13000E-11  32.459   0.000
 0.13000E-11  38.361   0.000
 0.13000E-11  44.262   0.000
 0.13000E-11  50.164   0.000
 0.13000E-11  56.065   0.000
 0.13000E-11  61.967   0.001
 0.13000E-11  67.869   0.002
 0.13000E-11  73.770   0.004
 0.13000E-11  79.672   0.008
 0.13000E-11  85.573   0.015
 0.13000E-11  91.475   0.026
 0.13000E-11  97.377   0.039
 0.13000E-11 103.278   0.053
 0.13000E-11 109.180   0.064
 0.13000E-11 115.081   0.071
 0.13000E-11 120.983   0.072
 0.13000E-11 126.885   0.067
 0.13000E-11 132.786   0.058
 0.13000E-11 138.688   0.047
 0.13000E-11 144.589   0.036
 0.13000E-11 150.491   0.027
 0.13000E-11 156.393   0.019
 0.13000E-11 162.294   0.013
 0.13000E-11 168.196   0.009
 0.13000E-11 174.097   0.007
 0.13000E-11 179.999   0.006
 0.13000E-11 185.901   0.006
 0.13000E-11 191.802   0.007
 0.13000E-11 197.704   0.009
 0.13000E-11 203.605   0.012
 0.13000E-11 209.507   0.016
 0.13000E-11 215.409   0.021
 0.13000E-11 221.310   0.027
 0.13000E-11 227.212   0.033
 0.13000E-11 233.113   0.037
 0.13000E-11 239.015   0.039
 0.13000E-11 244.917   0.039
 0.13000E-11 250.818   0.034
 0.13000E-11 256.720   0.028
 0.13000E-11 262.621   0.020
 0.13000E-11 268.523   0.013
 0.13000E-11 274.425   0.008
 0.13000E-11 280.326   0.004
 0.13000E-11 286.228   0.002
 0.13000E-11 292.129   0.001
 0.13000E-11 298.031   0.000
 0.13000E-11 303.933   0.000
 0.13000E-11 309.834   0.000
 0.13000E-11 315.736   0.000
 0.13000E-11 321.637   0.000
 0.13000E-11 327.539   0.000
 0.13000E-11 333.441   0.000
 0.13000E-11 339.342   0.000
 0.13000E-11 345.244   0.000
 0.13000E-11 351.145   0.000
 0.13000E-11 357.047   0.000
 0.14000E-11   2.951   0.000
 0.14000E-11   8.853   0.000
 0.14000E-11  14.754   0.000
 0.14000E-11  20.656   0.000
 0.14000E-11  26.557   0.000
 0.14000E-11  32.459   0.000
 0.14000E-11  38.361   0.000
 0.14000E-11  44.262   0.000
 0.14000E-11  50.164   0.000
 0.14000E-11  56.065   0.000
 0.14000E-11  61.967   0.001
 0.14000E-11  67.869   0.002
 0.14000E-11  73.770   0.005
 0.14000E-11  79.672   0.010
 0.14000E-11  85.573   0.019
 0.14000E-11  91.475   0.032
 0.14000E-11  97.377   0.048
 0.14000E-11 103.278   0.065
 0.14000E-11 109.180   0.080
 0.14000E-11 115.081   0.089
 0.14000E-11 120.983   0.090
 0.14000E-11 126.885   0.084
 0.14000E-11 132.786   0.073
 0.14000E-11 138.688   0.059
 0.14000E-11 144.589   0.046
 0.14000E-11 150.491   0.034
 0.14000E-11 156.393   0.024
 0.14000E-11 162.294   0.017
 0.14000E-11 168.196   0.012
 0.14000E-11 174.097   0.008
 0.14000E-11 179.999   0.006
 0.14000E-11 185.901   0.005
 0.14000E-11 191.802   0.005
 0.14000E-11 197.704   0.005
 0.14000E-11 203.605   0.007
 0.14000E-11 209.507   0.009
 0.14000E-11 215.409   0.011
 0.14000E-11 221.310   0.014
 0.14000E-11 227.212   0.018
 0.14000E-11 233.113   0.020
 0.14000E-11 239.015   0.021
 0.14000E-11 244.917   0.021
 0.14000E-11 250.818   0.019
 0.14000E-11 256.720   0.015
 0.14000E-11 262.621   0.011
 0.14000E-11 268.523   0.007
 0.14000E-11 274.425   0.004
 0.14000E-11 280.326   0.002
 0.14000E-11 286.228   0.001
 0.14000E-11 292.129   0.000
 0.14000E-11 298.031   0.000
 0.14000E-11 303.933   0.000
 0.14000E-11 309.834   0.000
 0.14000E-11 315.736   0.000
 0.14000E-11 321.637   0.000
 0.14000E-11 327.539   0.000
 0.14000E-11 333.441   0.000
 0.14000E-11 339.342   0.000
 0.14000E-11 345.244   0.000
 0.14000E-11 351.145   0.000
 0.14000E-11 357.047   0.000
 0.15000E-11   2.951   0.000
 0.15000E-11   8.853   0.000
 0.15000E-11  14.754   0.000
 0.15000E-11  20.656   0.000
 0.15000E-11  26.557   0.000
 0.15000E-11  32.459   0.000
 0.15000E-11  38.361   0.000
 0.15000E-11  44.262   0.000
 0.15000E-11  50.164   0.000
 0.15000E-11  56.065   0.000
 0.15000E-11  61.967   0.001
 0.15000E-11  67.869   0.002
 0.15000E-11  73.770   0.005
 0.15000E-11  79.672   0.011
 0.15000E-11  85.573   0.022
 0.15000E-11  91.475   0.037
 0.15000E-11  97.377   0.055
 0.15000E-11 103.278   0.075
 0.15000E-11 109.180   0.092
 0.15000E-11 115.081   0.102
 0.15000E-11 120.983   0.104
 0.15000E-11 126.885   0.097
 0.15000E-11 132.786   0.084
 0.15000E-11 138.688   0.069
 0.15000E-11 144.589   0.053
 0.15000E-11 150.491   0.039
 0.15000E-11 156.393   0.027
 0.15000E-11 162.294   0.019
 0.15000E-11 168.196   0.013
 0.15000E-11 174.097   0.009
 0.15000E-11 179.999   0.006
 0.15000E-11 185.901   0.004
 0.15000E-11 191.802   0.003
 0.15000E-11 197.704   0.003
 0.15000E-11 203.605   0.003
 0.15000E-11 209.507   0.003
 0.15000E-11 215.409   0.004
 0.15000E-11 221.310   0.005
 0.15000E-11 227.212   0.006
 0.15000E-11 233.113   0.007
 0.15000E-11 239.015   0.008
 0.15000E-11 244.917   0.008
 0.15000E-11 250.818   0.007
 0.15000E-11 256.720   0.006
 0.15000E-11 262.621   0.004
 0.15000E-11 268.523   0.003
 0.15000E-11 274.425   0.002
 0.15000E-11 280.326   0.001
 0.15000E-11 286.228   0.000
 0.15000E-11 292.129   0.000
 0.15000E-11 298.031   0.000
 0.15000E-11 303.933   0.000
 0.15000E-11 309.834   0.000
 0.15000E-11 315.736   0.000
 0.15000E-11 321.637   0.000
 0.15000E-11 327.539   0.000
 0.15000E-11 333.441   0.000
 0.15000E-11 339.342   0.000
 0.15000E-11 345.244   0.000
 0.15000E-11 351.145   0.000
 0.15000E-11 357.047   0.000
 0.16000E-11   2.951   0.000
 0.16000E-11   8.853   0.000
 0.16000E-11  14.754   0.000
 0.16000E-11  20.656   0.000
 0.16000E-11  26.557   0.000
 0.16000E-11  32.459   0.000
 0.16000E-11  38.361   0.000
 0.16000E-11  44.262   0.000
 0.16000E-11  50.164   0.000
 0.16000E-11  56.065   0.000
 0.16000E-11  61.967   0.001
 0.16000E-11  67.869   0.002
 0.16000E-11  73.770   0.006
 0.16000E-11  79.672   0.012
 0.16000E-11  85.573   0.023
 0.16000E-11  91.475   0.039
 0.16000E-11  97.377   0.059
 0.16000E-11 103.278   0.080
 0.16000E-11 109.180   0.098
 0.16000E-11 115.081   0.109
 0.16000E-11 120.983   0.111
 0.16000E-11 126.885   0.104
 0.16000E-11 132.786   0.090
 0.16000E-11 138.688   0.073
 0.16000E-11 144.589   0.057
 0.16000E-11 150.491   0.042
 0.16000E-11 156.393   0.029
 0.16000E-11 162.294   0.020
 0.16000E-11 168.196   0.014
 0.16000E-11 174.097   0.009
 0.16000E-11 179.999   0.006
 0.16000E-11 185.901   0.004
 0.16000E-11 191.802   0.002
 0.16000E-11 197.704   0.002
 0.16000E-11 203.605   0.001
 0.16000E-11 209.507   0.001
 0.16000E-11 215.409   0.000
 0.16000E-11 221.310   0.000
 0.16000E-11 227.212   0.001
 0.16000E-11 233.113   0.001
 0.16000E-11 239.015   0.001
 0.16000E-11 244.917   0.001
 0.16000E-11 250.818   0.001
 0.16000E-11 256.720   0.001
 0.16000E-11 262.621   0.001
 0.16000E-11 268.523   0.000
 0.16000E-11 274.425   0.000
 0.16000E-11 280.326   0.000
 0.16000E-11 286.228   0.000
 0.16000E-11 292.129   0.000
 0.16000E-11 298.031   0.000
 0.16000E-11 303.933   0.000
 0.16000E-11 309.834   0.000
 0.16000E-11 315.736   0.000
 0.16000E-11 321.637   0.000
 0.16000E-11 327.539   0.000
 0.16000E-11 333.441   0.000
 0.16000E-11 339.342   0.000
 0.16000E-11 345.244   0.000
 0.16000E-11 351.145   0.000
 0.16000E-11 357.047   0.000
 0.17000E-11   2.951   0.000
 0.17000E-11   8.853   0.000
 0.17000E-11  14.754   0.000
 0.17000E-11  20.656   0.000
 0.17000E-11  26.557   0.000
 0.17000E-11  32.459   0.000
 0.17000E-11  38.361   0.000
 0.17000E-11  44.262   0.000
 0.17000E-11  50.164   0.000
 0.17000E-11  56.065   0.000
 0.17000E-11  61.967   0.001
 0.17000E-11  67.869   0.002
 0.17000E-11  73.770   0.006
 0.17000E-11  79.672   0.012
 0.17000E-11  85.573   0.023
 0.17000E-11  91.475   0.038
 0.17000E-11  97.377   0.058
 0.17000E-11 103.278   0.079
 0.17000E-11 109.180   0.097
 0.17000E-11 115.081   0.108
 0.17000E-11 120.983   0.110
 0.17000E-11 126.885   0.103
 0.17000E-11 132.786   0.089
 0.17000E-11 138.688   0.073
 0.17000E-11 144.589   0.056
 0.17000E-11 150.491   0.041
 0.17000E-11 156.393   0.029
 0.17000E-11 162.294   0.020
 0.17000E-11 168.196   0.014
 0.17000E-11 174.097   0.009
 0.17000E-11 179.999   0.006
 0.17000E-11 185.901   0.004
 0.17000E-11 191.802   0.003
 0.17000E-11 197.704   0.002
 0.17000E-11 203.605   0.001
 0.17000E-11 209.507   0.001
 0.17000E-11 215.409   0.001
 0.17000E-11 221.310   0.001
 0.17000E-11 227.212   0.001
 0.17000E-11 233.113   0.001
 0.17000E-11 239.015   0.002
 0.17000E-11 244.917   0.002
 0.17000E-11 250.818   0.002
 0.17000E-11 256.720   0.001
 0.17000E-11 262.621   0.001
 0.17000E-11 268.523   0.001
 0.17000E-11 274.425   0.000
 0.17000E-11 280.326   0.000
 0.17000E-11 286.228   0.000
 0.17000E-11 292.129   0.000
 0.17000E-11 298.031   0.000
 0.17000E-11 303.933   0.000
 0.17000E-11 309.834   0.000
 0.17000E-11 315.736   0.000
 0.17000E-11 321.637   0.000
 0.17000E-11 327.539   0.000
 0.17000E-11 333.441   0.000
 0.17000E-11 339.342   0.000
 0.17000E-11 345.244   0.000
 0.17000E-11 351.145   0.000
 0.17000E-11 357.047   0.000
 0.18000E-11   2.951   0.000
 0.18000E-11   8.853   0.000
 0.18000E-11  14.754   0.000
 0.18000E-11  20.656   0.000
 0.18000E-11  26.557   0.000
 0.18000E-11  32.459   0.000
 0.18000E-11  38.361   0.000
 0.18000E-11  44.262   0.000
 0.18000E-11  50.164   0.000
 0.18000E-11  56.065   0.000
 0.18000E-11  61.967   0.001
 0.18000E-11  67.869   0.002
 0.18000E-11  73.770   0.005
 0.18000E-11  79.672   0.011
 0.18000E-11  85.573   0.021
 0.18000E-11  91.475   0.036
 0.18000E-11  97.377   0.054
 0.18000E-11 103.278   0.074
 0.18000E-11 109.180   0.091
 0.18000E-11 115.081   0.100
 0.18000E-11 120.983   0.102
 0.18000E-11 126.885   0.095
 0.18000E-11 132.786   0.082
 0.18000E-11 138.688   0.067
 0.18000E-11 144.589   0.052
 0.18000E-11 150.491   0.038
 0.18000E-11 156.393   0.027
 0.18000E-11 162.294   0.018
 0.18000E-11 168.196   0.013
 0.18000E-11 174.097   0.009
 0.18000E-11 179.999   0.006
 0.18000E-11 185.901   0.004
 0.18000E-11 191.802   0.003
 0.18000E-11 197.704   0.003
 0.18000E-11 203.605   0.003
 0.18000E-11 209.507   0.004
 0.18000E-11 215.409   0.005
 0.18000E-11 221.310   0.007
 0.18000E-11 227.212   0.008
 0.18000E-11 233.113   0.009
 0.18000E-11 239.015   0.010
 0.18000E-11 244.917   0.010
 0.18000E-11 250.818   0.009
 0.18000E-11 256.720   0.007
 0.18000E-11 262.621   0.005
 0.18000E-11 268.523   0.003
 0.18000E-11 274.425   0.002
 0.18000E-11 280.326   0.001
 0.18000E-11 286.228   0.000
 0.18000E-11 292.129   0.000
 0.18000E-11 298.031   0.000
 0.18000E-11 303.933   0.000
 0.18000E-11 309.834   0.000
 0.18000E-11 315.736   0.000
 0.18000E-11 321.637   0.000
 0.18000E-11 327.539   0.000
 0.18000E-11 333.441   0.000
 0.18000E-11 339.342   0.000
 0.18000E-11 345.244   0.000
 0.18000E-11 351.145   0.000
 0.18000E-11 357.047   0.000
 0.19000E-11   2.951   0.000
 0.19000E-11   8.853   0.000
 0.19000E-11  14.754   0.000
 0.19000E-11  20.656   0.000
 0.19000E-11  26.557   0.000
 0.19000E-11  32.459   0.000
 0.19000E-11  38.361   0.000
 0.19000E-11  44.262   0.000
 0.19000E-11  50.164   0.000
 0.19000E-11  56.065   0.000
 0.19000E-11  61.967   0.001
 0.19000E-11  67.869   0.002
 0.19000E-11  73.770   0.005
 0.19000E-11  79.672   0.010
 0.19000E-11  85.573   0.018
 0.19000E-11  91.475   0.031
 0.19000E-11  97.377   0.047
 0.19000E-11 103.278   0.064
 0.19000E-11 109.180   0.078
 0.19000E-11 115.081   0.086
 0.19000E-11 120.983   0.087
 0.19000E-11 126.885   0.081
 0.19000E-11 132.786   0.070
 0.19000E-11 138.688   0.057
 0.19000E-11 144.589   0.044
 0.19000E-11 150.491   0.032
 0.19000E-11 156.393   0.023
 0.19000E-11 162.294   0.016
 0.19000E-11 168.196   0.011
 0.19000E-11 174.097   0.008
 0.19000E-11 179.999   0.006
 0.19000E-11 185.901   0.005
 0.19000E-11 191.802   0.005
 0.19000E-11 197.704   0.006
 0.19000E-11 203.605   0.007
 0.19000E-11 209.507   0.010
 0.19000E-11 215.409   0.013
 0.19000E-11 221.310   0.017
 0.19000E-11 227.212   0.020
 0.19000E-11 233.113   0.023
 0.19000E-11 239.015   0.025
 0.19000E-11 244.917   0.024
 0.19000E-11 250.818   0.022
 0.19000E-11 256.720   0.017
 0.19000E-11 262.621   0.013
 0.19000E-11 268.523   0.008
 0.19000E-11 274.425   0.005
 0.19000E-11 280.326   0.003
 0.19000E-11 286.228   0.001
 0.19000E-11 292.129   0.000
 0.19000E-11 298.031   0.000
 0.19000E-11 303.933   0.000
 0.19000E-11 309.834   0.000
 0.19000E-11 315.736   0.000
 0.19000E-11 321.637   0.000
 0.19000E-11 327.539   0.000
 0.19000E-11 333.441   0.000
 0.19000E-11 339.342   0.000
 0.19000E-11 345.244   0.000
 0.19000E-11 351.145   0.000
 0.19000E-11 357.047   0.000
 0.20000E-11   2.951   0.000
 0.20000E-11   8.853   0.000
 0.20000E-11  14.754   0.000
 0.20000E-11  20.656   0.000
 0.20000E-11  26.557   0.000
 0.20000E-11  32.459   0.000
 0.20000E-11  38.361   0.000
 0.20000E-11  44.262   0.000
 0.20000E-11  50.164   0.000
 0.20000E-11  56.065   0.000
 0.20000E-11  61.967   0.001
 0.20000E-11  67.869   0.002
 0.20000E-11  73.770   0.004
 0.20000E-11  79.672   0.008
 0.20000E-11  85.573   0.015
 0.20000E-11  91.475   0.025
 0.20000E-11  97.377   0.037
 0.20000E-11 103.278   0.050
 0.20000E-11 109.180   0.061
 0.20000E-11 115.081   0.068
 0.20000E-11 120.983   0.068
 0.20000E-11 126.885   0.064
 0.20000E-11 132.786   0.055
 0.20000E-11 138.688   0.045
 0.20000E-11 144.589   0.034
 0.20000E-11 150.491   0.025
 0.20000E-11 156.393   0.018
 0.20000E-11 162.294   0.013
 0.20000E-11 168.196   0.009
 0.20000E-11 174.097   0.007
 0.20000E-11 179.999   0.006
 0.20000E-11 185.901   0.006
 0.20000E-11 191.802   0.007
 0.20000E-11 197.704   0.009
 0.20000E-11 203.605   0.013
 0.20000E-11 209.507   0.017
 0.20000E-11 215.409   0.023
 0.20000E-11 221.310   0.029
 0.20000E-11 227.212   0.036
 0.20000E-11 233.113   0.041
 0.20000E-11 239.015   0.043
 0.20000E-11 244.917   0.042
 0.20000E-11 250.818   0.038
 0.20000E-11 256.720   0.030
 0.20000E-11 262.621   0.022
 0.20000E-11 268.523   0.014
 0.20000E-11 274.425   0.008
 0.20000E-11 280.326   0.004
 0.20000E-11 286.228   0.002
 0.20000E-11 292.129   0.001
 0.20000E-11 298.031   0.000
 0.20000E-11 303.933   0.000
 0.20000E-11 309.834   0.000
 0.20000E-11 315.736   0.000
 0.20000E-11 321.637   0.000
 0.20000E-11 327.539   0.000
 0.20000E-11 333.441   0.000
 0.20000E-11 339.342   0.000
 0.20000E-11 345.244   0.000
 0.20000E-11 351.145   0.000
 0.20000E-11 357.047   0.000
 0.21000E-11   2.951   0.000
 0.21000E-11   8.853   0.000
 0.21000E-11  14.754   0.000
 0.21000E-11  20.656   0.000
 0.21000E-11  26.557   0.000
 0.21000E-11  32.459   0.000
 0.21000E-11  38.361   0.000
 0.21000E-11  44.262   0.000
 0.21000E-11  50.164   0.000
 0.21000E-11  56.065   0.000
 0.21000E-11  61.967   0.000
 0.21000E-11  67.869   0.001
 0.21000E-11  73.770   0.003
 0.21000E-11  79.672   0.006
 0.21000E-11  85.573   0.011
 0.21000E-11  91.475   0.018
 0.21000E-11  97.377   0.027
 0.21000E-11 103.278   0.037
 0.21000E-11 109.180   0.044
 0.21000E-11 115.081   0.049
 0.21000E-11 120.983   0.049
 0.21000E-11 126.885   0.045
 0.21000E-11 132.786   0.039
 0.21000E-11 138.688   0.031
 0.21000E-11 144.589   0.024
 0.21000E-11 150.491   0.017
 0.21000E-11 156.393   0.013
 0.21000E-11 162.294   0.009
 0.21000E-11 168.196   0.007
 0.21000E-11 174.097   0.006
 0.21000E-11 179.999   0.006
 0.21000E-11 185.901   0.007
 0.21000E-11 191.802   0.009
 0.21000E-11 197.704   0.013
 0.21000E-11 203.605   0.018
 0.21000E-11 209.507   0.025
 0.21000E-11 215.409   0.033
 0.21000E-11 221.310   0.043
 0.21000E-11 227.212   0.052
 0.21000E-11 233.113   0.059
 0.21000E-11 239.015   0.063
 0.21000E-11 244.917   0.061
 0.21000E-11 250.818   0.055
 0.21000E-11 256.720   0.044
 0.21000E-11 262.621   0.032
 0.21000E-11 268.523   0.021
 0.21000E-11 274.425   0.012
 0.21000E-11 280.326   0.006
 0.21000E-11 286.228   0.003
 0.21000E-11 292.129   0.001
 0.21000E-11 298.031   0.000
 0.21000E-11 303.933   0.000
 0.21000E-11 309.834   0.000
 0.21000E-11 315.736   0.000
 0.21000E-11 321.637   0.000
 0.21000E-11 327.539   0.000
 0.21000E-11 333.441   0.000
 0.21000E-11 339.342   0.000
 0.21000E-11 345.244   0.000
 0.21000E-11 351.145   0.000
 0.21000E-11 357.047   0.000
 0.22000E-11   2.951   0.000
 0.22000E-11   8.853   0.000
 0.22000E-11  14.754   0.000
 0.22000E-11  20.656   0.000
 0.22000E-11  26.557   0.000
 0.22000E-11  32.459   0.000
 0.22000E-11  38.361   0.000
 0.22000E-11  44.262   0.000
 0.22000E-11  50.164   0.000
 0.22000E-11  56.065   0.000
 0.22000E-11  61.967   0.000
 0.22000E-11  67.869   0.001
 0.22000E-11  73.770   0.002
 0.22000E-11  79.672   0.004
 0.22000E-11  85.573   0.007
 0.22000E-11  91.475   0.012
 0.22000E-11  97.377   0.018
 0.22000E-11 103.278   0.024
 0.22000E-11 109.180   0.029
 0.22000E-11 115.081   0.031
 0.22000E-11 120.983   0.031
 0.22000E-11 126.885   0.028
 0.22000E-11 132.786   0.024
 0.22000E-11 138.688   0.019
 0.22000E-11 144.589   0.015
 0.22000E-11 150.491   0.011
 0.22000E-11 156.393   0.008
 0.22000E-11 162.294   0.006
 0.22000E-11 168.196   0.005
 0.22000E-11 174.097   0.005
 0.22000E-11 179.999   0.006
 0.22000E-11 185.901   0.008
 0.22000E-11 191.802   0.011
 0.22000E-11 197.704   0.016
 0.22000E-11 203.605   0.023
 0.22000E-11 209.507   0.031
 0.22000E-11 215.409   0.042
 0.22000E-11 221.310   0.055
 0.22000E-11 227.212   0.067
 0.22000E-11 233.113   0.076
 0.22000E-11 239.015   0.081
 0.22000E-11 244.917   0.079
 0.22000E-11 250.818   0.070
 0.22000E-11 256.720   0.057
 0.22000E-11 262.621   0.042
 0.22000E-11 268.523   0.027
 0.22000E-11 274.425   0.016
 0.22000E-11 280.326   0.008
 0.22000E-11 286.228   0.004
 0.22000E-11 292.129   0.002
 0.22000E-11 298.031   0.001
 0.22000E-11 303.933   0.000
 0.22000E-11 309.834   0.000
 0.22000E-11 315.736   0.000
 0.22000E-11 321.637   0.000
 0.22000E-11 327.539   0.000
 0.22000E-11 333.441   0.000
 0.22000E-11 339.342   0.000
 0.22000E-11 345.244   0.000
 0.22000E-11 351.145   0.000
 0.22000E-11 357.047   0.000
 0.23000E-11   2.951   0.000
 0.23000E-11   8.853   0.000
 0.23000E-11  14.754   0.000
 0.23000E-11  20.656   0.000
 0.23000E-11  26.557   0.000
 0.23000E-11  32.459   0.000
 0.23000E-11  38.361   0.000
 0.23000E-11  44.262   0.000
 0.23000E-11  50.164   0.000
 0.23000E-11  56.065   0.000
 0.23000E-11  61.967   0.000
 0.23000E-11  67.869   0.001
 0.23000E-11  73.770   0.001
 0.23000E-11  79.672   0.002
 0.23000E-11  85.573   0.005
 0.23000E-11  91.475   0.008
 0.23000E-11  97.377   0.011
 0.23000E-11 103.278   0.015
 0.23000E-11 109.180   0.017
 0.23000E-11 115.081   0.018
 0.23000E-11 120.983   0.018
 0.23000E-11 126.885   0.016
 0.23000E-11 132.786   0.013
 0.23000E-11 138.688   0.010
 0.23000E-11 144.589   0.008
 0.23000E-11 150.491   0.006
 0.23000E-11 156.393   0.004
 0.23000E-11 162.294   0.004
 0.23000E-11 168.196   0.004
 0.23000E-11 174.097   0.004
 0.23000E-11 179.999   0.006
 0.23000E-11 185.901   0.009
 0.23000E-11 191.802   0.013
 0.23000E-11 197.704   0.018
 0.23000E-11 203.605   0.026
 0.23000E-11 209.507   0.037
 0.23000E-11 215.409   0.049
 0.23000E-11 221.310   0.064
 0.23000E-11 227.212   0.077
 0.23000E-11 233.113   0.088
 0.23000E-11 239.015   0.094
 0.23000E-11 244.917   0.091
 0.23000E-11 250.818   0.082
 0.23000E-11 256.720   0.066
 0.23000E-11 262.621   0.048
 0.23000E-11 268.523   0.032
 0.23000E-11 274.425   0.018
 0.23000E-11 280.326   0.010
 0.23000E-11 286.228   0.004
 0.23000E-11 292.129   0.002
 0.23000E-11 298.031   0.001
 0.23000E-11 303.933   0.000
 0.23000E-11 309.834   0.000
 0.23000E-11 315.736   0.000
 0.23000E-11 321.637   0.000
 0.23000E-11 327.539   0.000
 0.23000E-11 333.441   0.000
 0.23000E-11 339.342   0.000
 0.23000E-11 345.244   0.000
 0.23000E-11 351.145   0.000
 0.23000E-11 357.047   0.000
 0.24000E-11   2.951   0.000
 0.24000E-11   8.853   0.000
 0.24000E-11  14.754   0.000
 0.24000E-11  20.656   0.000
 0.24000E-11  26.557   0.000
 0.24000E-11  32.459   0.000
 0.24000E-11  38.361   0.000
 0.24000E-11  44.262   0.000
 0.24000E-11  50.164   0.000
 0.24000E-11  56.065   0.000
 0.24000E-11  61.967   0.000
 0.24000E-11  67.869   0.000
 0.24000E-11  73.770   0.001
 0.24000E-11  79.672   0.002
 0.24000E-11  85.573   0.003
 0.24000E-11  91.475   0.005
 0.24000E-11  97.377   0.007
 0.24000E-11 103.278   0.010
 0.24000E-11 109.180   0.011
 0.24000E-11 115.081   0.012
 0.24000E-11 120.983   0.011
 0.24000E-11 126.885   0.010
 0.24000E-11 132.786   0.008
 0.24000E-11 138.688   0.006
 0.24000E-11 144.589   0.005
 0.24000E-11 150.491   0.003
 0.24000E-11 156.393   0.003
 0.24000E-11 162.294   0.003
 0.24000E-11 168.196   0.003
 0.24000E-11 174.097   0.004
 0.24000E-11 179.999   0.006
 0.24000E-11 185.901   0.009
 0.24000E-11 191.802   0.013
 0.24000E-11 197.704   0.019
 0.24000E-11 203.605   0.028
 0.24000E-11 209.507   0.039
 0.24000E-11 215.409   0.053
 0.24000E-11 221.310   0.068
 0.24000E-11 227.212   0.083
 0.24000E-11 233.113   0.094
 0.24000E-11 239.015   0.100
 0.24000E-11 244.917   0.098
 0.24000E-11 250.818   0.088
 0.24000E-11 256.720   0.071
 0.24000E-11 262.621   0.052
 0.24000E-11 268.523   0.034
 0.24000E-11 274.425   0.020
 0.24000E-11 280.326   0.010
 0.24000E-11 286.228   0.005
 0.24000E-11 292.129   0.002
 0.24000E-11 298.031   0.001
 0.24000E-11 303.933   0.000
 0.24000E-11 309.834   0.000
 0.24000E-11 315.736   0.000
 0.24000E-11 321.637   0.000
 0.24000E-11 327.539   0.000
 0.24000E-11 333.441   0.000
 0.24000E-11 339.342   0.000
 0.24000E-11 345.244   0.000
 0.24000E-11 351.145   0.000
 0.24000E-11 357.047   0.000
 0.25000E-11   2.951   0.000
 0.25000E-11   8.853   0.000
 0.25000E-11  14.754   0.000
 0.25000E-11  20.656   0.000
 0.25000E-11  26.557   0.000
 0.25000E-11  32.459   0.000
 0.25000E-11  38.361   0.000
 0.25000E-11  44.262   0.000
 0.25000E-11  50.164   0.000
 0.25000E-11  56.065   0.000
 0.25000E-11  61.967   0.000
 0.25000E-11  67.869   0.000
 0.25000E-11  73.770   0.001
 0.25000E-11  79.672   0.002
 0.25000E-11  85.573   0.003
 0.25000E-11  91.475   0.005
 0.25000E-11  97.377   0.007
 0.25000E-11 103.278   0.010
 0.25000E-11 109.180   0.012
 0.25000E-11 115.081   0.012
 0.25000E-11 120.983   0.012
 0.25000E-11 126.885   0.011
 0.25000E-11 132.786   0.009
 0.25000E-11 138.688   0.007
 0.25000E-11 144.589   0.005
 0.25000E-11 150.491   0.004
 0.25000E-11 156.393   0.003
 0.25000E-11 162.294   0.003
 0.25000E-11 168.196   0.003
 0.25000E-11 174.097   0.004
 0.25000E-11 179.999   0.006
 0.25000E-11 185.901   0.009
 0.25000E-11 191.802   0.013
 0.25000E-11 197.704   0.019
 0.25000E-11 203.605   0.027
 0.25000E-11 209.507   0.038
 0.25000E-11 215.409   0.052
 0.25000E-11 221.310   0.067
 0.25000E-11 227.212   0.082
 0.25000E-11 233.113   0.094
 0.25000E-11 239.015   0.100
 0.25000E-11 244.917   0.098
 0.25000E-11 250.818   0.088
 0.25000E-11 256.720   0.071
 0.25000E-11 262.621   0.052
 0.25000E-11 268.523   0.034
 0.25000E-11 274.425   0.020
 0.25000E-11 280.326   0.010
 0.25000E-11 286.228   0.005
 0.25000E-11 292.129   0.002
 0.25000E-11 298.031   0.001
 0.25000E-11 303.933   0.000
 0.25000E-11 309.834   0.000
 0.25000E-11 315.736   0.000
 0.25000E-11 321.637   0.000
 0.25000E-11 327.539   0.000
 0.25000E-11 333.441   0.000
 0.25000E-11 339.342   0.000
 0.25000E-11 345.244   0.000
 0.25000E-11 351.145   0.000
 0.25000E-11 357.047   0.000
 0.26000E-11   2.951   0.000
 0.26000E-11   8.853   0.000
 0.26000E-11  14.754   0.000
 0.26000E-11  20.656   0.000
 0.26000E-11  26.557   0.000
 0.26000E-11  32.459   0.000
 0.26000E-11  38.361   0.000
 0.26000E-11  44.262   0.000
 0.26000E-11  50.164   0.000
 0.26000E-11  56.065   0.000
 0.26000E-11  61.967   0.000
 0.26000E-11  67.869   0.000
 0.26000E-11  73.770   0.001
 0.26000E-11  79.672   0.002
 0.26000E-11  85.573   0.004
 0.26000E-11  91.475   0.007
 0.26000E-11  97.377   0.011
 0.26000E-11 103.278   0.015
 0.26000E-11 109.180   0.018
 0.26000E-11 115.081   0.020
 0.26000E-11 120.983   0.020
 0.26000E-11 126.885   0.018
 0.26000E-11 132.786   0.016
 0.26000E-11 138.688   0.013
 0.26000E-11 144.589   0.010
 0.26000E-11 150.491   0.007
 0.26000E-11 156.393   0.006
 0.26000E-11 162.294   0.005
 0.26000E-11 168.196   0.004
 0.26000E-11 174.097   0.005
 0.26000E-11 179.999   0.006
 0.26000E-11 185.901   0.008
 0.26000E-11 191.802   0.012
 0.26000E-11 197.704   0.017
 0.26000E-11 203.605   0.025
 0.26000E-11 209.507   0.035
 0.26000E-11 215.409   0.047
 0.26000E-11 221.310   0.061
 0.26000E-11 227.212   0.075
 0.26000E-11 233.113   0.086
 0.26000E-11 239.015   0.092
 0.26000E-11 244.917   0.090
 0.26000E-11 250.818   0.081
 0.26000E-11 256.720   0.066
 0.26000E-11 262.621   0.048
 0.26000E-11 268.523   0.032
 0.26000E-11 274.425   0.019
 0.26000E-11 280.326   0.010
 0.26000E-11 286.228   0.005
 0.26000E-11 292.129   0.002
 0.26000E-11 298.031   0.001
 0.26000E-11 303.933   0.000
 0.26000E-11 309.834   0.000
 0.26000E-11 315.736   0.000
 0.26000E-11 321.637   0.000
 0.26000E-11 327.539   0.000
 0.26000E-11 333.441   0.000
 0.26000E-11 339.342   0.000
 0.26000E-11 345.244   0.000
 0.26000E-11 351.145   0.000
 0.26000E-11 357.047   0.000
 0.27000E-11   2.951   0.000
 0.27000E-11   8.853   0.000
 0.27000E-11  14.754   0.000
 0.27000E-11  20.656   0.000
 0.27000E-11  26.557   0.000
 0.27000E-11  32.459   0.000
 0.27000E-11  38.361   0.000
 0.27000E-11  44.262   0.000
 0.27000E-11  50.164   0.000
 0.27000E-11  56.065   0.000
 0.27000E-11  61.967   0.000
 0.27000E-11  67.869   0.001
 0.27000E-11  73.770   0.002
 0.27000E-11  79.672   0.003
 0.27000E-11  85.573   0.007
 0.27000E-11  91.475   0.011
 0.27000E-11  97.377   0.017
 0.27000E-11 103.278   0.023
 0.27000E-11 109.180   0.029
 0.27000E-11 115.081   0.032
 0.27000E-11 120.983   0.033
 0.27000E-11 126.885   0.031
 0.27000E-11 132.786   0.027
 0.27000E-11 138.688   0.022
 0.27000E-11 144.589   0.017
 0.27000E-11 150.491   0.013
 0.27000E-11 156.393   0.010
 0.27000E-11 162.294   0.007
 0.27000E-11 168.196   0.006
 0.27000E-11 174.097   0.005
 0.27000E-11 179.999   0.006
 0.27000E-11 185.901   0.008
 0.27000E-11 191.802   0.010
 0.27000E-11 197.704   0.015
 0.27000E-11 203.605   0.021
 0.27000E-11 209.507   0.029
 0.27000E-11 215.409   0.040
 0.27000E-11 221.310   0.052
 0.27000E-11 227.212   0.064
 0.27000E-11 233.113   0.074
 0.27000E-11 239.015   0.079
 0.27000E-11 244.917   0.078
 0.27000E-11 250.818   0.070
 0.27000E-11 256.720   0.057
 0.27000E-11 262.621   0.042
 0.27000E-11 268.523   0.028
 0.27000E-11 274.425   0.016
 0.27000E-11 280.326   0.009
 0.27000E-11 286.228   0.004
 0.27000E-11 292.129   0.002
 0.27000E-11 298.031   0.001
 0.27000E-11 303.933   0.000
 0.27000E-11 309.834   0.000
 0.27000E-11 315.736   0.000
 0.27000E-11 321.637   0.000
 0.27000E-11 327.539   0.000
 0.27000E-11 333.441   0.000
 0.27000E-11 339.342   0.000
 0.27000E-11 345.244   0.000
 0.27000E-11 351.145   0.000
 0.27000E-11 357.047   0.000
 0.28000E-11   2.951   0.000
 0.28000E-11   8.853   0.000
 0.28000E-11  14.754   0.000
 0.28000E-11  20.656   0.000
 0.28000E-11  26.557   0.000
 0.28000E-11  32.459   0.000
 0.28000E-11  38.361   0.000
 0.28000E-11  44.262   0.000
 0.28000E-11  50.164   0.000
 0.28000E-11  56.065   0.000
 0.28000E-11  61.967   0.000
 0.28000E-11  67.869   0.001
 0.28000E-11  73.770   0.002
 0.28000E-11  79.672   0.005
 0.28000E-11  85.573   0.010
 0.28000E-11  91.475   0.016
 0.28000E-11  97.377   0.025
 0.28000E-11 103.278   0.034
 0.28000E-11 109.180   0.042
 0.28000E-11 115.081   0.048
 0.28000E-11 120.983   0.049
 0.28000E-11 126.885   0.046
 0.28000E-11 132.786   0.040
 0.28000E-11 138.688   0.033
 0.28000E-11 144.589   0.026
 0.28000E-11 150.491   0.019
 0.28000E-11 156.393   0.014
 0.28000E-11 162.294   0.010
 0.28000E-11 168.196   0.008
 0.28000E-11 174.097   0.006
 0.28000E-11 179.999   0.006
 0.28000E-11 185.901   0.007
 0.28000E-11 191.802   0.008
 0.28000E-11 197.704   0.011
 0.28000E-11 203.605   0.016
 0.28000E-11 209.507   0.023
 0.28000E-11 215.409   0.031
 0.28000E-11 221.310   0.040
 0.28000E-11 227.212   0.050
 0.28000E-11 233.113   0.058
 0.28000E-11 239.015   0.063
 0.28000E-11 244.917   0.063
 0.28000E-11 250.818   0.057
 0.28000E-11 256.720   0.047
 0.28000E-11 262.621   0.035
 0.28000E-11 268.523   0.023
 0.28000E-11 274.425   0.014
 0.28000E-11 280.326   0.007
 0.28000E-11 286.228   0.003
 0.28000E-11 292.129   0.001
 0.28000E-11 298.031   0.001
 0.28000E-11 303.933   0.000
 0.28000E-11 309.834   0.000
 0.28000E-11 315.736   0.000
 0.28000E-11 321.637   0.000
 0.28000E-11 327.539   0.000
 0.28000E-11 333.441   0.000
 0.28000E-11 339.342   0.000
 0.28000E-11 345.244   0.000
 0.28000E-11 351.145   0.000
 0.28000E-11 357.047   0.000
 0.29000E-11   2.951   0.000
 0.29000E-11   8.853   0.000
 0.29000E-11  14.754   0.000
 0.29000E-11  20.656   0.000
 0.29000E-11  26.557   0.000
 0.29000E-11  32.459   0.000
 0.29000E-11  38.361   0.000
 0.29000E-11  44.262   0.000
 0.29000E-11  50.164   0.000
 0.29000E-11  56.065   0.000
 0.29000E-11  61.967   0.000
 0.29000E-11  67.869   0.001
 0.29000E-11  73.770   0.003
 0.29000E-11  79.672   0.006
 0.29000E-11  85.573   0.013
 0.29000E-11  91.475   0.021
 0.29000E-11  97.377   0.033
 0.29000E-11 103.278   0.045
 0.29000E-11 109.180   0.056
 0.29000E-11 115.081   0.063
 0.29000E-11 120.983   0.065
 0.29000E-11 126.885   0.062
 0.29000E-11 132.786   0.054
 0.29000E-11 138.688   0.045
 0.29000E-11 144.589   0.035
 0.29000E-11 150.491   0.026
 0.29000E-11 156.393   0.019
 0.29000E-11 162.294   0.013
 0.29000E-11 168.196   0.010
 0.29000E-11 174.097   0.007
 0.29000E-11 179.999   0.006
 0.29000E-11 185.901   0.006
 0.29000E-11 191.802   0.007
 0.29000E-11 197.704   0.008
 0.29000E-11 203.605   0.012
 0.29000E-11 209.507   0.016
 0.29000E-11 215.409   0.022
 0.29000E-11 221.310   0.029
 0.29000E-11 227.212   0.036
 0.29000E-11 233.113   0.043
 0.29000E-11 239.015   0.047
 0.29000E-11 244.917   0.047
 0.29000E-11 250.818   0.043
 0.29000E-11 256.720   0.035
 0.29000E-11 262.621   0.026
 0.29000E-11 268.523   0.018
 0.29000E-11 274.425   0.011
 0.29000E-11 280.326   0.006
 0.29000E-11 286.228   0.003
 0.29000E-11 292.129   0.001
 0.29000E-11 298.031   0.000
 0.29000E-11 303.933   0.000
 0.29000E-11 309.834   0.000
 0.29000E-11 315.736   0.000
 0.29000E-11 321.637   0.000
 0.29000E-11 327.539   0.000
 0.29000E-11 333.441   0.000
 0.29000E-11 339.342   0.000
 0.29000E-11 345.244   0.000
 0.29000E-11 351.145   0.000
 0.29000E-11 357.047   0.000
 0.30000E-11   2.951   0.000
 0.30000E-11   8.853   0.000
 0.30000E-11  14.754   0.000
 0.30000E-11  20.656   0.000
 0.30000E-11  26.557   0.000
 0.30000E-11  32.459   0.000
 0.30000E-11  38.361   0.000
 0.30000E-11  44.262   0.000
 0.30000E-11  50.164   0.000
 0.30000E-11  56.065   0.000
 0.30000E-11  61.967   0.001
 0.30000E-11  67.869   0.001
 0.30000E-11  73.770   0.004
 0.30000E-11  79.672   0.008
 0.30000E-11  85.573   0.015
 0.30000E-11  91.475   0.026
 0.30000E-11  97.377   0.039
 0.30000E-11 103.278   0.054
 0.30000E-11 109.180   0.068
 0.30000E-11 115.081   0.076
 0.30000E-11 120.983   0.078
 0.30000E-11 126.885   0.074
 0.30000E-11 132.786   0.066
 0.30000E-11 138.688   0.054
 0.30000E-11 144.589   0.042
 0.30000E-11 150.491   0.032
 0.30000E-11 156.393   0.023
 0.30000E-11 162.294   0.016
 0.30000E-11 168.196   0.011
 0.30000E-11 174.097   0.008
 0.30000E-11 179.999   0.006
 0.30000E-11 185.901   0.005
 0.30000E-11 191.802   0.005
 0.30000E-11 197.704   0.006
 0.30000E-11 203.605   0.008
 0.30000E-11 209.507   0.011
 0.30000E-11 215.409   0.015
 0.30000E-11 221.310   0.020
 0.30000E-11 227.212   0.025
 0.30000E-11 233.113   0.030
 0.30000E-11 239.015   0.033
 0.30000E-11 244.917   0.034
 0.30000E-11 250.818   0.031
 0.30000E-11 256.720   0.026
 0.30000E-11 262.621   0.020
 0.30000E-11 268.523   0.013
 0.30000E-11 274.425   0.008
 0.30000E-11 280.326   0.004
 0.30000E-11 286.228   0.002
 0.30000E-11 292.129   0.001
 0.30000E-11 298.031   0.000
 0.30000E-11 303.933   0.000
 0.30000E-11 309.834   0.000
 0.30000E-11 315.736   0.000
 0.30000E-11 321.637   0.000
 0.30000E-11 327.539   0.000
 0.30000E-11 333.441   0.000
 0.30000E-11 339.342   0.000
 0.30000E-11 345.244   0.000
 0.30000E-11 351.145   0.000
 0.30000E-11 357.047   0.000
 0.31000E-11   2.951   0.000
 0.31000E-11   8.853   0.000
 0.31000E-11  14.754   0.000
 0.31000E-11  20.656   0.000
 0.31000E-11  26.557   0.000
 0.31000E-11  32.459   0.000
 0.31000E-11  38.361   0.000
 0.31000E-11  44.262   0.000
 0.31000E-11  50.164   0.000
 0.31000E-11  56.065   0.000
 0.31000E-11  61.967   0.001
 0.31000E-11  67.869   0.002
 0.31000E-11  73.770   0.004
 0.31000E-11  79.672   0.009
 0.31000E-11  85.573   0.017
 0.31000E-11  91.475   0.029
 0.31000E-11  97.377   0.044
 0.31000E-11 103.278   0.060
 0.31000E-11 109.180   0.075
 0.31000E-11 115.081   0.085
 0.31000E-11 120.983   0.087
 0.31000E-11 126.885   0.083
 0.31000E-11 132.786   0.073
 0.31000E-11 138.688   0.060
 0.31000E-11 144.589   0.047
 0.31000E-11 150.491   0.035
 0.31000E-11 156.393   0.025
 0.31000E-11 162.294   0.018
 0.31000E-11 168.196   0.012
 0.31000E-11 174.097   0.008
 0.31000E-11 179.999   0.006
 0.31000E-11 185.901   0.004
 0.31000E-11 191.802   0.004
 0.31000E-11 197.704   0.004
 0.31000E-11 203.605   0.005
 0.31000E-11 209.507   0.007
 0.31000E-11 215.409   0.010
 0.31000E-11 221.310   0.014
 0.31000E-11 227.212   0.018
 0.31000E-11 233.113   0.022
 0.31000E-11 239.015   0.025
 0.31000E-11 244.917   0.025
 0.31000E-11 250.818   0.024
 0.31000E-11 256.720   0.020
 0.31000E-11 262.621   0.016
 0.31000E-11 268.523   0.011
 0.31000E-11 274.425   0.007
 0.31000E-11 280.326   0.004
 0.31000E-11 286.228   0.002
 0.31000E-11 292.129   0.001
 0.31000E-11 298.031   0.000
 0.31000E-11 303.933   0.000
 0.31000E-11 309.834   0.000
 0.31000E-11 315.736   0.000
 0.31000E-11 321.637   0.000
 0.31000E-11 327.539   0.000
 0.31000E-11 333.441   0.000
 0.31000E-11 339.342   0.000
 0.31000E-11 345.244   0.000
 0.31000E-11 351.145   0.000
 0.31000E-11 357.047   0.000
 0.32000E-11   2.951   0.000
 0.32000E-11   8.853   0.000
 0.32000E-11  14.754   0.000
 0.32000E-11  20.656   0.000
 0.32000E-11  26.557   0.000
 0.32000E-11  32.459   0.000
 0.32000E-11  38.361   0.000
 0.32000E-11  44.262   0.000
 0.32000E-11  50.164   0.000
 0.32000E-11  56.065   0.000
 0.32000E-11  61.967   0.001
 0.32000E-11  67.869   0.002
 0.32000E-11  73.770   0.004
 0.32000E-11  79.672   0.009
 0.32000E-11  85.573   0.017
 0.32000E-11  91.475   0.029
 0.32000E-11  97.377   0.045
 0.32000E-11 103.278   0.062
 0.32000E-11 109.180   0.077
 0.32000E-11 115.081   0.087
 0.32000E-11 120.983   0.089
 0.32000E-11 126.885   0.085
 0.32000E-11 132.786   0.074
 0.32000E-11 138.688   0.061
 0.32000E-11 144.589   0.048
 0.32000E-11 150.491   0.036
 0.32000E-11 156.393   0.026
 0.32000E-11 162.294   0.018
 0.32000E-11 168.196   0.012
 0.32000E-11 174.097   0.008
 0.32000E-11 179.999   0.006
 0.32000E-11 185.901   0.004
 0.32000E-11 191.802   0.004
 0.32000E-11 197.704   0.004
 0.32000E-11 203.605   0.005
 0.32000E-11 209.507   0.006
 0.32000E-11 215.409   0.009
 0.32000E-11 221.310   0.012
 0.32000E-11 227.212   0.016
 0.32000E-11 233.113   0.020
 0.32000E-11 239.015   0.023
 0.32000E-11 244.917   0.023
 0.32000E-11 250.818   0.022
 0.32000E-11 256.720   0.019
 0.32000E-11 262.621   0.015
 0.32000E-11 268.523   0.010
 0.32000E-11 274.425   0.006
 0.32000E-11 280.326   0.003
 0.32000E-11 286.228   0.002
 0.32000E-11 292.129   0.001
 0.32000E-11 298.031   0.000
 0.32000E-11 303.933   0.000
 0.32000E-11 309.834   0.000
 0.32000E-11 315.736   0.000
 0.32000E-11 321.637   0.000
 0.32000E-11 327.539   0.000
 0.32000E-11 333.441   0.000
 0.32000E-11 339.342   0.000
 0.32000E-11 345.244   0.000
 0.32000E-11 351.145   0.000
 0.32000E-11 357.047   0.000
 0.33000E-11   2.951   0.000
 0.33000E-11   8.853   0.000
 0.33000E-11  14.754   0.000
 0.33000E-11  20.656   0.000
 0.33000E-11  26.557   0.000
 0.33000E-11  32.459   0.000
 0.33000E-11  38.361   0.000
 0.33000E-11  44.262   0.000
 0.33000E-11  50.164   0.000
 0.33000E-11  56.065   0.000
 0.33000E-11  61.967   0.001
 0.33000E-11  67.869   0.002
 0.33000E-11  73.770   0.004
 0.33000E-11  79.672   0.008
 0.33000E-11  85.573   0.016
 0.33000E-11  91.475   0.028
 0.33000E-11  97.377   0.042
 0.33000E-11 103.278   0.058
 0.33000E-11 109.180   0.073
 0.33000E-11 115.081   0.082
 0.33000E-11 120.983   0.084
 0.33000E-11 126.885   0.080
 0.33000E-11 132.786   0.070
 0.33000E-11 138.688   0.058
 0.33000E-11 144.589   0.046
 0.33000E-11 150.491   0.034
 0.33000E-11 156.393   0.024
 0.33000E-11 162.294   0.017
 0.33000E-11 168.196   0.012
 0.33000E-11 174.097   0.008
 0.33000E-11 179.999   0.006
 0.33000E-11 185.901   0.005
 0.33000E-11 191.802   0.004
 0.33000E-11 197.704   0.005
 0.33000E-11 203.605   0.006
 0.33000E-11 209.507   0.008
 0.33000E-11 215.409   0.012
 0.33000E-11 221.310   0.016
 0.33000E-11 227.212   0.020
 0.33000E-11 233.113   0.024
 0.33000E-11 239.015   0.027
 0.33000E-11 244.917   0.028
 0.33000E-11 250.818   0.026
 0.33000E-11 256.720   0.022
 0.33000E-11 262.621   0.017
 0.33000E-11 268.523   0.012
 0.33000E-11 274.425   0.007
 0.33000E-11 280.326   0.004
 0.33000E-11 286.228   0.002
 0.33000E-11 292.129   0.001
 0.33000E-11 298.031   0.000
 0.33000E-11 303.933   0.000
 0.33000E-11 309.834   0.000
 0.33000E-11 315.736   0.000
 0.33000E-11 321.637   0.000
 0.33000E-11 327.539   0.000
 0.33000E-11 333.441   0.000
 0.33000E-11 339.342   0.000
 0.33000E-11 345.244   0.000
 0.33000E-11 351.145   0.000
 0.33000E-11 357.047   0.000
 0.34000E-11   2.951   0.000
 0.34000E-11   8.853   0.000
 0.34000E-11  14.754   0.000
 0.34000E-11  20.656   0.000
 0.34000E-11  26.557   0.000
 0.34000E-11  32.459   0.000
 0.34000E-11  38.361   0.000
 0.34000E-11  44.262   0.000
 0.34000E-11  50.164   0.000
 0.34000E-11  56.065   0.000
 0.34000E-11  61.967   0.001
 0.34000E-11  67.869   0.001
 0.34000E-11  73.770   0.003
 0.34000E-11  79.672   0.007
 0.34000E-11  85.573   0.014
 0.34000E-11  91.475   0.024
 0.34000E-11  97.377   0.037
 0.34000E-11 103.278   0.051
 0.34000E-11 109.180   0.064
 0.34000E-11 115.081   0.072
 0.34000E-11 120.983   0.074
 0.34000E-11 126.885   0.070
 0.34000E-11 132.786   0.061
 0.34000E-11 138.688   0.051
 0.34000E-11 144.589   0.039
 0.34000E-11 150.491   0.029
 0.34000E-11 156.393   0.021
 0.34000E-11 162.294   0.015
 0.34000E-11 168.196   0.011
 0.34000E-11 174.097   0.008
 0.34000E-11 179.999   0.006
 0.34000E-11 185.901   0.005
 0.34000E-11 191.802   0.006
 0.34000E-11 197.704   0.007
 0.34000E-11 203.605   0.009
 0.34000E-11 209.507   0.013
 0.34000E-11 215.409   0.018
 0.34000E-11 221.310   0.023
 0.34000E-11 227.212   0.029
 0.34000E-11 233.113   0.035
 0.34000E-11 239.015   0.038
 0.34000E-11 244.917   0.038
 0.34000E-11 250.818   0.035
 0.34000E-11 256.720   0.029
 0.34000E-11 262.621   0.022
 0.34000E-11 268.523   0.015
 0.34000E-11 274.425   0.009
 0.34000E-11 280.326   0.005
 0.34000E-11 286.228   0.002
 0.34000E-11 292.129   0.001
 0.34000E-11 298.031   0.000
 0.34000E-11 303.933   0.000
 0.34000E-11 309.834   0.000
 0.34000E-11 315.736   0.000
 0.34000E-11 321.637   0.000
 0.34000E-11 327.539   0.000
 0.34000E-11 333.441   0.000
 0.34000E-11 339.342   0.000
 0.34000E-11 345.244   0.000
 0.34000E-11 351.145   0.000
 0.34000E-11 357.047   0.000
 0.35000E-11   2.951   0.000
 0.35000E-11   8.853   0.000
 0.35000E-11  14.754   0.000
 0.35000E-11  20.656   0.000
 0.35000E-11  26.557   0.000
 0.35000E-11  32.459   0.000
 0.35000E-11  38.361   0.000
 0.35000E-11  44.262   0.000
 0.35000E-11  50.164   0.000
 0.35000E-11  56.065   0.000
 0.35000E-11  61.967   0.000
 0.35000E-11  67.869   0.001
 0.35000E-11  73.770   0.003
 0.35000E-11  79.672   0.006
 0.35000E-11  85.573   0.011
 0.35000E-11  91.475   0.020
 0.35000E-11  97.377   0.030
 0.35000E-11 103.278   0.041
 0.35000E-11 109.180   0.051
 0.35000E-11 115.081   0.057
 0.35000E-11 120.983   0.059
 0.35000E-11 126.885   0.056
 0.35000E-11 132.786   0.049
 0.35000E-11 138.688   0.040
 0.35000E-11 144.589   0.031
 0.35000E-11 150.491   0.023
 0.35000E-11 156.393   0.017
 0.35000E-11 162.294   0.012
 0.35000E-11 168.196   0.009
 0.35000E-11 174.097   0.007
 0.35000E-11 179.999   0.006
 0.35000E-11 185.901   0.006
 0.35000E-11 191.802   0.007
 0.35000E-11 197.704   0.010
 0.35000E-11 203.605   0.013
 0.35000E-11 209.507   0.019
 0.35000E-11 215.409   0.026
 0.35000E-11 221.310   0.034
 0.35000E-11 227.212   0.042
 0.35000E-11 233.113   0.049
 0.35000E-11 239.015   0.053
 0.35000E-11 244.917   0.053
 0.35000E-11 250.818   0.048
 0.35000E-11 256.720   0.040
 0.35000E-11 262.621   0.030
 0.35000E-11 268.523   0.020
 0.35000E-11 274.425   0.012
 0.35000E-11 280.326   0.006
 0.35000E-11 286.228   0.003
 0.35000E-11 292.129   0.001
 0.35000E-11 298.031   0.000
 0.35000E-11 303.933   0.000
 0.35000E-11 309.834   0.000
 0.35000E-11 315.736   0.000
 0.35000E-11 321.637   0.000
 0.35000E-11 327.539   0.000
 0.35000E-11 333.441   0.000
 0.35000E-11 339.342   0.000
 0.35000E-11 345.244   0.000
 0.35000E-11 351.145   0.000
 0.35000E-11 357.047   0.000
 0.36000E-11   2.951   0.000
 0.36000E-11   8.853   0.000
 0.36000E-11  14.754   0.000
 0.36000E-11  20.656   0.000
 0.36000E-11  26.557   0.000
 0.36000E-11  32.459   0.000
 0.36000E-11  38.361   0.000
 0.36000E-11  44.262   0.000
 0.36000E-11  50.164   0.000
 0.36000E-11  56.065   0.000
 0.36000E-11  61.967   0.000
 0.36000E-11  67.869   0.001
 0.36000E-11  73.770   0.002
 0.36000E-11  79.672   0.004
 0.36000E-11  85.573   0.008
 0.36000E-11  91.475   0.014
 0.36000E-11  97.377   0.022
 0.36000E-11 103.278   0.030
 0.36000E-11 109.180   0.037
 0.36000E-11 115.081   0.041
 0.36000E-11 120.983   0.042
 0.36000E-11 126.885   0.040
 0.36000E-11 132.786   0.035
 0.36000E-11 138.688   0.029
 0.36000E-11 144.589   0.022
 0.36000E-11 150.491   0.017
 0.36000E-11 156.393   0.012
 0.36000E-11 162.294   0.009
 0.36000E-11 168.196   0.007
 0.36000E-11 174.097   0.006
 0.36000E-11 179.999   0.006
 0.36000E-11 185.901   0.007
 0.36000E-11 191.802   0.009
 0.36000E-11 197.704   0.013
 0.36000E-11 203.605   0.018
 0.36000E-11 209.507   0.026
 0.36000E-11 215.409   0.035
 0.36000E-11 221.310   0.045
 0.36000E-11 227.212   0.056
 0.36000E-11 233.113   0.064
 0.36000E-11 239.015   0.069
 0.36000E-11 244.917   0.068
 0.36000E-11 250.818   0.062
 0.36000E-11 256.720   0.051
 0.36000E-11 262.621   0.037
 0.36000E-11 268.523   0.025
 0.36000E-11 274.425   0.015
 0.36000E-11 280.326   0.008
 0.36000E-11 286.228   0.004
 0.36000E-11 292.129   0.002
 0.36000E-11 298.031   0.001
 0.36000E-11 303.933   0.000
 0.36000E-11 309.834   0.000
 0.36000E-11 315.736   0.000
 0.36000E-11 321.637   0.000
 0.36000E-11 327.539   0.000
 0.36000E-11 333.441   0.000
 0.36000E-11 339.342   0.000
 0.36000E-11 345.244   0.000
 0.36000E-11 351.145   0.000
 0.36000E-11 357.047   0.000
 0.37000E-11   2.951   0.000
 0.37000E-11   8.853   0.000
 0.37000E-11  14.754   0.000
 0.37000E-11  20.656   0.000
 0.37000E-11  26.557   0.000
 0.37000E-11  32.459   0.000
 0.37000E-11  38.361   0.000
 0.37000E-11  44.262   0.000
 0.37000E-11  50.164   0.000
 0.37000E-11  56.065   0.000
 0.37000E-11  61.967   0.000
 0.37000E-11  67.869   0.001
 0.37000E-11  73.770   0.001
 0.37000E-11  79.672   0.003
 0.37000E-11  85.573   0.006
 0.37000E-11  91.475   0.010
 0.37000E-11  97.377   0.015
 0.37000E-11 103.278   0.020
 0.37000E-11 109.180   0.025
 0.37000E-11 115.081   0.027
 0.37000E-11 120.983   0.028
 0.37000E-11 126.885   0.026
 0.37000E-11 132.786   0.022
 0.37000E-11 138.688   0.018
 0.37000E-11 144.589   0.014
 0.37000E-11 150.491   0.010
 0.37000E-11 156.393   0.008
 0.37000E-11 162.294   0.006
 0.37000E-11 168.196   0.005
 0.37000E-11 174.097   0.005
 0.37000E-11 179.999   0.006
 0.37000E-11 185.901   0.008
 0.37000E-11 191.802   0.011
 0.37000E-11 197.704   0.016
 0.37000E-11 203.605   0.023
 0.37000E-11 209.507   0.032
 0.37000E-11 215.409   0.043
 0.37000E-11 221.310   0.056
 0.37000E-11 227.212   0.068
 0.37000E-11 233.113   0.079
 0.37000E-11 239.015   0.084
 0.37000E-11 244.917   0.083
 0.37000E-11 250.818   0.074
 0.37000E-11 256.720   0.060
 0.37000E-11 262.621   0.044
 0.37000E-11 268.523   0.029
 0.37000E-11 274.425   0.017
 0.37000E-11 280.326   0.009
 0.37000E-11 286.228   0.004
 0.37000E-11 292.129   0.002
 0.37000E-11 298.031   0.001
 0.37000E-11 303.933   0.000
 0.37000E-11 309.834   0.000
 0.37000E-11 315.736   0.000
 0.37000E-11 321.637   0.000
 0.37000E-11 327.539   0.000
 0.37000E-11 333.441   0.000
 0.37000E-11 339.342   0.000
 0.37000E-11 345.244   0.000
 0.37000E-11 351.145   0.000
 0.37000E-11 357.047   0.000
 0.38000E-11   2.951   0.000
 0.38000E-11   8.853   0.000
 0.38000E-11  14.754   0.000
 0.38000E-11  20.656   0.000
 0.38000E-11  26.557   0.000
 0.38000E-11  32.459   0.000
 0.38000E-11  38.361   0.000
 0.38000E-11  44.262   0.000
 0.38000E-11  50.164   0.000
 0.38000E-11  56.065   0.000
 0.38000E-11  61.967   0.000
 0.38000E-11  67.869   0.000
 0.38000E-11  73.770   0.001
 0.38000E-11  79.672   0.002
 0.38000E-11  85.573   0.004
 0.38000E-11  91.475   0.007
 0.38000E-11  97.377   0.010
 0.38000E-11 103.278   0.013
 0.38000E-11 109.180   0.016
 0.38000E-11 115.081   0.017
 0.38000E-11 120.983   0.017
 0.38000E-11 126.885   0.015
 0.38000E-11 132.786   0.013
 0.38000E-11 138.688   0.010
 0.38000E-11 144.589   0.008
 0.38000E-11 150.491   0.006
 0.38000E-11 156.393   0.004
 0.38000E-11 162.294   0.004
 0.38000E-11 168.196   0.004
 0.38000E-11 174.097   0.004
 0.38000E-11 179.999   0.006
 0.38000E-11 185.901   0.008
 0.38000E-11 191.802   0.012
 0.38000E-11 197.704   0.018
 0.38000E-11 203.605   0.026
 0.38000E-11 209.507   0.036
 0.38000E-11 215.409   0.049
 0.38000E-11 221.310   0.064
 0.38000E-11 227.212   0.078
 0.38000E-11 233.113   0.089
 0.38000E-11 239.015   0.095
 0.38000E-11 244.917   0.093
 0.38000E-11 250.818   0.084
 0.38000E-11 256.720   0.068
 0.38000E-11 262.621   0.050
 0.38000E-11 268.523   0.033
 0.38000E-11 274.425   0.019
 0.38000E-11 280.326   0.010
 0.38000E-11 286.228   0.005
 0.38000E-11 292.129   0.002
 0.38000E-11 298.031   0.001
 0.38000E-11 303.933   0.000
 0.38000E-11 309.834   0.000
 0.38000E-11 315.736   0.000
 0.38000E-11 321.637   0.000
 0.38000E-11 327.539   0.000
 0.38000E-11 333.441   0.000
 0.38000E-11 339.342   0.000
 0.38000E-11 345.244   0.000
 0.38000E-11 351.145   0.000
 0.38000E-11 357.047   0.000
 0.39000E-11   2.951   0.000
 0.39000E-11   8.853   0.000
 0.39000E-11  14.754   0.000
 0.39000E-11  20.656   0.000
 0.39000E-11  26.557   0.000
 0.39000E-11  32.459   0.000
 0.39000E-11  38.361   0.000
 0.39000E-11  44.262   0.000
 0.39000E-11  50.164   0.000
 0.39000E-11  56.065   0.000
 0.39000E-11  61.967   0.000
 0.39000E-11  67.869   0.000
 0.39000E-11  73.770   0.001
 0.39000E-11  79.672   0.002
 0.39000E-11  85.573   0.003
 0.39000E-11  91.475   0.005
 0.39000E-11  97.377   0.008
 0.39000E-11 103.278   0.010
 0.39000E-11 109.180   0.012
 0.39000E-11 115.081   0.013
 0.39000E-11 120.983   0.012
 0.39000E-11 126.885   0.011
 0.39000E-11 132.786   0.009
 0.39000E-11 138.688   0.007
 0.39000E-11 144.589   0.005
 0.39000E-11 150.491   0.004
 0.39000E-11 156.393   0.003
 0.39000E-11 162.294   0.003
 0.39000E-11 168.196   0.003
 0.39000E-11 174.097   0.004
 0.39000E-11 179.999   0.006
 0.39000E-11 185.901   0.009
 0.39000E-11 191.802   0.013
 0.39000E-11 197.704   0.019
 0.39000E-11 203.605   0.028
 0.39000E-11 209.507   0.039
 0.39000E-11 215.409   0.052
 0.39000E-11 221.310   0.067
 0.39000E-11 227.212   0.082
 0.39000E-11 233.113   0.094
 0.39000E-11 239.015   0.099
 0.39000E-11 244.917   0.097
 0.39000E-11 250.818   0.087
 0.39000E-11 256.720   0.070
 0.39000E-11 262.621   0.051
 0.39000E-11 268.523   0.034
 0.39000E-11 274.425   0.020
 0.39000E-11 280.326   0.010
 0.39000E-11 286.228   0.005
 0.39000E-11 292.129   0.002
 0.39000E-11 298.031   0.001
 0.39000E-11 303.933   0.000
 0.39000E-11 309.834   0.000
 0.39000E-11 315.736   0.000
 0.39000E-11 321.637   0.000
 0.39000E-11 327.539   0.000
 0.39000E-11 333.441   0.000
 0.39000E-11 339.342   0.000
 0.39000E-11 345.244   0.000
 0.39000E-11 351.145   0.000
 0.39000E-11 357.047   0.000
 0.40000E-11   2.951   0.000
 0.40000E-11   8.853   0.000
 0.40000E-11  14.754   0.000
 0.40000E-11  20.656   0.000
 0.40000E-11  26.557   0.000
 0.40000E-11  32.459   0.000
 0.40000E-11  38.361   0.000
 0.40000E-11  44.262   0.000
 0.40000E-11  50.164   0.000
 0.40000E-11  56.065   0.000
 0.40000E-11  61.967   0.000
 0.40000E-11  67.869   0.000
 0.40000E-11  73.770   0.001
 0.40000E-11  79.672   0.002
 0.40000E-11  85.573   0.004
 0.40000E-11  91.475   0.007
 0.40000E-11  97.377   0.010
 0.40000E-11 103.278   0.012
 0.40000E-11 109.180   0.014
 0.40000E-11 115.081   0.015
 0.40000E-11 120.983   0.015
 0.40000E-11 126.885   0.013
 0.40000E-11 132.786   0.011
 0.40000E-11 138.688   0.008
 0.40000E-11 144.589   0.006
 0.40000E-11 150.491   0.004
 0.40000E-11 156.393   0.003
 0.40000E-11 162.294   0.003
 0.40000E-11 168.196   0.003
 0.40000E-11 174.097   0.004
 0.40000E-11 179.999   0.006
 0.40000E-11 185.901   0.009
 0.40000E-11 191.802   0.013
 0.40000E-11 197.704   0.019
 0.40000E-11 203.605   0.027
 0.40000E-11 209.507   0.038
 0.40000E-11 215.409   0.051
 0.40000E-11 221.310   0.066
 0.40000E-11 227.212   0.080
 0.40000E-11 233.113   0.091
 0.40000E-11 239.015   0.097
 0.40000E-11 244.917   0.095
 0.40000E-11 250.818   0.084
 0.40000E-11 256.720   0.068
 0.40000E-11 262.621   0.050
 0.40000E-11 268.523   0.033
 0.40000E-11 274.425   0.019
 0.40000E-11 280.326   0.010
 0.40000E-11 286.228   0.005
 0.40000E-11 292.129   0.002
 0.40000E-11 298.031   0.001
 0.40000E-11 303.933   0.000
 0.40000E-11 309.834   0.000
 0.40000E-11 315.736   0.000
 0.40000E-11 321.637   0.000
 0.40000E-11 327.539   0.000
 0.40000E-11 333.441   0.000
 0.40000E-11 339.342   0.000
 0.40000E-11 345.244   0.000
 0.40000E-11 351.145   0.000
 0.40000E-11 357.047   0.000
 0.41000E-11   2.951   0.000
 0.41000E-11   8.853   0.000
 0.41000E-11  14.754   0.000
 0.41000E-11  20.656   0.000
 0.41000E-11  26.557   0.000
 0.41000E-11  32.459   0.000
 0.41000E-11  38.361   0.000
 0.41000E-11  44.262   0.000
 0.41000E-11  50.164   0.000
 0.41000E-11  56.065   0.000
 0.41000E-11  61.967   0.000
 0.41000E-11  67.869   0.001
 0.41000E-11  73.770   0.002
 0.41000E-11  79.672   0.003
 0.41000E-11  85.573   0.006
 0.41000E-11  91.475   0.010
 0.41000E-11  97.377   0.015
 0.41000E-11 103.278   0.019
 0.41000E-11 109.180   0.023
 0.41000E-11 115.081   0.025
 0.41000E-11 120.983   0.024
 0.41000E-11 126.885   0.022
 0.41000E-11 132.786   0.018
 0.41000E-11 138.688   0.014
 0.41000E-11 144.589   0.011
 0.41000E-11 150.491   0.008
 0.41000E-11 156.393   0.006
 0.41000E-11 162.294   0.005
 0.41000E-11 168.196   0.004
 0.41000E-11 174.097   0.005
 0.41000E-11 179.999   0.006
 0.41000E-11 185.901   0.008
 0.41000E-11 191.802   0.012
 0.41000E-11 197.704   0.017
 0.41000E-11 203.605   0.024
 0.41000E-11 209.507   0.034
 0.41000E-11 215.409   0.046
 0.41000E-11 221.310   0.059
 0.41000E-11 227.212   0.072
 0.41000E-11 233.113   0.082
 0.41000E-11 239.015   0.087
 0.41000E-11 244.917   0.085
 0.41000E-11 250.818   0.076
 0.41000E-11 256.720   0.062
 0.41000E-11 262.621   0.045
 0.41000E-11 268.523   0.029
 0.41000E-11 274.425   0.017
 0.41000E-11 280.326   0.009
 0.41000E-11 286.228   0.004
 0.41000E-11 292.129   0.002
 0.41000E-11 298.031   0.001
 0.41000E-11 303.933   0.000
 0.41000E-11 309.834   0.000
 0.41000E-11 315.736   0.000
 0.41000E-11 321.637   0.000
 0.41000E-11 327.539   0.000
 0.41000E-11 333.441   0.000
 0.41000E-11 339.342   0.000
 0.41000E-11 345.244   0.000
 0.41000E-11 351.145   0.000
 0.41000E-11 357.047   0.000
 0.42000E-11   2.951   0.000
 0.42000E-11   8.853   0.000
 0.42000E-11  14.754   0.000
 0.42000E-11  20.656   0.000
 0.42000E-11  26.557   0.000
 0.42000E-11  32.459   0.000
 0.42000E-11  38.361   0.000
 0.42000E-11  44.262   0.000
 0.42000E-11  50.164   0.000
 0.42000E-11  56.065   0.000
 0.42000E-11  61.967   0.000
 0.42000E-11  67.869   0.001
 0.42000E-11  73.770   0.002
 0.42000E-11  79.672   0.005
 0.42000E-11  85.573   0.009
 0.42000E-11  91.475   0.015
 0.42000E-11  97.377   0.023
 0.42000E-11 103.278   0.030
 0.42000E-11 109.180   0.037
 0.42000E-11 115.081   0.040
 0.42000E-11 120.983   0.040
 0.42000E-11 126.885   0.036
 0.42000E-11 132.786   0.031
 0.42000E-11 138.688   0.025
 0.42000E-11 144.589   0.019
 0.42000E-11 150.491   0.014
 0.42000E-11 156.393   0.010
 0.42000E-11 162.294   0.007
 0.42000E-11 168.196   0.006
 0.42000E-11 174.097   0.005
 0.42000E-11 179.999   0.006
 0.42000E-11 185.901   0.007
 0.42000E-11 191.802   0.010
 0.42000E-11 197.704   0.014
 0.42000E-11 203.605   0.021
 0.42000E-11 209.507   0.028
 0.42000E-11 215.409   0.038
 0.42000E-11 221.310   0.049
 0.42000E-11 227.212   0.060
 0.42000E-11 233.113   0.068
 0.42000E-11 239.015   0.072
 0.42000E-11 244.917   0.070
 0.42000E-11 250.818   0.062
 0.42000E-11 256.720   0.050
 0.42000E-11 262.621   0.037
 0.42000E-11 268.523   0.024
 0.42000E-11 274.425   0.014
 0.42000E-11 280.326   0.007
 0.42000E-11 286.228   0.003
 0.42000E-11 292.129   0.001
 0.42000E-11 298.031   0.001
 0.42000E-11 303.933   0.000
 0.42000E-11 309.834   0.000
 0.42000E-11 315.736   0.000
 0.42000E-11 321.637   0.000
 0.42000E-11 327.539   0.000
 0.42000E-11 333.441   0.000
 0.42000E-11 339.342   0.000
 0.42000E-11 345.244   0.000
 0.42000E-11 351.145   0.000
 0.42000E-11 357.047   0.000
 0.43000E-11   2.951   0.000
 0.43000E-11   8.853   0.000
 0.43000E-11  14.754   0.000
 0.43000E-11  20.656   0.000
 0.43000E-11  26.557   0.000
 0.43000E-11  32.459   0.000
 0.43000E-11  38.361   0.000
 0.43000E-11  44.262   0.000
 0.43000E-11  50.164   0.000
 0.43000E-11  56.065   0.000
 0.43000E-11  61.967   0.000
 0.43000E-11  67.869   0.001
 0.43000E-11  73.770   0.003
 0.43000E-11  79.672   0.007
 0.43000E-11  85.573   0.013
 0.43000E-11  91.475   0.021
 0.43000E-11  97.377   0.032
 0.43000E-11 103.278   0.043
 0.43000E-11 109.180   0.053
 0.43000E-11 115.081   0.058
 0.43000E-11 120.983   0.058
 0.43000E-11 126.885   0.054
 0.43000E-11 132.786   0.047
 0.43000E-11 138.688   0.038
 0.43000E-11 144.589   0.029
 0.43000E-11 150.491   0.021
 0.43000E-11 156.393   0.015
 0.43000E-11 162.294   0.011
 0.43000E-11 168.196   0.008
 0.43000E-11 174.097   0.006
 0.43000E-11 179.999   0.006
 0.43000E-11 185.901   0.007
 0.43000E-11 191.802   0.008
 0.43000E-11 197.704   0.011
 0.43000E-11 203.605   0.015
 0.43000E-11 209.507   0.021
 0.43000E-11 215.409   0.028
 0.43000E-11 221.310   0.036
 0.43000E-11 227.212   0.044
 0.43000E-11 233.113   0.050
 0.43000E-11 239.015   0.053
 0.43000E-11 244.917   0.052
 0.43000E-11 250.818   0.046
 0.43000E-11 256.720   0.037
 0.43000E-11 262.621   0.027
 0.43000E-11 268.523   0.018
 0.43000E-11 274.425   0.010
 0.43000E-11 280.326   0.005
 0.43000E-11 286.228   0.002
 0.43000E-11 292.129   0.001
 0.43000E-11 298.031   0.000
 0.43000E-11 303.933   0.000
 0.43000E-11 309.834   0.000
 0.43000E-11 315.736   0.000
 0.43000E-11 321.637   0.000
 0.43000E-11 327.539   0.000
 0.43000E-11 333.441   0.000
 0.43000E-11 339.342   0.000
 0.43000E-11 345.244   0.000
 0.43000E-11 351.145   0.000
 0.43000E-11 357.047   0.000
 0.44000E-11   2.951   0.000
 0.44000E-11   8.853   0.000
 0.44000E-11  14.754   0.000
 0.44000E-11  20.656   0.000
 0.44000E-11  26.557   0.000
 0.44000E-11  32.459   0.000
 0.44000E-11  38.361   0.000
 0.44000E-11  44.262   0.000
 0.44000E-11  50.164   0.000
 0.44000E-11  56.065   0.000
 0.44000E-11  61.967   0.001
 0.44000E-11  67.869   0.002
 0.44000E-11  73.770   0.004
 0.44000E-11  79.672   0.009
 0.44000E-11  85.573   0.016
 0.44000E-11  91.475   0.028
 0.44000E-11  97.377   0.042
 0.44000E-11 103.278   0.057
 0.44000E-11 109.180   0.070
 0.44000E-11 115.081   0.077
 0.44000E-11 120.983   0.078
 0.44000E-11 126.885   0.073
 0.44000E-11 132.786   0.063
 0.44000E-11 138.688   0.051
 0.44000E-11 144.589   0.039
 0.44000E-11 150.491   0.029
 0.44000E-11 156.393   0.020
 0.44000E-11 162.294   0.014
 0.44000E-11 168.196   0.010
 0.44000E-11 174.097   0.007
 0.44000E-11 179.999   0.006
 0.44000E-11 185.901   0.005
 0.44000E-11 191.802   0.006
 0.44000E-11 197.704   0.007
 0.44000E-11 203.605   0.010
 0.44000E-11 209.507   0.013
 0.44000E-11 215.409   0.018
 0.44000E-11 221.310   0.023
 0.44000E-11 227.212   0.028
 0.44000E-11 233.113   0.032
 0.44000E-11 239.015   0.034
 0.44000E-11 244.917   0.033
 0.44000E-11 250.818   0.029
 0.44000E-11 256.720   0.024
 0.44000E-11 262.621   0.017
 0.44000E-11 268.523   0.011
 0.44000E-11 274.425   0.007
 0.44000E-11 280.326   0.003
 0.44000E-11 286.228   0.002
 0.44000E-11 292.129   0.001
 0.44000E-11 298.031   0.000
 0.44000E-11 303.933   0.000
 0.44000E-11 309.834   0.000
 0.44000E-11 315.736   0.000
 0.44000E-11 321.637   0.000
 0.44000E-11 327.539   0.000
 0.44000E-11 333.441   0.000
 0.44000E-11 339.342   0.000
 0.44000E-11 345.244   0.000
 0.44000E-11 351.145   0.000
 0.44000E-11 357.047   0.000
 0.45000E-11   2.951   0.000
 0.45000E-11   8.853   0.000
 0.45000E-11  14.754   0.000
 0.45000E-11  20.656   0.000
 0.45000E-11  26.557   0.000
 0.45000E-11  32.459   0.000
 0.45000E-11  38.361   0.000
 0.45000E-11  44.262   0.000
 0.45000E-11  50.164   0.000
 0.45000E-11  56.065   0.000
 0.45000E-11  61.967   0.001
 0.45000E-11  67.869   0.002
 0.45000E-11  73.770   0.005
 0.45000E-11  79.672   0.010
 0.45000E-11  85.573   0.020
 0.45000E-11  91.475   0.034
 0.45000E-11  97.377   0.051
 0.45000E-11 103.278   0.069
 0.45000E-11 109.180   0.085
 0.45000E-11 115.081   0.094
 0.45000E-11 120.983   0.095
 0.45000E-11 126.885   0.089
 0.45000E-11 132.786   0.077
 0.45000E-11 138.688   0.062
 0.45000E-11 144.589   0.048
 0.45000E-11 150.491   0.035
 0.45000E-11 156.393   0.025
 0.45000E-11 162.294   0.017
 0.45000E-11 168.196   0.012
 0.45000E-11 174.097   0.008
 0.45000E-11 179.999   0.006
 0.45000E-11 185.901   0.005
 0.45000E-11 191.802   0.004
 0.45000E-11 197.704   0.004
 0.45000E-11 203.605   0.005
 0.45000E-11 209.507   0.007
 0.45000E-11 215.409   0.009
 0.45000E-11 221.310   0.011
 0.45000E-11 227.212   0.014
 0.45000E-11 233.113   0.016
 0.45000E-11 239.015   0.017
 0.45000E-11 244.917   0.016
 0.45000E-11 250.818   0.015
 0.45000E-11 256.720   0.012
 0.45000E-11 262.621   0.009
 0.45000E-11 268.523   0.006
 0.45000E-11 274.425   0.003
 0.45000E-11 280.326   0.002
 0.45000E-11 286.228   0.001
 0.45000E-11 292.129   0.000
 0.45000E-11 298.031   0.000
 0.45000E-11 303.933   0.000
 0.45000E-11 309.834   0.000
 0.45000E-11 315.736   0.000
 0.45000E-11 321.637   0.000
 0.45000E-11 327.539   0.000
 0.45000E-11 333.441   0.000
 0.45000E-11 339.342   0.000
 0.45000E-11 345.244   0.000
 0.45000E-11 351.145   0.000
 0.45000E-11 357.047   0.000
 0.46000E-11   2.951   0.000
 0.46000E-11   8.853   0.000
 0.46000E-11  14.754   0.000
 0.46000E-11  20.656   0.000
 0.46000E-11  26.557   0.000
 0.46000E-11  32.459   0.000
 0.46000E-11  38.361   0.000
 0.46000E-11  44.262   0.000
 0.46000E-11  50.164   0.000
 0.46000E-11  56.065   0.000
 0.46000E-11  61.967   0.001
 0.46000E-11  67.869   0.002
 0.46000E-11  73.770   0.005
 0.46000E-11  79.672   0.012
 0.46000E-11  85.573   0.022
 0.46000E-11  91.475   0.037
 0.46000E-11  97.377   0.057
 0.46000E-11 103.278   0.077
 0.46000E-11 109.180   0.094
 0.46000E-11 115.081   0.105
 0.46000E-11 120.983   0.106
 0.46000E-11 126.885   0.100
 0.46000E-11 132.786   0.087
 0.46000E-11 138.688   0.070
 0.46000E-11 144.589   0.054
 0.46000E-11 150.491   0.040
 0.46000E-11 156.393   0.028
 0.46000E-11 162.294   0.020
 0.46000E-11 168.196   0.013
 0.46000E-11 174.097   0.009
 0.46000E-11 179.999   0.006
 0.46000E-11 185.901   0.004
 0.46000E-11 191.802   0.003
 0.46000E-11 197.704   0.002
 0.46000E-11 203.605   0.002
 0.46000E-11 209.507   0.002
 0.46000E-11 215.409   0.003
 0.46000E-11 221.310   0.003
 0.46000E-11 227.212   0.004
 0.46000E-11 233.113   0.005
 0.46000E-11 239.015   0.005
 0.46000E-11 244.917   0.005
 0.46000E-11 250.818   0.005
 0.46000E-11 256.720   0.004
 0.46000E-11 262.621   0.003
 0.46000E-11 268.523   0.002
 0.46000E-11 274.425   0.001
 0.46000E-11 280.326   0.001
 0.46000E-11 286.228   0.000
 0.46000E-11 292.129   0.000
 0.46000E-11 298.031   0.000
 0.46000E-11 303.933   0.000
 0.46000E-11 309.834   0.000
 0.46000E-11 315.736   0.000
 0.46000E-11 321.637   0.000
 0.46000E-11 327.539   0.000
 0.46000E-11 333.441   0.000
 0.46000E-11 339.342   0.000
 0.46000E-11 345.244   0.000
 0.46000E-11 351.145   0.000
 0.46000E-11 357.047   0.000
 0.47000E-11   2.951   0.000
 0.47000E-11   8.853   0.000
 0.47000E-11  14.754   0.000
 0.47000E-11  20.656   0.000
 0.47000E-11  26.557   0.000
 0.47000E-11  32.459   0.000
 0.47000E-11  38.361   0.000
 0.47000E-11  44.262   0.000
 0.47000E-11  50.164   0.000
 0.47000E-11  56.065   0.000
 0.47000E-11  61.967   0.001
 0.47000E-11  67.869   0.002
 0.47000E-11  73.770   0.006
 0.47000E-11  79.672   0.012
 0.47000E-11  85.573   0.023
 0.47000E-11  91.475   0.039
 0.47000E-11  97.377   0.059
 0.47000E-11 103.278   0.080
 0.47000E-11 109.180   0.099
 0.47000E-11 115.081   0.110
 0.47000E-11 120.983   0.111
 0.47000E-11 126.885   0.104
 0.47000E-11 132.786   0.090
 0.47000E-11 138.688   0.074
 0.47000E-11 144.589   0.057
 0.47000E-11 150.491   0.042
 0.47000E-11 156.393   0.030
 0.47000E-11 162.294   0.020
 0.47000E-11 168.196   0.014
 0.47000E-11 174.097   0.009
 0.47000E-11 179.999   0.006
 0.47000E-11 185.901   0.004
 0.47000E-11 191.802   0.002
 0.47000E-11 197.704   0.001
 0.47000E-11 203.605   0.001
 0.47000E-11 209.507   0.000
 0.47000E-11 215.409   0.000
 0.47000E-11 221.310   0.000
 0.47000E-11 227.212   0.000
 0.47000E-11 233.113   0.000
 0.47000E-11 239.015   0.000
 0.47000E-11 244.917   0.000
 0.47000E-11 250.818   0.000
 0.47000E-11 256.720   0.000
 0.47000E-11 262.621   0.000
 0.47000E-11 268.523   0.000
 0.47000E-11 274.425   0.000
 0.47000E-11 280.326   0.000
 0.47000E-11 286.228   0.000
 0.47000E-11 292.129   0.000
 0.47000E-11 298.031   0.000
 0.47000E-11 303.933   0.000
 0.47000E-11 309.834   0.000
 0.47000E-11 315.736   0.000
 0.47000E-11 321.637   0.000
 0.47000E-11 327.539   0.000
 0.47000E-11 333.441   0.000
 0.47000E-11 339.342   0.000
 0.47000E-11 345.244   0.000
 0.47000E-11 351.145   0.000
 0.47000E-11 357.047   0.000
 0.48000E-11   2.951   0.000
 0.48000E-11   8.853   0.000
 0.48000E-11  14.754   0.000
 0.48000E-11  20.656   0.000
 0.48000E-11  26.557   0.000
 0.48000E-11  32.459   0.000
 0.48000E-11  38.361   0.000
 0.48000E-11  44.262   0.000
 0.48000E-11  50.164   0.000
 0.48000E-11  56.065   0.000
 0.48000E-11  61.967   0.001
 0.48000E-11  67.869   0.002
 0.48000E-11  73.770   0.006
 0.48000E-11  79.672   0.012
 0.48000E-11  85.573   0.022
 0.48000E-11  91.475   0.038
 0.48000E-11  97.377   0.058
 0.48000E-11 103.278   0.078
 0.48000E-11 109.180   0.096
 0.48000E-11 115.081   0.107
 0.48000E-11 120.983   0.108
 0.48000E-11 126.885   0.101
 0.48000E-11 132.786   0.088
 0.48000E-11 138.688   0.072
 0.48000E-11 144.589   0.055
 0.48000E-11 150.491   0.040
 0.48000E-11 156.393   0.029
 0.48000E-11 162.294   0.020
 0.48000E-11 168.196   0.013
 0.48000E-11 174.097   0.009
 0.48000E-11 179.999   0.006
 0.48000E-11 185.901   0.004
 0.48000E-11 191.802   0.003
 0.48000E-11 197.704   0.002
 0.48000E-11 203.605   0.002
 0.48000E-11 209.507   0.002
 0.48000E-11 215.409   0.002
 0.48000E-11 221.310   0.002
 0.48000E-11 227.212   0.003
 0.48000E-11 233.113   0.003
 0.48000E-11 239.015   0.003
 0.48000E-11 244.917   0.003
 0.48000E-11 250.818   0.003
 0.48000E-11 256.720   0.003
 0.48000E-11 262.621   0.002
 0.48000E-11 268.523   0.001
 0.48000E-11 274.425   0.001
 0.48000E-11 280.326   0.000
 0.48000E-11 286.228   0.000
 0.48000E-11 292.129   0.000
 0.48000E-11 298.031   0.000
 0.48000E-11 303.933   0.000
 0.48000E-11 309.834   0.000
 0.48000E-11 315.736   0.000
 0.48000E-11 321.637   0.000
 0.48000E-11 327.539   0.000
 0.48000E-11 333.441   0.000
 0.48000E-11 339.342   0.000
 0.48000E-11 345.244   0.000
 0.48000E-11 351.145   0.000
 0.48000E-11 357.047   0.000
 0.49000E-11   2.951   0.000
 0.49000E-11   8.853   0.000
 0.49000E-11  14.754   0.000
 0.49000E-11  20.656   0.000
 0.49000E-11  26.557   0.000
 0.49000E-11  32.459   0.000
 0.49000E-11  38.361   0.000
 0.49000E-11  44.262   0.000
 0.49000E-11  50.164   0.000
 0.49000E-11  56.065   0.000
 0.49000E-11  61.967   0.001
 0.49000E-11  67.869   0.002
 0.49000E-11  73.770   0.005
 0.49000E-11  79.672   0.011
 0.49000E-11  85.573   0.020
 0.49000E-11  91.475   0.034
 0.49000E-11  97.377   0.052
 0.49000E-11 103.278   0.071
 0.49000E-11 109.180   0.087
 0.49000E-11 115.081   0.096
 0.49000E-11 120.983   0.098
 0.49000E-11 126.885   0.091
 0.49000E-11 132.786   0.079
 0.49000E-11 138.688   0.065
 0.49000E-11 144.589   0.050
 0.49000E-11 150.491   0.037
 0.49000E-11 156.393   0.026
 0.49000E-11 162.294   0.018
 0.49000E-11 168.196   0.012
 0.49000E-11 174.097   0.009
 0.49000E-11 179.999   0.006
 0.49000E-11 185.901   0.005
 0.49000E-11 191.802   0.004
 0.49000E-11 197.704   0.004
 0.49000E-11 203.605   0.004
 0.49000E-11 209.507   0.006
 0.49000E-11 215.409   0.007
 0.49000E-11 221.310   0.009
 0.49000E-11 227.212   0.011
 0.49000E-11 233.113   0.013
 0.49000E-11 239.015   0.014
 0.49000E-11 244.917   0.014
 0.49000E-11 250.818   0.012
 0.49000E-11 256.720   0.010
 0.49000E-11 262.621   0.007
 0.49000E-11 268.523   0.005
 0.49000E-11 274.425   0.003
 0.49000E-11 280.326   0.001
 0.49000E-11 286.228   0.001
 0.49000E-11 292.129   0.000
 0.49000E-11 298.031   0.000
 0.49000E-11 303.933   0.000
 0.49000E-11 309.834   0.000
 0.49000E-11 315.736   0.000
 0.49000E-11 321.637   0.000
 0.49000E-11 327.539   0.000
 0.49000E-11 333.441   0.000
 0.49000E-11 339.342   0.000
 0.49000E-11 345.244   0.000
 0.49000E-11 351.145   0.000
 0.49000E-11 357.047   0.000
 0.50000E-11   2.951   0.000
 0.50000E-11   8.853   0.000
 0.50000E-11  14.754   0.000
 0.50000E-11  20.656   0.000
 0.50000E-11  26.557   0.000
 0.50000E-11  32.459   0.000
 0.50000E-11  38.361   0.000
 0.50000E-11  44.262   0.000
 0.50000E-11  50.164   0.000
 0.50000E-11  56.065   0.000
 0.50000E-11  61.967   0.001
 0.50000E-11  67.869   0.002
 0.50000E-11  73.770   0.004
 0.50000E-11  79.672   0.009
 0.50000E-11  85.573   0.017
 0.50000E-11  91.475   0.029
 0.50000E-11  97.377   0.044
 0.50000E-11 103.278   0.059
 0.50000E-11 109.180   0.073
 0.50000E-11 115.081   0.081
 0.50000E-11 120.983   0.082
 0.50000E-11 126.885   0.076
 0.50000E-11 132.786   0.066
 0.50000E-11 138.688   0.054
 0.50000E-11 144.589   0.041
 0.50000E-11 150.491   0.030
 0.50000E-11 156.393   0.022
 0.50000E-11 162.294   0.015
 0.50000E-11 168.196   0.011
 0.50000E-11 174.097   0.008
 0.50000E-11 179.999   0.006
 0.50000E-11 185.901   0.005
 0.50000E-11 191.802   0.006
 0.50000E-11 197.704   0.007
 0.50000E-11 203.605   0.009
 0.50000E-11 209.507   0.012
 0.50000E-11 215.409   0.016
 0.50000E-11 221.310   0.020
 0.50000E-11 227.212   0.025
 0.50000E-11 233.113   0.028
 0.50000E-11 239.015   0.030
 0.50000E-11 244.917   0.029
 0.50000E-11 250.818   0.026
 0.50000E-11 256.720   0.021
 0.50000E-11 262.621   0.016
 0.50000E-11 268.523   0.010
 0.50000E-11 274.425   0.006
 0.50000E-11 280.326   0.003
 0.50000E-11 286.228   0.001
 0.50000E-11 292.129   0.001
 0.50000E-11 298.031   0.000
 0.50000E-11 303.933   0.000
 0.50000E-11 309.834   0.000
 0.50000E-11 315.736   0.000
 0.50000E-11 321.637   0.000
 0.50000E-11 327.539   0.000
 0.50000E-11 333.441   0.000
 0.50000E-11 339.342   0.000
 0.50000E-11 345.244   0.000
 0.50000E-11 351.145   0.000
 0.50000E-11 357.047   0.000
 0.51000E-11   2.951   0.000
 0.51000E-11   8.853   0.000
 0.51000E-11  14.754   0.000
 0.51000E-11  20.656   0.000
 0.51000E-11  26.557   0.000
 0.51000E-11  32.459   0.000
 0.51000E-11  38.361   0.000
 0.51000E-11  44.262   0.000
 0.51000E-11  50.164   0.000
 0.51000E-11  56.065   0.000
 0.51000E-11  61.967   0.001
 0.51000E-11  67.869   0.001
 0.51000E-11  73.770   0.003
 0.51000E-11  79.672   0.007
 0.51000E-11  85.573   0.013
 0.51000E-11  91.475   0.022
 0.51000E-11  97.377   0.034
 0.51000E-11 103.278   0.046
 0.51000E-11 109.180   0.056
 0.51000E-11 115.081   0.062
 0.51000E-11 120.983   0.062
 0.51000E-11 126.885   0.058
 0.51000E-11 132.786   0.050
 0.51000E-11 138.688   0.040
 0.51000E-11 144.589   0.031
 0.51000E-11 150.491   0.023
 0.51000E-11 156.393   0.016
 0.51000E-11 162.294   0.012
 0.51000E-11 168.196   0.008
 0.51000E-11 174.097   0.007
 0.51000E-11 179.999   0.006
 0.51000E-11 185.901   0.006
 0.51000E-11 191.802   0.008
 0.51000E-11 197.704   0.010
 0.51000E-11 203.605   0.014
 0.51000E-11 209.507   0.019
 0.51000E-11 215.409   0.026
 0.51000E-11 221.310   0.033
 0.51000E-11 227.212   0.041
 0.51000E-11 233.113   0.047
 0.51000E-11 239.015   0.050
 0.51000E-11 244.917   0.048
 0.51000E-11 250.818   0.043
 0.51000E-11 256.720   0.035
 0.51000E-11 262.621   0.026
 0.51000E-11 268.523   0.017
 0.51000E-11 274.425   0.010
 0.51000E-11 280.326   0.005
 0.51000E-11 286.228   0.002
 0.51000E-11 292.129   0.001
 0.51000E-11 298.031   0.000
 0.51000E-11 303.933   0.000
 0.51000E-11 309.834   0.000
 0.51000E-11 315.736   0.000
 0.51000E-11 321.637   0.000
 0.51000E-11 327.539   0.000
 0.51000E-11 333.441   0.000
 0.51000E-11 339.342   0.000
 0.51000E-11 345.244   0.000
 0.51000E-11 351.145   0.000
 0.51000E-11 357.047   0.000
